===== Machine 0 has PID 5887 and clockspeed 4 Hz =====
EVENT[T: 1457884062][LC: 1] - INTERNAL EVENT: Code 5
EVENT[T: 1457884062][LC: 2] - RECIEVE: Proc 0. Queue size is 0
EVENT[T: 1457884063][LC: 3] - INTERNAL EVENT: Code 8
EVENT[T: 1457884063][LC: 4] - SEND: Proc 0 to procs 1 and 2
EVENT[T: 1457884063][LC: 5] - INTERNAL EVENT: Code 6
EVENT[T: 1457884063][LC: 6] - INTERNAL EVENT: Code 7
EVENT[T: 1457884064][LC: 7] - INTERNAL EVENT: Code 7
EVENT[T: 1457884064][LC: 8] - INTERNAL EVENT: Code 6
EVENT[T: 1457884064][LC: 9] - INTERNAL EVENT: Code 4
EVENT[T: 1457884064][LC: 10] - INTERNAL EVENT: Code 9
EVENT[T: 1457884065][LC: 11] - SEND: Proc 0 to proc 1
EVENT[T: 1457884065][LC: 12] - INTERNAL EVENT: Code 7
EVENT[T: 1457884065][LC: 13] - INTERNAL EVENT: Code 9
EVENT[T: 1457884065][LC: 14] - INTERNAL EVENT: Code 10
EVENT[T: 1457884066][LC: 15] - INTERNAL EVENT: Code 4
EVENT[T: 1457884066][LC: 16] - INTERNAL EVENT: Code 5
EVENT[T: 1457884066][LC: 17] - INTERNAL EVENT: Code 5
EVENT[T: 1457884066][LC: 18] - INTERNAL EVENT: Code 9
EVENT[T: 1457884067][LC: 19] - SEND: Proc 0 to proc 1
EVENT[T: 1457884067][LC: 20] - SEND: Proc 0 to proc 1
EVENT[T: 1457884067][LC: 21] - SEND: Proc 0 to proc 2
EVENT[T: 1457884067][LC: 22] - INTERNAL EVENT: Code 9
EVENT[T: 1457884068][LC: 23] - SEND: Proc 0 to procs 1 and 2
EVENT[T: 1457884068][LC: 24] - INTERNAL EVENT: Code 10
EVENT[T: 1457884068][LC: 25] - INTERNAL EVENT: Code 5
EVENT[T: 1457884068][LC: 26] - SEND: Proc 0 to procs 1 and 2
EVENT[T: 1457884069][LC: 27] - SEND: Proc 0 to procs 1 and 2
EVENT[T: 1457884069][LC: 28] - INTERNAL EVENT: Code 9
EVENT[T: 1457884069][LC: 29] - INTERNAL EVENT: Code 7
EVENT[T: 1457884069][LC: 30] - INTERNAL EVENT: Code 5
EVENT[T: 1457884070][LC: 31] - INTERNAL EVENT: Code 5
EVENT[T: 1457884070][LC: 32] - SEND: Proc 0 to procs 1 and 2
EVENT[T: 1457884070][LC: 33] - INTERNAL EVENT: Code 9
EVENT[T: 1457884070][LC: 34] - SEND: Proc 0 to proc 2
EVENT[T: 1457884071][LC: 35] - RECIEVE: Proc 0. Queue size is 0
EVENT[T: 1457884071][LC: 36] - INTERNAL EVENT: Code 5
EVENT[T: 1457884071][LC: 37] - RECIEVE: Proc 0. Queue size is 0
EVENT[T: 1457884071][LC: 38] - INTERNAL EVENT: Code 4
EVENT[T: 1457884072][LC: 39] - SEND: Proc 0 to proc 2
EVENT[T: 1457884072][LC: 40] - INTERNAL EVENT: Code 6
EVENT[T: 1457884072][LC: 41] - RECIEVE: Proc 0. Queue size is 0
EVENT[T: 1457884072][LC: 42] - INTERNAL EVENT: Code 8
EVENT[T: 1457884073][LC: 43] - RECIEVE: Proc 0. Queue size is 0
EVENT[T: 1457884073][LC: 44] - INTERNAL EVENT: Code 7
EVENT[T: 1457884073][LC: 45] - SEND: Proc 0 to proc 1
EVENT[T: 1457884073][LC: 46] - INTERNAL EVENT: Code 7
EVENT[T: 1457884074][LC: 47] - INTERNAL EVENT: Code 5
EVENT[T: 1457884074][LC: 48] - INTERNAL EVENT: Code 9
EVENT[T: 1457884074][LC: 49] - SEND: Proc 0 to proc 1
EVENT[T: 1457884074][LC: 50] - SEND: Proc 0 to proc 1
EVENT[T: 1457884075][LC: 51] - INTERNAL EVENT: Code 9
EVENT[T: 1457884075][LC: 52] - SEND: Proc 0 to proc 1
EVENT[T: 1457884075][LC: 53] - SEND: Proc 0 to proc 1
EVENT[T: 1457884075][LC: 54] - SEND: Proc 0 to procs 1 and 2
EVENT[T: 1457884076][LC: 55] - INTERNAL EVENT: Code 5
EVENT[T: 1457884076][LC: 56] - INTERNAL EVENT: Code 8
EVENT[T: 1457884076][LC: 57] - RECIEVE: Proc 0. Queue size is 0
EVENT[T: 1457884076][LC: 58] - SEND: Proc 0 to proc 2
EVENT[T: 1457884077][LC: 59] - INTERNAL EVENT: Code 8
EVENT[T: 1457884077][LC: 60] - RECIEVE: Proc 0. Queue size is 0
EVENT[T: 1457884077][LC: 61] - INTERNAL EVENT: Code 10
EVENT[T: 1457884077][LC: 62] - SEND: Proc 0 to procs 1 and 2
EVENT[T: 1457884078][LC: 63] - SEND: Proc 0 to proc 2
EVENT[T: 1457884078][LC: 64] - SEND: Proc 0 to proc 1
EVENT[T: 1457884078][LC: 65] - INTERNAL EVENT: Code 8
EVENT[T: 1457884078][LC: 66] - INTERNAL EVENT: Code 7
EVENT[T: 1457884079][LC: 67] - RECIEVE: Proc 0. Queue size is 0
EVENT[T: 1457884079][LC: 68] - INTERNAL EVENT: Code 4
EVENT[T: 1457884079][LC: 69] - INTERNAL EVENT: Code 4
EVENT[T: 1457884079][LC: 70] - INTERNAL EVENT: Code 9
EVENT[T: 1457884080][LC: 71] - SEND: Proc 0 to procs 1 and 2
EVENT[T: 1457884080][LC: 72] - INTERNAL EVENT: Code 5
EVENT[T: 1457884080][LC: 73] - INTERNAL EVENT: Code 10
EVENT[T: 1457884080][LC: 74] - INTERNAL EVENT: Code 10
EVENT[T: 1457884081][LC: 75] - INTERNAL EVENT: Code 9
EVENT[T: 1457884081][LC: 76] - INTERNAL EVENT: Code 10
EVENT[T: 1457884081][LC: 77] - INTERNAL EVENT: Code 6
EVENT[T: 1457884081][LC: 78] - INTERNAL EVENT: Code 8
EVENT[T: 1457884082][LC: 79] - SEND: Proc 0 to proc 1
EVENT[T: 1457884082][LC: 80] - INTERNAL EVENT: Code 9
EVENT[T: 1457884082][LC: 81] - INTERNAL EVENT: Code 7
EVENT[T: 1457884082][LC: 82] - INTERNAL EVENT: Code 4
EVENT[T: 1457884083][LC: 83] - INTERNAL EVENT: Code 8
EVENT[T: 1457884083][LC: 84] - INTERNAL EVENT: Code 6
EVENT[T: 1457884083][LC: 85] - INTERNAL EVENT: Code 6
EVENT[T: 1457884083][LC: 86] - INTERNAL EVENT: Code 8
EVENT[T: 1457884084][LC: 87] - RECIEVE: Proc 0. Queue size is 0
EVENT[T: 1457884084][LC: 88] - INTERNAL EVENT: Code 5
EVENT[T: 1457884084][LC: 89] - INTERNAL EVENT: Code 8
EVENT[T: 1457884084][LC: 90] - SEND: Proc 0 to procs 1 and 2
EVENT[T: 1457884085][LC: 91] - INTERNAL EVENT: Code 6
EVENT[T: 1457884085][LC: 92] - RECIEVE: Proc 0. Queue size is 0
EVENT[T: 1457884085][LC: 93] - INTERNAL EVENT: Code 10
EVENT[T: 1457884085][LC: 94] - INTERNAL EVENT: Code 6
EVENT[T: 1457884086][LC: 95] - INTERNAL EVENT: Code 6
EVENT[T: 1457884086][LC: 96] - RECIEVE: Proc 0. Queue size is 0
EVENT[T: 1457884086][LC: 97] - RECIEVE: Proc 0. Queue size is 0
EVENT[T: 1457884086][LC: 98] - INTERNAL EVENT: Code 9
EVENT[T: 1457884087][LC: 99] - INTERNAL EVENT: Code 9
EVENT[T: 1457884087][LC: 100] - SEND: Proc 0 to proc 1
EVENT[T: 1457884087][LC: 101] - INTERNAL EVENT: Code 5
EVENT[T: 1457884087][LC: 102] - SEND: Proc 0 to proc 2
EVENT[T: 1457884088][LC: 103] - INTERNAL EVENT: Code 6
EVENT[T: 1457884088][LC: 104] - SEND: Proc 0 to proc 2
EVENT[T: 1457884088][LC: 105] - INTERNAL EVENT: Code 5
EVENT[T: 1457884088][LC: 106] - SEND: Proc 0 to proc 2
EVENT[T: 1457884089][LC: 107] - INTERNAL EVENT: Code 4
EVENT[T: 1457884089][LC: 108] - RECIEVE: Proc 0. Queue size is 0
EVENT[T: 1457884089][LC: 109] - SEND: Proc 0 to proc 2
EVENT[T: 1457884089][LC: 110] - SEND: Proc 0 to proc 1
EVENT[T: 1457884090][LC: 111] - INTERNAL EVENT: Code 6
EVENT[T: 1457884090][LC: 112] - INTERNAL EVENT: Code 9
EVENT[T: 1457884090][LC: 113] - INTERNAL EVENT: Code 4
EVENT[T: 1457884090][LC: 114] - INTERNAL EVENT: Code 7
EVENT[T: 1457884091][LC: 115] - INTERNAL EVENT: Code 8
EVENT[T: 1457884091][LC: 116] - INTERNAL EVENT: Code 7
EVENT[T: 1457884091][LC: 117] - INTERNAL EVENT: Code 8
EVENT[T: 1457884091][LC: 118] - INTERNAL EVENT: Code 5
EVENT[T: 1457884092][LC: 119] - INTERNAL EVENT: Code 8
EVENT[T: 1457884092][LC: 120] - INTERNAL EVENT: Code 4
EVENT[T: 1457884092][LC: 121] - INTERNAL EVENT: Code 9
EVENT[T: 1457884092][LC: 122] - INTERNAL EVENT: Code 4
EVENT[T: 1457884093][LC: 123] - INTERNAL EVENT: Code 10
EVENT[T: 1457884093][LC: 124] - INTERNAL EVENT: Code 10
EVENT[T: 1457884093][LC: 125] - SEND: Proc 0 to proc 2
EVENT[T: 1457884093][LC: 126] - INTERNAL EVENT: Code 10
EVENT[T: 1457884094][LC: 127] - INTERNAL EVENT: Code 7
EVENT[T: 1457884094][LC: 128] - INTERNAL EVENT: Code 7
EVENT[T: 1457884094][LC: 129] - INTERNAL EVENT: Code 5
EVENT[T: 1457884094][LC: 130] - INTERNAL EVENT: Code 7
EVENT[T: 1457884095][LC: 131] - SEND: Proc 0 to procs 1 and 2
EVENT[T: 1457884095][LC: 132] - INTERNAL EVENT: Code 4
EVENT[T: 1457884095][LC: 133] - INTERNAL EVENT: Code 7
EVENT[T: 1457884095][LC: 134] - INTERNAL EVENT: Code 9
EVENT[T: 1457884096][LC: 135] - RECIEVE: Proc 0. Queue size is 0
EVENT[T: 1457884096][LC: 136] - SEND: Proc 0 to proc 2
EVENT[T: 1457884096][LC: 137] - INTERNAL EVENT: Code 9
EVENT[T: 1457884096][LC: 138] - INTERNAL EVENT: Code 10
EVENT[T: 1457884097][LC: 139] - INTERNAL EVENT: Code 9
EVENT[T: 1457884097][LC: 140] - INTERNAL EVENT: Code 5
EVENT[T: 1457884097][LC: 141] - INTERNAL EVENT: Code 9
EVENT[T: 1457884097][LC: 142] - SEND: Proc 0 to proc 2
EVENT[T: 1457884098][LC: 143] - SEND: Proc 0 to proc 2
EVENT[T: 1457884098][LC: 144] - INTERNAL EVENT: Code 6
EVENT[T: 1457884098][LC: 145] - INTERNAL EVENT: Code 6
EVENT[T: 1457884098][LC: 146] - INTERNAL EVENT: Code 10
EVENT[T: 1457884099][LC: 147] - RECIEVE: Proc 0. Queue size is 0
EVENT[T: 1457884099][LC: 148] - INTERNAL EVENT: Code 6
EVENT[T: 1457884099][LC: 149] - RECIEVE: Proc 0. Queue size is 0
EVENT[T: 1457884099][LC: 150] - INTERNAL EVENT: Code 10
EVENT[T: 1457884100][LC: 151] - INTERNAL EVENT: Code 9
EVENT[T: 1457884100][LC: 152] - RECIEVE: Proc 0. Queue size is 0
EVENT[T: 1457884100][LC: 153] - INTERNAL EVENT: Code 7
EVENT[T: 1457884100][LC: 154] - INTERNAL EVENT: Code 10
EVENT[T: 1457884101][LC: 155] - RECIEVE: Proc 0. Queue size is 0
EVENT[T: 1457884101][LC: 156] - INTERNAL EVENT: Code 4
EVENT[T: 1457884101][LC: 157] - SEND: Proc 0 to proc 2
EVENT[T: 1457884101][LC: 158] - SEND: Proc 0 to procs 1 and 2
EVENT[T: 1457884102][LC: 159] - INTERNAL EVENT: Code 10
EVENT[T: 1457884102][LC: 160] - INTERNAL EVENT: Code 8
EVENT[T: 1457884102][LC: 161] - INTERNAL EVENT: Code 10
EVENT[T: 1457884102][LC: 162] - SEND: Proc 0 to proc 2
EVENT[T: 1457884103][LC: 163] - SEND: Proc 0 to procs 1 and 2
EVENT[T: 1457884103][LC: 164] - INTERNAL EVENT: Code 8
EVENT[T: 1457884103][LC: 165] - INTERNAL EVENT: Code 8
EVENT[T: 1457884103][LC: 166] - INTERNAL EVENT: Code 8
EVENT[T: 1457884104][LC: 167] - SEND: Proc 0 to proc 1
EVENT[T: 1457884104][LC: 168] - INTERNAL EVENT: Code 8
EVENT[T: 1457884104][LC: 169] - INTERNAL EVENT: Code 10
EVENT[T: 1457884104][LC: 170] - INTERNAL EVENT: Code 10
EVENT[T: 1457884105][LC: 171] - SEND: Proc 0 to proc 2
EVENT[T: 1457884105][LC: 172] - INTERNAL EVENT: Code 6
EVENT[T: 1457884105][LC: 173] - INTERNAL EVENT: Code 7
EVENT[T: 1457884105][LC: 174] - SEND: Proc 0 to proc 1
EVENT[T: 1457884106][LC: 175] - INTERNAL EVENT: Code 5
EVENT[T: 1457884106][LC: 176] - INTERNAL EVENT: Code 6
EVENT[T: 1457884106][LC: 177] - INTERNAL EVENT: Code 4
EVENT[T: 1457884106][LC: 178] - INTERNAL EVENT: Code 9
EVENT[T: 1457884107][LC: 179] - INTERNAL EVENT: Code 6
EVENT[T: 1457884107][LC: 180] - INTERNAL EVENT: Code 10
EVENT[T: 1457884107][LC: 181] - RECIEVE: Proc 0. Queue size is 0
EVENT[T: 1457884107][LC: 182] - INTERNAL EVENT: Code 9
EVENT[T: 1457884108][LC: 183] - INTERNAL EVENT: Code 8
EVENT[T: 1457884108][LC: 184] - SEND: Proc 0 to proc 1
EVENT[T: 1457884108][LC: 185] - INTERNAL EVENT: Code 6
EVENT[T: 1457884108][LC: 186] - INTERNAL EVENT: Code 8
EVENT[T: 1457884109][LC: 187] - SEND: Proc 0 to proc 1
EVENT[T: 1457884109][LC: 188] - INTERNAL EVENT: Code 10
EVENT[T: 1457884109][LC: 189] - SEND: Proc 0 to proc 1
EVENT[T: 1457884109][LC: 190] - INTERNAL EVENT: Code 5
EVENT[T: 1457884110][LC: 191] - INTERNAL EVENT: Code 6
EVENT[T: 1457884110][LC: 192] - SEND: Proc 0 to procs 1 and 2
EVENT[T: 1457884110][LC: 193] - SEND: Proc 0 to proc 2
EVENT[T: 1457884110][LC: 194] - SEND: Proc 0 to proc 2
EVENT[T: 1457884111][LC: 195] - RECIEVE: Proc 0. Queue size is 0
EVENT[T: 1457884111][LC: 196] - SEND: Proc 0 to proc 1
EVENT[T: 1457884111][LC: 197] - SEND: Proc 0 to procs 1 and 2
EVENT[T: 1457884111][LC: 198] - SEND: Proc 0 to proc 1
EVENT[T: 1457884112][LC: 199] - INTERNAL EVENT: Code 8
EVENT[T: 1457884112][LC: 200] - INTERNAL EVENT: Code 6
EVENT[T: 1457884112][LC: 201] - INTERNAL EVENT: Code 5
EVENT[T: 1457884112][LC: 202] - INTERNAL EVENT: Code 6
EVENT[T: 1457884113][LC: 203] - INTERNAL EVENT: Code 6
EVENT[T: 1457884113][LC: 204] - RECIEVE: Proc 0. Queue size is 0
EVENT[T: 1457884113][LC: 205] - INTERNAL EVENT: Code 5
EVENT[T: 1457884113][LC: 206] - INTERNAL EVENT: Code 6
EVENT[T: 1457884114][LC: 207] - SEND: Proc 0 to proc 1
EVENT[T: 1457884114][LC: 208] - INTERNAL EVENT: Code 8
EVENT[T: 1457884114][LC: 209] - SEND: Proc 0 to procs 1 and 2
EVENT[T: 1457884114][LC: 210] - INTERNAL EVENT: Code 10
EVENT[T: 1457884115][LC: 211] - INTERNAL EVENT: Code 5
EVENT[T: 1457884115][LC: 212] - INTERNAL EVENT: Code 7
EVENT[T: 1457884115][LC: 213] - INTERNAL EVENT: Code 6
EVENT[T: 1457884115][LC: 214] - INTERNAL EVENT: Code 5
EVENT[T: 1457884116][LC: 215] - RECIEVE: Proc 0. Queue size is 0
EVENT[T: 1457884116][LC: 216] - RECIEVE: Proc 0. Queue size is 0
EVENT[T: 1457884116][LC: 217] - SEND: Proc 0 to procs 1 and 2
EVENT[T: 1457884116][LC: 218] - INTERNAL EVENT: Code 4
EVENT[T: 1457884117][LC: 219] - SEND: Proc 0 to proc 1
EVENT[T: 1457884117][LC: 220] - INTERNAL EVENT: Code 5
EVENT[T: 1457884117][LC: 221] - SEND: Proc 0 to procs 1 and 2
EVENT[T: 1457884117][LC: 222] - INTERNAL EVENT: Code 5
EVENT[T: 1457884118][LC: 223] - INTERNAL EVENT: Code 4
EVENT[T: 1457884118][LC: 224] - INTERNAL EVENT: Code 10
EVENT[T: 1457884118][LC: 225] - INTERNAL EVENT: Code 8
EVENT[T: 1457884118][LC: 226] - INTERNAL EVENT: Code 8
EVENT[T: 1457884119][LC: 227] - INTERNAL EVENT: Code 4
EVENT[T: 1457884119][LC: 228] - INTERNAL EVENT: Code 9
EVENT[T: 1457884119][LC: 229] - INTERNAL EVENT: Code 7
EVENT[T: 1457884119][LC: 230] - INTERNAL EVENT: Code 4
EVENT[T: 1457884120][LC: 231] - SEND: Proc 0 to procs 1 and 2
EVENT[T: 1457884120][LC: 232] - INTERNAL EVENT: Code 8
EVENT[T: 1457884120][LC: 233] - INTERNAL EVENT: Code 5
EVENT[T: 1457884120][LC: 234] - INTERNAL EVENT: Code 5
EVENT[T: 1457884121][LC: 235] - RECIEVE: Proc 0. Queue size is 0
EVENT[T: 1457884121][LC: 236] - RECIEVE: Proc 0. Queue size is 0
EVENT[T: 1457884121][LC: 237] - INTERNAL EVENT: Code 7
EVENT[T: 1457884121][LC: 238] - SEND: Proc 0 to proc 2
