===== Machine 1 has PID 5888 and clockspeed 3 Hz =====
EVENT[T: 1457884062][LC: 1] - SEND: Proc 1 to procs 2 and 0
EVENT[T: 1457884062][LC: 2] - INTERNAL EVENT: Code 6
EVENT[T: 1457884063][LC: 3] - INTERNAL EVENT: Code 7
EVENT[T: 1457884063][LC: 4] - RECIEVE: Proc 1. Queue size is 0
EVENT[T: 1457884063][LC: 5] - INTERNAL EVENT: Code 7
EVENT[T: 1457884064][LC: 6] - INTERNAL EVENT: Code 6
EVENT[T: 1457884064][LC: 7] - INTERNAL EVENT: Code 4
EVENT[T: 1457884064][LC: 8] - INTERNAL EVENT: Code 9
EVENT[T: 1457884065][LC: 11] - RECIEVE: Proc 1. Queue size is 0
EVENT[T: 1457884065][LC: 12] - SEND: Proc 1 to proc 2
EVENT[T: 1457884065][LC: 13] - INTERNAL EVENT: Code 7
EVENT[T: 1457884066][LC: 14] - INTERNAL EVENT: Code 9
EVENT[T: 1457884066][LC: 15] - INTERNAL EVENT: Code 10
EVENT[T: 1457884066][LC: 16] - INTERNAL EVENT: Code 4
EVENT[T: 1457884067][LC: 19] - RECIEVE: Proc 1. Queue size is 0
EVENT[T: 1457884067][LC: 20] - RECIEVE: Proc 1. Queue size is 0
EVENT[T: 1457884067][LC: 21] - INTERNAL EVENT: Code 5
EVENT[T: 1457884068][LC: 23] - RECIEVE: Proc 1. Queue size is 0
EVENT[T: 1457884068][LC: 24] - INTERNAL EVENT: Code 5
EVENT[T: 1457884068][LC: 26] - RECIEVE: Proc 1. Queue size is 0
EVENT[T: 1457884069][LC: 27] - RECIEVE: Proc 1. Queue size is 0
EVENT[T: 1457884069][LC: 28] - INTERNAL EVENT: Code 9
EVENT[T: 1457884069][LC: 29] - SEND: Proc 1 to proc 2
EVENT[T: 1457884070][LC: 30] - SEND: Proc 1 to proc 2
EVENT[T: 1457884070][LC: 32] - RECIEVE: Proc 1. Queue size is 0
EVENT[T: 1457884070][LC: 33] - SEND: Proc 1 to proc 0
EVENT[T: 1457884071][LC: 34] - INTERNAL EVENT: Code 9
EVENT[T: 1457884071][LC: 35] - SEND: Proc 1 to procs 2 and 0
EVENT[T: 1457884071][LC: 36] - INTERNAL EVENT: Code 10
EVENT[T: 1457884072][LC: 37] - INTERNAL EVENT: Code 5
EVENT[T: 1457884072][LC: 38] - SEND: Proc 1 to procs 2 and 0
EVENT[T: 1457884072][LC: 39] - SEND: Proc 1 to procs 2 and 0
EVENT[T: 1457884073][LC: 40] - INTERNAL EVENT: Code 9
EVENT[T: 1457884073][LC: 41] - INTERNAL EVENT: Code 7
EVENT[T: 1457884073][LC: 45] - RECIEVE: Proc 1. Queue size is 0
EVENT[T: 1457884074][LC: 46] - INTERNAL EVENT: Code 5
EVENT[T: 1457884074][LC: 47] - INTERNAL EVENT: Code 5
EVENT[T: 1457884074][LC: 49] - RECIEVE: Proc 1. Queue size is 1
EVENT[T: 1457884075][LC: 50] - RECIEVE: Proc 1. Queue size is 0
EVENT[T: 1457884075][LC: 52] - RECIEVE: Proc 1. Queue size is 0
EVENT[T: 1457884075][LC: 53] - RECIEVE: Proc 1. Queue size is 1
EVENT[T: 1457884076][LC: 54] - RECIEVE: Proc 1. Queue size is 0
EVENT[T: 1457884076][LC: 55] - SEND: Proc 1 to procs 2 and 0
EVENT[T: 1457884076][LC: 56] - INTERNAL EVENT: Code 9
EVENT[T: 1457884077][LC: 57] - SEND: Proc 1 to proc 0
EVENT[T: 1457884077][LC: 58] - INTERNAL EVENT: Code 5
EVENT[T: 1457884077][LC: 62] - RECIEVE: Proc 1. Queue size is 0
EVENT[T: 1457884078][LC: 63] - INTERNAL EVENT: Code 4
EVENT[T: 1457884078][LC: 64] - RECIEVE: Proc 1. Queue size is 0
EVENT[T: 1457884078][LC: 65] - SEND: Proc 1 to proc 0
EVENT[T: 1457884079][LC: 66] - INTERNAL EVENT: Code 6
EVENT[T: 1457884079][LC: 67] - INTERNAL EVENT: Code 8
EVENT[T: 1457884079][LC: 68] - INTERNAL EVENT: Code 7
EVENT[T: 1457884080][LC: 71] - RECIEVE: Proc 1. Queue size is 0
EVENT[T: 1457884080][LC: 72] - SEND: Proc 1 to proc 2
EVENT[T: 1457884080][LC: 73] - INTERNAL EVENT: Code 7
EVENT[T: 1457884081][LC: 74] - INTERNAL EVENT: Code 5
EVENT[T: 1457884081][LC: 75] - INTERNAL EVENT: Code 9
EVENT[T: 1457884081][LC: 76] - SEND: Proc 1 to proc 2
EVENT[T: 1457884082][LC: 79] - RECIEVE: Proc 1. Queue size is 0
EVENT[T: 1457884082][LC: 80] - SEND: Proc 1 to proc 2
EVENT[T: 1457884082][LC: 81] - INTERNAL EVENT: Code 9
EVENT[T: 1457884083][LC: 82] - SEND: Proc 1 to proc 2
EVENT[T: 1457884083][LC: 83] - SEND: Proc 1 to proc 2
EVENT[T: 1457884083][LC: 84] - SEND: Proc 1 to procs 2 and 0
EVENT[T: 1457884084][LC: 85] - INTERNAL EVENT: Code 5
EVENT[T: 1457884084][LC: 86] - INTERNAL EVENT: Code 8
EVENT[T: 1457884084][LC: 90] - RECIEVE: Proc 1. Queue size is 0
EVENT[T: 1457884085][LC: 91] - SEND: Proc 1 to proc 0
EVENT[T: 1457884085][LC: 92] - INTERNAL EVENT: Code 8
EVENT[T: 1457884085][LC: 93] - INTERNAL EVENT: Code 10
EVENT[T: 1457884086][LC: 94] - SEND: Proc 1 to procs 2 and 0
EVENT[T: 1457884086][LC: 95] - SEND: Proc 1 to proc 0
EVENT[T: 1457884086][LC: 96] - SEND: Proc 1 to proc 2
EVENT[T: 1457884087][LC: 97] - INTERNAL EVENT: Code 8
EVENT[T: 1457884087][LC: 100] - RECIEVE: Proc 1. Queue size is 0
EVENT[T: 1457884087][LC: 101] - INTERNAL EVENT: Code 7
EVENT[T: 1457884088][LC: 102] - INTERNAL EVENT: Code 4
EVENT[T: 1457884088][LC: 103] - INTERNAL EVENT: Code 4
EVENT[T: 1457884088][LC: 104] - INTERNAL EVENT: Code 9
EVENT[T: 1457884089][LC: 105] - SEND: Proc 1 to procs 2 and 0
EVENT[T: 1457884089][LC: 106] - INTERNAL EVENT: Code 5
EVENT[T: 1457884089][LC: 110] - RECIEVE: Proc 1. Queue size is 0
EVENT[T: 1457884090][LC: 111] - INTERNAL EVENT: Code 10
EVENT[T: 1457884090][LC: 112] - INTERNAL EVENT: Code 10
EVENT[T: 1457884090][LC: 113] - INTERNAL EVENT: Code 9
EVENT[T: 1457884091][LC: 114] - INTERNAL EVENT: Code 10
EVENT[T: 1457884091][LC: 115] - INTERNAL EVENT: Code 6
EVENT[T: 1457884091][LC: 116] - INTERNAL EVENT: Code 8
EVENT[T: 1457884092][LC: 117] - SEND: Proc 1 to proc 2
EVENT[T: 1457884092][LC: 118] - INTERNAL EVENT: Code 9
EVENT[T: 1457884092][LC: 119] - INTERNAL EVENT: Code 7
EVENT[T: 1457884093][LC: 120] - INTERNAL EVENT: Code 4
EVENT[T: 1457884093][LC: 121] - INTERNAL EVENT: Code 8
EVENT[T: 1457884093][LC: 122] - INTERNAL EVENT: Code 6
EVENT[T: 1457884094][LC: 123] - INTERNAL EVENT: Code 6
EVENT[T: 1457884094][LC: 124] - INTERNAL EVENT: Code 8
EVENT[T: 1457884094][LC: 125] - INTERNAL EVENT: Code 5
EVENT[T: 1457884095][LC: 131] - RECIEVE: Proc 1. Queue size is 0
EVENT[T: 1457884095][LC: 132] - INTERNAL EVENT: Code 8
EVENT[T: 1457884095][LC: 133] - SEND: Proc 1 to procs 2 and 0
EVENT[T: 1457884096][LC: 134] - INTERNAL EVENT: Code 6
EVENT[T: 1457884096][LC: 135] - INTERNAL EVENT: Code 10
EVENT[T: 1457884096][LC: 136] - INTERNAL EVENT: Code 6
EVENT[T: 1457884097][LC: 137] - INTERNAL EVENT: Code 6
EVENT[T: 1457884097][LC: 138] - INTERNAL EVENT: Code 9
EVENT[T: 1457884097][LC: 139] - INTERNAL EVENT: Code 9
EVENT[T: 1457884098][LC: 140] - SEND: Proc 1 to proc 2
EVENT[T: 1457884098][LC: 141] - INTERNAL EVENT: Code 5
EVENT[T: 1457884098][LC: 142] - SEND: Proc 1 to proc 0
EVENT[T: 1457884099][LC: 143] - INTERNAL EVENT: Code 6
EVENT[T: 1457884099][LC: 144] - SEND: Proc 1 to proc 0
EVENT[T: 1457884099][LC: 145] - INTERNAL EVENT: Code 5
EVENT[T: 1457884100][LC: 146] - SEND: Proc 1 to proc 0
EVENT[T: 1457884100][LC: 147] - INTERNAL EVENT: Code 4
EVENT[T: 1457884100][LC: 148] - SEND: Proc 1 to proc 0
EVENT[T: 1457884101][LC: 149] - SEND: Proc 1 to proc 2
EVENT[T: 1457884101][LC: 150] - INTERNAL EVENT: Code 6
EVENT[T: 1457884101][LC: 158] - RECIEVE: Proc 1. Queue size is 0
EVENT[T: 1457884102][LC: 159] - INTERNAL EVENT: Code 9
EVENT[T: 1457884102][LC: 160] - INTERNAL EVENT: Code 4
EVENT[T: 1457884102][LC: 161] - INTERNAL EVENT: Code 7
EVENT[T: 1457884103][LC: 163] - RECIEVE: Proc 1. Queue size is 0
EVENT[T: 1457884103][LC: 164] - INTERNAL EVENT: Code 8
EVENT[T: 1457884103][LC: 165] - INTERNAL EVENT: Code 7
EVENT[T: 1457884104][LC: 167] - RECIEVE: Proc 1. Queue size is 0
EVENT[T: 1457884104][LC: 168] - INTERNAL EVENT: Code 8
EVENT[T: 1457884104][LC: 169] - INTERNAL EVENT: Code 5
EVENT[T: 1457884105][LC: 170] - INTERNAL EVENT: Code 8
EVENT[T: 1457884105][LC: 171] - INTERNAL EVENT: Code 4
EVENT[T: 1457884105][LC: 174] - RECIEVE: Proc 1. Queue size is 0
EVENT[T: 1457884106][LC: 175] - INTERNAL EVENT: Code 9
EVENT[T: 1457884106][LC: 176] - INTERNAL EVENT: Code 4
EVENT[T: 1457884106][LC: 177] - INTERNAL EVENT: Code 10
EVENT[T: 1457884107][LC: 178] - INTERNAL EVENT: Code 10
EVENT[T: 1457884107][LC: 179] - SEND: Proc 1 to proc 0
EVENT[T: 1457884107][LC: 180] - INTERNAL EVENT: Code 10
EVENT[T: 1457884108][LC: 181] - INTERNAL EVENT: Code 7
EVENT[T: 1457884108][LC: 184] - RECIEVE: Proc 1. Queue size is 0
EVENT[T: 1457884108][LC: 185] - INTERNAL EVENT: Code 7
EVENT[T: 1457884109][LC: 187] - RECIEVE: Proc 1. Queue size is 0
EVENT[T: 1457884109][LC: 188] - INTERNAL EVENT: Code 5
EVENT[T: 1457884109][LC: 189] - RECIEVE: Proc 1. Queue size is 0
EVENT[T: 1457884110][LC: 190] - INTERNAL EVENT: Code 7
EVENT[T: 1457884110][LC: 192] - RECIEVE: Proc 1. Queue size is 0
EVENT[T: 1457884110][LC: 193] - SEND: Proc 1 to procs 2 and 0
EVENT[T: 1457884111][LC: 194] - INTERNAL EVENT: Code 4
EVENT[T: 1457884111][LC: 196] - RECIEVE: Proc 1. Queue size is 0
EVENT[T: 1457884111][LC: 197] - RECIEVE: Proc 1. Queue size is 1
EVENT[T: 1457884112][LC: 198] - RECIEVE: Proc 1. Queue size is 0
EVENT[T: 1457884112][LC: 199] - INTERNAL EVENT: Code 7
EVENT[T: 1457884112][LC: 200] - INTERNAL EVENT: Code 9
EVENT[T: 1457884113][LC: 201] - SEND: Proc 1 to proc 0
EVENT[T: 1457884113][LC: 202] - INTERNAL EVENT: Code 9
EVENT[T: 1457884113][LC: 203] - INTERNAL EVENT: Code 10
EVENT[T: 1457884114][LC: 207] - RECIEVE: Proc 1. Queue size is 0
EVENT[T: 1457884114][LC: 208] - INTERNAL EVENT: Code 9
EVENT[T: 1457884114][LC: 209] - RECIEVE: Proc 1. Queue size is 0
EVENT[T: 1457884115][LC: 210] - INTERNAL EVENT: Code 5
EVENT[T: 1457884115][LC: 211] - INTERNAL EVENT: Code 9
EVENT[T: 1457884115][LC: 212] - SEND: Proc 1 to proc 0
EVENT[T: 1457884116][LC: 213] - SEND: Proc 1 to proc 0
EVENT[T: 1457884116][LC: 214] - INTERNAL EVENT: Code 6
EVENT[T: 1457884116][LC: 217] - RECIEVE: Proc 1. Queue size is 0
EVENT[T: 1457884117][LC: 219] - RECIEVE: Proc 1. Queue size is 0
EVENT[T: 1457884117][LC: 220] - INTERNAL EVENT: Code 6
EVENT[T: 1457884117][LC: 221] - RECIEVE: Proc 1. Queue size is 0
EVENT[T: 1457884118][LC: 222] - INTERNAL EVENT: Code 10
EVENT[T: 1457884118][LC: 223] - INTERNAL EVENT: Code 6
EVENT[T: 1457884118][LC: 224] - INTERNAL EVENT: Code 10
EVENT[T: 1457884119][LC: 225] - INTERNAL EVENT: Code 9
EVENT[T: 1457884119][LC: 226] - INTERNAL EVENT: Code 7
EVENT[T: 1457884119][LC: 227] - INTERNAL EVENT: Code 10
EVENT[T: 1457884120][LC: 231] - RECIEVE: Proc 1. Queue size is 0
EVENT[T: 1457884120][LC: 232] - INTERNAL EVENT: Code 4
EVENT[T: 1457884120][LC: 233] - SEND: Proc 1 to proc 0
EVENT[T: 1457884121][LC: 234] - SEND: Proc 1 to procs 2 and 0
EVENT[T: 1457884121][LC: 235] - INTERNAL EVENT: Code 10
EVENT[T: 1457884121][LC: 236] - INTERNAL EVENT: Code 8
