===== Machine 0 has PID 8167 and clockspeed 21 Hz =====
EVENT[T: 1457886249][LC: 1] - SEND: Proc 0 to proc 2
EVENT[T: 1457886249][LC: 2] - SEND: Proc 0 to procs 1 and 2
EVENT[T: 1457886249][LC: 3] - INTERNAL EVENT: Code 8
EVENT[T: 1457886249][LC: 4] - INTERNAL EVENT: Code 7
EVENT[T: 1457886249][LC: 5] - INTERNAL EVENT: Code 4
EVENT[T: 1457886249][LC: 6] - INTERNAL EVENT: Code 8
EVENT[T: 1457886249][LC: 7] - INTERNAL EVENT: Code 5
EVENT[T: 1457886249][LC: 8] - SEND: Proc 0 to proc 2
EVENT[T: 1457886249][LC: 9] - INTERNAL EVENT: Code 6
EVENT[T: 1457886249][LC: 10] - INTERNAL EVENT: Code 4
EVENT[T: 1457886249][LC: 11] - SEND: Proc 0 to proc 2
EVENT[T: 1457886249][LC: 12] - SEND: Proc 0 to proc 1
EVENT[T: 1457886249][LC: 13] - INTERNAL EVENT: Code 10
EVENT[T: 1457886249][LC: 14] - INTERNAL EVENT: Code 9
EVENT[T: 1457886249][LC: 15] - INTERNAL EVENT: Code 8
EVENT[T: 1457886250][LC: 16] - INTERNAL EVENT: Code 9
EVENT[T: 1457886250][LC: 17] - SEND: Proc 0 to procs 1 and 2
EVENT[T: 1457886250][LC: 18] - SEND: Proc 0 to procs 1 and 2
EVENT[T: 1457886250][LC: 19] - SEND: Proc 0 to proc 1
EVENT[T: 1457886250][LC: 20] - SEND: Proc 0 to proc 1
EVENT[T: 1457886250][LC: 21] - INTERNAL EVENT: Code 6
EVENT[T: 1457886250][LC: 22] - INTERNAL EVENT: Code 7
EVENT[T: 1457886250][LC: 23] - SEND: Proc 0 to procs 1 and 2
EVENT[T: 1457886250][LC: 24] - INTERNAL EVENT: Code 5
EVENT[T: 1457886250][LC: 25] - INTERNAL EVENT: Code 9
EVENT[T: 1457886250][LC: 26] - SEND: Proc 0 to proc 2
EVENT[T: 1457886250][LC: 27] - INTERNAL EVENT: Code 8
EVENT[T: 1457886250][LC: 28] - SEND: Proc 0 to proc 1
EVENT[T: 1457886250][LC: 29] - INTERNAL EVENT: Code 4
EVENT[T: 1457886250][LC: 30] - INTERNAL EVENT: Code 8
EVENT[T: 1457886250][LC: 31] - INTERNAL EVENT: Code 9
EVENT[T: 1457886250][LC: 32] - INTERNAL EVENT: Code 7
EVENT[T: 1457886250][LC: 33] - SEND: Proc 0 to proc 2
EVENT[T: 1457886250][LC: 34] - INTERNAL EVENT: Code 10
EVENT[T: 1457886250][LC: 35] - INTERNAL EVENT: Code 6
EVENT[T: 1457886250][LC: 36] - INTERNAL EVENT: Code 10
EVENT[T: 1457886251][LC: 37] - INTERNAL EVENT: Code 10
EVENT[T: 1457886251][LC: 38] - SEND: Proc 0 to proc 2
EVENT[T: 1457886251][LC: 39] - INTERNAL EVENT: Code 6
EVENT[T: 1457886251][LC: 40] - SEND: Proc 0 to proc 2
EVENT[T: 1457886251][LC: 41] - INTERNAL EVENT: Code 8
EVENT[T: 1457886251][LC: 42] - SEND: Proc 0 to proc 1
EVENT[T: 1457886251][LC: 43] - INTERNAL EVENT: Code 9
EVENT[T: 1457886251][LC: 44] - SEND: Proc 0 to procs 1 and 2
EVENT[T: 1457886251][LC: 45] - INTERNAL EVENT: Code 10
EVENT[T: 1457886251][LC: 46] - SEND: Proc 0 to proc 1
EVENT[T: 1457886251][LC: 47] - INTERNAL EVENT: Code 7
EVENT[T: 1457886251][LC: 48] - INTERNAL EVENT: Code 5
EVENT[T: 1457886251][LC: 49] - INTERNAL EVENT: Code 8
EVENT[T: 1457886251][LC: 50] - INTERNAL EVENT: Code 8
EVENT[T: 1457886251][LC: 51] - RECIEVE: Proc 0. Queue size is 0
EVENT[T: 1457886251][LC: 52] - INTERNAL EVENT: Code 4
EVENT[T: 1457886251][LC: 53] - SEND: Proc 0 to procs 1 and 2
EVENT[T: 1457886251][LC: 54] - SEND: Proc 0 to proc 2
EVENT[T: 1457886251][LC: 55] - SEND: Proc 0 to proc 2
EVENT[T: 1457886251][LC: 56] - SEND: Proc 0 to procs 1 and 2
EVENT[T: 1457886251][LC: 57] - SEND: Proc 0 to procs 1 and 2
EVENT[T: 1457886252][LC: 58] - INTERNAL EVENT: Code 5
EVENT[T: 1457886252][LC: 59] - INTERNAL EVENT: Code 8
EVENT[T: 1457886252][LC: 60] - INTERNAL EVENT: Code 8
EVENT[T: 1457886252][LC: 61] - INTERNAL EVENT: Code 5
EVENT[T: 1457886252][LC: 62] - INTERNAL EVENT: Code 4
EVENT[T: 1457886252][LC: 63] - INTERNAL EVENT: Code 8
EVENT[T: 1457886252][LC: 64] - SEND: Proc 0 to proc 1
EVENT[T: 1457886252][LC: 65] - INTERNAL EVENT: Code 6
EVENT[T: 1457886252][LC: 66] - INTERNAL EVENT: Code 5
EVENT[T: 1457886252][LC: 67] - INTERNAL EVENT: Code 10
EVENT[T: 1457886252][LC: 68] - INTERNAL EVENT: Code 4
EVENT[T: 1457886252][LC: 69] - INTERNAL EVENT: Code 4
EVENT[T: 1457886252][LC: 70] - INTERNAL EVENT: Code 7
EVENT[T: 1457886252][LC: 71] - INTERNAL EVENT: Code 5
EVENT[T: 1457886252][LC: 72] - INTERNAL EVENT: Code 4
EVENT[T: 1457886252][LC: 73] - INTERNAL EVENT: Code 4
EVENT[T: 1457886252][LC: 74] - INTERNAL EVENT: Code 6
EVENT[T: 1457886252][LC: 75] - INTERNAL EVENT: Code 10
EVENT[T: 1457886252][LC: 76] - SEND: Proc 0 to procs 1 and 2
EVENT[T: 1457886252][LC: 77] - INTERNAL EVENT: Code 8
EVENT[T: 1457886252][LC: 78] - INTERNAL EVENT: Code 9
EVENT[T: 1457886253][LC: 79] - SEND: Proc 0 to procs 1 and 2
EVENT[T: 1457886253][LC: 80] - INTERNAL EVENT: Code 10
EVENT[T: 1457886253][LC: 81] - INTERNAL EVENT: Code 8
EVENT[T: 1457886253][LC: 82] - SEND: Proc 0 to proc 1
EVENT[T: 1457886253][LC: 83] - RECIEVE: Proc 0. Queue size is 0
EVENT[T: 1457886253][LC: 84] - INTERNAL EVENT: Code 8
EVENT[T: 1457886253][LC: 85] - RECIEVE: Proc 0. Queue size is 0
EVENT[T: 1457886253][LC: 86] - INTERNAL EVENT: Code 6
EVENT[T: 1457886253][LC: 87] - SEND: Proc 0 to proc 2
EVENT[T: 1457886253][LC: 88] - SEND: Proc 0 to proc 1
EVENT[T: 1457886253][LC: 89] - INTERNAL EVENT: Code 8
EVENT[T: 1457886253][LC: 90] - RECIEVE: Proc 0. Queue size is 0
EVENT[T: 1457886253][LC: 91] - INTERNAL EVENT: Code 4
EVENT[T: 1457886253][LC: 92] - INTERNAL EVENT: Code 6
EVENT[T: 1457886253][LC: 93] - RECIEVE: Proc 0. Queue size is 0
EVENT[T: 1457886253][LC: 94] - SEND: Proc 0 to proc 1
EVENT[T: 1457886253][LC: 95] - SEND: Proc 0 to procs 1 and 2
EVENT[T: 1457886253][LC: 96] - INTERNAL EVENT: Code 5
EVENT[T: 1457886253][LC: 97] - INTERNAL EVENT: Code 5
EVENT[T: 1457886253][LC: 98] - INTERNAL EVENT: Code 8
EVENT[T: 1457886254][LC: 99] - INTERNAL EVENT: Code 4
EVENT[T: 1457886254][LC: 100] - INTERNAL EVENT: Code 9
EVENT[T: 1457886254][LC: 101] - SEND: Proc 0 to proc 1
EVENT[T: 1457886254][LC: 102] - INTERNAL EVENT: Code 4
EVENT[T: 1457886254][LC: 103] - INTERNAL EVENT: Code 8
EVENT[T: 1457886254][LC: 104] - RECIEVE: Proc 0. Queue size is 0
EVENT[T: 1457886254][LC: 105] - SEND: Proc 0 to proc 1
EVENT[T: 1457886254][LC: 106] - INTERNAL EVENT: Code 5
EVENT[T: 1457886254][LC: 107] - INTERNAL EVENT: Code 8
EVENT[T: 1457886254][LC: 108] - INTERNAL EVENT: Code 4
EVENT[T: 1457886254][LC: 109] - INTERNAL EVENT: Code 4
EVENT[T: 1457886254][LC: 110] - INTERNAL EVENT: Code 4
EVENT[T: 1457886254][LC: 111] - INTERNAL EVENT: Code 9
EVENT[T: 1457886254][LC: 112] - SEND: Proc 0 to procs 1 and 2
EVENT[T: 1457886254][LC: 113] - INTERNAL EVENT: Code 9
EVENT[T: 1457886254][LC: 114] - INTERNAL EVENT: Code 7
EVENT[T: 1457886254][LC: 115] - INTERNAL EVENT: Code 4
EVENT[T: 1457886254][LC: 116] - INTERNAL EVENT: Code 5
EVENT[T: 1457886254][LC: 117] - INTERNAL EVENT: Code 4
EVENT[T: 1457886254][LC: 118] - SEND: Proc 0 to proc 1
EVENT[T: 1457886254][LC: 119] - RECIEVE: Proc 0. Queue size is 0
EVENT[T: 1457886255][LC: 120] - SEND: Proc 0 to procs 1 and 2
EVENT[T: 1457886255][LC: 121] - INTERNAL EVENT: Code 9
EVENT[T: 1457886255][LC: 122] - SEND: Proc 0 to proc 1
EVENT[T: 1457886255][LC: 123] - SEND: Proc 0 to procs 1 and 2
EVENT[T: 1457886255][LC: 124] - SEND: Proc 0 to proc 2
EVENT[T: 1457886255][LC: 125] - SEND: Proc 0 to proc 2
EVENT[T: 1457886255][LC: 126] - SEND: Proc 0 to proc 1
EVENT[T: 1457886255][LC: 127] - INTERNAL EVENT: Code 6
EVENT[T: 1457886255][LC: 128] - INTERNAL EVENT: Code 5
EVENT[T: 1457886255][LC: 129] - INTERNAL EVENT: Code 6
EVENT[T: 1457886255][LC: 130] - INTERNAL EVENT: Code 8
EVENT[T: 1457886255][LC: 131] - SEND: Proc 0 to proc 2
EVENT[T: 1457886255][LC: 132] - SEND: Proc 0 to procs 1 and 2
EVENT[T: 1457886255][LC: 133] - INTERNAL EVENT: Code 10
EVENT[T: 1457886255][LC: 134] - INTERNAL EVENT: Code 6
EVENT[T: 1457886255][LC: 135] - INTERNAL EVENT: Code 8
EVENT[T: 1457886255][LC: 136] - INTERNAL EVENT: Code 6
EVENT[T: 1457886255][LC: 137] - INTERNAL EVENT: Code 9
EVENT[T: 1457886255][LC: 138] - INTERNAL EVENT: Code 7
EVENT[T: 1457886255][LC: 139] - INTERNAL EVENT: Code 4
EVENT[T: 1457886255][LC: 140] - INTERNAL EVENT: Code 7
EVENT[T: 1457886256][LC: 141] - SEND: Proc 0 to proc 1
EVENT[T: 1457886256][LC: 142] - SEND: Proc 0 to procs 1 and 2
EVENT[T: 1457886256][LC: 143] - INTERNAL EVENT: Code 7
EVENT[T: 1457886256][LC: 144] - INTERNAL EVENT: Code 9
EVENT[T: 1457886256][LC: 145] - INTERNAL EVENT: Code 8
EVENT[T: 1457886256][LC: 146] - SEND: Proc 0 to proc 2
EVENT[T: 1457886256][LC: 147] - INTERNAL EVENT: Code 10
EVENT[T: 1457886256][LC: 148] - INTERNAL EVENT: Code 4
EVENT[T: 1457886256][LC: 149] - INTERNAL EVENT: Code 9
EVENT[T: 1457886256][LC: 150] - SEND: Proc 0 to proc 2
EVENT[T: 1457886256][LC: 151] - INTERNAL EVENT: Code 4
EVENT[T: 1457886256][LC: 152] - SEND: Proc 0 to procs 1 and 2
EVENT[T: 1457886256][LC: 153] - INTERNAL EVENT: Code 6
EVENT[T: 1457886256][LC: 154] - INTERNAL EVENT: Code 9
EVENT[T: 1457886256][LC: 155] - INTERNAL EVENT: Code 4
EVENT[T: 1457886256][LC: 156] - INTERNAL EVENT: Code 7
EVENT[T: 1457886256][LC: 157] - INTERNAL EVENT: Code 10
EVENT[T: 1457886256][LC: 158] - SEND: Proc 0 to procs 1 and 2
EVENT[T: 1457886256][LC: 159] - INTERNAL EVENT: Code 4
EVENT[T: 1457886256][LC: 160] - INTERNAL EVENT: Code 4
EVENT[T: 1457886256][LC: 161] - INTERNAL EVENT: Code 8
EVENT[T: 1457886257][LC: 162] - SEND: Proc 0 to proc 1
EVENT[T: 1457886257][LC: 163] - SEND: Proc 0 to procs 1 and 2
EVENT[T: 1457886257][LC: 164] - INTERNAL EVENT: Code 10
EVENT[T: 1457886257][LC: 165] - INTERNAL EVENT: Code 6
EVENT[T: 1457886257][LC: 166] - SEND: Proc 0 to proc 1
EVENT[T: 1457886257][LC: 167] - INTERNAL EVENT: Code 7
EVENT[T: 1457886257][LC: 168] - INTERNAL EVENT: Code 10
EVENT[T: 1457886257][LC: 169] - INTERNAL EVENT: Code 5
EVENT[T: 1457886257][LC: 170] - SEND: Proc 0 to proc 1
EVENT[T: 1457886257][LC: 171] - SEND: Proc 0 to proc 2
EVENT[T: 1457886257][LC: 172] - INTERNAL EVENT: Code 10
EVENT[T: 1457886257][LC: 173] - INTERNAL EVENT: Code 4
EVENT[T: 1457886257][LC: 174] - INTERNAL EVENT: Code 6
EVENT[T: 1457886257][LC: 175] - SEND: Proc 0 to procs 1 and 2
EVENT[T: 1457886257][LC: 176] - SEND: Proc 0 to procs 1 and 2
EVENT[T: 1457886257][LC: 177] - INTERNAL EVENT: Code 10
EVENT[T: 1457886257][LC: 178] - INTERNAL EVENT: Code 9
EVENT[T: 1457886257][LC: 179] - INTERNAL EVENT: Code 7
EVENT[T: 1457886257][LC: 180] - INTERNAL EVENT: Code 9
EVENT[T: 1457886257][LC: 181] - INTERNAL EVENT: Code 9
EVENT[T: 1457886257][LC: 182] - SEND: Proc 0 to proc 1
EVENT[T: 1457886258][LC: 183] - SEND: Proc 0 to proc 2
EVENT[T: 1457886258][LC: 184] - SEND: Proc 0 to procs 1 and 2
EVENT[T: 1457886258][LC: 185] - INTERNAL EVENT: Code 8
EVENT[T: 1457886258][LC: 186] - INTERNAL EVENT: Code 8
EVENT[T: 1457886258][LC: 187] - INTERNAL EVENT: Code 5
EVENT[T: 1457886258][LC: 188] - INTERNAL EVENT: Code 6
EVENT[T: 1457886258][LC: 189] - INTERNAL EVENT: Code 10
EVENT[T: 1457886258][LC: 190] - INTERNAL EVENT: Code 10
EVENT[T: 1457886258][LC: 191] - SEND: Proc 0 to procs 1 and 2
EVENT[T: 1457886258][LC: 192] - INTERNAL EVENT: Code 6
EVENT[T: 1457886258][LC: 193] - INTERNAL EVENT: Code 7
EVENT[T: 1457886258][LC: 194] - INTERNAL EVENT: Code 10
EVENT[T: 1457886258][LC: 195] - SEND: Proc 0 to proc 2
EVENT[T: 1457886258][LC: 196] - SEND: Proc 0 to proc 1
EVENT[T: 1457886258][LC: 197] - INTERNAL EVENT: Code 9
EVENT[T: 1457886258][LC: 198] - SEND: Proc 0 to proc 1
EVENT[T: 1457886258][LC: 199] - INTERNAL EVENT: Code 5
EVENT[T: 1457886258][LC: 200] - INTERNAL EVENT: Code 9
EVENT[T: 1457886258][LC: 201] - INTERNAL EVENT: Code 4
EVENT[T: 1457886258][LC: 202] - INTERNAL EVENT: Code 8
EVENT[T: 1457886259][LC: 203] - INTERNAL EVENT: Code 7
EVENT[T: 1457886259][LC: 204] - SEND: Proc 0 to proc 1
EVENT[T: 1457886259][LC: 205] - RECIEVE: Proc 0. Queue size is 0
EVENT[T: 1457886259][LC: 206] - INTERNAL EVENT: Code 6
EVENT[T: 1457886259][LC: 207] - INTERNAL EVENT: Code 4
EVENT[T: 1457886259][LC: 208] - INTERNAL EVENT: Code 7
EVENT[T: 1457886259][LC: 209] - INTERNAL EVENT: Code 10
EVENT[T: 1457886259][LC: 210] - SEND: Proc 0 to proc 1
EVENT[T: 1457886259][LC: 211] - RECIEVE: Proc 0. Queue size is 0
EVENT[T: 1457886259][LC: 212] - INTERNAL EVENT: Code 8
EVENT[T: 1457886259][LC: 213] - INTERNAL EVENT: Code 8
EVENT[T: 1457886259][LC: 214] - INTERNAL EVENT: Code 4
EVENT[T: 1457886259][LC: 215] - SEND: Proc 0 to procs 1 and 2
EVENT[T: 1457886259][LC: 216] - INTERNAL EVENT: Code 5
EVENT[T: 1457886259][LC: 217] - INTERNAL EVENT: Code 10
EVENT[T: 1457886259][LC: 218] - RECIEVE: Proc 0. Queue size is 0
EVENT[T: 1457886259][LC: 219] - SEND: Proc 0 to proc 2
EVENT[T: 1457886259][LC: 220] - INTERNAL EVENT: Code 8
EVENT[T: 1457886259][LC: 221] - INTERNAL EVENT: Code 6
EVENT[T: 1457886259][LC: 222] - INTERNAL EVENT: Code 5
EVENT[T: 1457886259][LC: 223] - INTERNAL EVENT: Code 9
EVENT[T: 1457886260][LC: 224] - INTERNAL EVENT: Code 7
EVENT[T: 1457886260][LC: 225] - SEND: Proc 0 to proc 2
EVENT[T: 1457886260][LC: 226] - INTERNAL EVENT: Code 10
EVENT[T: 1457886260][LC: 227] - SEND: Proc 0 to proc 1
EVENT[T: 1457886260][LC: 228] - SEND: Proc 0 to proc 2
EVENT[T: 1457886260][LC: 229] - SEND: Proc 0 to proc 2
EVENT[T: 1457886260][LC: 230] - INTERNAL EVENT: Code 10
EVENT[T: 1457886260][LC: 231] - INTERNAL EVENT: Code 5
EVENT[T: 1457886260][LC: 232] - INTERNAL EVENT: Code 5
EVENT[T: 1457886260][LC: 233] - INTERNAL EVENT: Code 7
EVENT[T: 1457886260][LC: 234] - INTERNAL EVENT: Code 6
EVENT[T: 1457886260][LC: 235] - INTERNAL EVENT: Code 8
EVENT[T: 1457886260][LC: 236] - INTERNAL EVENT: Code 6
EVENT[T: 1457886260][LC: 237] - INTERNAL EVENT: Code 8
EVENT[T: 1457886260][LC: 238] - SEND: Proc 0 to procs 1 and 2
EVENT[T: 1457886260][LC: 239] - INTERNAL EVENT: Code 7
EVENT[T: 1457886260][LC: 240] - SEND: Proc 0 to procs 1 and 2
EVENT[T: 1457886260][LC: 241] - INTERNAL EVENT: Code 5
EVENT[T: 1457886260][LC: 242] - INTERNAL EVENT: Code 9
EVENT[T: 1457886260][LC: 243] - INTERNAL EVENT: Code 8
EVENT[T: 1457886260][LC: 244] - SEND: Proc 0 to proc 1
EVENT[T: 1457886261][LC: 245] - INTERNAL EVENT: Code 10
EVENT[T: 1457886261][LC: 246] - INTERNAL EVENT: Code 6
EVENT[T: 1457886261][LC: 247] - INTERNAL EVENT: Code 4
EVENT[T: 1457886261][LC: 248] - INTERNAL EVENT: Code 10
EVENT[T: 1457886261][LC: 249] - INTERNAL EVENT: Code 10
EVENT[T: 1457886261][LC: 250] - RECIEVE: Proc 0. Queue size is 0
EVENT[T: 1457886261][LC: 251] - INTERNAL EVENT: Code 9
EVENT[T: 1457886261][LC: 252] - SEND: Proc 0 to proc 1
EVENT[T: 1457886261][LC: 253] - SEND: Proc 0 to proc 1
EVENT[T: 1457886261][LC: 254] - INTERNAL EVENT: Code 10
EVENT[T: 1457886261][LC: 255] - INTERNAL EVENT: Code 6
EVENT[T: 1457886261][LC: 256] - INTERNAL EVENT: Code 8
EVENT[T: 1457886261][LC: 257] - INTERNAL EVENT: Code 7
EVENT[T: 1457886261][LC: 258] - RECIEVE: Proc 0. Queue size is 0
EVENT[T: 1457886261][LC: 259] - INTERNAL EVENT: Code 6
EVENT[T: 1457886261][LC: 260] - RECIEVE: Proc 0. Queue size is 0
EVENT[T: 1457886261][LC: 261] - INTERNAL EVENT: Code 6
EVENT[T: 1457886261][LC: 262] - INTERNAL EVENT: Code 9
EVENT[T: 1457886261][LC: 263] - INTERNAL EVENT: Code 6
EVENT[T: 1457886261][LC: 264] - INTERNAL EVENT: Code 10
EVENT[T: 1457886261][LC: 265] - INTERNAL EVENT: Code 4
EVENT[T: 1457886262][LC: 266] - INTERNAL EVENT: Code 8
EVENT[T: 1457886262][LC: 267] - INTERNAL EVENT: Code 5
EVENT[T: 1457886262][LC: 268] - INTERNAL EVENT: Code 6
EVENT[T: 1457886262][LC: 269] - SEND: Proc 0 to proc 1
EVENT[T: 1457886262][LC: 270] - INTERNAL EVENT: Code 6
EVENT[T: 1457886262][LC: 271] - INTERNAL EVENT: Code 10
EVENT[T: 1457886262][LC: 272] - SEND: Proc 0 to proc 2
EVENT[T: 1457886262][LC: 273] - INTERNAL EVENT: Code 7
EVENT[T: 1457886262][LC: 274] - SEND: Proc 0 to proc 2
EVENT[T: 1457886262][LC: 275] - SEND: Proc 0 to proc 2
EVENT[T: 1457886262][LC: 276] - SEND: Proc 0 to proc 2
EVENT[T: 1457886262][LC: 277] - INTERNAL EVENT: Code 4
EVENT[T: 1457886262][LC: 278] - SEND: Proc 0 to proc 1
EVENT[T: 1457886262][LC: 279] - INTERNAL EVENT: Code 7
EVENT[T: 1457886262][LC: 280] - INTERNAL EVENT: Code 7
EVENT[T: 1457886262][LC: 281] - INTERNAL EVENT: Code 9
EVENT[T: 1457886262][LC: 282] - INTERNAL EVENT: Code 5
EVENT[T: 1457886262][LC: 283] - SEND: Proc 0 to proc 1
EVENT[T: 1457886262][LC: 284] - INTERNAL EVENT: Code 4
EVENT[T: 1457886262][LC: 285] - INTERNAL EVENT: Code 5
EVENT[T: 1457886262][LC: 286] - INTERNAL EVENT: Code 5
EVENT[T: 1457886263][LC: 287] - INTERNAL EVENT: Code 6
EVENT[T: 1457886263][LC: 288] - INTERNAL EVENT: Code 7
EVENT[T: 1457886263][LC: 289] - RECIEVE: Proc 0. Queue size is 0
EVENT[T: 1457886263][LC: 290] - INTERNAL EVENT: Code 4
EVENT[T: 1457886263][LC: 291] - INTERNAL EVENT: Code 5
EVENT[T: 1457886263][LC: 292] - INTERNAL EVENT: Code 6
EVENT[T: 1457886263][LC: 293] - INTERNAL EVENT: Code 8
EVENT[T: 1457886263][LC: 294] - SEND: Proc 0 to proc 2
EVENT[T: 1457886263][LC: 295] - INTERNAL EVENT: Code 9
EVENT[T: 1457886263][LC: 296] - SEND: Proc 0 to proc 1
EVENT[T: 1457886263][LC: 297] - INTERNAL EVENT: Code 7
EVENT[T: 1457886263][LC: 298] - INTERNAL EVENT: Code 7
EVENT[T: 1457886263][LC: 299] - INTERNAL EVENT: Code 4
EVENT[T: 1457886263][LC: 300] - INTERNAL EVENT: Code 9
EVENT[T: 1457886263][LC: 301] - INTERNAL EVENT: Code 6
EVENT[T: 1457886263][LC: 302] - SEND: Proc 0 to procs 1 and 2
EVENT[T: 1457886263][LC: 303] - INTERNAL EVENT: Code 5
EVENT[T: 1457886263][LC: 304] - SEND: Proc 0 to procs 1 and 2
EVENT[T: 1457886263][LC: 305] - SEND: Proc 0 to proc 2
EVENT[T: 1457886263][LC: 306] - INTERNAL EVENT: Code 9
EVENT[T: 1457886264][LC: 307] - INTERNAL EVENT: Code 7
EVENT[T: 1457886264][LC: 308] - INTERNAL EVENT: Code 9
EVENT[T: 1457886264][LC: 309] - INTERNAL EVENT: Code 4
EVENT[T: 1457886264][LC: 310] - INTERNAL EVENT: Code 10
EVENT[T: 1457886264][LC: 311] - INTERNAL EVENT: Code 10
EVENT[T: 1457886264][LC: 312] - INTERNAL EVENT: Code 8
EVENT[T: 1457886264][LC: 313] - SEND: Proc 0 to proc 1
EVENT[T: 1457886264][LC: 314] - INTERNAL EVENT: Code 9
EVENT[T: 1457886264][LC: 315] - SEND: Proc 0 to proc 2
EVENT[T: 1457886264][LC: 316] - INTERNAL EVENT: Code 5
EVENT[T: 1457886264][LC: 317] - INTERNAL EVENT: Code 6
EVENT[T: 1457886264][LC: 318] - SEND: Proc 0 to proc 1
EVENT[T: 1457886264][LC: 319] - INTERNAL EVENT: Code 6
EVENT[T: 1457886264][LC: 320] - INTERNAL EVENT: Code 10
EVENT[T: 1457886264][LC: 321] - SEND: Proc 0 to procs 1 and 2
EVENT[T: 1457886264][LC: 322] - SEND: Proc 0 to proc 2
EVENT[T: 1457886264][LC: 323] - SEND: Proc 0 to procs 1 and 2
EVENT[T: 1457886264][LC: 324] - INTERNAL EVENT: Code 8
EVENT[T: 1457886264][LC: 325] - INTERNAL EVENT: Code 6
EVENT[T: 1457886264][LC: 326] - INTERNAL EVENT: Code 8
EVENT[T: 1457886264][LC: 327] - INTERNAL EVENT: Code 5
EVENT[T: 1457886265][LC: 328] - SEND: Proc 0 to procs 1 and 2
EVENT[T: 1457886265][LC: 329] - INTERNAL EVENT: Code 5
EVENT[T: 1457886265][LC: 330] - SEND: Proc 0 to proc 1
EVENT[T: 1457886265][LC: 331] - INTERNAL EVENT: Code 10
EVENT[T: 1457886265][LC: 332] - SEND: Proc 0 to procs 1 and 2
EVENT[T: 1457886265][LC: 333] - INTERNAL EVENT: Code 9
EVENT[T: 1457886265][LC: 334] - INTERNAL EVENT: Code 4
EVENT[T: 1457886265][LC: 335] - INTERNAL EVENT: Code 10
EVENT[T: 1457886265][LC: 336] - INTERNAL EVENT: Code 6
EVENT[T: 1457886265][LC: 337] - INTERNAL EVENT: Code 9
EVENT[T: 1457886265][LC: 338] - SEND: Proc 0 to proc 2
EVENT[T: 1457886265][LC: 339] - INTERNAL EVENT: Code 5
EVENT[T: 1457886265][LC: 340] - INTERNAL EVENT: Code 4
EVENT[T: 1457886265][LC: 341] - SEND: Proc 0 to proc 1
EVENT[T: 1457886265][LC: 342] - INTERNAL EVENT: Code 6
EVENT[T: 1457886265][LC: 343] - INTERNAL EVENT: Code 10
EVENT[T: 1457886265][LC: 344] - INTERNAL EVENT: Code 6
EVENT[T: 1457886265][LC: 345] - INTERNAL EVENT: Code 4
EVENT[T: 1457886265][LC: 346] - SEND: Proc 0 to procs 1 and 2
EVENT[T: 1457886265][LC: 347] - SEND: Proc 0 to procs 1 and 2
EVENT[T: 1457886265][LC: 348] - SEND: Proc 0 to proc 1
EVENT[T: 1457886266][LC: 349] - INTERNAL EVENT: Code 9
EVENT[T: 1457886266][LC: 350] - INTERNAL EVENT: Code 6
EVENT[T: 1457886266][LC: 351] - INTERNAL EVENT: Code 10
EVENT[T: 1457886266][LC: 352] - INTERNAL EVENT: Code 10
EVENT[T: 1457886266][LC: 353] - INTERNAL EVENT: Code 9
EVENT[T: 1457886266][LC: 354] - RECIEVE: Proc 0. Queue size is 0
EVENT[T: 1457886266][LC: 355] - INTERNAL EVENT: Code 5
EVENT[T: 1457886266][LC: 356] - SEND: Proc 0 to procs 1 and 2
EVENT[T: 1457886266][LC: 357] - INTERNAL EVENT: Code 7
EVENT[T: 1457886266][LC: 358] - SEND: Proc 0 to procs 1 and 2
EVENT[T: 1457886266][LC: 359] - INTERNAL EVENT: Code 10
EVENT[T: 1457886266][LC: 360] - SEND: Proc 0 to procs 1 and 2
EVENT[T: 1457886266][LC: 361] - INTERNAL EVENT: Code 7
EVENT[T: 1457886266][LC: 362] - INTERNAL EVENT: Code 5
EVENT[T: 1457886266][LC: 363] - SEND: Proc 0 to proc 1
EVENT[T: 1457886266][LC: 364] - INTERNAL EVENT: Code 9
EVENT[T: 1457886266][LC: 365] - INTERNAL EVENT: Code 9
EVENT[T: 1457886266][LC: 366] - INTERNAL EVENT: Code 9
EVENT[T: 1457886266][LC: 367] - INTERNAL EVENT: Code 9
EVENT[T: 1457886266][LC: 368] - SEND: Proc 0 to proc 1
EVENT[T: 1457886266][LC: 369] - SEND: Proc 0 to proc 2
EVENT[T: 1457886267][LC: 370] - SEND: Proc 0 to procs 1 and 2
EVENT[T: 1457886267][LC: 371] - INTERNAL EVENT: Code 9
EVENT[T: 1457886267][LC: 372] - INTERNAL EVENT: Code 10
EVENT[T: 1457886267][LC: 373] - INTERNAL EVENT: Code 4
EVENT[T: 1457886267][LC: 374] - SEND: Proc 0 to proc 2
EVENT[T: 1457886267][LC: 375] - SEND: Proc 0 to procs 1 and 2
EVENT[T: 1457886267][LC: 376] - INTERNAL EVENT: Code 8
EVENT[T: 1457886267][LC: 377] - INTERNAL EVENT: Code 6
EVENT[T: 1457886267][LC: 378] - SEND: Proc 0 to proc 2
EVENT[T: 1457886267][LC: 379] - INTERNAL EVENT: Code 8
EVENT[T: 1457886267][LC: 380] - INTERNAL EVENT: Code 6
EVENT[T: 1457886267][LC: 381] - INTERNAL EVENT: Code 8
EVENT[T: 1457886267][LC: 382] - SEND: Proc 0 to procs 1 and 2
EVENT[T: 1457886267][LC: 383] - INTERNAL EVENT: Code 10
EVENT[T: 1457886267][LC: 384] - SEND: Proc 0 to proc 2
EVENT[T: 1457886267][LC: 385] - INTERNAL EVENT: Code 9
EVENT[T: 1457886267][LC: 386] - INTERNAL EVENT: Code 8
EVENT[T: 1457886267][LC: 387] - SEND: Proc 0 to proc 2
EVENT[T: 1457886267][LC: 388] - INTERNAL EVENT: Code 4
EVENT[T: 1457886267][LC: 389] - INTERNAL EVENT: Code 8
EVENT[T: 1457886268][LC: 390] - INTERNAL EVENT: Code 5
EVENT[T: 1457886268][LC: 391] - RECIEVE: Proc 0. Queue size is 0
EVENT[T: 1457886268][LC: 392] - INTERNAL EVENT: Code 4
EVENT[T: 1457886268][LC: 393] - INTERNAL EVENT: Code 8
EVENT[T: 1457886268][LC: 394] - INTERNAL EVENT: Code 10
EVENT[T: 1457886268][LC: 395] - INTERNAL EVENT: Code 7
EVENT[T: 1457886268][LC: 396] - INTERNAL EVENT: Code 5
EVENT[T: 1457886268][LC: 397] - SEND: Proc 0 to proc 2
EVENT[T: 1457886268][LC: 398] - INTERNAL EVENT: Code 4
EVENT[T: 1457886268][LC: 399] - INTERNAL EVENT: Code 9
EVENT[T: 1457886268][LC: 400] - INTERNAL EVENT: Code 8
EVENT[T: 1457886268][LC: 401] - RECIEVE: Proc 0. Queue size is 0
EVENT[T: 1457886268][LC: 402] - INTERNAL EVENT: Code 10
EVENT[T: 1457886268][LC: 403] - INTERNAL EVENT: Code 9
EVENT[T: 1457886268][LC: 404] - INTERNAL EVENT: Code 5
EVENT[T: 1457886268][LC: 405] - SEND: Proc 0 to procs 1 and 2
EVENT[T: 1457886268][LC: 406] - SEND: Proc 0 to proc 1
EVENT[T: 1457886268][LC: 407] - INTERNAL EVENT: Code 6
EVENT[T: 1457886268][LC: 408] - INTERNAL EVENT: Code 4
EVENT[T: 1457886268][LC: 409] - SEND: Proc 0 to proc 1
EVENT[T: 1457886268][LC: 410] - INTERNAL EVENT: Code 5
EVENT[T: 1457886269][LC: 411] - SEND: Proc 0 to procs 1 and 2
EVENT[T: 1457886269][LC: 412] - INTERNAL EVENT: Code 6
EVENT[T: 1457886269][LC: 413] - INTERNAL EVENT: Code 5
EVENT[T: 1457886269][LC: 414] - INTERNAL EVENT: Code 4
EVENT[T: 1457886269][LC: 415] - INTERNAL EVENT: Code 7
EVENT[T: 1457886269][LC: 416] - INTERNAL EVENT: Code 5
EVENT[T: 1457886269][LC: 417] - RECIEVE: Proc 0. Queue size is 0
EVENT[T: 1457886269][LC: 418] - INTERNAL EVENT: Code 5
EVENT[T: 1457886269][LC: 419] - SEND: Proc 0 to procs 1 and 2
EVENT[T: 1457886269][LC: 420] - INTERNAL EVENT: Code 10
EVENT[T: 1457886269][LC: 421] - INTERNAL EVENT: Code 9
EVENT[T: 1457886269][LC: 422] - INTERNAL EVENT: Code 10
EVENT[T: 1457886269][LC: 423] - INTERNAL EVENT: Code 10
EVENT[T: 1457886269][LC: 424] - SEND: Proc 0 to proc 2
EVENT[T: 1457886269][LC: 425] - INTERNAL EVENT: Code 5
EVENT[T: 1457886269][LC: 426] - INTERNAL EVENT: Code 8
EVENT[T: 1457886269][LC: 427] - INTERNAL EVENT: Code 10
EVENT[T: 1457886269][LC: 428] - INTERNAL EVENT: Code 9
EVENT[T: 1457886269][LC: 429] - SEND: Proc 0 to proc 2
EVENT[T: 1457886269][LC: 430] - INTERNAL EVENT: Code 9
EVENT[T: 1457886269][LC: 431] - SEND: Proc 0 to proc 1
EVENT[T: 1457886270][LC: 432] - INTERNAL EVENT: Code 6
EVENT[T: 1457886270][LC: 433] - INTERNAL EVENT: Code 9
EVENT[T: 1457886270][LC: 434] - INTERNAL EVENT: Code 9
EVENT[T: 1457886270][LC: 435] - RECIEVE: Proc 0. Queue size is 0
EVENT[T: 1457886270][LC: 436] - INTERNAL EVENT: Code 5
EVENT[T: 1457886270][LC: 437] - INTERNAL EVENT: Code 4
EVENT[T: 1457886270][LC: 438] - RECIEVE: Proc 0. Queue size is 0
EVENT[T: 1457886270][LC: 439] - INTERNAL EVENT: Code 5
EVENT[T: 1457886270][LC: 440] - SEND: Proc 0 to proc 2
EVENT[T: 1457886270][LC: 441] - INTERNAL EVENT: Code 8
EVENT[T: 1457886270][LC: 442] - INTERNAL EVENT: Code 9
EVENT[T: 1457886270][LC: 443] - INTERNAL EVENT: Code 6
EVENT[T: 1457886270][LC: 444] - SEND: Proc 0 to proc 2
EVENT[T: 1457886270][LC: 445] - INTERNAL EVENT: Code 9
EVENT[T: 1457886270][LC: 446] - INTERNAL EVENT: Code 10
EVENT[T: 1457886270][LC: 447] - INTERNAL EVENT: Code 8
EVENT[T: 1457886270][LC: 448] - INTERNAL EVENT: Code 5
EVENT[T: 1457886270][LC: 449] - SEND: Proc 0 to proc 1
EVENT[T: 1457886270][LC: 450] - INTERNAL EVENT: Code 9
EVENT[T: 1457886270][LC: 451] - INTERNAL EVENT: Code 7
EVENT[T: 1457886270][LC: 452] - INTERNAL EVENT: Code 5
EVENT[T: 1457886271][LC: 453] - SEND: Proc 0 to proc 2
EVENT[T: 1457886271][LC: 454] - INTERNAL EVENT: Code 9
EVENT[T: 1457886271][LC: 455] - INTERNAL EVENT: Code 10
EVENT[T: 1457886271][LC: 456] - INTERNAL EVENT: Code 8
EVENT[T: 1457886271][LC: 457] - INTERNAL EVENT: Code 10
EVENT[T: 1457886271][LC: 458] - INTERNAL EVENT: Code 8
EVENT[T: 1457886271][LC: 459] - INTERNAL EVENT: Code 10
EVENT[T: 1457886271][LC: 460] - INTERNAL EVENT: Code 9
EVENT[T: 1457886271][LC: 461] - RECIEVE: Proc 0. Queue size is 0
EVENT[T: 1457886271][LC: 462] - INTERNAL EVENT: Code 6
EVENT[T: 1457886271][LC: 463] - INTERNAL EVENT: Code 8
EVENT[T: 1457886271][LC: 464] - INTERNAL EVENT: Code 6
EVENT[T: 1457886271][LC: 465] - INTERNAL EVENT: Code 6
EVENT[T: 1457886271][LC: 466] - SEND: Proc 0 to proc 2
EVENT[T: 1457886271][LC: 467] - SEND: Proc 0 to proc 1
EVENT[T: 1457886271][LC: 468] - INTERNAL EVENT: Code 9
EVENT[T: 1457886271][LC: 469] - INTERNAL EVENT: Code 10
EVENT[T: 1457886271][LC: 470] - INTERNAL EVENT: Code 10
EVENT[T: 1457886271][LC: 471] - SEND: Proc 0 to proc 1
EVENT[T: 1457886271][LC: 472] - RECIEVE: Proc 0. Queue size is 0
EVENT[T: 1457886271][LC: 473] - INTERNAL EVENT: Code 6
EVENT[T: 1457886272][LC: 474] - INTERNAL EVENT: Code 10
EVENT[T: 1457886272][LC: 475] - INTERNAL EVENT: Code 9
EVENT[T: 1457886272][LC: 476] - SEND: Proc 0 to proc 1
EVENT[T: 1457886272][LC: 477] - INTERNAL EVENT: Code 10
EVENT[T: 1457886272][LC: 478] - INTERNAL EVENT: Code 6
EVENT[T: 1457886272][LC: 479] - INTERNAL EVENT: Code 6
EVENT[T: 1457886272][LC: 480] - INTERNAL EVENT: Code 7
EVENT[T: 1457886272][LC: 481] - INTERNAL EVENT: Code 6
EVENT[T: 1457886272][LC: 482] - INTERNAL EVENT: Code 7
EVENT[T: 1457886272][LC: 483] - INTERNAL EVENT: Code 5
EVENT[T: 1457886272][LC: 484] - INTERNAL EVENT: Code 10
EVENT[T: 1457886272][LC: 485] - INTERNAL EVENT: Code 9
EVENT[T: 1457886272][LC: 486] - INTERNAL EVENT: Code 6
EVENT[T: 1457886272][LC: 487] - SEND: Proc 0 to proc 2
EVENT[T: 1457886272][LC: 488] - INTERNAL EVENT: Code 9
EVENT[T: 1457886272][LC: 489] - INTERNAL EVENT: Code 9
EVENT[T: 1457886272][LC: 490] - INTERNAL EVENT: Code 8
EVENT[T: 1457886272][LC: 491] - INTERNAL EVENT: Code 5
EVENT[T: 1457886272][LC: 492] - RECIEVE: Proc 0. Queue size is 0
EVENT[T: 1457886272][LC: 493] - INTERNAL EVENT: Code 10
EVENT[T: 1457886273][LC: 494] - SEND: Proc 0 to procs 1 and 2
EVENT[T: 1457886273][LC: 495] - SEND: Proc 0 to proc 2
EVENT[T: 1457886273][LC: 496] - INTERNAL EVENT: Code 8
EVENT[T: 1457886273][LC: 497] - INTERNAL EVENT: Code 5
EVENT[T: 1457886273][LC: 498] - SEND: Proc 0 to procs 1 and 2
EVENT[T: 1457886273][LC: 499] - INTERNAL EVENT: Code 8
EVENT[T: 1457886273][LC: 500] - INTERNAL EVENT: Code 5
EVENT[T: 1457886273][LC: 501] - INTERNAL EVENT: Code 9
EVENT[T: 1457886273][LC: 502] - SEND: Proc 0 to procs 1 and 2
EVENT[T: 1457886273][LC: 503] - INTERNAL EVENT: Code 9
EVENT[T: 1457886273][LC: 504] - INTERNAL EVENT: Code 8
EVENT[T: 1457886273][LC: 505] - INTERNAL EVENT: Code 8
EVENT[T: 1457886273][LC: 506] - INTERNAL EVENT: Code 10
EVENT[T: 1457886273][LC: 507] - INTERNAL EVENT: Code 4
EVENT[T: 1457886273][LC: 508] - SEND: Proc 0 to proc 1
EVENT[T: 1457886273][LC: 509] - INTERNAL EVENT: Code 8
EVENT[T: 1457886273][LC: 510] - INTERNAL EVENT: Code 10
EVENT[T: 1457886273][LC: 511] - SEND: Proc 0 to proc 2
EVENT[T: 1457886273][LC: 512] - INTERNAL EVENT: Code 9
EVENT[T: 1457886273][LC: 513] - INTERNAL EVENT: Code 10
EVENT[T: 1457886273][LC: 514] - INTERNAL EVENT: Code 10
EVENT[T: 1457886274][LC: 515] - INTERNAL EVENT: Code 6
EVENT[T: 1457886274][LC: 516] - SEND: Proc 0 to procs 1 and 2
EVENT[T: 1457886274][LC: 517] - INTERNAL EVENT: Code 7
EVENT[T: 1457886274][LC: 518] - INTERNAL EVENT: Code 9
EVENT[T: 1457886274][LC: 519] - SEND: Proc 0 to proc 1
EVENT[T: 1457886274][LC: 520] - INTERNAL EVENT: Code 10
EVENT[T: 1457886274][LC: 521] - INTERNAL EVENT: Code 9
EVENT[T: 1457886274][LC: 522] - SEND: Proc 0 to proc 2
EVENT[T: 1457886274][LC: 523] - INTERNAL EVENT: Code 4
EVENT[T: 1457886274][LC: 524] - SEND: Proc 0 to procs 1 and 2
EVENT[T: 1457886274][LC: 525] - SEND: Proc 0 to procs 1 and 2
EVENT[T: 1457886274][LC: 526] - INTERNAL EVENT: Code 10
EVENT[T: 1457886274][LC: 527] - INTERNAL EVENT: Code 9
EVENT[T: 1457886274][LC: 528] - SEND: Proc 0 to procs 1 and 2
EVENT[T: 1457886274][LC: 529] - INTERNAL EVENT: Code 9
EVENT[T: 1457886274][LC: 530] - INTERNAL EVENT: Code 10
EVENT[T: 1457886274][LC: 531] - SEND: Proc 0 to proc 2
EVENT[T: 1457886274][LC: 532] - SEND: Proc 0 to procs 1 and 2
EVENT[T: 1457886274][LC: 533] - INTERNAL EVENT: Code 7
EVENT[T: 1457886274][LC: 534] - SEND: Proc 0 to proc 1
EVENT[T: 1457886274][LC: 535] - SEND: Proc 0 to procs 1 and 2
EVENT[T: 1457886275][LC: 536] - INTERNAL EVENT: Code 4
EVENT[T: 1457886275][LC: 537] - SEND: Proc 0 to proc 2
EVENT[T: 1457886275][LC: 538] - SEND: Proc 0 to procs 1 and 2
EVENT[T: 1457886275][LC: 539] - SEND: Proc 0 to proc 1
EVENT[T: 1457886275][LC: 540] - INTERNAL EVENT: Code 7
EVENT[T: 1457886275][LC: 541] - INTERNAL EVENT: Code 6
EVENT[T: 1457886275][LC: 542] - INTERNAL EVENT: Code 6
EVENT[T: 1457886275][LC: 543] - INTERNAL EVENT: Code 5
EVENT[T: 1457886275][LC: 544] - INTERNAL EVENT: Code 8
EVENT[T: 1457886275][LC: 545] - INTERNAL EVENT: Code 4
EVENT[T: 1457886275][LC: 546] - SEND: Proc 0 to proc 1
EVENT[T: 1457886275][LC: 547] - RECIEVE: Proc 0. Queue size is 0
EVENT[T: 1457886275][LC: 548] - INTERNAL EVENT: Code 4
EVENT[T: 1457886275][LC: 549] - SEND: Proc 0 to proc 1
EVENT[T: 1457886275][LC: 550] - RECIEVE: Proc 0. Queue size is 0
EVENT[T: 1457886275][LC: 551] - INTERNAL EVENT: Code 4
EVENT[T: 1457886275][LC: 552] - INTERNAL EVENT: Code 7
EVENT[T: 1457886275][LC: 553] - INTERNAL EVENT: Code 8
EVENT[T: 1457886275][LC: 554] - INTERNAL EVENT: Code 8
EVENT[T: 1457886275][LC: 555] - RECIEVE: Proc 0. Queue size is 0
EVENT[T: 1457886275][LC: 556] - INTERNAL EVENT: Code 4
EVENT[T: 1457886276][LC: 557] - INTERNAL EVENT: Code 8
EVENT[T: 1457886276][LC: 558] - RECIEVE: Proc 0. Queue size is 0
EVENT[T: 1457886276][LC: 559] - INTERNAL EVENT: Code 4
EVENT[T: 1457886276][LC: 560] - INTERNAL EVENT: Code 7
EVENT[T: 1457886276][LC: 561] - INTERNAL EVENT: Code 9
EVENT[T: 1457886276][LC: 562] - INTERNAL EVENT: Code 10
EVENT[T: 1457886276][LC: 563] - INTERNAL EVENT: Code 4
EVENT[T: 1457886276][LC: 564] - SEND: Proc 0 to procs 1 and 2
EVENT[T: 1457886276][LC: 565] - INTERNAL EVENT: Code 8
EVENT[T: 1457886276][LC: 566] - SEND: Proc 0 to procs 1 and 2
EVENT[T: 1457886276][LC: 567] - INTERNAL EVENT: Code 8
EVENT[T: 1457886276][LC: 568] - SEND: Proc 0 to procs 1 and 2
EVENT[T: 1457886276][LC: 569] - INTERNAL EVENT: Code 10
EVENT[T: 1457886276][LC: 570] - SEND: Proc 0 to proc 1
EVENT[T: 1457886276][LC: 571] - INTERNAL EVENT: Code 9
EVENT[T: 1457886276][LC: 572] - INTERNAL EVENT: Code 10
EVENT[T: 1457886276][LC: 573] - RECIEVE: Proc 0. Queue size is 0
EVENT[T: 1457886276][LC: 574] - INTERNAL EVENT: Code 8
EVENT[T: 1457886276][LC: 575] - INTERNAL EVENT: Code 10
EVENT[T: 1457886276][LC: 576] - INTERNAL EVENT: Code 5
EVENT[T: 1457886276][LC: 577] - INTERNAL EVENT: Code 5
EVENT[T: 1457886277][LC: 578] - INTERNAL EVENT: Code 7
EVENT[T: 1457886277][LC: 579] - INTERNAL EVENT: Code 10
EVENT[T: 1457886277][LC: 580] - INTERNAL EVENT: Code 5
EVENT[T: 1457886277][LC: 581] - SEND: Proc 0 to proc 1
EVENT[T: 1457886277][LC: 582] - SEND: Proc 0 to proc 2
EVENT[T: 1457886277][LC: 583] - SEND: Proc 0 to proc 2
EVENT[T: 1457886277][LC: 584] - INTERNAL EVENT: Code 7
EVENT[T: 1457886277][LC: 585] - INTERNAL EVENT: Code 6
EVENT[T: 1457886277][LC: 586] - SEND: Proc 0 to proc 2
EVENT[T: 1457886277][LC: 587] - INTERNAL EVENT: Code 5
EVENT[T: 1457886277][LC: 588] - INTERNAL EVENT: Code 4
EVENT[T: 1457886277][LC: 589] - INTERNAL EVENT: Code 4
EVENT[T: 1457886277][LC: 590] - INTERNAL EVENT: Code 9
EVENT[T: 1457886277][LC: 591] - SEND: Proc 0 to procs 1 and 2
EVENT[T: 1457886277][LC: 592] - INTERNAL EVENT: Code 9
EVENT[T: 1457886277][LC: 593] - INTERNAL EVENT: Code 7
EVENT[T: 1457886277][LC: 594] - SEND: Proc 0 to procs 1 and 2
EVENT[T: 1457886277][LC: 595] - SEND: Proc 0 to procs 1 and 2
EVENT[T: 1457886277][LC: 596] - SEND: Proc 0 to proc 1
EVENT[T: 1457886277][LC: 597] - INTERNAL EVENT: Code 5
EVENT[T: 1457886278][LC: 598] - SEND: Proc 0 to procs 1 and 2
EVENT[T: 1457886278][LC: 599] - INTERNAL EVENT: Code 4
EVENT[T: 1457886278][LC: 600] - INTERNAL EVENT: Code 8
EVENT[T: 1457886278][LC: 601] - INTERNAL EVENT: Code 9
EVENT[T: 1457886278][LC: 602] - INTERNAL EVENT: Code 9
EVENT[T: 1457886278][LC: 603] - INTERNAL EVENT: Code 4
EVENT[T: 1457886278][LC: 604] - INTERNAL EVENT: Code 9
EVENT[T: 1457886278][LC: 605] - SEND: Proc 0 to proc 2
EVENT[T: 1457886278][LC: 606] - SEND: Proc 0 to proc 2
EVENT[T: 1457886278][LC: 607] - INTERNAL EVENT: Code 4
EVENT[T: 1457886278][LC: 608] - INTERNAL EVENT: Code 6
EVENT[T: 1457886278][LC: 609] - INTERNAL EVENT: Code 10
EVENT[T: 1457886278][LC: 610] - SEND: Proc 0 to procs 1 and 2
EVENT[T: 1457886278][LC: 611] - SEND: Proc 0 to proc 1
EVENT[T: 1457886278][LC: 612] - INTERNAL EVENT: Code 9
EVENT[T: 1457886278][LC: 613] - INTERNAL EVENT: Code 10
EVENT[T: 1457886278][LC: 614] - INTERNAL EVENT: Code 4
EVENT[T: 1457886278][LC: 615] - RECIEVE: Proc 0. Queue size is 0
EVENT[T: 1457886278][LC: 616] - INTERNAL EVENT: Code 7
EVENT[T: 1457886278][LC: 617] - INTERNAL EVENT: Code 9
EVENT[T: 1457886278][LC: 618] - INTERNAL EVENT: Code 6
EVENT[T: 1457886279][LC: 619] - INTERNAL EVENT: Code 8
EVENT[T: 1457886279][LC: 620] - INTERNAL EVENT: Code 5
EVENT[T: 1457886279][LC: 621] - INTERNAL EVENT: Code 7
EVENT[T: 1457886279][LC: 622] - INTERNAL EVENT: Code 9
EVENT[T: 1457886279][LC: 623] - INTERNAL EVENT: Code 8
EVENT[T: 1457886279][LC: 624] - INTERNAL EVENT: Code 5
EVENT[T: 1457886279][LC: 625] - INTERNAL EVENT: Code 8
EVENT[T: 1457886279][LC: 626] - INTERNAL EVENT: Code 10
EVENT[T: 1457886279][LC: 627] - INTERNAL EVENT: Code 9
EVENT[T: 1457886279][LC: 628] - SEND: Proc 0 to proc 2
EVENT[T: 1457886279][LC: 629] - INTERNAL EVENT: Code 10
EVENT[T: 1457886279][LC: 630] - SEND: Proc 0 to proc 1
EVENT[T: 1457886279][LC: 631] - INTERNAL EVENT: Code 9
EVENT[T: 1457886279][LC: 632] - INTERNAL EVENT: Code 9
EVENT[T: 1457886279][LC: 633] - INTERNAL EVENT: Code 8
EVENT[T: 1457886279][LC: 634] - INTERNAL EVENT: Code 5
EVENT[T: 1457886279][LC: 635] - INTERNAL EVENT: Code 9
EVENT[T: 1457886279][LC: 636] - INTERNAL EVENT: Code 7
EVENT[T: 1457886279][LC: 637] - INTERNAL EVENT: Code 9
EVENT[T: 1457886279][LC: 638] - INTERNAL EVENT: Code 9
EVENT[T: 1457886279][LC: 639] - INTERNAL EVENT: Code 6
EVENT[T: 1457886280][LC: 640] - INTERNAL EVENT: Code 5
EVENT[T: 1457886280][LC: 641] - RECIEVE: Proc 0. Queue size is 0
EVENT[T: 1457886280][LC: 642] - SEND: Proc 0 to proc 1
EVENT[T: 1457886280][LC: 643] - INTERNAL EVENT: Code 7
EVENT[T: 1457886280][LC: 644] - RECIEVE: Proc 0. Queue size is 0
EVENT[T: 1457886280][LC: 645] - SEND: Proc 0 to procs 1 and 2
EVENT[T: 1457886280][LC: 646] - INTERNAL EVENT: Code 5
EVENT[T: 1457886280][LC: 647] - INTERNAL EVENT: Code 8
EVENT[T: 1457886280][LC: 648] - INTERNAL EVENT: Code 8
EVENT[T: 1457886280][LC: 649] - INTERNAL EVENT: Code 7
EVENT[T: 1457886280][LC: 650] - INTERNAL EVENT: Code 5
EVENT[T: 1457886280][LC: 651] - INTERNAL EVENT: Code 5
EVENT[T: 1457886280][LC: 652] - SEND: Proc 0 to proc 1
EVENT[T: 1457886280][LC: 653] - INTERNAL EVENT: Code 4
EVENT[T: 1457886280][LC: 654] - INTERNAL EVENT: Code 5
EVENT[T: 1457886280][LC: 655] - INTERNAL EVENT: Code 10
EVENT[T: 1457886280][LC: 656] - INTERNAL EVENT: Code 7
EVENT[T: 1457886280][LC: 657] - SEND: Proc 0 to procs 1 and 2
EVENT[T: 1457886280][LC: 658] - INTERNAL EVENT: Code 6
EVENT[T: 1457886280][LC: 659] - INTERNAL EVENT: Code 5
EVENT[T: 1457886280][LC: 660] - INTERNAL EVENT: Code 5
EVENT[T: 1457886281][LC: 661] - SEND: Proc 0 to proc 2
EVENT[T: 1457886281][LC: 662] - INTERNAL EVENT: Code 7
EVENT[T: 1457886281][LC: 663] - INTERNAL EVENT: Code 5
EVENT[T: 1457886281][LC: 664] - SEND: Proc 0 to procs 1 and 2
EVENT[T: 1457886281][LC: 665] - SEND: Proc 0 to proc 2
EVENT[T: 1457886281][LC: 666] - INTERNAL EVENT: Code 5
EVENT[T: 1457886281][LC: 667] - INTERNAL EVENT: Code 9
EVENT[T: 1457886281][LC: 668] - INTERNAL EVENT: Code 10
EVENT[T: 1457886281][LC: 669] - SEND: Proc 0 to procs 1 and 2
EVENT[T: 1457886281][LC: 670] - INTERNAL EVENT: Code 4
EVENT[T: 1457886281][LC: 671] - SEND: Proc 0 to proc 2
EVENT[T: 1457886281][LC: 672] - INTERNAL EVENT: Code 10
EVENT[T: 1457886281][LC: 673] - SEND: Proc 0 to procs 1 and 2
EVENT[T: 1457886281][LC: 674] - INTERNAL EVENT: Code 4
EVENT[T: 1457886281][LC: 675] - SEND: Proc 0 to proc 2
EVENT[T: 1457886281][LC: 676] - INTERNAL EVENT: Code 5
EVENT[T: 1457886281][LC: 677] - INTERNAL EVENT: Code 5
EVENT[T: 1457886281][LC: 678] - SEND: Proc 0 to proc 2
EVENT[T: 1457886281][LC: 679] - INTERNAL EVENT: Code 10
EVENT[T: 1457886281][LC: 680] - INTERNAL EVENT: Code 9
EVENT[T: 1457886281][LC: 681] - INTERNAL EVENT: Code 10
EVENT[T: 1457886282][LC: 682] - INTERNAL EVENT: Code 4
EVENT[T: 1457886282][LC: 683] - SEND: Proc 0 to proc 2
EVENT[T: 1457886282][LC: 684] - SEND: Proc 0 to procs 1 and 2
EVENT[T: 1457886282][LC: 685] - SEND: Proc 0 to proc 2
EVENT[T: 1457886282][LC: 686] - SEND: Proc 0 to procs 1 and 2
EVENT[T: 1457886282][LC: 687] - INTERNAL EVENT: Code 8
EVENT[T: 1457886282][LC: 688] - INTERNAL EVENT: Code 4
EVENT[T: 1457886282][LC: 689] - INTERNAL EVENT: Code 5
EVENT[T: 1457886282][LC: 690] - SEND: Proc 0 to proc 2
EVENT[T: 1457886282][LC: 691] - SEND: Proc 0 to proc 2
EVENT[T: 1457886282][LC: 692] - INTERNAL EVENT: Code 5
EVENT[T: 1457886282][LC: 693] - INTERNAL EVENT: Code 9
EVENT[T: 1457886282][LC: 694] - SEND: Proc 0 to proc 2
EVENT[T: 1457886282][LC: 695] - INTERNAL EVENT: Code 8
EVENT[T: 1457886282][LC: 696] - SEND: Proc 0 to procs 1 and 2
EVENT[T: 1457886282][LC: 697] - INTERNAL EVENT: Code 8
EVENT[T: 1457886282][LC: 698] - INTERNAL EVENT: Code 7
EVENT[T: 1457886282][LC: 699] - INTERNAL EVENT: Code 6
EVENT[T: 1457886282][LC: 700] - INTERNAL EVENT: Code 10
EVENT[T: 1457886282][LC: 701] - SEND: Proc 0 to proc 1
EVENT[T: 1457886283][LC: 702] - INTERNAL EVENT: Code 8
EVENT[T: 1457886283][LC: 703] - INTERNAL EVENT: Code 9
EVENT[T: 1457886283][LC: 704] - SEND: Proc 0 to proc 2
EVENT[T: 1457886283][LC: 705] - INTERNAL EVENT: Code 7
EVENT[T: 1457886283][LC: 706] - INTERNAL EVENT: Code 7
EVENT[T: 1457886283][LC: 707] - INTERNAL EVENT: Code 6
EVENT[T: 1457886283][LC: 708] - SEND: Proc 0 to proc 2
EVENT[T: 1457886283][LC: 709] - INTERNAL EVENT: Code 10
EVENT[T: 1457886283][LC: 710] - INTERNAL EVENT: Code 5
EVENT[T: 1457886283][LC: 711] - INTERNAL EVENT: Code 6
EVENT[T: 1457886283][LC: 712] - INTERNAL EVENT: Code 8
EVENT[T: 1457886283][LC: 713] - SEND: Proc 0 to procs 1 and 2
EVENT[T: 1457886283][LC: 714] - INTERNAL EVENT: Code 9
EVENT[T: 1457886283][LC: 715] - INTERNAL EVENT: Code 10
EVENT[T: 1457886283][LC: 716] - SEND: Proc 0 to procs 1 and 2
EVENT[T: 1457886283][LC: 717] - INTERNAL EVENT: Code 7
EVENT[T: 1457886283][LC: 718] - INTERNAL EVENT: Code 7
EVENT[T: 1457886283][LC: 719] - INTERNAL EVENT: Code 5
EVENT[T: 1457886283][LC: 720] - INTERNAL EVENT: Code 6
EVENT[T: 1457886283][LC: 721] - INTERNAL EVENT: Code 4
EVENT[T: 1457886283][LC: 722] - SEND: Proc 0 to proc 2
EVENT[T: 1457886284][LC: 723] - INTERNAL EVENT: Code 7
EVENT[T: 1457886284][LC: 724] - INTERNAL EVENT: Code 9
EVENT[T: 1457886284][LC: 725] - SEND: Proc 0 to proc 2
EVENT[T: 1457886284][LC: 726] - INTERNAL EVENT: Code 9
EVENT[T: 1457886284][LC: 727] - SEND: Proc 0 to proc 1
EVENT[T: 1457886284][LC: 728] - INTERNAL EVENT: Code 9
EVENT[T: 1457886284][LC: 729] - SEND: Proc 0 to proc 2
EVENT[T: 1457886284][LC: 730] - INTERNAL EVENT: Code 7
EVENT[T: 1457886284][LC: 731] - INTERNAL EVENT: Code 6
EVENT[T: 1457886284][LC: 732] - SEND: Proc 0 to procs 1 and 2
EVENT[T: 1457886284][LC: 733] - INTERNAL EVENT: Code 7
EVENT[T: 1457886284][LC: 734] - SEND: Proc 0 to procs 1 and 2
EVENT[T: 1457886284][LC: 735] - SEND: Proc 0 to proc 1
EVENT[T: 1457886284][LC: 736] - INTERNAL EVENT: Code 4
EVENT[T: 1457886284][LC: 737] - INTERNAL EVENT: Code 5
EVENT[T: 1457886284][LC: 738] - INTERNAL EVENT: Code 6
EVENT[T: 1457886284][LC: 739] - SEND: Proc 0 to proc 1
EVENT[T: 1457886284][LC: 740] - INTERNAL EVENT: Code 7
EVENT[T: 1457886284][LC: 741] - RECIEVE: Proc 0. Queue size is 0
EVENT[T: 1457886284][LC: 742] - INTERNAL EVENT: Code 4
EVENT[T: 1457886284][LC: 743] - INTERNAL EVENT: Code 4
EVENT[T: 1457886285][LC: 744] - SEND: Proc 0 to proc 1
EVENT[T: 1457886285][LC: 745] - INTERNAL EVENT: Code 6
EVENT[T: 1457886285][LC: 746] - INTERNAL EVENT: Code 10
EVENT[T: 1457886285][LC: 747] - SEND: Proc 0 to proc 1
EVENT[T: 1457886285][LC: 748] - INTERNAL EVENT: Code 8
EVENT[T: 1457886285][LC: 749] - SEND: Proc 0 to proc 1
EVENT[T: 1457886285][LC: 750] - SEND: Proc 0 to proc 2
EVENT[T: 1457886285][LC: 751] - SEND: Proc 0 to proc 1
EVENT[T: 1457886285][LC: 752] - INTERNAL EVENT: Code 7
EVENT[T: 1457886285][LC: 753] - SEND: Proc 0 to procs 1 and 2
EVENT[T: 1457886285][LC: 754] - SEND: Proc 0 to proc 2
EVENT[T: 1457886285][LC: 755] - INTERNAL EVENT: Code 6
EVENT[T: 1457886285][LC: 756] - INTERNAL EVENT: Code 8
EVENT[T: 1457886285][LC: 757] - INTERNAL EVENT: Code 5
EVENT[T: 1457886285][LC: 758] - INTERNAL EVENT: Code 4
EVENT[T: 1457886285][LC: 759] - INTERNAL EVENT: Code 6
EVENT[T: 1457886285][LC: 760] - INTERNAL EVENT: Code 8
EVENT[T: 1457886285][LC: 761] - INTERNAL EVENT: Code 4
EVENT[T: 1457886285][LC: 762] - SEND: Proc 0 to procs 1 and 2
EVENT[T: 1457886285][LC: 763] - INTERNAL EVENT: Code 7
EVENT[T: 1457886285][LC: 764] - INTERNAL EVENT: Code 6
EVENT[T: 1457886286][LC: 765] - INTERNAL EVENT: Code 4
EVENT[T: 1457886286][LC: 766] - INTERNAL EVENT: Code 7
EVENT[T: 1457886286][LC: 767] - RECIEVE: Proc 0. Queue size is 0
EVENT[T: 1457886286][LC: 768] - INTERNAL EVENT: Code 8
EVENT[T: 1457886286][LC: 769] - INTERNAL EVENT: Code 10
EVENT[T: 1457886286][LC: 770] - SEND: Proc 0 to proc 1
EVENT[T: 1457886286][LC: 771] - INTERNAL EVENT: Code 7
EVENT[T: 1457886286][LC: 772] - SEND: Proc 0 to proc 1
EVENT[T: 1457886286][LC: 773] - INTERNAL EVENT: Code 8
EVENT[T: 1457886286][LC: 774] - SEND: Proc 0 to procs 1 and 2
EVENT[T: 1457886286][LC: 775] - INTERNAL EVENT: Code 7
EVENT[T: 1457886286][LC: 776] - INTERNAL EVENT: Code 5
EVENT[T: 1457886286][LC: 777] - SEND: Proc 0 to proc 2
EVENT[T: 1457886286][LC: 778] - INTERNAL EVENT: Code 8
EVENT[T: 1457886286][LC: 779] - SEND: Proc 0 to proc 2
EVENT[T: 1457886286][LC: 780] - INTERNAL EVENT: Code 5
EVENT[T: 1457886286][LC: 781] - INTERNAL EVENT: Code 7
EVENT[T: 1457886286][LC: 782] - INTERNAL EVENT: Code 7
EVENT[T: 1457886286][LC: 783] - INTERNAL EVENT: Code 5
EVENT[T: 1457886286][LC: 784] - INTERNAL EVENT: Code 9
EVENT[T: 1457886286][LC: 785] - RECIEVE: Proc 0. Queue size is 0
EVENT[T: 1457886287][LC: 786] - SEND: Proc 0 to proc 2
EVENT[T: 1457886287][LC: 787] - INTERNAL EVENT: Code 10
EVENT[T: 1457886287][LC: 788] - INTERNAL EVENT: Code 4
EVENT[T: 1457886287][LC: 789] - INTERNAL EVENT: Code 10
EVENT[T: 1457886287][LC: 790] - RECIEVE: Proc 0. Queue size is 0
EVENT[T: 1457886287][LC: 791] - INTERNAL EVENT: Code 6
EVENT[T: 1457886287][LC: 792] - SEND: Proc 0 to proc 1
EVENT[T: 1457886287][LC: 793] - INTERNAL EVENT: Code 4
EVENT[T: 1457886287][LC: 794] - INTERNAL EVENT: Code 9
EVENT[T: 1457886287][LC: 795] - INTERNAL EVENT: Code 6
EVENT[T: 1457886287][LC: 796] - SEND: Proc 0 to proc 2
EVENT[T: 1457886287][LC: 797] - INTERNAL EVENT: Code 7
EVENT[T: 1457886287][LC: 798] - INTERNAL EVENT: Code 8
EVENT[T: 1457886287][LC: 799] - SEND: Proc 0 to proc 2
EVENT[T: 1457886287][LC: 800] - SEND: Proc 0 to procs 1 and 2
EVENT[T: 1457886287][LC: 801] - INTERNAL EVENT: Code 7
EVENT[T: 1457886287][LC: 802] - SEND: Proc 0 to proc 1
EVENT[T: 1457886287][LC: 803] - INTERNAL EVENT: Code 4
EVENT[T: 1457886287][LC: 804] - INTERNAL EVENT: Code 9
EVENT[T: 1457886287][LC: 805] - INTERNAL EVENT: Code 6
EVENT[T: 1457886288][LC: 806] - RECIEVE: Proc 0. Queue size is 0
EVENT[T: 1457886288][LC: 807] - INTERNAL EVENT: Code 10
EVENT[T: 1457886288][LC: 808] - SEND: Proc 0 to proc 1
EVENT[T: 1457886288][LC: 809] - SEND: Proc 0 to proc 1
EVENT[T: 1457886288][LC: 810] - INTERNAL EVENT: Code 10
EVENT[T: 1457886288][LC: 811] - INTERNAL EVENT: Code 6
EVENT[T: 1457886288][LC: 812] - INTERNAL EVENT: Code 9
EVENT[T: 1457886288][LC: 813] - INTERNAL EVENT: Code 4
EVENT[T: 1457886288][LC: 814] - INTERNAL EVENT: Code 4
EVENT[T: 1457886288][LC: 815] - SEND: Proc 0 to proc 1
EVENT[T: 1457886288][LC: 816] - RECIEVE: Proc 0. Queue size is 0
EVENT[T: 1457886288][LC: 817] - SEND: Proc 0 to proc 1
EVENT[T: 1457886288][LC: 818] - INTERNAL EVENT: Code 6
EVENT[T: 1457886288][LC: 819] - INTERNAL EVENT: Code 7
EVENT[T: 1457886288][LC: 820] - SEND: Proc 0 to proc 2
EVENT[T: 1457886288][LC: 821] - SEND: Proc 0 to proc 1
EVENT[T: 1457886288][LC: 822] - INTERNAL EVENT: Code 8
EVENT[T: 1457886288][LC: 823] - SEND: Proc 0 to procs 1 and 2
EVENT[T: 1457886288][LC: 824] - SEND: Proc 0 to proc 1
EVENT[T: 1457886288][LC: 825] - INTERNAL EVENT: Code 10
EVENT[T: 1457886288][LC: 826] - SEND: Proc 0 to procs 1 and 2
EVENT[T: 1457886289][LC: 827] - INTERNAL EVENT: Code 9
EVENT[T: 1457886289][LC: 828] - SEND: Proc 0 to proc 2
EVENT[T: 1457886289][LC: 829] - INTERNAL EVENT: Code 5
EVENT[T: 1457886289][LC: 830] - INTERNAL EVENT: Code 6
EVENT[T: 1457886289][LC: 831] - INTERNAL EVENT: Code 5
EVENT[T: 1457886289][LC: 832] - INTERNAL EVENT: Code 8
EVENT[T: 1457886289][LC: 833] - INTERNAL EVENT: Code 10
EVENT[T: 1457886289][LC: 834] - INTERNAL EVENT: Code 6
EVENT[T: 1457886289][LC: 835] - INTERNAL EVENT: Code 4
EVENT[T: 1457886289][LC: 836] - SEND: Proc 0 to procs 1 and 2
EVENT[T: 1457886289][LC: 837] - SEND: Proc 0 to proc 1
EVENT[T: 1457886289][LC: 838] - SEND: Proc 0 to procs 1 and 2
EVENT[T: 1457886289][LC: 839] - INTERNAL EVENT: Code 4
EVENT[T: 1457886289][LC: 840] - SEND: Proc 0 to proc 1
EVENT[T: 1457886289][LC: 841] - INTERNAL EVENT: Code 9
EVENT[T: 1457886289][LC: 842] - SEND: Proc 0 to proc 2
EVENT[T: 1457886289][LC: 843] - INTERNAL EVENT: Code 10
EVENT[T: 1457886289][LC: 844] - INTERNAL EVENT: Code 9
EVENT[T: 1457886289][LC: 845] - INTERNAL EVENT: Code 4
EVENT[T: 1457886289][LC: 846] - INTERNAL EVENT: Code 6
EVENT[T: 1457886289][LC: 847] - SEND: Proc 0 to procs 1 and 2
EVENT[T: 1457886290][LC: 848] - INTERNAL EVENT: Code 6
EVENT[T: 1457886290][LC: 849] - INTERNAL EVENT: Code 5
EVENT[T: 1457886290][LC: 850] - RECIEVE: Proc 0. Queue size is 0
EVENT[T: 1457886290][LC: 851] - INTERNAL EVENT: Code 9
EVENT[T: 1457886290][LC: 852] - INTERNAL EVENT: Code 7
EVENT[T: 1457886290][LC: 853] - RECIEVE: Proc 0. Queue size is 0
EVENT[T: 1457886290][LC: 854] - INTERNAL EVENT: Code 9
EVENT[T: 1457886290][LC: 855] - INTERNAL EVENT: Code 4
EVENT[T: 1457886290][LC: 856] - SEND: Proc 0 to proc 2
EVENT[T: 1457886290][LC: 857] - INTERNAL EVENT: Code 4
EVENT[T: 1457886290][LC: 858] - INTERNAL EVENT: Code 4
EVENT[T: 1457886290][LC: 859] - INTERNAL EVENT: Code 4
EVENT[T: 1457886290][LC: 860] - INTERNAL EVENT: Code 8
EVENT[T: 1457886290][LC: 861] - INTERNAL EVENT: Code 9
EVENT[T: 1457886290][LC: 862] - INTERNAL EVENT: Code 7
EVENT[T: 1457886290][LC: 863] - INTERNAL EVENT: Code 9
EVENT[T: 1457886290][LC: 864] - SEND: Proc 0 to procs 1 and 2
EVENT[T: 1457886290][LC: 865] - INTERNAL EVENT: Code 8
EVENT[T: 1457886290][LC: 866] - INTERNAL EVENT: Code 10
EVENT[T: 1457886290][LC: 867] - SEND: Proc 0 to procs 1 and 2
EVENT[T: 1457886290][LC: 868] - INTERNAL EVENT: Code 7
EVENT[T: 1457886291][LC: 869] - INTERNAL EVENT: Code 7
EVENT[T: 1457886291][LC: 870] - INTERNAL EVENT: Code 9
EVENT[T: 1457886291][LC: 871] - INTERNAL EVENT: Code 6
EVENT[T: 1457886291][LC: 872] - INTERNAL EVENT: Code 9
EVENT[T: 1457886291][LC: 873] - SEND: Proc 0 to proc 1
EVENT[T: 1457886291][LC: 874] - SEND: Proc 0 to procs 1 and 2
EVENT[T: 1457886291][LC: 875] - INTERNAL EVENT: Code 8
EVENT[T: 1457886291][LC: 876] - SEND: Proc 0 to proc 2
EVENT[T: 1457886291][LC: 877] - INTERNAL EVENT: Code 7
EVENT[T: 1457886291][LC: 878] - SEND: Proc 0 to proc 1
EVENT[T: 1457886291][LC: 879] - INTERNAL EVENT: Code 5
EVENT[T: 1457886291][LC: 880] - INTERNAL EVENT: Code 6
EVENT[T: 1457886291][LC: 881] - INTERNAL EVENT: Code 9
EVENT[T: 1457886291][LC: 882] - RECIEVE: Proc 0. Queue size is 0
EVENT[T: 1457886291][LC: 883] - INTERNAL EVENT: Code 6
EVENT[T: 1457886291][LC: 884] - INTERNAL EVENT: Code 6
EVENT[T: 1457886291][LC: 885] - SEND: Proc 0 to proc 1
EVENT[T: 1457886291][LC: 886] - INTERNAL EVENT: Code 7
EVENT[T: 1457886291][LC: 887] - RECIEVE: Proc 0. Queue size is 0
EVENT[T: 1457886291][LC: 888] - INTERNAL EVENT: Code 4
EVENT[T: 1457886292][LC: 889] - INTERNAL EVENT: Code 8
EVENT[T: 1457886292][LC: 890] - INTERNAL EVENT: Code 8
EVENT[T: 1457886292][LC: 891] - INTERNAL EVENT: Code 4
EVENT[T: 1457886292][LC: 892] - INTERNAL EVENT: Code 8
EVENT[T: 1457886292][LC: 893] - SEND: Proc 0 to proc 1
EVENT[T: 1457886292][LC: 894] - INTERNAL EVENT: Code 4
EVENT[T: 1457886292][LC: 895] - INTERNAL EVENT: Code 9
EVENT[T: 1457886292][LC: 896] - INTERNAL EVENT: Code 4
EVENT[T: 1457886292][LC: 897] - INTERNAL EVENT: Code 7
EVENT[T: 1457886292][LC: 898] - INTERNAL EVENT: Code 10
EVENT[T: 1457886292][LC: 899] - INTERNAL EVENT: Code 7
EVENT[T: 1457886292][LC: 900] - INTERNAL EVENT: Code 4
EVENT[T: 1457886292][LC: 901] - INTERNAL EVENT: Code 4
EVENT[T: 1457886292][LC: 902] - INTERNAL EVENT: Code 9
EVENT[T: 1457886292][LC: 903] - INTERNAL EVENT: Code 10
EVENT[T: 1457886292][LC: 904] - INTERNAL EVENT: Code 4
EVENT[T: 1457886292][LC: 905] - RECIEVE: Proc 0. Queue size is 0
EVENT[T: 1457886292][LC: 906] - INTERNAL EVENT: Code 9
EVENT[T: 1457886292][LC: 907] - SEND: Proc 0 to proc 1
EVENT[T: 1457886292][LC: 908] - INTERNAL EVENT: Code 7
EVENT[T: 1457886292][LC: 909] - INTERNAL EVENT: Code 9
EVENT[T: 1457886293][LC: 910] - SEND: Proc 0 to procs 1 and 2
EVENT[T: 1457886293][LC: 911] - INTERNAL EVENT: Code 10
EVENT[T: 1457886293][LC: 912] - INTERNAL EVENT: Code 10
EVENT[T: 1457886293][LC: 913] - INTERNAL EVENT: Code 9
EVENT[T: 1457886293][LC: 914] - SEND: Proc 0 to proc 2
EVENT[T: 1457886293][LC: 915] - INTERNAL EVENT: Code 4
EVENT[T: 1457886293][LC: 916] - INTERNAL EVENT: Code 4
EVENT[T: 1457886293][LC: 917] - INTERNAL EVENT: Code 4
EVENT[T: 1457886293][LC: 918] - SEND: Proc 0 to procs 1 and 2
EVENT[T: 1457886293][LC: 919] - INTERNAL EVENT: Code 8
EVENT[T: 1457886293][LC: 920] - SEND: Proc 0 to proc 2
EVENT[T: 1457886293][LC: 921] - SEND: Proc 0 to proc 1
EVENT[T: 1457886293][LC: 922] - INTERNAL EVENT: Code 6
EVENT[T: 1457886293][LC: 923] - INTERNAL EVENT: Code 8
EVENT[T: 1457886293][LC: 924] - INTERNAL EVENT: Code 4
EVENT[T: 1457886293][LC: 925] - INTERNAL EVENT: Code 4
EVENT[T: 1457886293][LC: 926] - SEND: Proc 0 to procs 1 and 2
EVENT[T: 1457886293][LC: 927] - INTERNAL EVENT: Code 6
EVENT[T: 1457886293][LC: 928] - INTERNAL EVENT: Code 6
EVENT[T: 1457886293][LC: 929] - INTERNAL EVENT: Code 10
EVENT[T: 1457886293][LC: 930] - SEND: Proc 0 to proc 1
EVENT[T: 1457886294][LC: 931] - RECIEVE: Proc 0. Queue size is 0
EVENT[T: 1457886294][LC: 932] - INTERNAL EVENT: Code 8
EVENT[T: 1457886294][LC: 933] - INTERNAL EVENT: Code 6
EVENT[T: 1457886294][LC: 934] - SEND: Proc 0 to proc 2
EVENT[T: 1457886294][LC: 935] - INTERNAL EVENT: Code 9
EVENT[T: 1457886294][LC: 936] - SEND: Proc 0 to proc 2
EVENT[T: 1457886294][LC: 937] - INTERNAL EVENT: Code 6
EVENT[T: 1457886294][LC: 938] - INTERNAL EVENT: Code 9
EVENT[T: 1457886294][LC: 939] - INTERNAL EVENT: Code 7
EVENT[T: 1457886294][LC: 940] - SEND: Proc 0 to proc 2
EVENT[T: 1457886294][LC: 941] - INTERNAL EVENT: Code 6
EVENT[T: 1457886294][LC: 942] - INTERNAL EVENT: Code 6
EVENT[T: 1457886294][LC: 943] - INTERNAL EVENT: Code 8
EVENT[T: 1457886294][LC: 944] - RECIEVE: Proc 0. Queue size is 0
EVENT[T: 1457886294][LC: 945] - SEND: Proc 0 to proc 1
EVENT[T: 1457886294][LC: 946] - INTERNAL EVENT: Code 7
EVENT[T: 1457886294][LC: 947] - SEND: Proc 0 to procs 1 and 2
EVENT[T: 1457886294][LC: 948] - INTERNAL EVENT: Code 9
EVENT[T: 1457886294][LC: 949] - INTERNAL EVENT: Code 4
EVENT[T: 1457886294][LC: 950] - INTERNAL EVENT: Code 9
EVENT[T: 1457886294][LC: 951] - INTERNAL EVENT: Code 4
EVENT[T: 1457886295][LC: 952] - INTERNAL EVENT: Code 6
EVENT[T: 1457886295][LC: 953] - INTERNAL EVENT: Code 4
EVENT[T: 1457886295][LC: 954] - INTERNAL EVENT: Code 7
EVENT[T: 1457886295][LC: 955] - INTERNAL EVENT: Code 8
EVENT[T: 1457886295][LC: 956] - SEND: Proc 0 to proc 1
EVENT[T: 1457886295][LC: 957] - INTERNAL EVENT: Code 10
EVENT[T: 1457886295][LC: 958] - SEND: Proc 0 to proc 2
EVENT[T: 1457886295][LC: 959] - INTERNAL EVENT: Code 9
EVENT[T: 1457886295][LC: 960] - INTERNAL EVENT: Code 4
EVENT[T: 1457886295][LC: 961] - INTERNAL EVENT: Code 4
EVENT[T: 1457886295][LC: 962] - SEND: Proc 0 to procs 1 and 2
EVENT[T: 1457886295][LC: 963] - SEND: Proc 0 to proc 2
EVENT[T: 1457886295][LC: 964] - SEND: Proc 0 to procs 1 and 2
EVENT[T: 1457886295][LC: 965] - INTERNAL EVENT: Code 5
EVENT[T: 1457886295][LC: 966] - SEND: Proc 0 to proc 1
EVENT[T: 1457886295][LC: 967] - INTERNAL EVENT: Code 4
EVENT[T: 1457886295][LC: 968] - INTERNAL EVENT: Code 8
EVENT[T: 1457886295][LC: 969] - INTERNAL EVENT: Code 5
EVENT[T: 1457886295][LC: 970] - SEND: Proc 0 to proc 1
EVENT[T: 1457886295][LC: 971] - INTERNAL EVENT: Code 4
EVENT[T: 1457886295][LC: 972] - INTERNAL EVENT: Code 8
EVENT[T: 1457886296][LC: 973] - RECIEVE: Proc 0. Queue size is 0
EVENT[T: 1457886296][LC: 974] - SEND: Proc 0 to proc 2
EVENT[T: 1457886296][LC: 975] - INTERNAL EVENT: Code 5
EVENT[T: 1457886296][LC: 976] - INTERNAL EVENT: Code 9
EVENT[T: 1457886296][LC: 977] - INTERNAL EVENT: Code 7
EVENT[T: 1457886296][LC: 978] - SEND: Proc 0 to proc 1
EVENT[T: 1457886296][LC: 979] - INTERNAL EVENT: Code 4
EVENT[T: 1457886296][LC: 980] - INTERNAL EVENT: Code 8
EVENT[T: 1457886296][LC: 981] - INTERNAL EVENT: Code 5
EVENT[T: 1457886296][LC: 982] - SEND: Proc 0 to procs 1 and 2
EVENT[T: 1457886296][LC: 983] - INTERNAL EVENT: Code 9
EVENT[T: 1457886296][LC: 984] - INTERNAL EVENT: Code 5
EVENT[T: 1457886296][LC: 985] - SEND: Proc 0 to proc 2
EVENT[T: 1457886296][LC: 986] - INTERNAL EVENT: Code 10
EVENT[T: 1457886296][LC: 987] - SEND: Proc 0 to proc 1
EVENT[T: 1457886296][LC: 988] - SEND: Proc 0 to proc 2
EVENT[T: 1457886296][LC: 989] - SEND: Proc 0 to procs 1 and 2
EVENT[T: 1457886296][LC: 990] - INTERNAL EVENT: Code 10
EVENT[T: 1457886296][LC: 991] - INTERNAL EVENT: Code 8
EVENT[T: 1457886296][LC: 992] - SEND: Proc 0 to proc 2
EVENT[T: 1457886297][LC: 993] - INTERNAL EVENT: Code 7
EVENT[T: 1457886297][LC: 994] - INTERNAL EVENT: Code 10
EVENT[T: 1457886297][LC: 995] - SEND: Proc 0 to proc 1
EVENT[T: 1457886297][LC: 996] - SEND: Proc 0 to proc 1
EVENT[T: 1457886297][LC: 997] - SEND: Proc 0 to proc 1
EVENT[T: 1457886297][LC: 998] - INTERNAL EVENT: Code 4
EVENT[T: 1457886297][LC: 999] - INTERNAL EVENT: Code 10
EVENT[T: 1457886297][LC: 1000] - INTERNAL EVENT: Code 5
EVENT[T: 1457886297][LC: 1001] - INTERNAL EVENT: Code 6
EVENT[T: 1457886297][LC: 1002] - RECIEVE: Proc 0. Queue size is 0
EVENT[T: 1457886297][LC: 1003] - SEND: Proc 0 to procs 1 and 2
EVENT[T: 1457886297][LC: 1004] - INTERNAL EVENT: Code 7
EVENT[T: 1457886297][LC: 1005] - INTERNAL EVENT: Code 5
EVENT[T: 1457886297][LC: 1006] - INTERNAL EVENT: Code 8
EVENT[T: 1457886297][LC: 1007] - INTERNAL EVENT: Code 4
EVENT[T: 1457886297][LC: 1008] - INTERNAL EVENT: Code 5
EVENT[T: 1457886297][LC: 1009] - SEND: Proc 0 to procs 1 and 2
EVENT[T: 1457886297][LC: 1010] - SEND: Proc 0 to proc 2
EVENT[T: 1457886297][LC: 1011] - INTERNAL EVENT: Code 6
EVENT[T: 1457886297][LC: 1012] - SEND: Proc 0 to proc 1
EVENT[T: 1457886297][LC: 1013] - INTERNAL EVENT: Code 9
EVENT[T: 1457886298][LC: 1014] - INTERNAL EVENT: Code 6
EVENT[T: 1457886298][LC: 1015] - SEND: Proc 0 to procs 1 and 2
EVENT[T: 1457886298][LC: 1016] - SEND: Proc 0 to proc 1
EVENT[T: 1457886298][LC: 1017] - INTERNAL EVENT: Code 6
EVENT[T: 1457886298][LC: 1018] - SEND: Proc 0 to proc 2
EVENT[T: 1457886298][LC: 1019] - SEND: Proc 0 to proc 1
EVENT[T: 1457886298][LC: 1020] - INTERNAL EVENT: Code 5
EVENT[T: 1457886298][LC: 1021] - SEND: Proc 0 to proc 2
EVENT[T: 1457886298][LC: 1022] - INTERNAL EVENT: Code 5
EVENT[T: 1457886298][LC: 1023] - SEND: Proc 0 to proc 1
EVENT[T: 1457886298][LC: 1024] - INTERNAL EVENT: Code 8
EVENT[T: 1457886298][LC: 1025] - INTERNAL EVENT: Code 6
EVENT[T: 1457886298][LC: 1026] - INTERNAL EVENT: Code 9
EVENT[T: 1457886298][LC: 1027] - INTERNAL EVENT: Code 8
EVENT[T: 1457886298][LC: 1028] - RECIEVE: Proc 0. Queue size is 0
EVENT[T: 1457886298][LC: 1029] - INTERNAL EVENT: Code 8
EVENT[T: 1457886298][LC: 1030] - INTERNAL EVENT: Code 8
EVENT[T: 1457886298][LC: 1031] - SEND: Proc 0 to proc 1
EVENT[T: 1457886298][LC: 1032] - INTERNAL EVENT: Code 8
EVENT[T: 1457886298][LC: 1033] - SEND: Proc 0 to proc 2
EVENT[T: 1457886298][LC: 1034] - INTERNAL EVENT: Code 5
EVENT[T: 1457886299][LC: 1035] - INTERNAL EVENT: Code 10
EVENT[T: 1457886299][LC: 1036] - INTERNAL EVENT: Code 6
EVENT[T: 1457886299][LC: 1037] - INTERNAL EVENT: Code 6
EVENT[T: 1457886299][LC: 1038] - INTERNAL EVENT: Code 10
EVENT[T: 1457886299][LC: 1039] - SEND: Proc 0 to procs 1 and 2
EVENT[T: 1457886299][LC: 1040] - INTERNAL EVENT: Code 4
EVENT[T: 1457886299][LC: 1041] - INTERNAL EVENT: Code 5
EVENT[T: 1457886299][LC: 1042] - INTERNAL EVENT: Code 7
EVENT[T: 1457886299][LC: 1043] - INTERNAL EVENT: Code 4
EVENT[T: 1457886299][LC: 1044] - INTERNAL EVENT: Code 7
EVENT[T: 1457886299][LC: 1045] - INTERNAL EVENT: Code 5
EVENT[T: 1457886299][LC: 1046] - SEND: Proc 0 to procs 1 and 2
EVENT[T: 1457886299][LC: 1047] - INTERNAL EVENT: Code 5
EVENT[T: 1457886299][LC: 1048] - INTERNAL EVENT: Code 5
EVENT[T: 1457886299][LC: 1049] - INTERNAL EVENT: Code 8
EVENT[T: 1457886299][LC: 1050] - INTERNAL EVENT: Code 10
EVENT[T: 1457886299][LC: 1051] - INTERNAL EVENT: Code 6
EVENT[T: 1457886299][LC: 1052] - INTERNAL EVENT: Code 9
EVENT[T: 1457886299][LC: 1053] - INTERNAL EVENT: Code 5
EVENT[T: 1457886299][LC: 1054] - INTERNAL EVENT: Code 9
EVENT[T: 1457886299][LC: 1055] - INTERNAL EVENT: Code 7
EVENT[T: 1457886300][LC: 1056] - SEND: Proc 0 to proc 1
EVENT[T: 1457886300][LC: 1057] - SEND: Proc 0 to procs 1 and 2
EVENT[T: 1457886300][LC: 1058] - INTERNAL EVENT: Code 9
EVENT[T: 1457886300][LC: 1059] - INTERNAL EVENT: Code 10
EVENT[T: 1457886300][LC: 1060] - INTERNAL EVENT: Code 6
EVENT[T: 1457886300][LC: 1061] - SEND: Proc 0 to proc 1
EVENT[T: 1457886300][LC: 1062] - INTERNAL EVENT: Code 7
EVENT[T: 1457886300][LC: 1063] - INTERNAL EVENT: Code 7
EVENT[T: 1457886300][LC: 1064] - INTERNAL EVENT: Code 4
EVENT[T: 1457886300][LC: 1065] - INTERNAL EVENT: Code 8
EVENT[T: 1457886300][LC: 1066] - INTERNAL EVENT: Code 6
EVENT[T: 1457886300][LC: 1067] - RECIEVE: Proc 0. Queue size is 0
EVENT[T: 1457886300][LC: 1068] - INTERNAL EVENT: Code 9
EVENT[T: 1457886300][LC: 1069] - INTERNAL EVENT: Code 10
EVENT[T: 1457886300][LC: 1070] - SEND: Proc 0 to proc 2
EVENT[T: 1457886300][LC: 1071] - INTERNAL EVENT: Code 9
EVENT[T: 1457886300][LC: 1072] - SEND: Proc 0 to proc 1
EVENT[T: 1457886300][LC: 1073] - INTERNAL EVENT: Code 7
EVENT[T: 1457886300][LC: 1074] - INTERNAL EVENT: Code 8
EVENT[T: 1457886300][LC: 1075] - INTERNAL EVENT: Code 4
EVENT[T: 1457886300][LC: 1076] - INTERNAL EVENT: Code 6
EVENT[T: 1457886301][LC: 1077] - INTERNAL EVENT: Code 5
EVENT[T: 1457886301][LC: 1078] - INTERNAL EVENT: Code 4
EVENT[T: 1457886301][LC: 1079] - SEND: Proc 0 to proc 2
EVENT[T: 1457886301][LC: 1080] - INTERNAL EVENT: Code 7
EVENT[T: 1457886301][LC: 1081] - INTERNAL EVENT: Code 9
EVENT[T: 1457886301][LC: 1082] - INTERNAL EVENT: Code 8
EVENT[T: 1457886301][LC: 1083] - INTERNAL EVENT: Code 5
EVENT[T: 1457886301][LC: 1084] - INTERNAL EVENT: Code 9
EVENT[T: 1457886301][LC: 1085] - INTERNAL EVENT: Code 10
EVENT[T: 1457886301][LC: 1086] - SEND: Proc 0 to proc 2
EVENT[T: 1457886301][LC: 1087] - INTERNAL EVENT: Code 8
EVENT[T: 1457886301][LC: 1088] - INTERNAL EVENT: Code 9
EVENT[T: 1457886301][LC: 1089] - INTERNAL EVENT: Code 10
EVENT[T: 1457886301][LC: 1090] - INTERNAL EVENT: Code 10
EVENT[T: 1457886301][LC: 1091] - SEND: Proc 0 to proc 1
EVENT[T: 1457886301][LC: 1092] - INTERNAL EVENT: Code 6
EVENT[T: 1457886301][LC: 1093] - INTERNAL EVENT: Code 6
EVENT[T: 1457886301][LC: 1094] - INTERNAL EVENT: Code 4
EVENT[T: 1457886301][LC: 1095] - INTERNAL EVENT: Code 10
EVENT[T: 1457886301][LC: 1096] - SEND: Proc 0 to proc 1
EVENT[T: 1457886302][LC: 1097] - INTERNAL EVENT: Code 8
EVENT[T: 1457886302][LC: 1098] - INTERNAL EVENT: Code 8
EVENT[T: 1457886302][LC: 1099] - SEND: Proc 0 to proc 2
EVENT[T: 1457886302][LC: 1100] - INTERNAL EVENT: Code 10
EVENT[T: 1457886302][LC: 1101] - INTERNAL EVENT: Code 4
EVENT[T: 1457886302][LC: 1102] - SEND: Proc 0 to procs 1 and 2
EVENT[T: 1457886302][LC: 1103] - SEND: Proc 0 to proc 2
EVENT[T: 1457886302][LC: 1104] - INTERNAL EVENT: Code 6
EVENT[T: 1457886302][LC: 1105] - INTERNAL EVENT: Code 5
EVENT[T: 1457886302][LC: 1106] - INTERNAL EVENT: Code 7
EVENT[T: 1457886302][LC: 1107] - INTERNAL EVENT: Code 10
EVENT[T: 1457886302][LC: 1108] - SEND: Proc 0 to proc 2
EVENT[T: 1457886302][LC: 1109] - INTERNAL EVENT: Code 7
EVENT[T: 1457886302][LC: 1110] - INTERNAL EVENT: Code 10
EVENT[T: 1457886302][LC: 1111] - INTERNAL EVENT: Code 9
EVENT[T: 1457886302][LC: 1112] - INTERNAL EVENT: Code 9
EVENT[T: 1457886302][LC: 1113] - SEND: Proc 0 to procs 1 and 2
EVENT[T: 1457886302][LC: 1114] - SEND: Proc 0 to proc 1
EVENT[T: 1457886302][LC: 1115] - INTERNAL EVENT: Code 9
EVENT[T: 1457886302][LC: 1116] - INTERNAL EVENT: Code 6
EVENT[T: 1457886302][LC: 1117] - RECIEVE: Proc 0. Queue size is 0
EVENT[T: 1457886303][LC: 1118] - SEND: Proc 0 to proc 2
EVENT[T: 1457886303][LC: 1119] - INTERNAL EVENT: Code 5
EVENT[T: 1457886303][LC: 1120] - INTERNAL EVENT: Code 10
EVENT[T: 1457886303][LC: 1121] - INTERNAL EVENT: Code 9
EVENT[T: 1457886303][LC: 1122] - SEND: Proc 0 to proc 2
EVENT[T: 1457886303][LC: 1123] - INTERNAL EVENT: Code 10
EVENT[T: 1457886303][LC: 1124] - SEND: Proc 0 to proc 1
EVENT[T: 1457886303][LC: 1125] - INTERNAL EVENT: Code 8
EVENT[T: 1457886303][LC: 1126] - INTERNAL EVENT: Code 5
EVENT[T: 1457886303][LC: 1127] - RECIEVE: Proc 0. Queue size is 0
EVENT[T: 1457886303][LC: 1128] - INTERNAL EVENT: Code 9
EVENT[T: 1457886303][LC: 1129] - INTERNAL EVENT: Code 6
EVENT[T: 1457886303][LC: 1130] - SEND: Proc 0 to procs 1 and 2
EVENT[T: 1457886303][LC: 1131] - SEND: Proc 0 to procs 1 and 2
EVENT[T: 1457886303][LC: 1132] - SEND: Proc 0 to proc 1
EVENT[T: 1457886303][LC: 1133] - INTERNAL EVENT: Code 9
EVENT[T: 1457886303][LC: 1134] - SEND: Proc 0 to procs 1 and 2
EVENT[T: 1457886303][LC: 1135] - INTERNAL EVENT: Code 6
EVENT[T: 1457886303][LC: 1136] - INTERNAL EVENT: Code 9
EVENT[T: 1457886303][LC: 1137] - INTERNAL EVENT: Code 9
EVENT[T: 1457886303][LC: 1138] - INTERNAL EVENT: Code 10
EVENT[T: 1457886304][LC: 1139] - INTERNAL EVENT: Code 6
EVENT[T: 1457886304][LC: 1140] - SEND: Proc 0 to proc 2
EVENT[T: 1457886304][LC: 1141] - INTERNAL EVENT: Code 5
EVENT[T: 1457886304][LC: 1142] - INTERNAL EVENT: Code 7
EVENT[T: 1457886304][LC: 1143] - INTERNAL EVENT: Code 6
EVENT[T: 1457886304][LC: 1144] - INTERNAL EVENT: Code 6
EVENT[T: 1457886304][LC: 1145] - SEND: Proc 0 to proc 1
EVENT[T: 1457886304][LC: 1146] - INTERNAL EVENT: Code 7
EVENT[T: 1457886304][LC: 1147] - SEND: Proc 0 to procs 1 and 2
EVENT[T: 1457886304][LC: 1148] - INTERNAL EVENT: Code 5
EVENT[T: 1457886304][LC: 1149] - SEND: Proc 0 to procs 1 and 2
EVENT[T: 1457886304][LC: 1150] - SEND: Proc 0 to proc 2
EVENT[T: 1457886304][LC: 1151] - INTERNAL EVENT: Code 5
EVENT[T: 1457886304][LC: 1152] - INTERNAL EVENT: Code 5
EVENT[T: 1457886304][LC: 1153] - INTERNAL EVENT: Code 7
EVENT[T: 1457886304][LC: 1154] - INTERNAL EVENT: Code 4
EVENT[T: 1457886304][LC: 1155] - INTERNAL EVENT: Code 6
EVENT[T: 1457886304][LC: 1156] - RECIEVE: Proc 0. Queue size is 0
EVENT[T: 1457886304][LC: 1157] - INTERNAL EVENT: Code 10
EVENT[T: 1457886304][LC: 1158] - INTERNAL EVENT: Code 9
EVENT[T: 1457886304][LC: 1159] - INTERNAL EVENT: Code 6
EVENT[T: 1457886305][LC: 1160] - SEND: Proc 0 to proc 1
EVENT[T: 1457886305][LC: 1161] - SEND: Proc 0 to proc 2
EVENT[T: 1457886305][LC: 1162] - INTERNAL EVENT: Code 7
EVENT[T: 1457886305][LC: 1163] - INTERNAL EVENT: Code 9
EVENT[T: 1457886305][LC: 1164] - INTERNAL EVENT: Code 7
EVENT[T: 1457886305][LC: 1165] - INTERNAL EVENT: Code 4
EVENT[T: 1457886305][LC: 1166] - INTERNAL EVENT: Code 8
EVENT[T: 1457886305][LC: 1167] - INTERNAL EVENT: Code 9
EVENT[T: 1457886305][LC: 1168] - INTERNAL EVENT: Code 7
EVENT[T: 1457886305][LC: 1169] - INTERNAL EVENT: Code 6
EVENT[T: 1457886305][LC: 1170] - INTERNAL EVENT: Code 10
EVENT[T: 1457886305][LC: 1171] - INTERNAL EVENT: Code 5
EVENT[T: 1457886305][LC: 1172] - SEND: Proc 0 to proc 2
EVENT[T: 1457886305][LC: 1173] - INTERNAL EVENT: Code 5
EVENT[T: 1457886305][LC: 1174] - INTERNAL EVENT: Code 5
EVENT[T: 1457886305][LC: 1175] - SEND: Proc 0 to proc 2
EVENT[T: 1457886305][LC: 1176] - INTERNAL EVENT: Code 7
EVENT[T: 1457886305][LC: 1177] - SEND: Proc 0 to procs 1 and 2
EVENT[T: 1457886305][LC: 1178] - SEND: Proc 0 to procs 1 and 2
EVENT[T: 1457886305][LC: 1179] - INTERNAL EVENT: Code 8
EVENT[T: 1457886305][LC: 1180] - SEND: Proc 0 to procs 1 and 2
EVENT[T: 1457886306][LC: 1181] - INTERNAL EVENT: Code 5
EVENT[T: 1457886306][LC: 1182] - INTERNAL EVENT: Code 7
EVENT[T: 1457886306][LC: 1183] - INTERNAL EVENT: Code 8
EVENT[T: 1457886306][LC: 1184] - SEND: Proc 0 to proc 2
EVENT[T: 1457886306][LC: 1185] - SEND: Proc 0 to proc 1
EVENT[T: 1457886306][LC: 1186] - INTERNAL EVENT: Code 9
EVENT[T: 1457886306][LC: 1187] - SEND: Proc 0 to proc 2
EVENT[T: 1457886306][LC: 1188] - SEND: Proc 0 to procs 1 and 2
EVENT[T: 1457886306][LC: 1189] - INTERNAL EVENT: Code 9
EVENT[T: 1457886306][LC: 1190] - INTERNAL EVENT: Code 7
EVENT[T: 1457886306][LC: 1191] - INTERNAL EVENT: Code 8
EVENT[T: 1457886306][LC: 1192] - SEND: Proc 0 to proc 2
EVENT[T: 1457886306][LC: 1193] - INTERNAL EVENT: Code 7
EVENT[T: 1457886306][LC: 1194] - SEND: Proc 0 to procs 1 and 2
EVENT[T: 1457886306][LC: 1195] - SEND: Proc 0 to procs 1 and 2
EVENT[T: 1457886306][LC: 1196] - SEND: Proc 0 to proc 2
EVENT[T: 1457886306][LC: 1197] - INTERNAL EVENT: Code 5
EVENT[T: 1457886306][LC: 1198] - INTERNAL EVENT: Code 5
EVENT[T: 1457886306][LC: 1199] - SEND: Proc 0 to proc 1
EVENT[T: 1457886306][LC: 1200] - SEND: Proc 0 to proc 1
EVENT[T: 1457886307][LC: 1201] - INTERNAL EVENT: Code 9
EVENT[T: 1457886307][LC: 1202] - INTERNAL EVENT: Code 9
EVENT[T: 1457886307][LC: 1203] - INTERNAL EVENT: Code 6
EVENT[T: 1457886307][LC: 1204] - INTERNAL EVENT: Code 10
EVENT[T: 1457886307][LC: 1205] - INTERNAL EVENT: Code 6
EVENT[T: 1457886307][LC: 1206] - INTERNAL EVENT: Code 4
EVENT[T: 1457886307][LC: 1207] - INTERNAL EVENT: Code 7
EVENT[T: 1457886307][LC: 1208] - RECIEVE: Proc 0. Queue size is 0
EVENT[T: 1457886307][LC: 1209] - SEND: Proc 0 to proc 1
EVENT[T: 1457886307][LC: 1210] - INTERNAL EVENT: Code 10
EVENT[T: 1457886307][LC: 1211] - RECIEVE: Proc 0. Queue size is 0
EVENT[T: 1457886307][LC: 1212] - INTERNAL EVENT: Code 9
EVENT[T: 1457886307][LC: 1213] - INTERNAL EVENT: Code 5
EVENT[T: 1457886307][LC: 1214] - INTERNAL EVENT: Code 7
EVENT[T: 1457886307][LC: 1215] - INTERNAL EVENT: Code 4
EVENT[T: 1457886307][LC: 1216] - INTERNAL EVENT: Code 4
EVENT[T: 1457886307][LC: 1217] - INTERNAL EVENT: Code 5
EVENT[T: 1457886307][LC: 1218] - INTERNAL EVENT: Code 10
EVENT[T: 1457886307][LC: 1219] - INTERNAL EVENT: Code 8
EVENT[T: 1457886307][LC: 1220] - INTERNAL EVENT: Code 9
EVENT[T: 1457886307][LC: 1221] - INTERNAL EVENT: Code 10
EVENT[T: 1457886308][LC: 1222] - INTERNAL EVENT: Code 10
EVENT[T: 1457886308][LC: 1223] - SEND: Proc 0 to proc 1
EVENT[T: 1457886308][LC: 1224] - SEND: Proc 0 to proc 1
EVENT[T: 1457886308][LC: 1225] - INTERNAL EVENT: Code 6
EVENT[T: 1457886308][LC: 1226] - INTERNAL EVENT: Code 7
EVENT[T: 1457886308][LC: 1227] - SEND: Proc 0 to procs 1 and 2
EVENT[T: 1457886308][LC: 1228] - SEND: Proc 0 to proc 2
EVENT[T: 1457886308][LC: 1229] - INTERNAL EVENT: Code 7
EVENT[T: 1457886308][LC: 1230] - SEND: Proc 0 to proc 1
EVENT[T: 1457886308][LC: 1231] - INTERNAL EVENT: Code 6
EVENT[T: 1457886308][LC: 1232] - INTERNAL EVENT: Code 7
EVENT[T: 1457886308][LC: 1233] - INTERNAL EVENT: Code 5
EVENT[T: 1457886308][LC: 1234] - SEND: Proc 0 to procs 1 and 2
EVENT[T: 1457886308][LC: 1235] - INTERNAL EVENT: Code 7
EVENT[T: 1457886308][LC: 1236] - SEND: Proc 0 to procs 1 and 2
EVENT[T: 1457886308][LC: 1237] - INTERNAL EVENT: Code 5
EVENT[T: 1457886308][LC: 1238] - SEND: Proc 0 to proc 2
EVENT[T: 1457886308][LC: 1239] - SEND: Proc 0 to procs 1 and 2
EVENT[T: 1457886308][LC: 1240] - INTERNAL EVENT: Code 9
EVENT[T: 1457886308][LC: 1241] - INTERNAL EVENT: Code 10
EVENT[T: 1457886308][LC: 1242] - INTERNAL EVENT: Code 10
