===== Machine 2 has PID 8169 and clockspeed 8 Hz =====
EVENT[T: 1457886249][LC: 1] - RECIEVE: Proc 2. Queue size is 0
EVENT[T: 1457886249][LC: 2] - RECIEVE: Proc 2. Queue size is 0
EVENT[T: 1457886249][LC: 3] - INTERNAL EVENT: Code 4
EVENT[T: 1457886249][LC: 8] - RECIEVE: Proc 2. Queue size is 0
EVENT[T: 1457886249][LC: 11] - RECIEVE: Proc 2. Queue size is 0
EVENT[T: 1457886249][LC: 12] - INTERNAL EVENT: Code 8
EVENT[T: 1457886250][LC: 13] - INTERNAL EVENT: Code 5
EVENT[T: 1457886250][LC: 17] - RECIEVE: Proc 2. Queue size is 1
EVENT[T: 1457886250][LC: 18] - RECIEVE: Proc 2. Queue size is 0
EVENT[T: 1457886250][LC: 23] - RECIEVE: Proc 2. Queue size is 0
EVENT[T: 1457886250][LC: 26] - RECIEVE: Proc 2. Queue size is 0
EVENT[T: 1457886250][LC: 27] - SEND: Proc 2 to proc 1
EVENT[T: 1457886250][LC: 28] - INTERNAL EVENT: Code 6
EVENT[T: 1457886250][LC: 33] - RECIEVE: Proc 2. Queue size is 0
EVENT[T: 1457886251][LC: 34] - INTERNAL EVENT: Code 4
EVENT[T: 1457886251][LC: 38] - RECIEVE: Proc 2. Queue size is 1
EVENT[T: 1457886251][LC: 40] - RECIEVE: Proc 2. Queue size is 0
EVENT[T: 1457886251][LC: 44] - RECIEVE: Proc 2. Queue size is 0
EVENT[T: 1457886251][LC: 45] - SEND: Proc 2 to proc 1
EVENT[T: 1457886251][LC: 46] - SEND: Proc 2 to proc 0
EVENT[T: 1457886251][LC: 53] - RECIEVE: Proc 2. Queue size is 0
EVENT[T: 1457886251][LC: 54] - RECIEVE: Proc 2. Queue size is 1
EVENT[T: 1457886252][LC: 55] - RECIEVE: Proc 2. Queue size is 2
EVENT[T: 1457886252][LC: 56] - RECIEVE: Proc 2. Queue size is 1
EVENT[T: 1457886252][LC: 57] - RECIEVE: Proc 2. Queue size is 0
EVENT[T: 1457886252][LC: 58] - INTERNAL EVENT: Code 10
EVENT[T: 1457886252][LC: 59] - INTERNAL EVENT: Code 9
EVENT[T: 1457886252][LC: 60] - INTERNAL EVENT: Code 8
EVENT[T: 1457886252][LC: 61] - INTERNAL EVENT: Code 9
EVENT[T: 1457886252][LC: 76] - RECIEVE: Proc 2. Queue size is 0
EVENT[T: 1457886253][LC: 79] - RECIEVE: Proc 2. Queue size is 0
EVENT[T: 1457886253][LC: 80] - SEND: Proc 2 to procs 0 and 1
EVENT[T: 1457886253][LC: 81] - SEND: Proc 2 to procs 0 and 1
EVENT[T: 1457886253][LC: 87] - RECIEVE: Proc 2. Queue size is 0
EVENT[T: 1457886253][LC: 88] - SEND: Proc 2 to proc 0
EVENT[T: 1457886253][LC: 89] - SEND: Proc 2 to proc 0
EVENT[T: 1457886253][LC: 95] - RECIEVE: Proc 2. Queue size is 0
EVENT[T: 1457886253][LC: 96] - INTERNAL EVENT: Code 6
EVENT[T: 1457886254][LC: 97] - INTERNAL EVENT: Code 7
EVENT[T: 1457886254][LC: 98] - SEND: Proc 2 to procs 0 and 1
EVENT[T: 1457886254][LC: 99] - INTERNAL EVENT: Code 5
EVENT[T: 1457886254][LC: 100] - INTERNAL EVENT: Code 9
EVENT[T: 1457886254][LC: 101] - SEND: Proc 2 to proc 1
EVENT[T: 1457886254][LC: 112] - RECIEVE: Proc 2. Queue size is 0
EVENT[T: 1457886254][LC: 113] - INTERNAL EVENT: Code 8
EVENT[T: 1457886254][LC: 114] - SEND: Proc 2 to proc 0
EVENT[T: 1457886255][LC: 120] - RECIEVE: Proc 2. Queue size is 0
EVENT[T: 1457886255][LC: 123] - RECIEVE: Proc 2. Queue size is 0
EVENT[T: 1457886255][LC: 124] - RECIEVE: Proc 2. Queue size is 1
EVENT[T: 1457886255][LC: 125] - RECIEVE: Proc 2. Queue size is 0
EVENT[T: 1457886255][LC: 131] - RECIEVE: Proc 2. Queue size is 0
EVENT[T: 1457886255][LC: 132] - RECIEVE: Proc 2. Queue size is 0
EVENT[T: 1457886255][LC: 133] - INTERNAL EVENT: Code 4
EVENT[T: 1457886255][LC: 134] - INTERNAL EVENT: Code 8
EVENT[T: 1457886256][LC: 142] - RECIEVE: Proc 2. Queue size is 0
EVENT[T: 1457886256][LC: 143] - INTERNAL EVENT: Code 9
EVENT[T: 1457886256][LC: 146] - RECIEVE: Proc 2. Queue size is 0
EVENT[T: 1457886256][LC: 150] - RECIEVE: Proc 2. Queue size is 0
EVENT[T: 1457886256][LC: 152] - RECIEVE: Proc 2. Queue size is 0
EVENT[T: 1457886256][LC: 153] - INTERNAL EVENT: Code 7
EVENT[T: 1457886256][LC: 154] - SEND: Proc 2 to proc 1
EVENT[T: 1457886256][LC: 158] - RECIEVE: Proc 2. Queue size is 0
EVENT[T: 1457886257][LC: 163] - RECIEVE: Proc 2. Queue size is 0
EVENT[T: 1457886257][LC: 164] - INTERNAL EVENT: Code 10
EVENT[T: 1457886257][LC: 165] - INTERNAL EVENT: Code 6
EVENT[T: 1457886257][LC: 166] - INTERNAL EVENT: Code 10
EVENT[T: 1457886257][LC: 171] - RECIEVE: Proc 2. Queue size is 0
EVENT[T: 1457886257][LC: 175] - RECIEVE: Proc 2. Queue size is 1
EVENT[T: 1457886257][LC: 176] - RECIEVE: Proc 2. Queue size is 0
EVENT[T: 1457886257][LC: 177] - INTERNAL EVENT: Code 10
EVENT[T: 1457886258][LC: 183] - RECIEVE: Proc 2. Queue size is 0
EVENT[T: 1457886258][LC: 184] - RECIEVE: Proc 2. Queue size is 0
EVENT[T: 1457886258][LC: 185] - SEND: Proc 2 to proc 1
EVENT[T: 1457886258][LC: 191] - RECIEVE: Proc 2. Queue size is 0
EVENT[T: 1457886258][LC: 192] - INTERNAL EVENT: Code 6
EVENT[T: 1457886258][LC: 195] - RECIEVE: Proc 2. Queue size is 0
EVENT[T: 1457886258][LC: 196] - SEND: Proc 2 to proc 1
EVENT[T: 1457886258][LC: 197] - INTERNAL EVENT: Code 8
EVENT[T: 1457886259][LC: 198] - SEND: Proc 2 to proc 0
EVENT[T: 1457886259][LC: 199] - INTERNAL EVENT: Code 9
EVENT[T: 1457886259][LC: 200] - SEND: Proc 2 to procs 0 and 1
EVENT[T: 1457886259][LC: 201] - INTERNAL EVENT: Code 10
EVENT[T: 1457886259][LC: 215] - RECIEVE: Proc 2. Queue size is 0
EVENT[T: 1457886259][LC: 216] - SEND: Proc 2 to proc 0
EVENT[T: 1457886259][LC: 219] - RECIEVE: Proc 2. Queue size is 0
EVENT[T: 1457886259][LC: 220] - INTERNAL EVENT: Code 7
EVENT[T: 1457886260][LC: 225] - RECIEVE: Proc 2. Queue size is 0
EVENT[T: 1457886260][LC: 228] - RECIEVE: Proc 2. Queue size is 0
EVENT[T: 1457886260][LC: 229] - RECIEVE: Proc 2. Queue size is 0
EVENT[T: 1457886260][LC: 230] - INTERNAL EVENT: Code 5
EVENT[T: 1457886260][LC: 231] - INTERNAL EVENT: Code 8
EVENT[T: 1457886260][LC: 238] - RECIEVE: Proc 2. Queue size is 0
EVENT[T: 1457886260][LC: 240] - RECIEVE: Proc 2. Queue size is 0
EVENT[T: 1457886260][LC: 241] - INTERNAL EVENT: Code 8
EVENT[T: 1457886261][LC: 242] - INTERNAL EVENT: Code 4
EVENT[T: 1457886261][LC: 243] - SEND: Proc 2 to procs 0 and 1
EVENT[T: 1457886261][LC: 244] - SEND: Proc 2 to proc 1
EVENT[T: 1457886261][LC: 245] - SEND: Proc 2 to proc 1
EVENT[T: 1457886261][LC: 246] - SEND: Proc 2 to procs 0 and 1
EVENT[T: 1457886261][LC: 247] - SEND: Proc 2 to procs 0 and 1
EVENT[T: 1457886261][LC: 248] - INTERNAL EVENT: Code 5
EVENT[T: 1457886261][LC: 249] - INTERNAL EVENT: Code 8
EVENT[T: 1457886262][LC: 250] - INTERNAL EVENT: Code 8
EVENT[T: 1457886262][LC: 251] - INTERNAL EVENT: Code 5
EVENT[T: 1457886262][LC: 272] - RECIEVE: Proc 2. Queue size is 0
EVENT[T: 1457886262][LC: 274] - RECIEVE: Proc 2. Queue size is 1
EVENT[T: 1457886262][LC: 275] - RECIEVE: Proc 2. Queue size is 1
EVENT[T: 1457886262][LC: 276] - RECIEVE: Proc 2. Queue size is 0
EVENT[T: 1457886262][LC: 277] - INTERNAL EVENT: Code 4
EVENT[T: 1457886262][LC: 278] - INTERNAL EVENT: Code 8
EVENT[T: 1457886263][LC: 279] - SEND: Proc 2 to proc 0
EVENT[T: 1457886263][LC: 280] - INTERNAL EVENT: Code 6
EVENT[T: 1457886263][LC: 281] - INTERNAL EVENT: Code 5
EVENT[T: 1457886263][LC: 294] - RECIEVE: Proc 2. Queue size is 0
EVENT[T: 1457886263][LC: 295] - INTERNAL EVENT: Code 10
EVENT[T: 1457886263][LC: 296] - INTERNAL EVENT: Code 4
EVENT[T: 1457886263][LC: 302] - RECIEVE: Proc 2. Queue size is 1
EVENT[T: 1457886263][LC: 304] - RECIEVE: Proc 2. Queue size is 1
EVENT[T: 1457886264][LC: 305] - RECIEVE: Proc 2. Queue size is 0
EVENT[T: 1457886264][LC: 306] - INTERNAL EVENT: Code 4
EVENT[T: 1457886264][LC: 307] - INTERNAL EVENT: Code 7
EVENT[T: 1457886264][LC: 315] - RECIEVE: Proc 2. Queue size is 0
EVENT[T: 1457886264][LC: 316] - INTERNAL EVENT: Code 5
EVENT[T: 1457886264][LC: 321] - RECIEVE: Proc 2. Queue size is 1
EVENT[T: 1457886264][LC: 322] - RECIEVE: Proc 2. Queue size is 1
EVENT[T: 1457886264][LC: 323] - RECIEVE: Proc 2. Queue size is 0
EVENT[T: 1457886265][LC: 328] - RECIEVE: Proc 2. Queue size is 0
EVENT[T: 1457886265][LC: 332] - RECIEVE: Proc 2. Queue size is 0
EVENT[T: 1457886265][LC: 333] - INTERNAL EVENT: Code 4
EVENT[T: 1457886265][LC: 334] - INTERNAL EVENT: Code 4
EVENT[T: 1457886265][LC: 338] - RECIEVE: Proc 2. Queue size is 0
EVENT[T: 1457886265][LC: 339] - INTERNAL EVENT: Code 6
EVENT[T: 1457886265][LC: 340] - INTERNAL EVENT: Code 10
EVENT[T: 1457886265][LC: 346] - RECIEVE: Proc 2. Queue size is 1
EVENT[T: 1457886266][LC: 347] - RECIEVE: Proc 2. Queue size is 0
EVENT[T: 1457886266][LC: 348] - SEND: Proc 2 to procs 0 and 1
EVENT[T: 1457886266][LC: 356] - RECIEVE: Proc 2. Queue size is 0
EVENT[T: 1457886266][LC: 358] - RECIEVE: Proc 2. Queue size is 0
EVENT[T: 1457886266][LC: 360] - RECIEVE: Proc 2. Queue size is 0
EVENT[T: 1457886266][LC: 361] - INTERNAL EVENT: Code 8
EVENT[T: 1457886266][LC: 362] - INTERNAL EVENT: Code 9
EVENT[T: 1457886267][LC: 369] - RECIEVE: Proc 2. Queue size is 0
EVENT[T: 1457886267][LC: 370] - RECIEVE: Proc 2. Queue size is 0
EVENT[T: 1457886267][LC: 374] - RECIEVE: Proc 2. Queue size is 0
EVENT[T: 1457886267][LC: 375] - RECIEVE: Proc 2. Queue size is 0
EVENT[T: 1457886267][LC: 378] - RECIEVE: Proc 2. Queue size is 0
EVENT[T: 1457886267][LC: 382] - RECIEVE: Proc 2. Queue size is 0
EVENT[T: 1457886267][LC: 384] - RECIEVE: Proc 2. Queue size is 0
EVENT[T: 1457886267][LC: 387] - RECIEVE: Proc 2. Queue size is 0
EVENT[T: 1457886268][LC: 388] - SEND: Proc 2 to procs 0 and 1
EVENT[T: 1457886268][LC: 389] - INTERNAL EVENT: Code 10
EVENT[T: 1457886268][LC: 390] - INTERNAL EVENT: Code 8
EVENT[T: 1457886268][LC: 397] - RECIEVE: Proc 2. Queue size is 0
EVENT[T: 1457886268][LC: 398] - SEND: Proc 2 to proc 0
EVENT[T: 1457886268][LC: 399] - INTERNAL EVENT: Code 8
EVENT[T: 1457886268][LC: 405] - RECIEVE: Proc 2. Queue size is 0
EVENT[T: 1457886268][LC: 406] - INTERNAL EVENT: Code 6
EVENT[T: 1457886269][LC: 411] - RECIEVE: Proc 2. Queue size is 0
EVENT[T: 1457886269][LC: 412] - SEND: Proc 2 to proc 1
EVENT[T: 1457886269][LC: 413] - SEND: Proc 2 to proc 0
EVENT[T: 1457886269][LC: 414] - INTERNAL EVENT: Code 8
EVENT[T: 1457886269][LC: 419] - RECIEVE: Proc 2. Queue size is 0
EVENT[T: 1457886269][LC: 424] - RECIEVE: Proc 2. Queue size is 0
EVENT[T: 1457886269][LC: 425] - INTERNAL EVENT: Code 4
EVENT[T: 1457886269][LC: 429] - RECIEVE: Proc 2. Queue size is 0
EVENT[T: 1457886270][LC: 430] - INTERNAL EVENT: Code 6
EVENT[T: 1457886270][LC: 431] - SEND: Proc 2 to proc 0
EVENT[T: 1457886270][LC: 432] - SEND: Proc 2 to procs 0 and 1
EVENT[T: 1457886270][LC: 433] - INTERNAL EVENT: Code 5
EVENT[T: 1457886270][LC: 440] - RECIEVE: Proc 2. Queue size is 0
EVENT[T: 1457886270][LC: 444] - RECIEVE: Proc 2. Queue size is 0
EVENT[T: 1457886270][LC: 445] - INTERNAL EVENT: Code 5
EVENT[T: 1457886270][LC: 446] - INTERNAL EVENT: Code 8
EVENT[T: 1457886271][LC: 447] - INTERNAL EVENT: Code 4
EVENT[T: 1457886271][LC: 453] - RECIEVE: Proc 2. Queue size is 0
EVENT[T: 1457886271][LC: 454] - INTERNAL EVENT: Code 9
EVENT[T: 1457886271][LC: 455] - SEND: Proc 2 to proc 0
EVENT[T: 1457886271][LC: 456] - INTERNAL EVENT: Code 4
EVENT[T: 1457886271][LC: 457] - INTERNAL EVENT: Code 8
EVENT[T: 1457886271][LC: 466] - RECIEVE: Proc 2. Queue size is 0
EVENT[T: 1457886271][LC: 467] - SEND: Proc 2 to proc 0
EVENT[T: 1457886272][LC: 468] - INTERNAL EVENT: Code 5
EVENT[T: 1457886272][LC: 469] - INTERNAL EVENT: Code 8
EVENT[T: 1457886272][LC: 470] - INTERNAL EVENT: Code 4
EVENT[T: 1457886272][LC: 471] - INTERNAL EVENT: Code 4
EVENT[T: 1457886272][LC: 472] - INTERNAL EVENT: Code 4
EVENT[T: 1457886272][LC: 473] - INTERNAL EVENT: Code 9
EVENT[T: 1457886272][LC: 487] - RECIEVE: Proc 2. Queue size is 0
EVENT[T: 1457886272][LC: 488] - SEND: Proc 2 to procs 0 and 1
EVENT[T: 1457886273][LC: 494] - RECIEVE: Proc 2. Queue size is 0
EVENT[T: 1457886273][LC: 495] - RECIEVE: Proc 2. Queue size is 0
EVENT[T: 1457886273][LC: 498] - RECIEVE: Proc 2. Queue size is 0
EVENT[T: 1457886273][LC: 502] - RECIEVE: Proc 2. Queue size is 0
EVENT[T: 1457886273][LC: 503] - INTERNAL EVENT: Code 9
EVENT[T: 1457886273][LC: 504] - INTERNAL EVENT: Code 7
EVENT[T: 1457886273][LC: 505] - INTERNAL EVENT: Code 4
EVENT[T: 1457886273][LC: 511] - RECIEVE: Proc 2. Queue size is 0
EVENT[T: 1457886274][LC: 512] - INTERNAL EVENT: Code 5
EVENT[T: 1457886274][LC: 516] - RECIEVE: Proc 2. Queue size is 0
EVENT[T: 1457886274][LC: 517] - INTERNAL EVENT: Code 4
EVENT[T: 1457886274][LC: 522] - RECIEVE: Proc 2. Queue size is 0
EVENT[T: 1457886274][LC: 524] - RECIEVE: Proc 2. Queue size is 1
EVENT[T: 1457886274][LC: 525] - RECIEVE: Proc 2. Queue size is 1
EVENT[T: 1457886274][LC: 528] - RECIEVE: Proc 2. Queue size is 1
EVENT[T: 1457886274][LC: 531] - RECIEVE: Proc 2. Queue size is 1
EVENT[T: 1457886275][LC: 532] - RECIEVE: Proc 2. Queue size is 1
EVENT[T: 1457886275][LC: 535] - RECIEVE: Proc 2. Queue size is 2
EVENT[T: 1457886275][LC: 537] - RECIEVE: Proc 2. Queue size is 1
EVENT[T: 1457886275][LC: 538] - RECIEVE: Proc 2. Queue size is 0
EVENT[T: 1457886275][LC: 539] - SEND: Proc 2 to proc 0
EVENT[T: 1457886275][LC: 540] - SEND: Proc 2 to procs 0 and 1
EVENT[T: 1457886275][LC: 541] - INTERNAL EVENT: Code 9
EVENT[T: 1457886275][LC: 542] - SEND: Proc 2 to proc 0
EVENT[T: 1457886276][LC: 543] - SEND: Proc 2 to procs 0 and 1
EVENT[T: 1457886276][LC: 544] - SEND: Proc 2 to proc 1
EVENT[T: 1457886276][LC: 545] - SEND: Proc 2 to proc 1
EVENT[T: 1457886276][LC: 564] - RECIEVE: Proc 2. Queue size is 0
EVENT[T: 1457886276][LC: 566] - RECIEVE: Proc 2. Queue size is 0
EVENT[T: 1457886276][LC: 568] - RECIEVE: Proc 2. Queue size is 0
EVENT[T: 1457886276][LC: 569] - SEND: Proc 2 to proc 0
EVENT[T: 1457886276][LC: 570] - INTERNAL EVENT: Code 6
EVENT[T: 1457886277][LC: 571] - INTERNAL EVENT: Code 5
EVENT[T: 1457886277][LC: 572] - INTERNAL EVENT: Code 6
EVENT[T: 1457886277][LC: 582] - RECIEVE: Proc 2. Queue size is 1
EVENT[T: 1457886277][LC: 583] - RECIEVE: Proc 2. Queue size is 1
EVENT[T: 1457886277][LC: 586] - RECIEVE: Proc 2. Queue size is 0
EVENT[T: 1457886277][LC: 591] - RECIEVE: Proc 2. Queue size is 0
EVENT[T: 1457886277][LC: 592] - INTERNAL EVENT: Code 8
EVENT[T: 1457886277][LC: 594] - RECIEVE: Proc 2. Queue size is 1
EVENT[T: 1457886278][LC: 595] - RECIEVE: Proc 2. Queue size is 1
EVENT[T: 1457886278][LC: 598] - RECIEVE: Proc 2. Queue size is 0
EVENT[T: 1457886278][LC: 599] - SEND: Proc 2 to proc 1
EVENT[T: 1457886278][LC: 605] - RECIEVE: Proc 2. Queue size is 1
EVENT[T: 1457886278][LC: 606] - RECIEVE: Proc 2. Queue size is 0
EVENT[T: 1457886278][LC: 610] - RECIEVE: Proc 2. Queue size is 0
EVENT[T: 1457886278][LC: 611] - SEND: Proc 2 to procs 0 and 1
EVENT[T: 1457886278][LC: 612] - INTERNAL EVENT: Code 10
EVENT[T: 1457886279][LC: 613] - INTERNAL EVENT: Code 6
EVENT[T: 1457886279][LC: 614] - INTERNAL EVENT: Code 8
EVENT[T: 1457886279][LC: 615] - INTERNAL EVENT: Code 6
EVENT[T: 1457886279][LC: 616] - INTERNAL EVENT: Code 9
EVENT[T: 1457886279][LC: 628] - RECIEVE: Proc 2. Queue size is 0
EVENT[T: 1457886279][LC: 629] - INTERNAL EVENT: Code 7
EVENT[T: 1457886279][LC: 630] - INTERNAL EVENT: Code 4
EVENT[T: 1457886279][LC: 631] - INTERNAL EVENT: Code 7
EVENT[T: 1457886280][LC: 632] - SEND: Proc 2 to proc 0
EVENT[T: 1457886280][LC: 633] - SEND: Proc 2 to procs 0 and 1
EVENT[T: 1457886280][LC: 645] - RECIEVE: Proc 2. Queue size is 0
EVENT[T: 1457886280][LC: 646] - INTERNAL EVENT: Code 7
EVENT[T: 1457886280][LC: 647] - INTERNAL EVENT: Code 9
EVENT[T: 1457886280][LC: 648] - INTERNAL EVENT: Code 8
EVENT[T: 1457886280][LC: 649] - SEND: Proc 2 to proc 1
EVENT[T: 1457886280][LC: 657] - RECIEVE: Proc 2. Queue size is 0
EVENT[T: 1457886281][LC: 661] - RECIEVE: Proc 2. Queue size is 0
EVENT[T: 1457886281][LC: 664] - RECIEVE: Proc 2. Queue size is 0
EVENT[T: 1457886281][LC: 665] - RECIEVE: Proc 2. Queue size is 0
EVENT[T: 1457886281][LC: 669] - RECIEVE: Proc 2. Queue size is 0
EVENT[T: 1457886281][LC: 671] - RECIEVE: Proc 2. Queue size is 0
EVENT[T: 1457886281][LC: 673] - RECIEVE: Proc 2. Queue size is 0
EVENT[T: 1457886281][LC: 675] - RECIEVE: Proc 2. Queue size is 0
EVENT[T: 1457886281][LC: 678] - RECIEVE: Proc 2. Queue size is 0
EVENT[T: 1457886282][LC: 679] - INTERNAL EVENT: Code 10
EVENT[T: 1457886282][LC: 683] - RECIEVE: Proc 2. Queue size is 2
EVENT[T: 1457886282][LC: 684] - RECIEVE: Proc 2. Queue size is 2
EVENT[T: 1457886282][LC: 685] - RECIEVE: Proc 2. Queue size is 2
EVENT[T: 1457886282][LC: 686] - RECIEVE: Proc 2. Queue size is 2
EVENT[T: 1457886282][LC: 690] - RECIEVE: Proc 2. Queue size is 2
EVENT[T: 1457886282][LC: 691] - RECIEVE: Proc 2. Queue size is 2
EVENT[T: 1457886282][LC: 694] - RECIEVE: Proc 2. Queue size is 1
EVENT[T: 1457886283][LC: 696] - RECIEVE: Proc 2. Queue size is 0
EVENT[T: 1457886283][LC: 704] - RECIEVE: Proc 2. Queue size is 0
EVENT[T: 1457886283][LC: 708] - RECIEVE: Proc 2. Queue size is 0
EVENT[T: 1457886283][LC: 709] - INTERNAL EVENT: Code 4
EVENT[T: 1457886283][LC: 713] - RECIEVE: Proc 2. Queue size is 0
EVENT[T: 1457886283][LC: 716] - RECIEVE: Proc 2. Queue size is 0
EVENT[T: 1457886283][LC: 717] - INTERNAL EVENT: Code 9
EVENT[T: 1457886283][LC: 718] - SEND: Proc 2 to proc 1
EVENT[T: 1457886284][LC: 722] - RECIEVE: Proc 2. Queue size is 0
EVENT[T: 1457886284][LC: 725] - RECIEVE: Proc 2. Queue size is 0
EVENT[T: 1457886284][LC: 729] - RECIEVE: Proc 2. Queue size is 0
EVENT[T: 1457886284][LC: 732] - RECIEVE: Proc 2. Queue size is 0
EVENT[T: 1457886284][LC: 734] - RECIEVE: Proc 2. Queue size is 0
EVENT[T: 1457886284][LC: 735] - INTERNAL EVENT: Code 4
EVENT[T: 1457886284][LC: 736] - SEND: Proc 2 to procs 0 and 1
EVENT[T: 1457886284][LC: 737] - INTERNAL EVENT: Code 6
EVENT[T: 1457886285][LC: 738] - INTERNAL EVENT: Code 9
EVENT[T: 1457886285][LC: 739] - INTERNAL EVENT: Code 4
EVENT[T: 1457886285][LC: 750] - RECIEVE: Proc 2. Queue size is 0
EVENT[T: 1457886285][LC: 753] - RECIEVE: Proc 2. Queue size is 0
EVENT[T: 1457886285][LC: 754] - RECIEVE: Proc 2. Queue size is 0
EVENT[T: 1457886285][LC: 755] - INTERNAL EVENT: Code 7
EVENT[T: 1457886285][LC: 756] - INTERNAL EVENT: Code 10
EVENT[T: 1457886285][LC: 762] - RECIEVE: Proc 2. Queue size is 0
EVENT[T: 1457886286][LC: 763] - SEND: Proc 2 to procs 0 and 1
EVENT[T: 1457886286][LC: 764] - INTERNAL EVENT: Code 4
EVENT[T: 1457886286][LC: 765] - INTERNAL EVENT: Code 4
EVENT[T: 1457886286][LC: 774] - RECIEVE: Proc 2. Queue size is 0
EVENT[T: 1457886286][LC: 775] - INTERNAL EVENT: Code 8
EVENT[T: 1457886286][LC: 777] - RECIEVE: Proc 2. Queue size is 1
EVENT[T: 1457886286][LC: 779] - RECIEVE: Proc 2. Queue size is 0
EVENT[T: 1457886286][LC: 780] - SEND: Proc 2 to proc 0
EVENT[T: 1457886287][LC: 786] - RECIEVE: Proc 2. Queue size is 0
EVENT[T: 1457886287][LC: 787] - SEND: Proc 2 to procs 0 and 1
EVENT[T: 1457886287][LC: 788] - INTERNAL EVENT: Code 10
EVENT[T: 1457886287][LC: 789] - INTERNAL EVENT: Code 6
EVENT[T: 1457886287][LC: 796] - RECIEVE: Proc 2. Queue size is 0
EVENT[T: 1457886287][LC: 799] - RECIEVE: Proc 2. Queue size is 1
EVENT[T: 1457886287][LC: 800] - RECIEVE: Proc 2. Queue size is 0
EVENT[T: 1457886287][LC: 801] - SEND: Proc 2 to proc 0
EVENT[T: 1457886288][LC: 802] - INTERNAL EVENT: Code 7
EVENT[T: 1457886288][LC: 803] - INTERNAL EVENT: Code 10
EVENT[T: 1457886288][LC: 804] - INTERNAL EVENT: Code 5
EVENT[T: 1457886288][LC: 805] - SEND: Proc 2 to proc 0
EVENT[T: 1457886288][LC: 806] - SEND: Proc 2 to proc 1
EVENT[T: 1457886288][LC: 820] - RECIEVE: Proc 2. Queue size is 0
EVENT[T: 1457886288][LC: 823] - RECIEVE: Proc 2. Queue size is 0
EVENT[T: 1457886288][LC: 826] - RECIEVE: Proc 2. Queue size is 0
EVENT[T: 1457886289][LC: 828] - RECIEVE: Proc 2. Queue size is 0
EVENT[T: 1457886289][LC: 829] - INTERNAL EVENT: Code 10
EVENT[T: 1457886289][LC: 830] - INTERNAL EVENT: Code 4
EVENT[T: 1457886289][LC: 836] - RECIEVE: Proc 2. Queue size is 0
EVENT[T: 1457886289][LC: 838] - RECIEVE: Proc 2. Queue size is 0
EVENT[T: 1457886289][LC: 839] - INTERNAL EVENT: Code 6
EVENT[T: 1457886289][LC: 842] - RECIEVE: Proc 2. Queue size is 0
EVENT[T: 1457886289][LC: 847] - RECIEVE: Proc 2. Queue size is 0
EVENT[T: 1457886290][LC: 848] - SEND: Proc 2 to procs 0 and 1
EVENT[T: 1457886290][LC: 849] - SEND: Proc 2 to procs 0 and 1
EVENT[T: 1457886290][LC: 850] - INTERNAL EVENT: Code 10
EVENT[T: 1457886290][LC: 856] - RECIEVE: Proc 2. Queue size is 0
EVENT[T: 1457886290][LC: 857] - INTERNAL EVENT: Code 9
EVENT[T: 1457886290][LC: 858] - INTERNAL EVENT: Code 7
EVENT[T: 1457886290][LC: 864] - RECIEVE: Proc 2. Queue size is 0
EVENT[T: 1457886290][LC: 867] - RECIEVE: Proc 2. Queue size is 0
EVENT[T: 1457886291][LC: 868] - INTERNAL EVENT: Code 9
EVENT[T: 1457886291][LC: 869] - INTERNAL EVENT: Code 9
EVENT[T: 1457886291][LC: 874] - RECIEVE: Proc 2. Queue size is 0
EVENT[T: 1457886291][LC: 876] - RECIEVE: Proc 2. Queue size is 0
EVENT[T: 1457886291][LC: 877] - SEND: Proc 2 to proc 0
EVENT[T: 1457886291][LC: 878] - SEND: Proc 2 to proc 1
EVENT[T: 1457886291][LC: 879] - SEND: Proc 2 to procs 0 and 1
EVENT[T: 1457886291][LC: 880] - INTERNAL EVENT: Code 8
EVENT[T: 1457886292][LC: 881] - INTERNAL EVENT: Code 8
EVENT[T: 1457886292][LC: 882] - INTERNAL EVENT: Code 5
EVENT[T: 1457886292][LC: 883] - INTERNAL EVENT: Code 6
EVENT[T: 1457886292][LC: 884] - INTERNAL EVENT: Code 10
EVENT[T: 1457886292][LC: 885] - INTERNAL EVENT: Code 10
EVENT[T: 1457886292][LC: 886] - SEND: Proc 2 to procs 0 and 1
EVENT[T: 1457886292][LC: 887] - INTERNAL EVENT: Code 6
EVENT[T: 1457886293][LC: 888] - INTERNAL EVENT: Code 7
EVENT[T: 1457886293][LC: 910] - RECIEVE: Proc 2. Queue size is 0
EVENT[T: 1457886293][LC: 914] - RECIEVE: Proc 2. Queue size is 0
EVENT[T: 1457886293][LC: 915] - INTERNAL EVENT: Code 10
EVENT[T: 1457886293][LC: 918] - RECIEVE: Proc 2. Queue size is 1
EVENT[T: 1457886293][LC: 920] - RECIEVE: Proc 2. Queue size is 0
EVENT[T: 1457886293][LC: 921] - SEND: Proc 2 to proc 1
EVENT[T: 1457886293][LC: 926] - RECIEVE: Proc 2. Queue size is 0
EVENT[T: 1457886294][LC: 927] - SEND: Proc 2 to proc 0
EVENT[T: 1457886294][LC: 928] - INTERNAL EVENT: Code 9
EVENT[T: 1457886294][LC: 934] - RECIEVE: Proc 2. Queue size is 0
EVENT[T: 1457886294][LC: 936] - RECIEVE: Proc 2. Queue size is 0
EVENT[T: 1457886294][LC: 940] - RECIEVE: Proc 2. Queue size is 0
EVENT[T: 1457886294][LC: 941] - SEND: Proc 2 to proc 0
EVENT[T: 1457886294][LC: 942] - INTERNAL EVENT: Code 5
EVENT[T: 1457886294][LC: 947] - RECIEVE: Proc 2. Queue size is 0
EVENT[T: 1457886295][LC: 948] - INTERNAL EVENT: Code 9
EVENT[T: 1457886295][LC: 949] - INTERNAL EVENT: Code 4
EVENT[T: 1457886295][LC: 950] - INTERNAL EVENT: Code 8
EVENT[T: 1457886295][LC: 958] - RECIEVE: Proc 2. Queue size is 0
EVENT[T: 1457886295][LC: 959] - INTERNAL EVENT: Code 7
EVENT[T: 1457886295][LC: 962] - RECIEVE: Proc 2. Queue size is 2
EVENT[T: 1457886295][LC: 963] - RECIEVE: Proc 2. Queue size is 1
EVENT[T: 1457886295][LC: 964] - RECIEVE: Proc 2. Queue size is 0
EVENT[T: 1457886296][LC: 965] - SEND: Proc 2 to proc 0
EVENT[T: 1457886296][LC: 974] - RECIEVE: Proc 2. Queue size is 0
EVENT[T: 1457886296][LC: 975] - INTERNAL EVENT: Code 6
EVENT[T: 1457886296][LC: 976] - INTERNAL EVENT: Code 4
EVENT[T: 1457886296][LC: 982] - RECIEVE: Proc 2. Queue size is 0
EVENT[T: 1457886296][LC: 985] - RECIEVE: Proc 2. Queue size is 0
EVENT[T: 1457886296][LC: 988] - RECIEVE: Proc 2. Queue size is 0
EVENT[T: 1457886296][LC: 989] - RECIEVE: Proc 2. Queue size is 0
EVENT[T: 1457886297][LC: 992] - RECIEVE: Proc 2. Queue size is 0
EVENT[T: 1457886297][LC: 993] - INTERNAL EVENT: Code 7
EVENT[T: 1457886297][LC: 994] - INTERNAL EVENT: Code 10
EVENT[T: 1457886297][LC: 995] - SEND: Proc 2 to proc 0
EVENT[T: 1457886297][LC: 1003] - RECIEVE: Proc 2. Queue size is 0
EVENT[T: 1457886297][LC: 1004] - INTERNAL EVENT: Code 8
EVENT[T: 1457886297][LC: 1005] - INTERNAL EVENT: Code 8
EVENT[T: 1457886297][LC: 1009] - RECIEVE: Proc 2. Queue size is 1
EVENT[T: 1457886298][LC: 1010] - RECIEVE: Proc 2. Queue size is 0
EVENT[T: 1457886298][LC: 1015] - RECIEVE: Proc 2. Queue size is 0
EVENT[T: 1457886298][LC: 1018] - RECIEVE: Proc 2. Queue size is 0
EVENT[T: 1457886298][LC: 1021] - RECIEVE: Proc 2. Queue size is 0
EVENT[T: 1457886298][LC: 1022] - INTERNAL EVENT: Code 4
EVENT[T: 1457886298][LC: 1023] - SEND: Proc 2 to procs 0 and 1
EVENT[T: 1457886298][LC: 1024] - INTERNAL EVENT: Code 5
EVENT[T: 1457886298][LC: 1025] - INTERNAL EVENT: Code 10
EVENT[T: 1457886299][LC: 1033] - RECIEVE: Proc 2. Queue size is 0
EVENT[T: 1457886299][LC: 1034] - SEND: Proc 2 to proc 1
EVENT[T: 1457886299][LC: 1039] - RECIEVE: Proc 2. Queue size is 0
EVENT[T: 1457886299][LC: 1040] - INTERNAL EVENT: Code 8
EVENT[T: 1457886299][LC: 1041] - INTERNAL EVENT: Code 6
EVENT[T: 1457886299][LC: 1046] - RECIEVE: Proc 2. Queue size is 0
EVENT[T: 1457886299][LC: 1047] - INTERNAL EVENT: Code 5
EVENT[T: 1457886299][LC: 1048] - INTERNAL EVENT: Code 9
EVENT[T: 1457886300][LC: 1049] - INTERNAL EVENT: Code 7
EVENT[T: 1457886300][LC: 1057] - RECIEVE: Proc 2. Queue size is 0
EVENT[T: 1457886300][LC: 1058] - SEND: Proc 2 to proc 1
EVENT[T: 1457886300][LC: 1059] - INTERNAL EVENT: Code 10
EVENT[T: 1457886300][LC: 1060] - SEND: Proc 2 to proc 0
EVENT[T: 1457886300][LC: 1061] - SEND: Proc 2 to proc 1
EVENT[T: 1457886300][LC: 1070] - RECIEVE: Proc 2. Queue size is 0
EVENT[T: 1457886300][LC: 1071] - SEND: Proc 2 to proc 1
EVENT[T: 1457886301][LC: 1072] - INTERNAL EVENT: Code 10
EVENT[T: 1457886301][LC: 1079] - RECIEVE: Proc 2. Queue size is 0
EVENT[T: 1457886301][LC: 1080] - INTERNAL EVENT: Code 5
EVENT[T: 1457886301][LC: 1081] - INTERNAL EVENT: Code 5
EVENT[T: 1457886301][LC: 1086] - RECIEVE: Proc 2. Queue size is 0
EVENT[T: 1457886301][LC: 1087] - INTERNAL EVENT: Code 7
EVENT[T: 1457886301][LC: 1088] - INTERNAL EVENT: Code 6
EVENT[T: 1457886301][LC: 1089] - INTERNAL EVENT: Code 8
EVENT[T: 1457886302][LC: 1090] - INTERNAL EVENT: Code 6
EVENT[T: 1457886302][LC: 1099] - RECIEVE: Proc 2. Queue size is 0
EVENT[T: 1457886302][LC: 1102] - RECIEVE: Proc 2. Queue size is 0
EVENT[T: 1457886302][LC: 1103] - RECIEVE: Proc 2. Queue size is 0
EVENT[T: 1457886302][LC: 1108] - RECIEVE: Proc 2. Queue size is 0
EVENT[T: 1457886302][LC: 1109] - INTERNAL EVENT: Code 8
EVENT[T: 1457886302][LC: 1113] - RECIEVE: Proc 2. Queue size is 0
EVENT[T: 1457886302][LC: 1114] - SEND: Proc 2 to procs 0 and 1
EVENT[T: 1457886303][LC: 1118] - RECIEVE: Proc 2. Queue size is 0
EVENT[T: 1457886303][LC: 1119] - INTERNAL EVENT: Code 7
EVENT[T: 1457886303][LC: 1122] - RECIEVE: Proc 2. Queue size is 0
EVENT[T: 1457886303][LC: 1123] - SEND: Proc 2 to procs 0 and 1
EVENT[T: 1457886303][LC: 1124] - INTERNAL EVENT: Code 5
EVENT[T: 1457886303][LC: 1130] - RECIEVE: Proc 2. Queue size is 1
EVENT[T: 1457886303][LC: 1131] - RECIEVE: Proc 2. Queue size is 1
EVENT[T: 1457886303][LC: 1134] - RECIEVE: Proc 2. Queue size is 0
EVENT[T: 1457886304][LC: 1135] - INTERNAL EVENT: Code 9
EVENT[T: 1457886304][LC: 1140] - RECIEVE: Proc 2. Queue size is 0
EVENT[T: 1457886304][LC: 1141] - INTERNAL EVENT: Code 8
EVENT[T: 1457886304][LC: 1147] - RECIEVE: Proc 2. Queue size is 0
EVENT[T: 1457886304][LC: 1149] - RECIEVE: Proc 2. Queue size is 0
EVENT[T: 1457886304][LC: 1150] - RECIEVE: Proc 2. Queue size is 0
EVENT[T: 1457886304][LC: 1151] - SEND: Proc 2 to proc 0
EVENT[T: 1457886304][LC: 1152] - INTERNAL EVENT: Code 10
EVENT[T: 1457886305][LC: 1153] - INTERNAL EVENT: Code 6
EVENT[T: 1457886305][LC: 1161] - RECIEVE: Proc 2. Queue size is 0
EVENT[T: 1457886305][LC: 1162] - INTERNAL EVENT: Code 4
EVENT[T: 1457886305][LC: 1163] - INTERNAL EVENT: Code 10
EVENT[T: 1457886305][LC: 1164] - INTERNAL EVENT: Code 10
EVENT[T: 1457886305][LC: 1172] - RECIEVE: Proc 2. Queue size is 0
EVENT[T: 1457886305][LC: 1175] - RECIEVE: Proc 2. Queue size is 0
EVENT[T: 1457886305][LC: 1177] - RECIEVE: Proc 2. Queue size is 1
EVENT[T: 1457886306][LC: 1178] - RECIEVE: Proc 2. Queue size is 1
EVENT[T: 1457886306][LC: 1180] - RECIEVE: Proc 2. Queue size is 0
EVENT[T: 1457886306][LC: 1184] - RECIEVE: Proc 2. Queue size is 0
EVENT[T: 1457886306][LC: 1187] - RECIEVE: Proc 2. Queue size is 1
EVENT[T: 1457886306][LC: 1188] - RECIEVE: Proc 2. Queue size is 0
EVENT[T: 1457886306][LC: 1192] - RECIEVE: Proc 2. Queue size is 1
EVENT[T: 1457886306][LC: 1194] - RECIEVE: Proc 2. Queue size is 2
EVENT[T: 1457886306][LC: 1195] - RECIEVE: Proc 2. Queue size is 1
EVENT[T: 1457886307][LC: 1196] - RECIEVE: Proc 2. Queue size is 0
EVENT[T: 1457886307][LC: 1197] - INTERNAL EVENT: Code 9
EVENT[T: 1457886307][LC: 1198] - SEND: Proc 2 to proc 0
EVENT[T: 1457886307][LC: 1199] - SEND: Proc 2 to proc 0
EVENT[T: 1457886307][LC: 1200] - INTERNAL EVENT: Code 10
EVENT[T: 1457886307][LC: 1201] - INTERNAL EVENT: Code 6
EVENT[T: 1457886307][LC: 1202] - INTERNAL EVENT: Code 8
EVENT[T: 1457886307][LC: 1203] - INTERNAL EVENT: Code 7
EVENT[T: 1457886308][LC: 1204] - INTERNAL EVENT: Code 6
EVENT[T: 1457886308][LC: 1205] - INTERNAL EVENT: Code 6
EVENT[T: 1457886308][LC: 1227] - RECIEVE: Proc 2. Queue size is 1
EVENT[T: 1457886308][LC: 1228] - RECIEVE: Proc 2. Queue size is 0
EVENT[T: 1457886308][LC: 1229] - INTERNAL EVENT: Code 9
EVENT[T: 1457886308][LC: 1234] - RECIEVE: Proc 2. Queue size is 1
EVENT[T: 1457886308][LC: 1236] - RECIEVE: Proc 2. Queue size is 1
EVENT[T: 1457886308][LC: 1238] - RECIEVE: Proc 2. Queue size is 1
