===== Machine 1 has PID 6314 and clockspeed 5 Hz =====
EVENT[T: 1457884420][LC: 1] - SEND: Proc 1 to procs 2 and 0
EVENT[T: 1457884421][LC: 2] - INTERNAL EVENT: Code 9
EVENT[T: 1457884421][LC: 3] - INTERNAL EVENT: Code 10
EVENT[T: 1457884421][LC: 4] - SEND: Proc 1 to procs 2 and 0
EVENT[T: 1457884421][LC: 5] - INTERNAL EVENT: Code 9
EVENT[T: 1457884421][LC: 6] - SEND: Proc 1 to proc 2
EVENT[T: 1457884422][LC: 7] - INTERNAL EVENT: Code 10
EVENT[T: 1457884422][LC: 8] - INTERNAL EVENT: Code 9
EVENT[T: 1457884422][LC: 9] - INTERNAL EVENT: Code 4
EVENT[T: 1457884422][LC: 10] - INTERNAL EVENT: Code 4
EVENT[T: 1457884422][LC: 11] - RECIEVE: Proc 1. Queue size is 0
EVENT[T: 1457884423][LC: 12] - SEND: Proc 1 to procs 2 and 0
EVENT[T: 1457884423][LC: 13] - INTERNAL EVENT: Code 8
EVENT[T: 1457884423][LC: 14] - SEND: Proc 1 to proc 2
EVENT[T: 1457884423][LC: 15] - INTERNAL EVENT: Code 6
EVENT[T: 1457884423][LC: 16] - INTERNAL EVENT: Code 10
EVENT[T: 1457884424][LC: 17] - INTERNAL EVENT: Code 9
EVENT[T: 1457884424][LC: 18] - SEND: Proc 1 to proc 0
EVENT[T: 1457884424][LC: 19] - SEND: Proc 1 to proc 0
EVENT[T: 1457884424][LC: 20] - INTERNAL EVENT: Code 4
EVENT[T: 1457884424][LC: 21] - INTERNAL EVENT: Code 8
EVENT[T: 1457884425][LC: 22] - INTERNAL EVENT: Code 9
EVENT[T: 1457884425][LC: 23] - INTERNAL EVENT: Code 6
EVENT[T: 1457884425][LC: 24] - INTERNAL EVENT: Code 4
EVENT[T: 1457884425][LC: 25] - SEND: Proc 1 to proc 0
EVENT[T: 1457884425][LC: 26] - INTERNAL EVENT: Code 4
EVENT[T: 1457884426][LC: 27] - INTERNAL EVENT: Code 10
EVENT[T: 1457884426][LC: 28] - INTERNAL EVENT: Code 6
EVENT[T: 1457884426][LC: 29] - RECIEVE: Proc 1. Queue size is 0
EVENT[T: 1457884426][LC: 30] - SEND: Proc 1 to proc 0
EVENT[T: 1457884426][LC: 31] - SEND: Proc 1 to proc 2
EVENT[T: 1457884427][LC: 32] - INTERNAL EVENT: Code 6
EVENT[T: 1457884427][LC: 33] - INTERNAL EVENT: Code 4
EVENT[T: 1457884427][LC: 34] - SEND: Proc 1 to procs 2 and 0
EVENT[T: 1457884427][LC: 35] - INTERNAL EVENT: Code 4
EVENT[T: 1457884427][LC: 36] - INTERNAL EVENT: Code 7
EVENT[T: 1457884428][LC: 37] - SEND: Proc 1 to procs 2 and 0
EVENT[T: 1457884428][LC: 38] - INTERNAL EVENT: Code 9
EVENT[T: 1457884428][LC: 39] - INTERNAL EVENT: Code 7
EVENT[T: 1457884428][LC: 40] - SEND: Proc 1 to procs 2 and 0
EVENT[T: 1457884428][LC: 41] - INTERNAL EVENT: Code 8
EVENT[T: 1457884429][LC: 42] - SEND: Proc 1 to procs 2 and 0
EVENT[T: 1457884429][LC: 43] - INTERNAL EVENT: Code 8
EVENT[T: 1457884429][LC: 44] - INTERNAL EVENT: Code 9
EVENT[T: 1457884429][LC: 45] - SEND: Proc 1 to procs 2 and 0
EVENT[T: 1457884429][LC: 46] - INTERNAL EVENT: Code 8
EVENT[T: 1457884430][LC: 47] - INTERNAL EVENT: Code 4
EVENT[T: 1457884430][LC: 48] - INTERNAL EVENT: Code 8
EVENT[T: 1457884430][LC: 49] - RECIEVE: Proc 1. Queue size is 0
EVENT[T: 1457884430][LC: 50] - SEND: Proc 1 to procs 2 and 0
EVENT[T: 1457884430][LC: 51] - SEND: Proc 1 to proc 0
EVENT[T: 1457884431][LC: 52] - INTERNAL EVENT: Code 7
EVENT[T: 1457884431][LC: 53] - INTERNAL EVENT: Code 8
EVENT[T: 1457884431][LC: 54] - INTERNAL EVENT: Code 6
EVENT[T: 1457884431][LC: 55] - INTERNAL EVENT: Code 10
EVENT[T: 1457884431][LC: 56] - INTERNAL EVENT: Code 7
EVENT[T: 1457884432][LC: 57] - SEND: Proc 1 to procs 2 and 0
EVENT[T: 1457884432][LC: 58] - INTERNAL EVENT: Code 6
EVENT[T: 1457884432][LC: 59] - INTERNAL EVENT: Code 8
EVENT[T: 1457884432][LC: 60] - INTERNAL EVENT: Code 5
EVENT[T: 1457884432][LC: 61] - SEND: Proc 1 to proc 0
EVENT[T: 1457884433][LC: 62] - INTERNAL EVENT: Code 8
EVENT[T: 1457884433][LC: 63] - SEND: Proc 1 to procs 2 and 0
EVENT[T: 1457884433][LC: 64] - INTERNAL EVENT: Code 10
EVENT[T: 1457884433][LC: 65] - INTERNAL EVENT: Code 7
EVENT[T: 1457884433][LC: 66] - SEND: Proc 1 to proc 2
EVENT[T: 1457884434][LC: 67] - INTERNAL EVENT: Code 10
EVENT[T: 1457884434][LC: 68] - INTERNAL EVENT: Code 10
EVENT[T: 1457884434][LC: 69] - SEND: Proc 1 to proc 0
EVENT[T: 1457884434][LC: 70] - INTERNAL EVENT: Code 7
EVENT[T: 1457884434][LC: 71] - INTERNAL EVENT: Code 7
EVENT[T: 1457884435][LC: 72] - INTERNAL EVENT: Code 8
EVENT[T: 1457884435][LC: 73] - INTERNAL EVENT: Code 4
EVENT[T: 1457884435][LC: 74] - INTERNAL EVENT: Code 4
EVENT[T: 1457884435][LC: 75] - INTERNAL EVENT: Code 7
EVENT[T: 1457884435][LC: 76] - RECIEVE: Proc 1. Queue size is 0
EVENT[T: 1457884436][LC: 77] - SEND: Proc 1 to procs 2 and 0
EVENT[T: 1457884436][LC: 78] - INTERNAL EVENT: Code 8
EVENT[T: 1457884436][LC: 79] - INTERNAL EVENT: Code 5
EVENT[T: 1457884436][LC: 80] - INTERNAL EVENT: Code 5
EVENT[T: 1457884436][LC: 81] - SEND: Proc 1 to procs 2 and 0
EVENT[T: 1457884437][LC: 82] - SEND: Proc 1 to proc 0
EVENT[T: 1457884437][LC: 83] - SEND: Proc 1 to procs 2 and 0
EVENT[T: 1457884437][LC: 84] - SEND: Proc 1 to proc 0
EVENT[T: 1457884437][LC: 85] - INTERNAL EVENT: Code 9
EVENT[T: 1457884437][LC: 86] - SEND: Proc 1 to proc 2
EVENT[T: 1457884438][LC: 87] - INTERNAL EVENT: Code 8
EVENT[T: 1457884438][LC: 88] - SEND: Proc 1 to proc 2
EVENT[T: 1457884438][LC: 89] - SEND: Proc 1 to proc 2
EVENT[T: 1457884438][LC: 90] - INTERNAL EVENT: Code 9
EVENT[T: 1457884438][LC: 91] - SEND: Proc 1 to proc 2
EVENT[T: 1457884439][LC: 92] - INTERNAL EVENT: Code 6
EVENT[T: 1457884439][LC: 93] - INTERNAL EVENT: Code 4
EVENT[T: 1457884439][LC: 94] - RECIEVE: Proc 1. Queue size is 0
EVENT[T: 1457884439][LC: 95] - INTERNAL EVENT: Code 10
EVENT[T: 1457884439][LC: 96] - INTERNAL EVENT: Code 7
EVENT[T: 1457884440][LC: 97] - INTERNAL EVENT: Code 9
EVENT[T: 1457884440][LC: 98] - INTERNAL EVENT: Code 6
EVENT[T: 1457884440][LC: 99] - SEND: Proc 1 to proc 2
EVENT[T: 1457884440][LC: 100] - INTERNAL EVENT: Code 6
EVENT[T: 1457884440][LC: 101] - INTERNAL EVENT: Code 5
EVENT[T: 1457884441][LC: 102] - SEND: Proc 1 to procs 2 and 0
EVENT[T: 1457884441][LC: 103] - INTERNAL EVENT: Code 4
EVENT[T: 1457884441][LC: 104] - INTERNAL EVENT: Code 4
EVENT[T: 1457884441][LC: 105] - INTERNAL EVENT: Code 4
EVENT[T: 1457884441][LC: 106] - INTERNAL EVENT: Code 8
EVENT[T: 1457884442][LC: 107] - INTERNAL EVENT: Code 7
EVENT[T: 1457884442][LC: 108] - SEND: Proc 1 to proc 0
EVENT[T: 1457884442][LC: 109] - INTERNAL EVENT: Code 10
EVENT[T: 1457884442][LC: 110] - INTERNAL EVENT: Code 9
EVENT[T: 1457884442][LC: 111] - INTERNAL EVENT: Code 8
EVENT[T: 1457884443][LC: 112] - SEND: Proc 1 to proc 0
EVENT[T: 1457884443][LC: 113] - SEND: Proc 1 to proc 0
EVENT[T: 1457884443][LC: 114] - INTERNAL EVENT: Code 4
EVENT[T: 1457884443][LC: 115] - INTERNAL EVENT: Code 9
EVENT[T: 1457884443][LC: 116] - INTERNAL EVENT: Code 9
EVENT[T: 1457884444][LC: 117] - INTERNAL EVENT: Code 7
EVENT[T: 1457884444][LC: 118] - INTERNAL EVENT: Code 4
EVENT[T: 1457884444][LC: 119] - INTERNAL EVENT: Code 5
EVENT[T: 1457884444][LC: 120] - INTERNAL EVENT: Code 9
EVENT[T: 1457884444][LC: 121] - INTERNAL EVENT: Code 10
EVENT[T: 1457884445][LC: 122] - SEND: Proc 1 to procs 2 and 0
EVENT[T: 1457884445][LC: 123] - INTERNAL EVENT: Code 7
EVENT[T: 1457884445][LC: 124] - INTERNAL EVENT: Code 4
EVENT[T: 1457884445][LC: 125] - INTERNAL EVENT: Code 10
EVENT[T: 1457884445][LC: 126] - INTERNAL EVENT: Code 6
EVENT[T: 1457884446][LC: 127] - INTERNAL EVENT: Code 6
EVENT[T: 1457884446][LC: 128] - SEND: Proc 1 to proc 2
EVENT[T: 1457884446][LC: 129] - SEND: Proc 1 to procs 2 and 0
EVENT[T: 1457884446][LC: 130] - SEND: Proc 1 to proc 0
EVENT[T: 1457884446][LC: 131] - INTERNAL EVENT: Code 10
EVENT[T: 1457884447][LC: 132] - SEND: Proc 1 to proc 0
EVENT[T: 1457884447][LC: 133] - INTERNAL EVENT: Code 8
EVENT[T: 1457884447][LC: 134] - INTERNAL EVENT: Code 4
EVENT[T: 1457884447][LC: 135] - INTERNAL EVENT: Code 8
EVENT[T: 1457884447][LC: 136] - INTERNAL EVENT: Code 6
EVENT[T: 1457884448][LC: 137] - INTERNAL EVENT: Code 5
EVENT[T: 1457884448][LC: 138] - INTERNAL EVENT: Code 6
EVENT[T: 1457884448][LC: 139] - INTERNAL EVENT: Code 9
EVENT[T: 1457884448][LC: 140] - INTERNAL EVENT: Code 8
EVENT[T: 1457884448][LC: 141] - INTERNAL EVENT: Code 8
EVENT[T: 1457884449][LC: 142] - INTERNAL EVENT: Code 5
EVENT[T: 1457884449][LC: 143] - INTERNAL EVENT: Code 7
EVENT[T: 1457884449][LC: 144] - SEND: Proc 1 to proc 2
EVENT[T: 1457884449][LC: 145] - SEND: Proc 1 to procs 2 and 0
EVENT[T: 1457884449][LC: 146] - INTERNAL EVENT: Code 4
EVENT[T: 1457884450][LC: 147] - SEND: Proc 1 to procs 2 and 0
EVENT[T: 1457884450][LC: 148] - INTERNAL EVENT: Code 6
EVENT[T: 1457884450][LC: 149] - INTERNAL EVENT: Code 6
EVENT[T: 1457884450][LC: 150] - INTERNAL EVENT: Code 8
EVENT[T: 1457884450][LC: 151] - SEND: Proc 1 to proc 2
EVENT[T: 1457884451][LC: 152] - INTERNAL EVENT: Code 5
EVENT[T: 1457884451][LC: 153] - INTERNAL EVENT: Code 4
EVENT[T: 1457884451][LC: 154] - INTERNAL EVENT: Code 5
EVENT[T: 1457884451][LC: 155] - INTERNAL EVENT: Code 5
EVENT[T: 1457884451][LC: 156] - INTERNAL EVENT: Code 6
EVENT[T: 1457884452][LC: 157] - INTERNAL EVENT: Code 8
EVENT[T: 1457884452][LC: 158] - INTERNAL EVENT: Code 7
EVENT[T: 1457884452][LC: 159] - RECIEVE: Proc 1. Queue size is 0
EVENT[T: 1457884452][LC: 160] - INTERNAL EVENT: Code 10
EVENT[T: 1457884452][LC: 161] - INTERNAL EVENT: Code 4
EVENT[T: 1457884453][LC: 162] - INTERNAL EVENT: Code 5
EVENT[T: 1457884453][LC: 163] - INTERNAL EVENT: Code 5
EVENT[T: 1457884453][LC: 164] - INTERNAL EVENT: Code 7
EVENT[T: 1457884453][LC: 165] - INTERNAL EVENT: Code 7
EVENT[T: 1457884453][LC: 166] - RECIEVE: Proc 1. Queue size is 0
EVENT[T: 1457884454][LC: 167] - INTERNAL EVENT: Code 9
EVENT[T: 1457884454][LC: 168] - SEND: Proc 1 to procs 2 and 0
EVENT[T: 1457884454][LC: 169] - INTERNAL EVENT: Code 9
EVENT[T: 1457884454][LC: 170] - INTERNAL EVENT: Code 10
EVENT[T: 1457884454][LC: 171] - SEND: Proc 1 to proc 2
EVENT[T: 1457884455][LC: 172] - SEND: Proc 1 to procs 2 and 0
EVENT[T: 1457884455][LC: 173] - INTERNAL EVENT: Code 4
EVENT[T: 1457884455][LC: 174] - INTERNAL EVENT: Code 9
EVENT[T: 1457884455][LC: 175] - INTERNAL EVENT: Code 4
EVENT[T: 1457884455][LC: 176] - INTERNAL EVENT: Code 8
EVENT[T: 1457884456][LC: 177] - INTERNAL EVENT: Code 4
EVENT[T: 1457884456][LC: 178] - SEND: Proc 1 to procs 2 and 0
EVENT[T: 1457884456][LC: 179] - INTERNAL EVENT: Code 5
EVENT[T: 1457884456][LC: 180] - SEND: Proc 1 to proc 0
EVENT[T: 1457884456][LC: 181] - INTERNAL EVENT: Code 10
EVENT[T: 1457884457][LC: 182] - INTERNAL EVENT: Code 10
EVENT[T: 1457884457][LC: 183] - INTERNAL EVENT: Code 6
EVENT[T: 1457884457][LC: 184] - RECIEVE: Proc 1. Queue size is 0
EVENT[T: 1457884457][LC: 185] - SEND: Proc 1 to procs 2 and 0
EVENT[T: 1457884457][LC: 186] - INTERNAL EVENT: Code 8
EVENT[T: 1457884458][LC: 187] - SEND: Proc 1 to proc 2
EVENT[T: 1457884458][LC: 188] - INTERNAL EVENT: Code 7
EVENT[T: 1457884458][LC: 189] - INTERNAL EVENT: Code 4
EVENT[T: 1457884458][LC: 190] - INTERNAL EVENT: Code 6
EVENT[T: 1457884458][LC: 191] - SEND: Proc 1 to procs 2 and 0
EVENT[T: 1457884459][LC: 192] - INTERNAL EVENT: Code 6
EVENT[T: 1457884459][LC: 193] - INTERNAL EVENT: Code 9
EVENT[T: 1457884459][LC: 194] - INTERNAL EVENT: Code 7
EVENT[T: 1457884459][LC: 195] - INTERNAL EVENT: Code 9
EVENT[T: 1457884459][LC: 196] - RECIEVE: Proc 1. Queue size is 0
EVENT[T: 1457884460][LC: 197] - SEND: Proc 1 to proc 0
EVENT[T: 1457884460][LC: 198] - SEND: Proc 1 to proc 0
EVENT[T: 1457884460][LC: 199] - INTERNAL EVENT: Code 5
EVENT[T: 1457884460][LC: 200] - INTERNAL EVENT: Code 8
EVENT[T: 1457884460][LC: 201] - INTERNAL EVENT: Code 10
EVENT[T: 1457884461][LC: 202] - INTERNAL EVENT: Code 10
EVENT[T: 1457884461][LC: 203] - INTERNAL EVENT: Code 7
EVENT[T: 1457884461][LC: 204] - INTERNAL EVENT: Code 8
EVENT[T: 1457884461][LC: 205] - INTERNAL EVENT: Code 4
EVENT[T: 1457884461][LC: 206] - RECIEVE: Proc 1. Queue size is 0
EVENT[T: 1457884462][LC: 207] - INTERNAL EVENT: Code 5
EVENT[T: 1457884462][LC: 208] - INTERNAL EVENT: Code 7
EVENT[T: 1457884462][LC: 209] - SEND: Proc 1 to procs 2 and 0
EVENT[T: 1457884462][LC: 210] - INTERNAL EVENT: Code 9
EVENT[T: 1457884462][LC: 211] - INTERNAL EVENT: Code 9
EVENT[T: 1457884463][LC: 212] - SEND: Proc 1 to procs 2 and 0
EVENT[T: 1457884463][LC: 213] - INTERNAL EVENT: Code 6
EVENT[T: 1457884463][LC: 214] - SEND: Proc 1 to procs 2 and 0
EVENT[T: 1457884463][LC: 215] - INTERNAL EVENT: Code 7
EVENT[T: 1457884464][LC: 216] - INTERNAL EVENT: Code 6
EVENT[T: 1457884464][LC: 217] - INTERNAL EVENT: Code 10
EVENT[T: 1457884464][LC: 218] - SEND: Proc 1 to procs 2 and 0
EVENT[T: 1457884464][LC: 219] - INTERNAL EVENT: Code 6
EVENT[T: 1457884464][LC: 220] - INTERNAL EVENT: Code 10
EVENT[T: 1457884465][LC: 221] - SEND: Proc 1 to proc 2
EVENT[T: 1457884465][LC: 222] - SEND: Proc 1 to proc 2
EVENT[T: 1457884465][LC: 223] - INTERNAL EVENT: Code 8
EVENT[T: 1457884465][LC: 224] - RECIEVE: Proc 1. Queue size is 0
EVENT[T: 1457884465][LC: 225] - SEND: Proc 1 to proc 2
EVENT[T: 1457884466][LC: 226] - INTERNAL EVENT: Code 4
EVENT[T: 1457884466][LC: 227] - INTERNAL EVENT: Code 5
EVENT[T: 1457884466][LC: 228] - INTERNAL EVENT: Code 4
EVENT[T: 1457884466][LC: 229] - INTERNAL EVENT: Code 8
EVENT[T: 1457884466][LC: 230] - INTERNAL EVENT: Code 6
EVENT[T: 1457884467][LC: 231] - INTERNAL EVENT: Code 4
EVENT[T: 1457884467][LC: 232] - INTERNAL EVENT: Code 9
EVENT[T: 1457884467][LC: 233] - SEND: Proc 1 to procs 2 and 0
EVENT[T: 1457884467][LC: 234] - INTERNAL EVENT: Code 9
EVENT[T: 1457884467][LC: 235] - INTERNAL EVENT: Code 6
EVENT[T: 1457884468][LC: 236] - RECIEVE: Proc 1. Queue size is 0
EVENT[T: 1457884468][LC: 237] - INTERNAL EVENT: Code 9
EVENT[T: 1457884468][LC: 238] - INTERNAL EVENT: Code 6
EVENT[T: 1457884468][LC: 239] - INTERNAL EVENT: Code 7
EVENT[T: 1457884468][LC: 240] - INTERNAL EVENT: Code 9
EVENT[T: 1457884469][LC: 241] - INTERNAL EVENT: Code 4
EVENT[T: 1457884469][LC: 242] - SEND: Proc 1 to proc 2
EVENT[T: 1457884469][LC: 243] - INTERNAL EVENT: Code 4
EVENT[T: 1457884469][LC: 244] - SEND: Proc 1 to procs 2 and 0
EVENT[T: 1457884469][LC: 245] - INTERNAL EVENT: Code 5
EVENT[T: 1457884470][LC: 246] - SEND: Proc 1 to procs 2 and 0
EVENT[T: 1457884470][LC: 247] - INTERNAL EVENT: Code 6
EVENT[T: 1457884470][LC: 248] - SEND: Proc 1 to procs 2 and 0
EVENT[T: 1457884470][LC: 249] - INTERNAL EVENT: Code 4
EVENT[T: 1457884470][LC: 250] - INTERNAL EVENT: Code 9
EVENT[T: 1457884471][LC: 251] - INTERNAL EVENT: Code 8
EVENT[T: 1457884471][LC: 252] - INTERNAL EVENT: Code 9
EVENT[T: 1457884471][LC: 253] - INTERNAL EVENT: Code 9
EVENT[T: 1457884471][LC: 254] - INTERNAL EVENT: Code 7
EVENT[T: 1457884471][LC: 255] - INTERNAL EVENT: Code 10
EVENT[T: 1457884472][LC: 256] - SEND: Proc 1 to proc 0
EVENT[T: 1457884472][LC: 257] - INTERNAL EVENT: Code 6
EVENT[T: 1457884472][LC: 258] - INTERNAL EVENT: Code 6
EVENT[T: 1457884472][LC: 259] - INTERNAL EVENT: Code 10
EVENT[T: 1457884472][LC: 260] - SEND: Proc 1 to proc 2
EVENT[T: 1457884473][LC: 261] - INTERNAL EVENT: Code 6
EVENT[T: 1457884473][LC: 262] - SEND: Proc 1 to proc 2
EVENT[T: 1457884473][LC: 263] - INTERNAL EVENT: Code 7
EVENT[T: 1457884473][LC: 264] - RECIEVE: Proc 1. Queue size is 0
EVENT[T: 1457884473][LC: 265] - SEND: Proc 1 to proc 0
EVENT[T: 1457884474][LC: 266] - SEND: Proc 1 to proc 0
EVENT[T: 1457884474][LC: 267] - INTERNAL EVENT: Code 10
EVENT[T: 1457884474][LC: 268] - SEND: Proc 1 to proc 0
EVENT[T: 1457884474][LC: 269] - INTERNAL EVENT: Code 4
EVENT[T: 1457884474][LC: 270] - INTERNAL EVENT: Code 10
EVENT[T: 1457884475][LC: 271] - INTERNAL EVENT: Code 4
EVENT[T: 1457884475][LC: 272] - SEND: Proc 1 to proc 0
EVENT[T: 1457884475][LC: 273] - SEND: Proc 1 to proc 0
EVENT[T: 1457884475][LC: 274] - INTERNAL EVENT: Code 7
EVENT[T: 1457884475][LC: 275] - INTERNAL EVENT: Code 4
EVENT[T: 1457884476][LC: 276] - SEND: Proc 1 to proc 0
EVENT[T: 1457884476][LC: 277] - INTERNAL EVENT: Code 7
EVENT[T: 1457884476][LC: 278] - INTERNAL EVENT: Code 10
EVENT[T: 1457884476][LC: 279] - SEND: Proc 1 to proc 2
EVENT[T: 1457884476][LC: 280] - INTERNAL EVENT: Code 6
EVENT[T: 1457884477][LC: 281] - INTERNAL EVENT: Code 7
EVENT[T: 1457884477][LC: 282] - INTERNAL EVENT: Code 5
EVENT[T: 1457884477][LC: 283] - INTERNAL EVENT: Code 5
EVENT[T: 1457884477][LC: 284] - SEND: Proc 1 to proc 2
EVENT[T: 1457884477][LC: 285] - INTERNAL EVENT: Code 6
EVENT[T: 1457884478][LC: 286] - SEND: Proc 1 to proc 0
EVENT[T: 1457884478][LC: 287] - INTERNAL EVENT: Code 9
EVENT[T: 1457884478][LC: 288] - INTERNAL EVENT: Code 9
EVENT[T: 1457884478][LC: 289] - INTERNAL EVENT: Code 8
EVENT[T: 1457884478][LC: 290] - INTERNAL EVENT: Code 9
EVENT[T: 1457884479][LC: 291] - SEND: Proc 1 to proc 2
EVENT[T: 1457884479][LC: 292] - INTERNAL EVENT: Code 10
EVENT[T: 1457884479][LC: 293] - SEND: Proc 1 to proc 2
EVENT[T: 1457884479][LC: 294] - SEND: Proc 1 to procs 2 and 0
EVENT[T: 1457884479][LC: 295] - SEND: Proc 1 to proc 2
