===== Machine 2 has PID 6346 and clockspeed 4 Hz =====
EVENT[T: 1457884428][LC: 1] - SEND: Proc 2 to proc 1
EVENT[T: 1457884428][LC: 2] - SEND: Proc 2 to proc 1
EVENT[T: 1457884428][LC: 3] - SEND: Proc 2 to proc 0
EVENT[T: 1457884428][LC: 4] - INTERNAL EVENT: Code 4
EVENT[T: 1457884429][LC: 5] - INTERNAL EVENT: Code 9
EVENT[T: 1457884429][LC: 6] - SEND: Proc 2 to proc 0
EVENT[T: 1457884429][LC: 7] - RECIEVE: Proc 2. Queue size is 0
EVENT[T: 1457884429][LC: 8] - RECIEVE: Proc 2. Queue size is 1
EVENT[T: 1457884430][LC: 9] - RECIEVE: Proc 2. Queue size is 0
EVENT[T: 1457884430][LC: 10] - SEND: Proc 2 to proc 0
EVENT[T: 1457884430][LC: 11] - INTERNAL EVENT: Code 10
EVENT[T: 1457884430][LC: 12] - SEND: Proc 2 to proc 1
EVENT[T: 1457884431][LC: 13] - INTERNAL EVENT: Code 4
EVENT[T: 1457884431][LC: 14] - SEND: Proc 2 to proc 1
EVENT[T: 1457884431][LC: 15] - INTERNAL EVENT: Code 8
EVENT[T: 1457884431][LC: 16] - INTERNAL EVENT: Code 9
EVENT[T: 1457884432][LC: 17] - INTERNAL EVENT: Code 8
EVENT[T: 1457884432][LC: 18] - RECIEVE: Proc 2. Queue size is 0
EVENT[T: 1457884432][LC: 19] - RECIEVE: Proc 2. Queue size is 0
EVENT[T: 1457884432][LC: 20] - RECIEVE: Proc 2. Queue size is 0
EVENT[T: 1457884433][LC: 21] - INTERNAL EVENT: Code 8
EVENT[T: 1457884433][LC: 22] - INTERNAL EVENT: Code 9
EVENT[T: 1457884433][LC: 23] - RECIEVE: Proc 2. Queue size is 0
EVENT[T: 1457884433][LC: 24] - RECIEVE: Proc 2. Queue size is 0
EVENT[T: 1457884434][LC: 25] - SEND: Proc 2 to proc 0
EVENT[T: 1457884434][LC: 26] - INTERNAL EVENT: Code 5
EVENT[T: 1457884434][LC: 27] - INTERNAL EVENT: Code 10
EVENT[T: 1457884434][LC: 28] - SEND: Proc 2 to proc 1
EVENT[T: 1457884435][LC: 29] - INTERNAL EVENT: Code 9
EVENT[T: 1457884435][LC: 30] - SEND: Proc 2 to proc 0
EVENT[T: 1457884435][LC: 31] - SEND: Proc 2 to proc 0
EVENT[T: 1457884435][LC: 32] - INTERNAL EVENT: Code 5
EVENT[T: 1457884436][LC: 33] - INTERNAL EVENT: Code 6
EVENT[T: 1457884436][LC: 34] - RECIEVE: Proc 2. Queue size is 0
EVENT[T: 1457884436][LC: 35] - INTERNAL EVENT: Code 8
EVENT[T: 1457884436][LC: 36] - SEND: Proc 2 to procs 0 and 1
EVENT[T: 1457884437][LC: 37] - SEND: Proc 2 to proc 1
EVENT[T: 1457884437][LC: 38] - SEND: Proc 2 to proc 1
EVENT[T: 1457884437][LC: 39] - INTERNAL EVENT: Code 6
EVENT[T: 1457884437][LC: 40] - SEND: Proc 2 to proc 0
EVENT[T: 1457884438][LC: 41] - INTERNAL EVENT: Code 7
EVENT[T: 1457884438][LC: 42] - INTERNAL EVENT: Code 6
EVENT[T: 1457884438][LC: 43] - RECIEVE: Proc 2. Queue size is 0
EVENT[T: 1457884438][LC: 44] - RECIEVE: Proc 2. Queue size is 0
EVENT[T: 1457884439][LC: 45] - RECIEVE: Proc 2. Queue size is 0
EVENT[T: 1457884439][LC: 46] - SEND: Proc 2 to procs 0 and 1
EVENT[T: 1457884439][LC: 47] - INTERNAL EVENT: Code 9
EVENT[T: 1457884439][LC: 48] - INTERNAL EVENT: Code 10
EVENT[T: 1457884440][LC: 49] - INTERNAL EVENT: Code 10
EVENT[T: 1457884440][LC: 50] - INTERNAL EVENT: Code 9
EVENT[T: 1457884440][LC: 51] - RECIEVE: Proc 2. Queue size is 1
EVENT[T: 1457884440][LC: 52] - RECIEVE: Proc 2. Queue size is 0
EVENT[T: 1457884441][LC: 53] - SEND: Proc 2 to procs 0 and 1
EVENT[T: 1457884441][LC: 54] - INTERNAL EVENT: Code 9
EVENT[T: 1457884441][LC: 55] - SEND: Proc 2 to proc 1
EVENT[T: 1457884441][LC: 56] - INTERNAL EVENT: Code 7
EVENT[T: 1457884442][LC: 57] - RECIEVE: Proc 2. Queue size is 0
EVENT[T: 1457884442][LC: 58] - SEND: Proc 2 to proc 1
EVENT[T: 1457884442][LC: 59] - RECIEVE: Proc 2. Queue size is 0
EVENT[T: 1457884442][LC: 60] - SEND: Proc 2 to procs 0 and 1
EVENT[T: 1457884443][LC: 61] - INTERNAL EVENT: Code 9
EVENT[T: 1457884443][LC: 62] - RECIEVE: Proc 2. Queue size is 0
EVENT[T: 1457884443][LC: 63] - INTERNAL EVENT: Code 5
EVENT[T: 1457884443][LC: 64] - RECIEVE: Proc 2. Queue size is 0
EVENT[T: 1457884444][LC: 65] - INTERNAL EVENT: Code 7
EVENT[T: 1457884444][LC: 66] - INTERNAL EVENT: Code 6
EVENT[T: 1457884444][LC: 67] - RECIEVE: Proc 2. Queue size is 0
EVENT[T: 1457884444][LC: 68] - RECIEVE: Proc 2. Queue size is 0
EVENT[T: 1457884445][LC: 69] - INTERNAL EVENT: Code 9
EVENT[T: 1457884445][LC: 70] - RECIEVE: Proc 2. Queue size is 0
EVENT[T: 1457884445][LC: 71] - SEND: Proc 2 to procs 0 and 1
EVENT[T: 1457884445][LC: 72] - SEND: Proc 2 to proc 0
EVENT[T: 1457884446][LC: 73] - SEND: Proc 2 to proc 1
EVENT[T: 1457884446][LC: 74] - RECIEVE: Proc 2. Queue size is 0
EVENT[T: 1457884446][LC: 75] - INTERNAL EVENT: Code 10
EVENT[T: 1457884446][LC: 76] - INTERNAL EVENT: Code 5
EVENT[T: 1457884447][LC: 77] - INTERNAL EVENT: Code 5
EVENT[T: 1457884447][LC: 78] - RECIEVE: Proc 2. Queue size is 0
EVENT[T: 1457884447][LC: 79] - RECIEVE: Proc 2. Queue size is 0
EVENT[T: 1457884447][LC: 80] - SEND: Proc 2 to proc 1
EVENT[T: 1457884448][LC: 81] - INTERNAL EVENT: Code 5
EVENT[T: 1457884448][LC: 82] - SEND: Proc 2 to proc 0
EVENT[T: 1457884448][LC: 83] - SEND: Proc 2 to proc 1
EVENT[T: 1457884448][LC: 84] - RECIEVE: Proc 2. Queue size is 0
EVENT[T: 1457884449][LC: 85] - SEND: Proc 2 to procs 0 and 1
EVENT[T: 1457884449][LC: 86] - SEND: Proc 2 to procs 0 and 1
EVENT[T: 1457884449][LC: 87] - INTERNAL EVENT: Code 7
EVENT[T: 1457884449][LC: 88] - RECIEVE: Proc 2. Queue size is 0
EVENT[T: 1457884450][LC: 89] - RECIEVE: Proc 2. Queue size is 0
EVENT[T: 1457884450][LC: 90] - INTERNAL EVENT: Code 8
EVENT[T: 1457884450][LC: 91] - INTERNAL EVENT: Code 9
EVENT[T: 1457884450][LC: 92] - SEND: Proc 2 to procs 0 and 1
EVENT[T: 1457884451][LC: 93] - INTERNAL EVENT: Code 4
EVENT[T: 1457884451][LC: 94] - RECIEVE: Proc 2. Queue size is 0
EVENT[T: 1457884451][LC: 95] - INTERNAL EVENT: Code 4
EVENT[T: 1457884451][LC: 96] - RECIEVE: Proc 2. Queue size is 0
EVENT[T: 1457884452][LC: 97] - INTERNAL EVENT: Code 9
EVENT[T: 1457884452][LC: 98] - INTERNAL EVENT: Code 9
EVENT[T: 1457884452][LC: 99] - INTERNAL EVENT: Code 8
EVENT[T: 1457884452][LC: 100] - RECIEVE: Proc 2. Queue size is 0
EVENT[T: 1457884453][LC: 101] - INTERNAL EVENT: Code 8
EVENT[T: 1457884453][LC: 102] - INTERNAL EVENT: Code 6
EVENT[T: 1457884453][LC: 103] - RECIEVE: Proc 2. Queue size is 0
EVENT[T: 1457884453][LC: 104] - SEND: Proc 2 to procs 0 and 1
EVENT[T: 1457884454][LC: 105] - INTERNAL EVENT: Code 8
EVENT[T: 1457884454][LC: 106] - INTERNAL EVENT: Code 4
EVENT[T: 1457884454][LC: 107] - INTERNAL EVENT: Code 7
EVENT[T: 1457884454][LC: 108] - INTERNAL EVENT: Code 5
EVENT[T: 1457884455][LC: 109] - RECIEVE: Proc 2. Queue size is 0
EVENT[T: 1457884455][LC: 110] - INTERNAL EVENT: Code 5
EVENT[T: 1457884455][LC: 111] - INTERNAL EVENT: Code 6
EVENT[T: 1457884455][LC: 112] - INTERNAL EVENT: Code 6
EVENT[T: 1457884456][LC: 113] - SEND: Proc 2 to procs 0 and 1
EVENT[T: 1457884456][LC: 114] - SEND: Proc 2 to proc 0
EVENT[T: 1457884456][LC: 115] - SEND: Proc 2 to procs 0 and 1
EVENT[T: 1457884456][LC: 116] - INTERNAL EVENT: Code 4
EVENT[T: 1457884457][LC: 117] - INTERNAL EVENT: Code 8
EVENT[T: 1457884457][LC: 118] - RECIEVE: Proc 2. Queue size is 0
EVENT[T: 1457884457][LC: 119] - INTERNAL EVENT: Code 6
EVENT[T: 1457884457][LC: 120] - RECIEVE: Proc 2. Queue size is 0
EVENT[T: 1457884458][LC: 121] - SEND: Proc 2 to procs 0 and 1
EVENT[T: 1457884458][LC: 122] - INTERNAL EVENT: Code 8
EVENT[T: 1457884458][LC: 123] - INTERNAL EVENT: Code 8
EVENT[T: 1457884458][LC: 124] - RECIEVE: Proc 2. Queue size is 0
EVENT[T: 1457884459][LC: 125] - INTERNAL EVENT: Code 5
EVENT[T: 1457884459][LC: 126] - RECIEVE: Proc 2. Queue size is 0
EVENT[T: 1457884459][LC: 127] - SEND: Proc 2 to procs 0 and 1
EVENT[T: 1457884459][LC: 128] - INTERNAL EVENT: Code 8
EVENT[T: 1457884460][LC: 129] - INTERNAL EVENT: Code 6
EVENT[T: 1457884460][LC: 130] - INTERNAL EVENT: Code 6
EVENT[T: 1457884460][LC: 131] - RECIEVE: Proc 2. Queue size is 0
EVENT[T: 1457884460][LC: 132] - INTERNAL EVENT: Code 6
EVENT[T: 1457884461][LC: 133] - SEND: Proc 2 to proc 1
EVENT[T: 1457884461][LC: 134] - INTERNAL EVENT: Code 8
EVENT[T: 1457884461][LC: 135] - SEND: Proc 2 to proc 0
EVENT[T: 1457884461][LC: 136] - INTERNAL EVENT: Code 7
EVENT[T: 1457884462][LC: 137] - RECIEVE: Proc 2. Queue size is 0
EVENT[T: 1457884462][LC: 138] - RECIEVE: Proc 2. Queue size is 0
EVENT[T: 1457884462][LC: 139] - RECIEVE: Proc 2. Queue size is 0
EVENT[T: 1457884462][LC: 140] - SEND: Proc 2 to procs 0 and 1
EVENT[T: 1457884463][LC: 141] - INTERNAL EVENT: Code 9
EVENT[T: 1457884463][LC: 142] - INTERNAL EVENT: Code 6
EVENT[T: 1457884463][LC: 143] - SEND: Proc 2 to procs 0 and 1
EVENT[T: 1457884463][LC: 144] - SEND: Proc 2 to proc 1
EVENT[T: 1457884464][LC: 145] - RECIEVE: Proc 2. Queue size is 0
EVENT[T: 1457884464][LC: 146] - INTERNAL EVENT: Code 8
EVENT[T: 1457884464][LC: 147] - INTERNAL EVENT: Code 8
EVENT[T: 1457884464][LC: 148] - RECIEVE: Proc 2. Queue size is 0
EVENT[T: 1457884465][LC: 149] - RECIEVE: Proc 2. Queue size is 0
EVENT[T: 1457884465][LC: 150] - INTERNAL EVENT: Code 9
EVENT[T: 1457884465][LC: 151] - INTERNAL EVENT: Code 10
EVENT[T: 1457884465][LC: 152] - INTERNAL EVENT: Code 4
EVENT[T: 1457884466][LC: 153] - INTERNAL EVENT: Code 9
EVENT[T: 1457884466][LC: 154] - INTERNAL EVENT: Code 6
EVENT[T: 1457884466][LC: 155] - SEND: Proc 2 to procs 0 and 1
EVENT[T: 1457884466][LC: 156] - SEND: Proc 2 to proc 0
EVENT[T: 1457884467][LC: 157] - RECIEVE: Proc 2. Queue size is 0
EVENT[T: 1457884467][LC: 158] - INTERNAL EVENT: Code 9
EVENT[T: 1457884467][LC: 159] - SEND: Proc 2 to procs 0 and 1
EVENT[T: 1457884467][LC: 160] - INTERNAL EVENT: Code 9
EVENT[T: 1457884468][LC: 161] - RECIEVE: Proc 2. Queue size is 0
EVENT[T: 1457884468][LC: 162] - INTERNAL EVENT: Code 6
EVENT[T: 1457884468][LC: 163] - RECIEVE: Proc 2. Queue size is 0
EVENT[T: 1457884468][LC: 164] - RECIEVE: Proc 2. Queue size is 0
EVENT[T: 1457884469][LC: 165] - INTERNAL EVENT: Code 6
EVENT[T: 1457884469][LC: 166] - INTERNAL EVENT: Code 6
EVENT[T: 1457884469][LC: 167] - RECIEVE: Proc 2. Queue size is 0
EVENT[T: 1457884469][LC: 168] - INTERNAL EVENT: Code 8
EVENT[T: 1457884470][LC: 169] - INTERNAL EVENT: Code 6
EVENT[T: 1457884470][LC: 170] - INTERNAL EVENT: Code 9
EVENT[T: 1457884470][LC: 171] - SEND: Proc 2 to procs 0 and 1
EVENT[T: 1457884470][LC: 172] - SEND: Proc 2 to proc 1
EVENT[T: 1457884471][LC: 173] - INTERNAL EVENT: Code 9
EVENT[T: 1457884471][LC: 174] - SEND: Proc 2 to procs 0 and 1
EVENT[T: 1457884471][LC: 175] - SEND: Proc 2 to procs 0 and 1
EVENT[T: 1457884471][LC: 176] - SEND: Proc 2 to proc 1
EVENT[T: 1457884472][LC: 177] - SEND: Proc 2 to proc 0
EVENT[T: 1457884472][LC: 178] - SEND: Proc 2 to proc 1
EVENT[T: 1457884472][LC: 179] - RECIEVE: Proc 2. Queue size is 0
EVENT[T: 1457884472][LC: 180] - RECIEVE: Proc 2. Queue size is 0
EVENT[T: 1457884473][LC: 181] - RECIEVE: Proc 2. Queue size is 0
EVENT[T: 1457884473][LC: 182] - INTERNAL EVENT: Code 8
EVENT[T: 1457884473][LC: 183] - RECIEVE: Proc 2. Queue size is 0
EVENT[T: 1457884473][LC: 184] - RECIEVE: Proc 2. Queue size is 0
EVENT[T: 1457884474][LC: 185] - RECIEVE: Proc 2. Queue size is 0
EVENT[T: 1457884474][LC: 186] - SEND: Proc 2 to proc 0
EVENT[T: 1457884474][LC: 187] - SEND: Proc 2 to proc 0
EVENT[T: 1457884474][LC: 188] - INTERNAL EVENT: Code 7
EVENT[T: 1457884475][LC: 189] - RECIEVE: Proc 2. Queue size is 0
EVENT[T: 1457884475][LC: 190] - INTERNAL EVENT: Code 10
EVENT[T: 1457884475][LC: 191] - INTERNAL EVENT: Code 9
EVENT[T: 1457884475][LC: 192] - INTERNAL EVENT: Code 10
EVENT[T: 1457884476][LC: 193] - SEND: Proc 2 to proc 1
EVENT[T: 1457884476][LC: 194] - INTERNAL EVENT: Code 6
EVENT[T: 1457884476][LC: 195] - SEND: Proc 2 to proc 1
EVENT[T: 1457884476][LC: 196] - INTERNAL EVENT: Code 9
EVENT[T: 1457884477][LC: 197] - RECIEVE: Proc 2. Queue size is 0
EVENT[T: 1457884477][LC: 198] - INTERNAL EVENT: Code 10
EVENT[T: 1457884477][LC: 199] - RECIEVE: Proc 2. Queue size is 0
EVENT[T: 1457884477][LC: 200] - INTERNAL EVENT: Code 4
EVENT[T: 1457884478][LC: 201] - RECIEVE: Proc 2. Queue size is 0
EVENT[T: 1457884478][LC: 202] - SEND: Proc 2 to proc 0
EVENT[T: 1457884478][LC: 203] - INTERNAL EVENT: Code 10
EVENT[T: 1457884478][LC: 204] - SEND: Proc 2 to proc 1
EVENT[T: 1457884479][LC: 205] - INTERNAL EVENT: Code 8
EVENT[T: 1457884479][LC: 206] - SEND: Proc 2 to procs 0 and 1
EVENT[T: 1457884479][LC: 207] - INTERNAL EVENT: Code 7
EVENT[T: 1457884479][LC: 208] - RECIEVE: Proc 2. Queue size is 0
EVENT[T: 1457884480][LC: 209] - INTERNAL EVENT: Code 7
EVENT[T: 1457884480][LC: 210] - RECIEVE: Proc 2. Queue size is 0
EVENT[T: 1457884480][LC: 211] - SEND: Proc 2 to proc 1
EVENT[T: 1457884480][LC: 212] - INTERNAL EVENT: Code 5
EVENT[T: 1457884481][LC: 213] - RECIEVE: Proc 2. Queue size is 0
EVENT[T: 1457884481][LC: 214] - INTERNAL EVENT: Code 9
EVENT[T: 1457884481][LC: 215] - INTERNAL EVENT: Code 4
EVENT[T: 1457884481][LC: 216] - INTERNAL EVENT: Code 5
EVENT[T: 1457884482][LC: 217] - INTERNAL EVENT: Code 7
EVENT[T: 1457884482][LC: 218] - INTERNAL EVENT: Code 10
EVENT[T: 1457884482][LC: 219] - RECIEVE: Proc 2. Queue size is 0
EVENT[T: 1457884482][LC: 220] - RECIEVE: Proc 2. Queue size is 0
EVENT[T: 1457884483][LC: 221] - RECIEVE: Proc 2. Queue size is 0
EVENT[T: 1457884483][LC: 222] - RECIEVE: Proc 2. Queue size is 0
EVENT[T: 1457884483][LC: 223] - SEND: Proc 2 to proc 1
EVENT[T: 1457884483][LC: 224] - RECIEVE: Proc 2. Queue size is 0
EVENT[T: 1457884484][LC: 225] - RECIEVE: Proc 2. Queue size is 0
EVENT[T: 1457884484][LC: 226] - INTERNAL EVENT: Code 10
EVENT[T: 1457884484][LC: 227] - SEND: Proc 2 to proc 1
EVENT[T: 1457884484][LC: 228] - SEND: Proc 2 to proc 1
EVENT[T: 1457884485][LC: 229] - INTERNAL EVENT: Code 6
EVENT[T: 1457884485][LC: 230] - INTERNAL EVENT: Code 5
EVENT[T: 1457884485][LC: 231] - RECIEVE: Proc 2. Queue size is 0
EVENT[T: 1457884485][LC: 232] - INTERNAL EVENT: Code 8
EVENT[T: 1457884486][LC: 233] - RECIEVE: Proc 2. Queue size is 0
EVENT[T: 1457884486][LC: 234] - INTERNAL EVENT: Code 10
EVENT[T: 1457884486][LC: 235] - INTERNAL EVENT: Code 7
EVENT[T: 1457884486][LC: 236] - RECIEVE: Proc 2. Queue size is 0
EVENT[T: 1457884487][LC: 237] - SEND: Proc 2 to proc 1
EVENT[T: 1457884487][LC: 238] - INTERNAL EVENT: Code 4
EVENT[T: 1457884487][LC: 239] - INTERNAL EVENT: Code 5
EVENT[T: 1457884487][LC: 240] - RECIEVE: Proc 2. Queue size is 0
