===== Machine 0 has PID 6344 and clockspeed 4 Hz =====
EVENT[T: 1457884428][LC: 1] - SEND: Proc 0 to proc 1
EVENT[T: 1457884428][LC: 2] - INTERNAL EVENT: Code 10
EVENT[T: 1457884428][LC: 3] - INTERNAL EVENT: Code 8
EVENT[T: 1457884428][LC: 4] - RECIEVE: Proc 0. Queue size is 0
EVENT[T: 1457884429][LC: 5] - SEND: Proc 0 to proc 1
EVENT[T: 1457884429][LC: 6] - SEND: Proc 0 to proc 2
EVENT[T: 1457884429][LC: 7] - RECIEVE: Proc 0. Queue size is 0
EVENT[T: 1457884429][LC: 8] - SEND: Proc 0 to proc 2
EVENT[T: 1457884430][LC: 9] - RECIEVE: Proc 0. Queue size is 0
EVENT[T: 1457884430][LC: 10] - SEND: Proc 0 to proc 1
EVENT[T: 1457884430][LC: 11] - RECIEVE: Proc 0. Queue size is 0
EVENT[T: 1457884430][LC: 12] - RECIEVE: Proc 0. Queue size is 0
EVENT[T: 1457884431][LC: 13] - INTERNAL EVENT: Code 4
EVENT[T: 1457884431][LC: 14] - INTERNAL EVENT: Code 9
EVENT[T: 1457884431][LC: 15] - SEND: Proc 0 to proc 1
EVENT[T: 1457884431][LC: 16] - SEND: Proc 0 to proc 1
EVENT[T: 1457884432][LC: 17] - INTERNAL EVENT: Code 10
EVENT[T: 1457884432][LC: 18] - SEND: Proc 0 to proc 2
EVENT[T: 1457884432][LC: 19] - INTERNAL EVENT: Code 4
EVENT[T: 1457884432][LC: 20] - SEND: Proc 0 to proc 2
EVENT[T: 1457884433][LC: 21] - INTERNAL EVENT: Code 8
EVENT[T: 1457884433][LC: 22] - INTERNAL EVENT: Code 9
EVENT[T: 1457884433][LC: 23] - INTERNAL EVENT: Code 8
EVENT[T: 1457884433][LC: 24] - INTERNAL EVENT: Code 8
EVENT[T: 1457884434][LC: 25] - INTERNAL EVENT: Code 9
EVENT[T: 1457884434][LC: 26] - RECIEVE: Proc 0. Queue size is 0
EVENT[T: 1457884434][LC: 27] - RECIEVE: Proc 0. Queue size is 0
EVENT[T: 1457884434][LC: 28] - SEND: Proc 0 to proc 1
EVENT[T: 1457884435][LC: 29] - INTERNAL EVENT: Code 5
EVENT[T: 1457884435][LC: 30] - INTERNAL EVENT: Code 10
EVENT[T: 1457884435][LC: 31] - RECIEVE: Proc 0. Queue size is 0
EVENT[T: 1457884435][LC: 32] - RECIEVE: Proc 0. Queue size is 1
EVENT[T: 1457884436][LC: 33] - RECIEVE: Proc 0. Queue size is 0
EVENT[T: 1457884436][LC: 34] - SEND: Proc 0 to proc 2
EVENT[T: 1457884436][LC: 35] - INTERNAL EVENT: Code 9
EVENT[T: 1457884436][LC: 36] - SEND: Proc 0 to proc 1
EVENT[T: 1457884437][LC: 37] - RECIEVE: Proc 0. Queue size is 0
EVENT[T: 1457884437][LC: 38] - SEND: Proc 0 to proc 1
EVENT[T: 1457884437][LC: 39] - INTERNAL EVENT: Code 5
EVENT[T: 1457884437][LC: 40] - INTERNAL EVENT: Code 6
EVENT[T: 1457884438][LC: 41] - RECIEVE: Proc 0. Queue size is 0
EVENT[T: 1457884438][LC: 42] - INTERNAL EVENT: Code 8
EVENT[T: 1457884438][LC: 43] - SEND: Proc 0 to procs 1 and 2
EVENT[T: 1457884438][LC: 44] - SEND: Proc 0 to proc 2
EVENT[T: 1457884439][LC: 45] - SEND: Proc 0 to proc 2
EVENT[T: 1457884439][LC: 46] - INTERNAL EVENT: Code 6
EVENT[T: 1457884439][LC: 47] - RECIEVE: Proc 0. Queue size is 0
EVENT[T: 1457884439][LC: 48] - SEND: Proc 0 to proc 1
EVENT[T: 1457884440][LC: 49] - INTERNAL EVENT: Code 7
EVENT[T: 1457884440][LC: 50] - INTERNAL EVENT: Code 6
EVENT[T: 1457884440][LC: 51] - SEND: Proc 0 to procs 1 and 2
EVENT[T: 1457884440][LC: 52] - INTERNAL EVENT: Code 9
EVENT[T: 1457884441][LC: 53] - INTERNAL EVENT: Code 10
EVENT[T: 1457884441][LC: 54] - RECIEVE: Proc 0. Queue size is 0
EVENT[T: 1457884441][LC: 55] - INTERNAL EVENT: Code 10
EVENT[T: 1457884441][LC: 56] - INTERNAL EVENT: Code 9
EVENT[T: 1457884442][LC: 57] - SEND: Proc 0 to procs 1 and 2
EVENT[T: 1457884442][LC: 58] - INTERNAL EVENT: Code 9
EVENT[T: 1457884442][LC: 59] - SEND: Proc 0 to proc 2
EVENT[T: 1457884442][LC: 60] - INTERNAL EVENT: Code 7
EVENT[T: 1457884443][LC: 61] - RECIEVE: Proc 0. Queue size is 0
EVENT[T: 1457884443][LC: 62] - SEND: Proc 0 to proc 2
EVENT[T: 1457884443][LC: 63] - RECIEVE: Proc 0. Queue size is 0
EVENT[T: 1457884443][LC: 64] - SEND: Proc 0 to procs 1 and 2
EVENT[T: 1457884444][LC: 65] - INTERNAL EVENT: Code 9
EVENT[T: 1457884444][LC: 66] - INTERNAL EVENT: Code 5
EVENT[T: 1457884444][LC: 67] - INTERNAL EVENT: Code 7
EVENT[T: 1457884444][LC: 68] - INTERNAL EVENT: Code 6
EVENT[T: 1457884445][LC: 69] - INTERNAL EVENT: Code 9
EVENT[T: 1457884445][LC: 70] - SEND: Proc 0 to procs 1 and 2
EVENT[T: 1457884445][LC: 71] - SEND: Proc 0 to proc 1
EVENT[T: 1457884445][LC: 72] - RECIEVE: Proc 0. Queue size is 0
EVENT[T: 1457884446][LC: 73] - RECIEVE: Proc 0. Queue size is 0
EVENT[T: 1457884446][LC: 74] - SEND: Proc 0 to proc 2
EVENT[T: 1457884446][LC: 75] - INTERNAL EVENT: Code 10
EVENT[T: 1457884446][LC: 76] - INTERNAL EVENT: Code 5
EVENT[T: 1457884447][LC: 77] - INTERNAL EVENT: Code 5
EVENT[T: 1457884447][LC: 78] - SEND: Proc 0 to proc 2
EVENT[T: 1457884447][LC: 79] - RECIEVE: Proc 0. Queue size is 0
EVENT[T: 1457884447][LC: 80] - RECIEVE: Proc 0. Queue size is 0
EVENT[T: 1457884448][LC: 81] - INTERNAL EVENT: Code 5
EVENT[T: 1457884448][LC: 82] - SEND: Proc 0 to proc 1
EVENT[T: 1457884448][LC: 83] - RECIEVE: Proc 0. Queue size is 0
EVENT[T: 1457884448][LC: 84] - SEND: Proc 0 to proc 2
EVENT[T: 1457884449][LC: 85] - RECIEVE: Proc 0. Queue size is 0
EVENT[T: 1457884449][LC: 86] - RECIEVE: Proc 0. Queue size is 0
EVENT[T: 1457884449][LC: 87] - RECIEVE: Proc 0. Queue size is 0
EVENT[T: 1457884449][LC: 88] - SEND: Proc 0 to procs 1 and 2
EVENT[T: 1457884450][LC: 89] - SEND: Proc 0 to procs 1 and 2
EVENT[T: 1457884450][LC: 90] - INTERNAL EVENT: Code 7
EVENT[T: 1457884450][LC: 91] - INTERNAL EVENT: Code 8
EVENT[T: 1457884450][LC: 92] - INTERNAL EVENT: Code 9
EVENT[T: 1457884451][LC: 93] - RECIEVE: Proc 0. Queue size is 0
EVENT[T: 1457884451][LC: 94] - SEND: Proc 0 to procs 1 and 2
EVENT[T: 1457884451][LC: 95] - INTERNAL EVENT: Code 4
EVENT[T: 1457884451][LC: 96] - INTERNAL EVENT: Code 4
EVENT[T: 1457884452][LC: 97] - INTERNAL EVENT: Code 9
EVENT[T: 1457884452][LC: 98] - INTERNAL EVENT: Code 9
EVENT[T: 1457884452][LC: 99] - INTERNAL EVENT: Code 8
EVENT[T: 1457884452][LC: 100] - RECIEVE: Proc 0. Queue size is 0
EVENT[T: 1457884453][LC: 101] - INTERNAL EVENT: Code 8
EVENT[T: 1457884453][LC: 102] - INTERNAL EVENT: Code 6
EVENT[T: 1457884453][LC: 103] - SEND: Proc 0 to procs 1 and 2
EVENT[T: 1457884453][LC: 104] - INTERNAL EVENT: Code 8
EVENT[T: 1457884454][LC: 105] - RECIEVE: Proc 0. Queue size is 0
EVENT[T: 1457884454][LC: 106] - INTERNAL EVENT: Code 4
EVENT[T: 1457884454][LC: 107] - INTERNAL EVENT: Code 7
EVENT[T: 1457884454][LC: 108] - INTERNAL EVENT: Code 5
EVENT[T: 1457884455][LC: 109] - RECIEVE: Proc 0. Queue size is 0
EVENT[T: 1457884455][LC: 110] - INTERNAL EVENT: Code 5
EVENT[T: 1457884455][LC: 111] - INTERNAL EVENT: Code 6
EVENT[T: 1457884455][LC: 112] - RECIEVE: Proc 0. Queue size is 0
EVENT[T: 1457884456][LC: 113] - INTERNAL EVENT: Code 6
EVENT[T: 1457884456][LC: 114] - RECIEVE: Proc 0. Queue size is 0
EVENT[T: 1457884456][LC: 115] - RECIEVE: Proc 0. Queue size is 0
EVENT[T: 1457884456][LC: 116] - RECIEVE: Proc 0. Queue size is 0
EVENT[T: 1457884457][LC: 117] - RECIEVE: Proc 0. Queue size is 0
EVENT[T: 1457884457][LC: 118] - SEND: Proc 0 to procs 1 and 2
EVENT[T: 1457884457][LC: 119] - SEND: Proc 0 to proc 1
EVENT[T: 1457884457][LC: 120] - SEND: Proc 0 to procs 1 and 2
EVENT[T: 1457884458][LC: 121] - INTERNAL EVENT: Code 4
EVENT[T: 1457884458][LC: 122] - RECIEVE: Proc 0. Queue size is 0
EVENT[T: 1457884458][LC: 123] - INTERNAL EVENT: Code 8
EVENT[T: 1457884458][LC: 124] - RECIEVE: Proc 0. Queue size is 0
EVENT[T: 1457884459][LC: 125] - INTERNAL EVENT: Code 6
EVENT[T: 1457884459][LC: 126] - SEND: Proc 0 to procs 1 and 2
EVENT[T: 1457884459][LC: 127] - INTERNAL EVENT: Code 8
EVENT[T: 1457884459][LC: 128] - RECIEVE: Proc 0. Queue size is 0
EVENT[T: 1457884460][LC: 129] - INTERNAL EVENT: Code 8
EVENT[T: 1457884460][LC: 130] - INTERNAL EVENT: Code 5
EVENT[T: 1457884460][LC: 131] - SEND: Proc 0 to procs 1 and 2
EVENT[T: 1457884460][LC: 132] - INTERNAL EVENT: Code 8
EVENT[T: 1457884461][LC: 133] - INTERNAL EVENT: Code 6
EVENT[T: 1457884461][LC: 134] - INTERNAL EVENT: Code 6
EVENT[T: 1457884461][LC: 135] - INTERNAL EVENT: Code 6
EVENT[T: 1457884461][LC: 136] - RECIEVE: Proc 0. Queue size is 0
EVENT[T: 1457884462][LC: 137] - RECIEVE: Proc 0. Queue size is 0
EVENT[T: 1457884462][LC: 138] - SEND: Proc 0 to proc 2
EVENT[T: 1457884462][LC: 139] - INTERNAL EVENT: Code 8
EVENT[T: 1457884462][LC: 140] - RECIEVE: Proc 0. Queue size is 0
EVENT[T: 1457884463][LC: 141] - RECIEVE: Proc 0. Queue size is 0
EVENT[T: 1457884463][LC: 142] - SEND: Proc 0 to proc 1
EVENT[T: 1457884463][LC: 143] - INTERNAL EVENT: Code 7
EVENT[T: 1457884463][LC: 144] - RECIEVE: Proc 0. Queue size is 0
EVENT[T: 1457884464][LC: 145] - SEND: Proc 0 to procs 1 and 2
EVENT[T: 1457884464][LC: 146] - INTERNAL EVENT: Code 9
EVENT[T: 1457884464][LC: 147] - INTERNAL EVENT: Code 6
EVENT[T: 1457884464][LC: 148] - SEND: Proc 0 to procs 1 and 2
EVENT[T: 1457884465][LC: 149] - SEND: Proc 0 to proc 2
EVENT[T: 1457884465][LC: 150] - INTERNAL EVENT: Code 8
EVENT[T: 1457884465][LC: 151] - INTERNAL EVENT: Code 8
EVENT[T: 1457884465][LC: 152] - INTERNAL EVENT: Code 9
EVENT[T: 1457884466][LC: 153] - RECIEVE: Proc 0. Queue size is 0
EVENT[T: 1457884466][LC: 154] - INTERNAL EVENT: Code 10
EVENT[T: 1457884466][LC: 155] - INTERNAL EVENT: Code 4
EVENT[T: 1457884466][LC: 156] - RECIEVE: Proc 0. Queue size is 0
EVENT[T: 1457884467][LC: 157] - RECIEVE: Proc 0. Queue size is 0
EVENT[T: 1457884467][LC: 158] - INTERNAL EVENT: Code 9
EVENT[T: 1457884467][LC: 159] - RECIEVE: Proc 0. Queue size is 0
EVENT[T: 1457884467][LC: 160] - RECIEVE: Proc 0. Queue size is 0
EVENT[T: 1457884468][LC: 161] - RECIEVE: Proc 0. Queue size is 0
EVENT[T: 1457884468][LC: 162] - INTERNAL EVENT: Code 6
EVENT[T: 1457884468][LC: 163] - RECIEVE: Proc 0. Queue size is 0
EVENT[T: 1457884468][LC: 164] - SEND: Proc 0 to procs 1 and 2
EVENT[T: 1457884469][LC: 165] - SEND: Proc 0 to proc 1
EVENT[T: 1457884469][LC: 166] - INTERNAL EVENT: Code 9
EVENT[T: 1457884469][LC: 167] - SEND: Proc 0 to procs 1 and 2
EVENT[T: 1457884469][LC: 168] - INTERNAL EVENT: Code 9
EVENT[T: 1457884470][LC: 169] - INTERNAL EVENT: Code 6
EVENT[T: 1457884470][LC: 170] - INTERNAL EVENT: Code 6
EVENT[T: 1457884470][LC: 171] - INTERNAL EVENT: Code 6
EVENT[T: 1457884470][LC: 172] - RECIEVE: Proc 0. Queue size is 0
EVENT[T: 1457884471][LC: 173] - INTERNAL EVENT: Code 8
EVENT[T: 1457884471][LC: 174] - INTERNAL EVENT: Code 6
EVENT[T: 1457884471][LC: 175] - RECIEVE: Proc 0. Queue size is 0
EVENT[T: 1457884471][LC: 176] - RECIEVE: Proc 0. Queue size is 0
EVENT[T: 1457884472][LC: 177] - INTERNAL EVENT: Code 9
EVENT[T: 1457884472][LC: 178] - RECIEVE: Proc 0. Queue size is 0
EVENT[T: 1457884472][LC: 179] - SEND: Proc 0 to procs 1 and 2
EVENT[T: 1457884472][LC: 180] - SEND: Proc 0 to proc 2
EVENT[T: 1457884473][LC: 181] - RECIEVE: Proc 0. Queue size is 0
EVENT[T: 1457884473][LC: 182] - INTERNAL EVENT: Code 9
EVENT[T: 1457884473][LC: 183] - SEND: Proc 0 to procs 1 and 2
EVENT[T: 1457884473][LC: 184] - SEND: Proc 0 to procs 1 and 2
EVENT[T: 1457884474][LC: 185] - SEND: Proc 0 to proc 2
EVENT[T: 1457884474][LC: 186] - SEND: Proc 0 to proc 1
EVENT[T: 1457884474][LC: 187] - RECIEVE: Proc 0. Queue size is 0
EVENT[T: 1457884474][LC: 188] - RECIEVE: Proc 0. Queue size is 0
EVENT[T: 1457884475][LC: 189] - SEND: Proc 0 to proc 2
EVENT[T: 1457884475][LC: 190] - INTERNAL EVENT: Code 8
EVENT[T: 1457884475][LC: 191] - SEND: Proc 0 to proc 1
EVENT[T: 1457884475][LC: 192] - SEND: Proc 0 to proc 1
EVENT[T: 1457884476][LC: 193] - INTERNAL EVENT: Code 7
EVENT[T: 1457884476][LC: 194] - INTERNAL EVENT: Code 10
EVENT[T: 1457884476][LC: 195] - INTERNAL EVENT: Code 9
EVENT[T: 1457884476][LC: 196] - INTERNAL EVENT: Code 10
EVENT[T: 1457884477][LC: 197] - SEND: Proc 0 to proc 2
EVENT[T: 1457884477][LC: 198] - INTERNAL EVENT: Code 6
EVENT[T: 1457884477][LC: 199] - SEND: Proc 0 to proc 2
EVENT[T: 1457884477][LC: 200] - INTERNAL EVENT: Code 9
EVENT[T: 1457884478][LC: 201] - RECIEVE: Proc 0. Queue size is 0
EVENT[T: 1457884478][LC: 202] - INTERNAL EVENT: Code 10
EVENT[T: 1457884478][LC: 203] - RECIEVE: Proc 0. Queue size is 0
EVENT[T: 1457884478][LC: 204] - INTERNAL EVENT: Code 4
EVENT[T: 1457884479][LC: 205] - SEND: Proc 0 to proc 1
EVENT[T: 1457884479][LC: 206] - INTERNAL EVENT: Code 10
EVENT[T: 1457884479][LC: 207] - RECIEVE: Proc 0. Queue size is 0
EVENT[T: 1457884479][LC: 208] - SEND: Proc 0 to proc 2
EVENT[T: 1457884480][LC: 209] - INTERNAL EVENT: Code 8
EVENT[T: 1457884480][LC: 210] - SEND: Proc 0 to procs 1 and 2
EVENT[T: 1457884480][LC: 211] - INTERNAL EVENT: Code 7
EVENT[T: 1457884480][LC: 212] - INTERNAL EVENT: Code 7
EVENT[T: 1457884481][LC: 213] - SEND: Proc 0 to proc 2
EVENT[T: 1457884481][LC: 214] - INTERNAL EVENT: Code 5
EVENT[T: 1457884481][LC: 215] - INTERNAL EVENT: Code 9
EVENT[T: 1457884481][LC: 216] - INTERNAL EVENT: Code 4
EVENT[T: 1457884482][LC: 217] - INTERNAL EVENT: Code 5
EVENT[T: 1457884482][LC: 218] - INTERNAL EVENT: Code 7
EVENT[T: 1457884482][LC: 219] - RECIEVE: Proc 0. Queue size is 0
EVENT[T: 1457884482][LC: 220] - INTERNAL EVENT: Code 10
EVENT[T: 1457884483][LC: 221] - RECIEVE: Proc 0. Queue size is 0
EVENT[T: 1457884483][LC: 222] - SEND: Proc 0 to proc 2
EVENT[T: 1457884483][LC: 223] - INTERNAL EVENT: Code 10
EVENT[T: 1457884483][LC: 224] - SEND: Proc 0 to proc 2
EVENT[T: 1457884484][LC: 225] - SEND: Proc 0 to proc 2
EVENT[T: 1457884484][LC: 226] - INTERNAL EVENT: Code 6
EVENT[T: 1457884484][LC: 227] - INTERNAL EVENT: Code 5
EVENT[T: 1457884484][LC: 228] - INTERNAL EVENT: Code 8
EVENT[T: 1457884485][LC: 229] - INTERNAL EVENT: Code 10
EVENT[T: 1457884485][LC: 230] - INTERNAL EVENT: Code 7
EVENT[T: 1457884485][LC: 231] - RECIEVE: Proc 0. Queue size is 0
EVENT[T: 1457884485][LC: 232] - SEND: Proc 0 to proc 2
EVENT[T: 1457884486][LC: 233] - INTERNAL EVENT: Code 4
EVENT[T: 1457884486][LC: 234] - INTERNAL EVENT: Code 5
EVENT[T: 1457884486][LC: 235] - INTERNAL EVENT: Code 4
EVENT[T: 1457884486][LC: 236] - RECIEVE: Proc 0. Queue size is 0
EVENT[T: 1457884487][LC: 237] - INTERNAL EVENT: Code 8
EVENT[T: 1457884487][LC: 238] - INTERNAL EVENT: Code 5
EVENT[T: 1457884487][LC: 239] - SEND: Proc 0 to proc 2
EVENT[T: 1457884487][LC: 240] - INTERNAL EVENT: Code 4
