===== Machine 2 has PID 6377 and clockspeed 4 Hz =====
EVENT[T: 1457884433][LC: 1] - SEND: Proc 2 to proc 1
EVENT[T: 1457884434][LC: 2] - SEND: Proc 2 to proc 0
EVENT[T: 1457884434][LC: 3] - INTERNAL EVENT: Code 5
EVENT[T: 1457884434][LC: 5] - RECIEVE: Proc 2. Queue size is 0
EVENT[T: 1457884434][LC: 6] - INTERNAL EVENT: Code 4
EVENT[T: 1457884435][LC: 7] - INTERNAL EVENT: Code 5
EVENT[T: 1457884435][LC: 8] - INTERNAL EVENT: Code 5
EVENT[T: 1457884435][LC: 10] - RECIEVE: Proc 2. Queue size is 0
EVENT[T: 1457884435][LC: 11] - SEND: Proc 2 to procs 0 and 1
EVENT[T: 1457884436][LC: 12] - INTERNAL EVENT: Code 10
EVENT[T: 1457884436][LC: 13] - INTERNAL EVENT: Code 7
EVENT[T: 1457884436][LC: 16] - RECIEVE: Proc 2. Queue size is 0
EVENT[T: 1457884436][LC: 17] - RECIEVE: Proc 2. Queue size is 0
EVENT[T: 1457884437][LC: 18] - INTERNAL EVENT: Code 8
EVENT[T: 1457884437][LC: 19] - INTERNAL EVENT: Code 9
EVENT[T: 1457884437][LC: 20] - SEND: Proc 2 to procs 0 and 1
EVENT[T: 1457884437][LC: 21] - INTERNAL EVENT: Code 5
EVENT[T: 1457884438][LC: 22] - INTERNAL EVENT: Code 8
EVENT[T: 1457884438][LC: 23] - INTERNAL EVENT: Code 9
EVENT[T: 1457884438][LC: 24] - INTERNAL EVENT: Code 6
EVENT[T: 1457884438][LC: 25] - INTERNAL EVENT: Code 5
EVENT[T: 1457884439][LC: 31] - RECIEVE: Proc 2. Queue size is 0
EVENT[T: 1457884439][LC: 32] - INTERNAL EVENT: Code 5
EVENT[T: 1457884439][LC: 35] - RECIEVE: Proc 2. Queue size is 0
EVENT[T: 1457884439][LC: 36] - SEND: Proc 2 to proc 1
EVENT[T: 1457884440][LC: 37] - INTERNAL EVENT: Code 6
EVENT[T: 1457884440][LC: 38] - RECIEVE: Proc 2. Queue size is 0
EVENT[T: 1457884440][LC: 39] - INTERNAL EVENT: Code 4
EVENT[T: 1457884440][LC: 40] - INTERNAL EVENT: Code 10
EVENT[T: 1457884441][LC: 41] - INTERNAL EVENT: Code 7
EVENT[T: 1457884441][LC: 42] - SEND: Proc 2 to proc 1
EVENT[T: 1457884441][LC: 47] - RECIEVE: Proc 2. Queue size is 0
EVENT[T: 1457884441][LC: 48] - RECIEVE: Proc 2. Queue size is 0
EVENT[T: 1457884442][LC: 49] - SEND: Proc 2 to procs 0 and 1
EVENT[T: 1457884442][LC: 50] - INTERNAL EVENT: Code 7
EVENT[T: 1457884442][LC: 52] - RECIEVE: Proc 2. Queue size is 0
EVENT[T: 1457884442][LC: 53] - INTERNAL EVENT: Code 6
EVENT[T: 1457884443][LC: 54] - INTERNAL EVENT: Code 7
EVENT[T: 1457884443][LC: 55] - SEND: Proc 2 to proc 0
EVENT[T: 1457884443][LC: 56] - INTERNAL EVENT: Code 4
EVENT[T: 1457884443][LC: 57] - INTERNAL EVENT: Code 5
EVENT[T: 1457884444][LC: 58] - INTERNAL EVENT: Code 4
EVENT[T: 1457884444][LC: 59] - INTERNAL EVENT: Code 6
EVENT[T: 1457884444][LC: 60] - INTERNAL EVENT: Code 4
EVENT[T: 1457884444][LC: 61] - INTERNAL EVENT: Code 7
EVENT[T: 1457884445][LC: 67] - RECIEVE: Proc 2. Queue size is 0
EVENT[T: 1457884445][LC: 68] - INTERNAL EVENT: Code 5
EVENT[T: 1457884445][LC: 69] - INTERNAL EVENT: Code 4
EVENT[T: 1457884445][LC: 71] - RECIEVE: Proc 2. Queue size is 0
EVENT[T: 1457884446][LC: 74] - RECIEVE: Proc 2. Queue size is 0
EVENT[T: 1457884446][LC: 75] - SEND: Proc 2 to proc 0
EVENT[T: 1457884446][LC: 76] - INTERNAL EVENT: Code 7
EVENT[T: 1457884446][LC: 77] - INTERNAL EVENT: Code 7
EVENT[T: 1457884447][LC: 78] - SEND: Proc 2 to proc 0
EVENT[T: 1457884447][LC: 79] - INTERNAL EVENT: Code 4
EVENT[T: 1457884447][LC: 80] - INTERNAL EVENT: Code 8
EVENT[T: 1457884447][LC: 81] - INTERNAL EVENT: Code 4
EVENT[T: 1457884448][LC: 86] - RECIEVE: Proc 2. Queue size is 0
EVENT[T: 1457884448][LC: 87] - INTERNAL EVENT: Code 6
EVENT[T: 1457884448][LC: 88] - INTERNAL EVENT: Code 9
EVENT[T: 1457884448][LC: 90] - RECIEVE: Proc 2. Queue size is 0
EVENT[T: 1457884449][LC: 91] - INTERNAL EVENT: Code 10
EVENT[T: 1457884449][LC: 93] - RECIEVE: Proc 2. Queue size is 0
EVENT[T: 1457884449][LC: 94] - RECIEVE: Proc 2. Queue size is 0
EVENT[T: 1457884449][LC: 95] - SEND: Proc 2 to proc 1
EVENT[T: 1457884450][LC: 96] - INTERNAL EVENT: Code 5
EVENT[T: 1457884450][LC: 97] - RECIEVE: Proc 2. Queue size is 1
EVENT[T: 1457884450][LC: 99] - RECIEVE: Proc 2. Queue size is 1
EVENT[T: 1457884450][LC: 100] - RECIEVE: Proc 2. Queue size is 0
EVENT[T: 1457884451][LC: 101] - INTERNAL EVENT: Code 6
EVENT[T: 1457884451][LC: 102] - INTERNAL EVENT: Code 10
EVENT[T: 1457884451][LC: 103] - INTERNAL EVENT: Code 7
EVENT[T: 1457884451][LC: 104] - SEND: Proc 2 to proc 1
EVENT[T: 1457884452][LC: 110] - RECIEVE: Proc 2. Queue size is 0
EVENT[T: 1457884452][LC: 111] - INTERNAL EVENT: Code 10
EVENT[T: 1457884452][LC: 112] - INTERNAL EVENT: Code 7
EVENT[T: 1457884452][LC: 113] - SEND: Proc 2 to proc 0
EVENT[T: 1457884453][LC: 114] - INTERNAL EVENT: Code 6
EVENT[T: 1457884453][LC: 117] - RECIEVE: Proc 2. Queue size is 0
EVENT[T: 1457884453][LC: 118] - INTERNAL EVENT: Code 7
EVENT[T: 1457884453][LC: 119] - SEND: Proc 2 to proc 1
EVENT[T: 1457884454][LC: 120] - INTERNAL EVENT: Code 7
EVENT[T: 1457884454][LC: 123] - RECIEVE: Proc 2. Queue size is 0
EVENT[T: 1457884454][LC: 124] - INTERNAL EVENT: Code 4
EVENT[T: 1457884454][LC: 125] - INTERNAL EVENT: Code 10
EVENT[T: 1457884455][LC: 128] - RECIEVE: Proc 2. Queue size is 0
EVENT[T: 1457884455][LC: 129] - RECIEVE: Proc 2. Queue size is 0
EVENT[T: 1457884455][LC: 130] - SEND: Proc 2 to procs 0 and 1
EVENT[T: 1457884455][LC: 131] - INTERNAL EVENT: Code 4
EVENT[T: 1457884456][LC: 132] - INTERNAL EVENT: Code 9
EVENT[T: 1457884456][LC: 133] - INTERNAL EVENT: Code 5
EVENT[T: 1457884456][LC: 136] - RECIEVE: Proc 2. Queue size is 0
EVENT[T: 1457884456][LC: 137] - INTERNAL EVENT: Code 5
EVENT[T: 1457884457][LC: 138] - INTERNAL EVENT: Code 9
EVENT[T: 1457884457][LC: 139] - INTERNAL EVENT: Code 10
EVENT[T: 1457884457][LC: 142] - RECIEVE: Proc 2. Queue size is 0
EVENT[T: 1457884457][LC: 143] - INTERNAL EVENT: Code 7
EVENT[T: 1457884458][LC: 145] - RECIEVE: Proc 2. Queue size is 0
EVENT[T: 1457884458][LC: 147] - RECIEVE: Proc 2. Queue size is 0
EVENT[T: 1457884458][LC: 149] - RECIEVE: Proc 2. Queue size is 0
EVENT[T: 1457884458][LC: 150] - INTERNAL EVENT: Code 8
EVENT[T: 1457884459][LC: 151] - INTERNAL EVENT: Code 9
EVENT[T: 1457884459][LC: 152] - INTERNAL EVENT: Code 10
EVENT[T: 1457884459][LC: 153] - SEND: Proc 2 to proc 1
EVENT[T: 1457884459][LC: 154] - SEND: Proc 2 to proc 0
EVENT[T: 1457884460][LC: 155] - INTERNAL EVENT: Code 10
EVENT[T: 1457884460][LC: 156] - INTERNAL EVENT: Code 10
EVENT[T: 1457884460][LC: 157] - SEND: Proc 2 to proc 1
EVENT[T: 1457884460][LC: 158] - SEND: Proc 2 to procs 0 and 1
EVENT[T: 1457884461][LC: 159] - INTERNAL EVENT: Code 10
EVENT[T: 1457884461][LC: 160] - INTERNAL EVENT: Code 10
EVENT[T: 1457884461][LC: 161] - SEND: Proc 2 to procs 0 and 1
EVENT[T: 1457884461][LC: 162] - SEND: Proc 2 to procs 0 and 1
EVENT[T: 1457884462][LC: 163] - INTERNAL EVENT: Code 6
EVENT[T: 1457884462][LC: 164] - INTERNAL EVENT: Code 4
EVENT[T: 1457884462][LC: 172] - RECIEVE: Proc 2. Queue size is 0
EVENT[T: 1457884462][LC: 174] - RECIEVE: Proc 2. Queue size is 0
EVENT[T: 1457884463][LC: 175] - INTERNAL EVENT: Code 7
EVENT[T: 1457884463][LC: 177] - RECIEVE: Proc 2. Queue size is 0
EVENT[T: 1457884463][LC: 179] - RECIEVE: Proc 2. Queue size is 0
EVENT[T: 1457884463][LC: 180] - SEND: Proc 2 to proc 0
EVENT[T: 1457884464][LC: 181] - RECIEVE: Proc 2. Queue size is 0
EVENT[T: 1457884464][LC: 182] - INTERNAL EVENT: Code 7
EVENT[T: 1457884464][LC: 183] - INTERNAL EVENT: Code 7
EVENT[T: 1457884464][LC: 184] - RECIEVE: Proc 2. Queue size is 0
EVENT[T: 1457884465][LC: 185] - INTERNAL EVENT: Code 10
EVENT[T: 1457884465][LC: 186] - INTERNAL EVENT: Code 9
EVENT[T: 1457884465][LC: 187] - INTERNAL EVENT: Code 5
EVENT[T: 1457884465][LC: 188] - INTERNAL EVENT: Code 9
EVENT[T: 1457884466][LC: 189] - SEND: Proc 2 to proc 1
EVENT[T: 1457884466][LC: 190] - INTERNAL EVENT: Code 7
EVENT[T: 1457884466][LC: 196] - RECIEVE: Proc 2. Queue size is 0
EVENT[T: 1457884466][LC: 197] - RECIEVE: Proc 2. Queue size is 0
EVENT[T: 1457884467][LC: 200] - RECIEVE: Proc 2. Queue size is 0
EVENT[T: 1457884467][LC: 201] - SEND: Proc 2 to procs 0 and 1
EVENT[T: 1457884467][LC: 202] - INTERNAL EVENT: Code 9
EVENT[T: 1457884467][LC: 203] - INTERNAL EVENT: Code 4
EVENT[T: 1457884468][LC: 204] - INTERNAL EVENT: Code 5
EVENT[T: 1457884468][LC: 205] - SEND: Proc 2 to proc 1
EVENT[T: 1457884468][LC: 206] - INTERNAL EVENT: Code 6
EVENT[T: 1457884468][LC: 207] - SEND: Proc 2 to proc 0
EVENT[T: 1457884469][LC: 208] - SEND: Proc 2 to proc 1
EVENT[T: 1457884469][LC: 209] - INTERNAL EVENT: Code 8
EVENT[T: 1457884469][LC: 210] - INTERNAL EVENT: Code 5
EVENT[T: 1457884469][LC: 211] - RECIEVE: Proc 2. Queue size is 0
EVENT[T: 1457884470][LC: 218] - RECIEVE: Proc 2. Queue size is 0
EVENT[T: 1457884470][LC: 219] - INTERNAL EVENT: Code 5
EVENT[T: 1457884470][LC: 220] - SEND: Proc 2 to procs 0 and 1
EVENT[T: 1457884470][LC: 221] - INTERNAL EVENT: Code 7
EVENT[T: 1457884471][LC: 223] - RECIEVE: Proc 2. Queue size is 1
EVENT[T: 1457884471][LC: 224] - RECIEVE: Proc 2. Queue size is 0
EVENT[T: 1457884471][LC: 225] - INTERNAL EVENT: Code 8
EVENT[T: 1457884471][LC: 226] - INTERNAL EVENT: Code 4
EVENT[T: 1457884472][LC: 227] - INTERNAL EVENT: Code 9
EVENT[T: 1457884472][LC: 228] - SEND: Proc 2 to proc 0
EVENT[T: 1457884472][LC: 232] - RECIEVE: Proc 2. Queue size is 0
EVENT[T: 1457884472][LC: 233] - SEND: Proc 2 to procs 0 and 1
EVENT[T: 1457884473][LC: 236] - RECIEVE: Proc 2. Queue size is 0
EVENT[T: 1457884473][LC: 237] - INTERNAL EVENT: Code 9
EVENT[T: 1457884473][LC: 238] - INTERNAL EVENT: Code 6
EVENT[T: 1457884474][LC: 239] - INTERNAL EVENT: Code 10
EVENT[T: 1457884474][LC: 241] - RECIEVE: Proc 2. Queue size is 0
EVENT[T: 1457884474][LC: 242] - INTERNAL EVENT: Code 6
EVENT[T: 1457884474][LC: 243] - SEND: Proc 2 to proc 1
EVENT[T: 1457884475][LC: 244] - RECIEVE: Proc 2. Queue size is 0
EVENT[T: 1457884475][LC: 245] - SEND: Proc 2 to proc 0
EVENT[T: 1457884475][LC: 246] - INTERNAL EVENT: Code 7
EVENT[T: 1457884475][LC: 247] - INTERNAL EVENT: Code 6
EVENT[T: 1457884476][LC: 248] - SEND: Proc 2 to proc 1
EVENT[T: 1457884476][LC: 249] - INTERNAL EVENT: Code 6
EVENT[T: 1457884476][LC: 250] - INTERNAL EVENT: Code 8
EVENT[T: 1457884476][LC: 251] - SEND: Proc 2 to proc 0
EVENT[T: 1457884477][LC: 252] - INTERNAL EVENT: Code 7
EVENT[T: 1457884477][LC: 253] - INTERNAL EVENT: Code 6
EVENT[T: 1457884477][LC: 254] - SEND: Proc 2 to proc 0
EVENT[T: 1457884477][LC: 255] - SEND: Proc 2 to proc 1
EVENT[T: 1457884478][LC: 256] - SEND: Proc 2 to procs 0 and 1
EVENT[T: 1457884478][LC: 257] - INTERNAL EVENT: Code 9
EVENT[T: 1457884478][LC: 258] - SEND: Proc 2 to proc 0
EVENT[T: 1457884478][LC: 259] - INTERNAL EVENT: Code 5
EVENT[T: 1457884479][LC: 270] - RECIEVE: Proc 2. Queue size is 0
EVENT[T: 1457884479][LC: 271] - INTERNAL EVENT: Code 4
EVENT[T: 1457884479][LC: 272] - INTERNAL EVENT: Code 9
EVENT[T: 1457884479][LC: 275] - RECIEVE: Proc 2. Queue size is 0
EVENT[T: 1457884480][LC: 276] - INTERNAL EVENT: Code 9
EVENT[T: 1457884480][LC: 277] - INTERNAL EVENT: Code 6
EVENT[T: 1457884480][LC: 278] - INTERNAL EVENT: Code 10
EVENT[T: 1457884480][LC: 280] - RECIEVE: Proc 2. Queue size is 0
EVENT[T: 1457884481][LC: 281] - INTERNAL EVENT: Code 8
EVENT[T: 1457884481][LC: 282] - INTERNAL EVENT: Code 8
EVENT[T: 1457884481][LC: 283] - SEND: Proc 2 to proc 1
EVENT[T: 1457884481][LC: 284] - INTERNAL EVENT: Code 4
EVENT[T: 1457884482][LC: 285] - INTERNAL EVENT: Code 5
EVENT[T: 1457884482][LC: 290] - RECIEVE: Proc 2. Queue size is 0
EVENT[T: 1457884482][LC: 291] - INTERNAL EVENT: Code 7
EVENT[T: 1457884482][LC: 292] - RECIEVE: Proc 2. Queue size is 0
EVENT[T: 1457884483][LC: 293] - INTERNAL EVENT: Code 9
EVENT[T: 1457884483][LC: 294] - INTERNAL EVENT: Code 7
EVENT[T: 1457884483][LC: 295] - INTERNAL EVENT: Code 6
EVENT[T: 1457884483][LC: 298] - RECIEVE: Proc 2. Queue size is 1
EVENT[T: 1457884484][LC: 299] - RECIEVE: Proc 2. Queue size is 0
EVENT[T: 1457884484][LC: 301] - RECIEVE: Proc 2. Queue size is 0
EVENT[T: 1457884484][LC: 302] - SEND: Proc 2 to proc 0
EVENT[T: 1457884484][LC: 304] - RECIEVE: Proc 2. Queue size is 0
EVENT[T: 1457884485][LC: 305] - INTERNAL EVENT: Code 10
EVENT[T: 1457884485][LC: 306] - SEND: Proc 2 to proc 0
EVENT[T: 1457884485][LC: 307] - INTERNAL EVENT: Code 7
EVENT[T: 1457884485][LC: 310] - RECIEVE: Proc 2. Queue size is 0
EVENT[T: 1457884486][LC: 311] - INTERNAL EVENT: Code 4
EVENT[T: 1457884486][LC: 312] - SEND: Proc 2 to procs 0 and 1
EVENT[T: 1457884486][LC: 313] - INTERNAL EVENT: Code 6
EVENT[T: 1457884486][LC: 316] - RECIEVE: Proc 2. Queue size is 2
EVENT[T: 1457884487][LC: 317] - RECIEVE: Proc 2. Queue size is 2
EVENT[T: 1457884487][LC: 318] - RECIEVE: Proc 2. Queue size is 1
EVENT[T: 1457884487][LC: 319] - RECIEVE: Proc 2. Queue size is 0
EVENT[T: 1457884487][LC: 320] - SEND: Proc 2 to procs 0 and 1
EVENT[T: 1457884488][LC: 321] - INTERNAL EVENT: Code 6
EVENT[T: 1457884488][LC: 325] - RECIEVE: Proc 2. Queue size is 0
EVENT[T: 1457884488][LC: 327] - RECIEVE: Proc 2. Queue size is 0
EVENT[T: 1457884488][LC: 328] - SEND: Proc 2 to proc 0
EVENT[T: 1457884489][LC: 330] - RECIEVE: Proc 2. Queue size is 0
EVENT[T: 1457884489][LC: 331] - INTERNAL EVENT: Code 5
EVENT[T: 1457884489][LC: 332] - INTERNAL EVENT: Code 10
EVENT[T: 1457884489][LC: 333] - INTERNAL EVENT: Code 4
EVENT[T: 1457884490][LC: 336] - RECIEVE: Proc 2. Queue size is 1
EVENT[T: 1457884490][LC: 337] - RECIEVE: Proc 2. Queue size is 0
EVENT[T: 1457884490][LC: 338] - RECIEVE: Proc 2. Queue size is 0
EVENT[T: 1457884490][LC: 339] - INTERNAL EVENT: Code 8
EVENT[T: 1457884491][LC: 340] - INTERNAL EVENT: Code 6
EVENT[T: 1457884491][LC: 341] - INTERNAL EVENT: Code 10
EVENT[T: 1457884491][LC: 345] - RECIEVE: Proc 2. Queue size is 0
EVENT[T: 1457884491][LC: 346] - INTERNAL EVENT: Code 4
EVENT[T: 1457884492][LC: 347] - INTERNAL EVENT: Code 10
EVENT[T: 1457884492][LC: 348] - SEND: Proc 2 to proc 1
EVENT[T: 1457884492][LC: 349] - INTERNAL EVENT: Code 10
EVENT[T: 1457884492][LC: 350] - INTERNAL EVENT: Code 7
