===== Machine 0 has PID 6375 and clockspeed 3 Hz =====
EVENT[T: 1457884433][LC: 1] - INTERNAL EVENT: Code 8
EVENT[T: 1457884434][LC: 2] - RECIEVE: Proc 0. Queue size is 0
EVENT[T: 1457884434][LC: 4] - RECIEVE: Proc 0. Queue size is 0
EVENT[T: 1457884434][LC: 5] - INTERNAL EVENT: Code 6
EVENT[T: 1457884435][LC: 6] - INTERNAL EVENT: Code 4
EVENT[T: 1457884435][LC: 10] - RECIEVE: Proc 0. Queue size is 0
EVENT[T: 1457884435][LC: 11] - INTERNAL EVENT: Code 4
EVENT[T: 1457884436][LC: 12] - RECIEVE: Proc 0. Queue size is 0
EVENT[T: 1457884436][LC: 16] - RECIEVE: Proc 0. Queue size is 0
EVENT[T: 1457884436][LC: 17] - SEND: Proc 0 to proc 2
EVENT[T: 1457884437][LC: 18] - SEND: Proc 0 to proc 1
EVENT[T: 1457884437][LC: 19] - INTERNAL EVENT: Code 5
EVENT[T: 1457884437][LC: 20] - RECIEVE: Proc 0. Queue size is 0
EVENT[T: 1457884438][LC: 25] - RECIEVE: Proc 0. Queue size is 0
EVENT[T: 1457884438][LC: 26] - INTERNAL EVENT: Code 4
EVENT[T: 1457884438][LC: 30] - RECIEVE: Proc 0. Queue size is 0
EVENT[T: 1457884439][LC: 31] - RECIEVE: Proc 0. Queue size is 0
EVENT[T: 1457884439][LC: 32] - INTERNAL EVENT: Code 5
EVENT[T: 1457884439][LC: 33] - INTERNAL EVENT: Code 5
EVENT[T: 1457884440][LC: 34] - SEND: Proc 0 to procs 1 and 2
EVENT[T: 1457884440][LC: 35] - INTERNAL EVENT: Code 10
EVENT[T: 1457884440][LC: 36] - INTERNAL EVENT: Code 7
EVENT[T: 1457884441][LC: 37] - INTERNAL EVENT: Code 8
EVENT[T: 1457884441][LC: 38] - INTERNAL EVENT: Code 9
EVENT[T: 1457884441][LC: 39] - SEND: Proc 0 to procs 1 and 2
EVENT[T: 1457884442][LC: 49] - RECIEVE: Proc 0. Queue size is 0
EVENT[T: 1457884442][LC: 50] - INTERNAL EVENT: Code 5
EVENT[T: 1457884442][LC: 51] - INTERNAL EVENT: Code 8
EVENT[T: 1457884443][LC: 52] - INTERNAL EVENT: Code 9
EVENT[T: 1457884443][LC: 55] - RECIEVE: Proc 0. Queue size is 0
EVENT[T: 1457884443][LC: 59] - RECIEVE: Proc 0. Queue size is 0
EVENT[T: 1457884444][LC: 60] - INTERNAL EVENT: Code 6
EVENT[T: 1457884444][LC: 64] - RECIEVE: Proc 0. Queue size is 0
EVENT[T: 1457884444][LC: 65] - INTERNAL EVENT: Code 5
EVENT[T: 1457884445][LC: 66] - INTERNAL EVENT: Code 5
EVENT[T: 1457884445][LC: 70] - RECIEVE: Proc 0. Queue size is 0
EVENT[T: 1457884445][LC: 71] - SEND: Proc 0 to proc 2
EVENT[T: 1457884446][LC: 74] - RECIEVE: Proc 0. Queue size is 0
EVENT[T: 1457884446][LC: 75] - RECIEVE: Proc 0. Queue size is 0
EVENT[T: 1457884446][LC: 76] - INTERNAL EVENT: Code 6
EVENT[T: 1457884447][LC: 78] - RECIEVE: Proc 0. Queue size is 0
EVENT[T: 1457884447][LC: 79] - INTERNAL EVENT: Code 4
EVENT[T: 1457884447][LC: 80] - INTERNAL EVENT: Code 10
EVENT[T: 1457884448][LC: 85] - RECIEVE: Proc 0. Queue size is 0
EVENT[T: 1457884448][LC: 86] - INTERNAL EVENT: Code 7
EVENT[T: 1457884448][LC: 89] - RECIEVE: Proc 0. Queue size is 1
EVENT[T: 1457884449][LC: 90] - RECIEVE: Proc 0. Queue size is 0
EVENT[T: 1457884449][LC: 93] - RECIEVE: Proc 0. Queue size is 1
EVENT[T: 1457884449][LC: 94] - RECIEVE: Proc 0. Queue size is 0
EVENT[T: 1457884450][LC: 95] - SEND: Proc 0 to proc 2
EVENT[T: 1457884450][LC: 96] - SEND: Proc 0 to procs 1 and 2
EVENT[T: 1457884450][LC: 97] - INTERNAL EVENT: Code 7
EVENT[T: 1457884451][LC: 98] - INTERNAL EVENT: Code 6
EVENT[T: 1457884451][LC: 99] - INTERNAL EVENT: Code 7
EVENT[T: 1457884451][LC: 107] - RECIEVE: Proc 0. Queue size is 0
EVENT[T: 1457884452][LC: 110] - RECIEVE: Proc 0. Queue size is 0
EVENT[T: 1457884452][LC: 111] - SEND: Proc 0 to proc 1
EVENT[T: 1457884452][LC: 112] - INTERNAL EVENT: Code 4
EVENT[T: 1457884453][LC: 113] - RECIEVE: Proc 0. Queue size is 1
EVENT[T: 1457884453][LC: 115] - RECIEVE: Proc 0. Queue size is 1
EVENT[T: 1457884453][LC: 118] - RECIEVE: Proc 0. Queue size is 0
EVENT[T: 1457884454][LC: 119] - INTERNAL EVENT: Code 5
EVENT[T: 1457884454][LC: 123] - RECIEVE: Proc 0. Queue size is 0
EVENT[T: 1457884454][LC: 124] - INTERNAL EVENT: Code 4
EVENT[T: 1457884455][LC: 125] - INTERNAL EVENT: Code 6
EVENT[T: 1457884455][LC: 129] - RECIEVE: Proc 0. Queue size is 0
EVENT[T: 1457884455][LC: 130] - RECIEVE: Proc 0. Queue size is 0
EVENT[T: 1457884456][LC: 131] - INTERNAL EVENT: Code 4
EVENT[T: 1457884456][LC: 135] - RECIEVE: Proc 0. Queue size is 0
EVENT[T: 1457884456][LC: 136] - INTERNAL EVENT: Code 7
EVENT[T: 1457884457][LC: 139] - RECIEVE: Proc 0. Queue size is 0
EVENT[T: 1457884457][LC: 140] - INTERNAL EVENT: Code 5
EVENT[T: 1457884457][LC: 141] - INTERNAL EVENT: Code 4
EVENT[T: 1457884458][LC: 146] - RECIEVE: Proc 0. Queue size is 0
EVENT[T: 1457884458][LC: 147] - RECIEVE: Proc 0. Queue size is 0
EVENT[T: 1457884458][LC: 148] - SEND: Proc 0 to proc 1
EVENT[T: 1457884459][LC: 149] - INTERNAL EVENT: Code 7
EVENT[T: 1457884459][LC: 150] - INTERNAL EVENT: Code 7
EVENT[T: 1457884459][LC: 151] - SEND: Proc 0 to proc 1
EVENT[T: 1457884460][LC: 154] - RECIEVE: Proc 0. Queue size is 0
EVENT[T: 1457884460][LC: 155] - INTERNAL EVENT: Code 4
EVENT[T: 1457884460][LC: 161] - RECIEVE: Proc 0. Queue size is 0
EVENT[T: 1457884461][LC: 162] - RECIEVE: Proc 0. Queue size is 0
EVENT[T: 1457884461][LC: 163] - INTERNAL EVENT: Code 8
EVENT[T: 1457884461][LC: 164] - RECIEVE: Proc 0. Queue size is 0
EVENT[T: 1457884462][LC: 165] - RECIEVE: Proc 0. Queue size is 0
EVENT[T: 1457884462][LC: 166] - INTERNAL EVENT: Code 4
EVENT[T: 1457884462][LC: 167] - INTERNAL EVENT: Code 6
EVENT[T: 1457884463][LC: 168] - INTERNAL EVENT: Code 9
EVENT[T: 1457884463][LC: 177] - RECIEVE: Proc 0. Queue size is 0
EVENT[T: 1457884463][LC: 179] - RECIEVE: Proc 0. Queue size is 0
EVENT[T: 1457884464][LC: 180] - RECIEVE: Proc 0. Queue size is 0
EVENT[T: 1457884464][LC: 181] - INTERNAL EVENT: Code 10
EVENT[T: 1457884464][LC: 182] - SEND: Proc 0 to proc 2
EVENT[T: 1457884465][LC: 183] - INTERNAL EVENT: Code 5
EVENT[T: 1457884465][LC: 190] - RECIEVE: Proc 0. Queue size is 0
EVENT[T: 1457884465][LC: 191] - INTERNAL EVENT: Code 6
EVENT[T: 1457884466][LC: 192] - INTERNAL EVENT: Code 10
EVENT[T: 1457884466][LC: 193] - INTERNAL EVENT: Code 7
EVENT[T: 1457884466][LC: 194] - SEND: Proc 0 to proc 2
EVENT[T: 1457884467][LC: 200] - RECIEVE: Proc 0. Queue size is 0
EVENT[T: 1457884467][LC: 201] - RECIEVE: Proc 0. Queue size is 0
EVENT[T: 1457884467][LC: 202] - INTERNAL EVENT: Code 10
EVENT[T: 1457884468][LC: 203] - INTERNAL EVENT: Code 7
EVENT[T: 1457884468][LC: 204] - SEND: Proc 0 to proc 1
EVENT[T: 1457884468][LC: 205] - INTERNAL EVENT: Code 6
EVENT[T: 1457884469][LC: 207] - RECIEVE: Proc 0. Queue size is 0
EVENT[T: 1457884469][LC: 208] - INTERNAL EVENT: Code 7
EVENT[T: 1457884469][LC: 209] - SEND: Proc 0 to proc 2
EVENT[T: 1457884470][LC: 218] - RECIEVE: Proc 0. Queue size is 0
EVENT[T: 1457884470][LC: 220] - RECIEVE: Proc 0. Queue size is 0
EVENT[T: 1457884470][LC: 221] - RECIEVE: Proc 0. Queue size is 0
EVENT[T: 1457884471][LC: 223] - RECIEVE: Proc 0. Queue size is 1
EVENT[T: 1457884471][LC: 224] - RECIEVE: Proc 0. Queue size is 0
EVENT[T: 1457884471][LC: 225] - INTERNAL EVENT: Code 7
EVENT[T: 1457884472][LC: 226] - INTERNAL EVENT: Code 4
EVENT[T: 1457884472][LC: 228] - RECIEVE: Proc 0. Queue size is 1
EVENT[T: 1457884472][LC: 232] - RECIEVE: Proc 0. Queue size is 1
EVENT[T: 1457884473][LC: 234] - RECIEVE: Proc 0. Queue size is 2
EVENT[T: 1457884473][LC: 235] - RECIEVE: Proc 0. Queue size is 1
EVENT[T: 1457884473][LC: 236] - RECIEVE: Proc 0. Queue size is 0
EVENT[T: 1457884474][LC: 242] - RECIEVE: Proc 0. Queue size is 0
EVENT[T: 1457884474][LC: 243] - INTERNAL EVENT: Code 10
EVENT[T: 1457884474][LC: 244] - SEND: Proc 0 to procs 1 and 2
EVENT[T: 1457884475][LC: 248] - RECIEVE: Proc 0. Queue size is 1
EVENT[T: 1457884475][LC: 249] - RECIEVE: Proc 0. Queue size is 0
EVENT[T: 1457884475][LC: 250] - INTERNAL EVENT: Code 4
EVENT[T: 1457884476][LC: 251] - INTERNAL EVENT: Code 9
EVENT[T: 1457884476][LC: 252] - INTERNAL EVENT: Code 5
EVENT[T: 1457884476][LC: 253] - RECIEVE: Proc 0. Queue size is 0
EVENT[T: 1457884477][LC: 254] - INTERNAL EVENT: Code 5
EVENT[T: 1457884477][LC: 255] - RECIEVE: Proc 0. Queue size is 0
EVENT[T: 1457884477][LC: 256] - INTERNAL EVENT: Code 9
EVENT[T: 1457884478][LC: 257] - RECIEVE: Proc 0. Queue size is 0
EVENT[T: 1457884478][LC: 258] - RECIEVE: Proc 0. Queue size is 0
EVENT[T: 1457884478][LC: 259] - INTERNAL EVENT: Code 10
EVENT[T: 1457884479][LC: 272] - RECIEVE: Proc 0. Queue size is 0
EVENT[T: 1457884479][LC: 273] - INTERNAL EVENT: Code 7
EVENT[T: 1457884479][LC: 275] - RECIEVE: Proc 0. Queue size is 1
EVENT[T: 1457884480][LC: 276] - RECIEVE: Proc 0. Queue size is 1
EVENT[T: 1457884480][LC: 278] - RECIEVE: Proc 0. Queue size is 1
EVENT[T: 1457884480][LC: 280] - RECIEVE: Proc 0. Queue size is 1
EVENT[T: 1457884481][LC: 281] - RECIEVE: Proc 0. Queue size is 0
EVENT[T: 1457884481][LC: 282] - INTERNAL EVENT: Code 8
EVENT[T: 1457884481][LC: 283] - INTERNAL EVENT: Code 9
EVENT[T: 1457884482][LC: 284] - INTERNAL EVENT: Code 10
EVENT[T: 1457884482][LC: 285] - SEND: Proc 0 to proc 2
EVENT[T: 1457884482][LC: 293] - RECIEVE: Proc 0. Queue size is 1
EVENT[T: 1457884483][LC: 294] - RECIEVE: Proc 0. Queue size is 0
EVENT[T: 1457884483][LC: 298] - RECIEVE: Proc 0. Queue size is 0
EVENT[T: 1457884483][LC: 299] - RECIEVE: Proc 0. Queue size is 0
EVENT[T: 1457884484][LC: 300] - SEND: Proc 0 to proc 1
EVENT[T: 1457884484][LC: 302] - RECIEVE: Proc 0. Queue size is 0
EVENT[T: 1457884484][LC: 306] - RECIEVE: Proc 0. Queue size is 0
EVENT[T: 1457884485][LC: 307] - RECIEVE: Proc 0. Queue size is 0
EVENT[T: 1457884485][LC: 308] - INTERNAL EVENT: Code 10
EVENT[T: 1457884485][LC: 309] - INTERNAL EVENT: Code 10
EVENT[T: 1457884486][LC: 312] - RECIEVE: Proc 0. Queue size is 0
EVENT[T: 1457884486][LC: 313] - SEND: Proc 0 to proc 2
EVENT[T: 1457884486][LC: 314] - SEND: Proc 0 to procs 1 and 2
EVENT[T: 1457884487][LC: 315] - INTERNAL EVENT: Code 10
EVENT[T: 1457884487][LC: 321] - RECIEVE: Proc 0. Queue size is 0
EVENT[T: 1457884487][LC: 322] - RECIEVE: Proc 0. Queue size is 0
EVENT[T: 1457884488][LC: 325] - RECIEVE: Proc 0. Queue size is 0
EVENT[T: 1457884488][LC: 326] - INTERNAL EVENT: Code 10
EVENT[T: 1457884488][LC: 328] - RECIEVE: Proc 0. Queue size is 1
EVENT[T: 1457884489][LC: 330] - RECIEVE: Proc 0. Queue size is 1
EVENT[T: 1457884489][LC: 332] - RECIEVE: Proc 0. Queue size is 0
EVENT[T: 1457884489][LC: 333] - SEND: Proc 0 to procs 1 and 2
EVENT[T: 1457884490][LC: 334] - SEND: Proc 0 to procs 1 and 2
EVENT[T: 1457884490][LC: 335] - INTERNAL EVENT: Code 6
EVENT[T: 1457884490][LC: 336] - INTERNAL EVENT: Code 4
EVENT[T: 1457884491][LC: 337] - INTERNAL EVENT: Code 7
EVENT[T: 1457884491][LC: 345] - RECIEVE: Proc 0. Queue size is 0
EVENT[T: 1457884491][LC: 347] - RECIEVE: Proc 0. Queue size is 0
EVENT[T: 1457884492][LC: 349] - RECIEVE: Proc 0. Queue size is 0
EVENT[T: 1457884492][LC: 350] - SEND: Proc 0 to proc 1
EVENT[T: 1457884492][LC: 351] - INTERNAL EVENT: Code 7
