===== Machine 0 has PID 6432 and clockspeed 5 Hz =====
EVENT[T: 1457884441][LC: 1] - INTERNAL EVENT: Code 10
EVENT[T: 1457884441][LC: 2] - SEND: Proc 0 to proc 2
EVENT[T: 1457884442][LC: 3] - RECIEVE: Proc 0. Queue size is 0
EVENT[T: 1457884442][LC: 4] - INTERNAL EVENT: Code 9
EVENT[T: 1457884442][LC: 5] - RECIEVE: Proc 0. Queue size is 0
EVENT[T: 1457884442][LC: 6] - SEND: Proc 0 to procs 1 and 2
EVENT[T: 1457884442][LC: 7] - INTERNAL EVENT: Code 7
EVENT[T: 1457884443][LC: 8] - SEND: Proc 0 to procs 1 and 2
EVENT[T: 1457884443][LC: 9] - INTERNAL EVENT: Code 4
EVENT[T: 1457884443][LC: 10] - INTERNAL EVENT: Code 10
EVENT[T: 1457884443][LC: 11] - INTERNAL EVENT: Code 4
EVENT[T: 1457884443][LC: 12] - INTERNAL EVENT: Code 7
EVENT[T: 1457884444][LC: 13] - INTERNAL EVENT: Code 10
EVENT[T: 1457884444][LC: 14] - INTERNAL EVENT: Code 9
EVENT[T: 1457884444][LC: 15] - SEND: Proc 0 to procs 1 and 2
EVENT[T: 1457884444][LC: 16] - INTERNAL EVENT: Code 4
EVENT[T: 1457884444][LC: 17] - INTERNAL EVENT: Code 10
EVENT[T: 1457884445][LC: 18] - RECIEVE: Proc 0. Queue size is 0
EVENT[T: 1457884445][LC: 19] - INTERNAL EVENT: Code 5
EVENT[T: 1457884445][LC: 20] - INTERNAL EVENT: Code 4
EVENT[T: 1457884445][LC: 21] - INTERNAL EVENT: Code 7
EVENT[T: 1457884445][LC: 22] - SEND: Proc 0 to proc 2
EVENT[T: 1457884446][LC: 23] - SEND: Proc 0 to procs 1 and 2
EVENT[T: 1457884446][LC: 24] - INTERNAL EVENT: Code 9
EVENT[T: 1457884446][LC: 25] - INTERNAL EVENT: Code 5
EVENT[T: 1457884446][LC: 26] - RECIEVE: Proc 0. Queue size is 0
EVENT[T: 1457884446][LC: 27] - SEND: Proc 0 to procs 1 and 2
EVENT[T: 1457884447][LC: 28] - SEND: Proc 0 to proc 2
EVENT[T: 1457884447][LC: 29] - RECIEVE: Proc 0. Queue size is 0
EVENT[T: 1457884447][LC: 30] - INTERNAL EVENT: Code 9
EVENT[T: 1457884447][LC: 31] - INTERNAL EVENT: Code 9
EVENT[T: 1457884447][LC: 32] - INTERNAL EVENT: Code 4
EVENT[T: 1457884448][LC: 33] - RECIEVE: Proc 0. Queue size is 0
EVENT[T: 1457884448][LC: 34] - RECIEVE: Proc 0. Queue size is 0
EVENT[T: 1457884448][LC: 35] - INTERNAL EVENT: Code 7
EVENT[T: 1457884448][LC: 36] - SEND: Proc 0 to procs 1 and 2
EVENT[T: 1457884448][LC: 37] - INTERNAL EVENT: Code 6
EVENT[T: 1457884449][LC: 38] - INTERNAL EVENT: Code 8
EVENT[T: 1457884449][LC: 39] - INTERNAL EVENT: Code 6
EVENT[T: 1457884449][LC: 40] - INTERNAL EVENT: Code 9
EVENT[T: 1457884449][LC: 41] - RECIEVE: Proc 0. Queue size is 0
EVENT[T: 1457884449][LC: 42] - INTERNAL EVENT: Code 7
EVENT[T: 1457884450][LC: 43] - SEND: Proc 0 to proc 2
EVENT[T: 1457884450][LC: 44] - INTERNAL EVENT: Code 4
EVENT[T: 1457884450][LC: 45] - SEND: Proc 0 to proc 2
EVENT[T: 1457884450][LC: 46] - SEND: Proc 0 to proc 1
EVENT[T: 1457884450][LC: 47] - INTERNAL EVENT: Code 9
EVENT[T: 1457884451][LC: 48] - INTERNAL EVENT: Code 5
EVENT[T: 1457884451][LC: 49] - INTERNAL EVENT: Code 6
EVENT[T: 1457884451][LC: 50] - RECIEVE: Proc 0. Queue size is 0
EVENT[T: 1457884451][LC: 51] - INTERNAL EVENT: Code 7
EVENT[T: 1457884451][LC: 52] - INTERNAL EVENT: Code 5
EVENT[T: 1457884452][LC: 53] - RECIEVE: Proc 0. Queue size is 0
EVENT[T: 1457884452][LC: 54] - INTERNAL EVENT: Code 7
EVENT[T: 1457884452][LC: 55] - INTERNAL EVENT: Code 10
EVENT[T: 1457884452][LC: 56] - SEND: Proc 0 to procs 1 and 2
EVENT[T: 1457884452][LC: 57] - INTERNAL EVENT: Code 6
EVENT[T: 1457884453][LC: 58] - SEND: Proc 0 to proc 2
EVENT[T: 1457884453][LC: 59] - SEND: Proc 0 to proc 2
EVENT[T: 1457884453][LC: 60] - INTERNAL EVENT: Code 5
EVENT[T: 1457884453][LC: 61] - INTERNAL EVENT: Code 10
EVENT[T: 1457884453][LC: 62] - INTERNAL EVENT: Code 10
EVENT[T: 1457884454][LC: 63] - INTERNAL EVENT: Code 8
EVENT[T: 1457884454][LC: 64] - INTERNAL EVENT: Code 9
EVENT[T: 1457884454][LC: 65] - RECIEVE: Proc 0. Queue size is 0
EVENT[T: 1457884454][LC: 66] - SEND: Proc 0 to proc 1
EVENT[T: 1457884454][LC: 67] - INTERNAL EVENT: Code 6
EVENT[T: 1457884455][LC: 68] - INTERNAL EVENT: Code 6
EVENT[T: 1457884455][LC: 69] - RECIEVE: Proc 0. Queue size is 0
EVENT[T: 1457884455][LC: 70] - RECIEVE: Proc 0. Queue size is 0
EVENT[T: 1457884455][LC: 71] - INTERNAL EVENT: Code 4
EVENT[T: 1457884455][LC: 72] - INTERNAL EVENT: Code 4
EVENT[T: 1457884456][LC: 73] - SEND: Proc 0 to proc 1
EVENT[T: 1457884456][LC: 74] - INTERNAL EVENT: Code 10
EVENT[T: 1457884456][LC: 75] - INTERNAL EVENT: Code 8
EVENT[T: 1457884456][LC: 76] - SEND: Proc 0 to proc 1
EVENT[T: 1457884456][LC: 77] - SEND: Proc 0 to procs 1 and 2
EVENT[T: 1457884457][LC: 78] - INTERNAL EVENT: Code 6
EVENT[T: 1457884457][LC: 79] - INTERNAL EVENT: Code 4
EVENT[T: 1457884457][LC: 80] - INTERNAL EVENT: Code 8
EVENT[T: 1457884457][LC: 81] - SEND: Proc 0 to proc 1
EVENT[T: 1457884457][LC: 82] - INTERNAL EVENT: Code 5
EVENT[T: 1457884458][LC: 83] - SEND: Proc 0 to proc 2
EVENT[T: 1457884458][LC: 84] - SEND: Proc 0 to proc 1
EVENT[T: 1457884458][LC: 85] - INTERNAL EVENT: Code 4
EVENT[T: 1457884458][LC: 86] - SEND: Proc 0 to proc 2
EVENT[T: 1457884458][LC: 87] - INTERNAL EVENT: Code 8
EVENT[T: 1457884459][LC: 88] - SEND: Proc 0 to procs 1 and 2
EVENT[T: 1457884459][LC: 89] - INTERNAL EVENT: Code 7
EVENT[T: 1457884459][LC: 90] - INTERNAL EVENT: Code 8
EVENT[T: 1457884459][LC: 91] - INTERNAL EVENT: Code 5
EVENT[T: 1457884459][LC: 92] - SEND: Proc 0 to proc 2
EVENT[T: 1457884460][LC: 93] - INTERNAL EVENT: Code 5
EVENT[T: 1457884460][LC: 94] - SEND: Proc 0 to proc 2
EVENT[T: 1457884460][LC: 95] - INTERNAL EVENT: Code 5
EVENT[T: 1457884460][LC: 96] - RECIEVE: Proc 0. Queue size is 0
EVENT[T: 1457884460][LC: 97] - INTERNAL EVENT: Code 10
EVENT[T: 1457884461][LC: 98] - INTERNAL EVENT: Code 5
EVENT[T: 1457884461][LC: 99] - INTERNAL EVENT: Code 8
EVENT[T: 1457884461][LC: 100] - INTERNAL EVENT: Code 10
EVENT[T: 1457884461][LC: 101] - INTERNAL EVENT: Code 5
EVENT[T: 1457884461][LC: 102] - SEND: Proc 0 to proc 1
EVENT[T: 1457884462][LC: 103] - SEND: Proc 0 to proc 1
EVENT[T: 1457884462][LC: 104] - INTERNAL EVENT: Code 7
EVENT[T: 1457884462][LC: 105] - INTERNAL EVENT: Code 10
EVENT[T: 1457884462][LC: 106] - RECIEVE: Proc 0. Queue size is 0
EVENT[T: 1457884462][LC: 107] - INTERNAL EVENT: Code 5
EVENT[T: 1457884463][LC: 108] - INTERNAL EVENT: Code 5
EVENT[T: 1457884463][LC: 109] - INTERNAL EVENT: Code 6
EVENT[T: 1457884463][LC: 110] - RECIEVE: Proc 0. Queue size is 0
EVENT[T: 1457884463][LC: 111] - INTERNAL EVENT: Code 6
EVENT[T: 1457884463][LC: 112] - SEND: Proc 0 to proc 2
EVENT[T: 1457884464][LC: 113] - RECIEVE: Proc 0. Queue size is 0
EVENT[T: 1457884464][LC: 114] - INTERNAL EVENT: Code 9
EVENT[T: 1457884464][LC: 115] - SEND: Proc 0 to procs 1 and 2
EVENT[T: 1457884464][LC: 116] - INTERNAL EVENT: Code 10
EVENT[T: 1457884464][LC: 117] - SEND: Proc 0 to proc 1
EVENT[T: 1457884465][LC: 118] - SEND: Proc 0 to procs 1 and 2
EVENT[T: 1457884465][LC: 119] - SEND: Proc 0 to proc 1
EVENT[T: 1457884465][LC: 120] - INTERNAL EVENT: Code 4
EVENT[T: 1457884465][LC: 121] - SEND: Proc 0 to proc 1
EVENT[T: 1457884465][LC: 122] - INTERNAL EVENT: Code 10
EVENT[T: 1457884466][LC: 123] - INTERNAL EVENT: Code 10
EVENT[T: 1457884466][LC: 124] - RECIEVE: Proc 0. Queue size is 0
EVENT[T: 1457884466][LC: 125] - INTERNAL EVENT: Code 6
EVENT[T: 1457884466][LC: 126] - RECIEVE: Proc 0. Queue size is 0
EVENT[T: 1457884466][LC: 127] - SEND: Proc 0 to proc 2
EVENT[T: 1457884467][LC: 128] - SEND: Proc 0 to proc 1
EVENT[T: 1457884467][LC: 129] - SEND: Proc 0 to proc 1
EVENT[T: 1457884467][LC: 130] - INTERNAL EVENT: Code 5
EVENT[T: 1457884467][LC: 131] - SEND: Proc 0 to proc 1
EVENT[T: 1457884467][LC: 132] - SEND: Proc 0 to procs 1 and 2
EVENT[T: 1457884468][LC: 133] - INTERNAL EVENT: Code 6
EVENT[T: 1457884468][LC: 134] - INTERNAL EVENT: Code 8
EVENT[T: 1457884468][LC: 135] - INTERNAL EVENT: Code 9
EVENT[T: 1457884468][LC: 136] - SEND: Proc 0 to proc 2
EVENT[T: 1457884468][LC: 137] - INTERNAL EVENT: Code 8
EVENT[T: 1457884469][LC: 138] - INTERNAL EVENT: Code 9
EVENT[T: 1457884469][LC: 139] - SEND: Proc 0 to proc 2
EVENT[T: 1457884469][LC: 140] - INTERNAL EVENT: Code 8
EVENT[T: 1457884469][LC: 141] - INTERNAL EVENT: Code 5
EVENT[T: 1457884469][LC: 142] - INTERNAL EVENT: Code 4
EVENT[T: 1457884470][LC: 143] - INTERNAL EVENT: Code 9
EVENT[T: 1457884470][LC: 144] - INTERNAL EVENT: Code 4
EVENT[T: 1457884470][LC: 145] - INTERNAL EVENT: Code 8
EVENT[T: 1457884470][LC: 146] - INTERNAL EVENT: Code 7
EVENT[T: 1457884470][LC: 147] - INTERNAL EVENT: Code 10
EVENT[T: 1457884471][LC: 148] - INTERNAL EVENT: Code 8
EVENT[T: 1457884471][LC: 149] - SEND: Proc 0 to proc 2
EVENT[T: 1457884471][LC: 150] - RECIEVE: Proc 0. Queue size is 0
EVENT[T: 1457884471][LC: 151] - INTERNAL EVENT: Code 5
EVENT[T: 1457884471][LC: 152] - SEND: Proc 0 to proc 2
EVENT[T: 1457884472][LC: 153] - RECIEVE: Proc 0. Queue size is 0
EVENT[T: 1457884472][LC: 154] - INTERNAL EVENT: Code 7
EVENT[T: 1457884472][LC: 155] - INTERNAL EVENT: Code 10
EVENT[T: 1457884472][LC: 156] - RECIEVE: Proc 0. Queue size is 0
EVENT[T: 1457884472][LC: 157] - SEND: Proc 0 to proc 1
EVENT[T: 1457884473][LC: 158] - SEND: Proc 0 to procs 1 and 2
EVENT[T: 1457884473][LC: 159] - INTERNAL EVENT: Code 5
EVENT[T: 1457884473][LC: 160] - SEND: Proc 0 to procs 1 and 2
EVENT[T: 1457884473][LC: 161] - INTERNAL EVENT: Code 4
EVENT[T: 1457884473][LC: 162] - INTERNAL EVENT: Code 8
EVENT[T: 1457884474][LC: 163] - INTERNAL EVENT: Code 5
EVENT[T: 1457884474][LC: 164] - INTERNAL EVENT: Code 9
EVENT[T: 1457884474][LC: 165] - INTERNAL EVENT: Code 10
EVENT[T: 1457884474][LC: 166] - INTERNAL EVENT: Code 7
EVENT[T: 1457884474][LC: 167] - INTERNAL EVENT: Code 5
EVENT[T: 1457884475][LC: 168] - SEND: Proc 0 to proc 1
EVENT[T: 1457884475][LC: 169] - SEND: Proc 0 to proc 1
EVENT[T: 1457884475][LC: 170] - INTERNAL EVENT: Code 7
EVENT[T: 1457884475][LC: 171] - RECIEVE: Proc 0. Queue size is 0
EVENT[T: 1457884475][LC: 172] - INTERNAL EVENT: Code 4
EVENT[T: 1457884476][LC: 173] - INTERNAL EVENT: Code 5
EVENT[T: 1457884476][LC: 174] - INTERNAL EVENT: Code 9
EVENT[T: 1457884476][LC: 175] - INTERNAL EVENT: Code 6
EVENT[T: 1457884476][LC: 176] - SEND: Proc 0 to proc 1
EVENT[T: 1457884476][LC: 177] - INTERNAL EVENT: Code 10
EVENT[T: 1457884477][LC: 178] - SEND: Proc 0 to proc 2
EVENT[T: 1457884477][LC: 179] - RECIEVE: Proc 0. Queue size is 0
EVENT[T: 1457884477][LC: 180] - INTERNAL EVENT: Code 9
EVENT[T: 1457884477][LC: 181] - INTERNAL EVENT: Code 8
EVENT[T: 1457884477][LC: 182] - SEND: Proc 0 to proc 2
EVENT[T: 1457884478][LC: 183] - SEND: Proc 0 to procs 1 and 2
EVENT[T: 1457884478][LC: 184] - SEND: Proc 0 to procs 1 and 2
EVENT[T: 1457884478][LC: 185] - INTERNAL EVENT: Code 4
EVENT[T: 1457884478][LC: 186] - RECIEVE: Proc 0. Queue size is 0
EVENT[T: 1457884478][LC: 187] - SEND: Proc 0 to proc 1
EVENT[T: 1457884479][LC: 188] - INTERNAL EVENT: Code 4
EVENT[T: 1457884479][LC: 189] - INTERNAL EVENT: Code 10
EVENT[T: 1457884479][LC: 190] - INTERNAL EVENT: Code 7
EVENT[T: 1457884479][LC: 191] - RECIEVE: Proc 0. Queue size is 0
EVENT[T: 1457884479][LC: 192] - INTERNAL EVENT: Code 4
EVENT[T: 1457884480][LC: 193] - INTERNAL EVENT: Code 9
EVENT[T: 1457884480][LC: 194] - INTERNAL EVENT: Code 5
EVENT[T: 1457884480][LC: 195] - SEND: Proc 0 to proc 1
EVENT[T: 1457884480][LC: 196] - INTERNAL EVENT: Code 5
EVENT[T: 1457884480][LC: 197] - INTERNAL EVENT: Code 4
EVENT[T: 1457884481][LC: 198] - INTERNAL EVENT: Code 4
EVENT[T: 1457884481][LC: 199] - INTERNAL EVENT: Code 10
EVENT[T: 1457884481][LC: 200] - INTERNAL EVENT: Code 6
EVENT[T: 1457884481][LC: 201] - INTERNAL EVENT: Code 10
EVENT[T: 1457884481][LC: 202] - INTERNAL EVENT: Code 5
EVENT[T: 1457884482][LC: 203] - SEND: Proc 0 to proc 1
EVENT[T: 1457884482][LC: 204] - SEND: Proc 0 to procs 1 and 2
EVENT[T: 1457884482][LC: 205] - SEND: Proc 0 to proc 2
EVENT[T: 1457884482][LC: 206] - INTERNAL EVENT: Code 5
EVENT[T: 1457884482][LC: 207] - INTERNAL EVENT: Code 4
EVENT[T: 1457884483][LC: 208] - RECIEVE: Proc 0. Queue size is 0
EVENT[T: 1457884483][LC: 209] - INTERNAL EVENT: Code 6
EVENT[T: 1457884483][LC: 210] - RECIEVE: Proc 0. Queue size is 0
EVENT[T: 1457884483][LC: 211] - INTERNAL EVENT: Code 10
EVENT[T: 1457884483][LC: 212] - INTERNAL EVENT: Code 6
EVENT[T: 1457884484][LC: 213] - SEND: Proc 0 to proc 1
EVENT[T: 1457884484][LC: 214] - INTERNAL EVENT: Code 8
EVENT[T: 1457884484][LC: 215] - INTERNAL EVENT: Code 7
EVENT[T: 1457884484][LC: 216] - RECIEVE: Proc 0. Queue size is 0
EVENT[T: 1457884484][LC: 217] - SEND: Proc 0 to proc 1
EVENT[T: 1457884485][LC: 218] - SEND: Proc 0 to procs 1 and 2
EVENT[T: 1457884485][LC: 219] - SEND: Proc 0 to procs 1 and 2
EVENT[T: 1457884485][LC: 220] - SEND: Proc 0 to procs 1 and 2
EVENT[T: 1457884485][LC: 221] - SEND: Proc 0 to proc 1
EVENT[T: 1457884485][LC: 222] - SEND: Proc 0 to proc 1
EVENT[T: 1457884486][LC: 223] - INTERNAL EVENT: Code 4
EVENT[T: 1457884486][LC: 224] - SEND: Proc 0 to proc 2
EVENT[T: 1457884486][LC: 225] - INTERNAL EVENT: Code 7
EVENT[T: 1457884486][LC: 226] - RECIEVE: Proc 0. Queue size is 0
EVENT[T: 1457884487][LC: 227] - INTERNAL EVENT: Code 4
EVENT[T: 1457884487][LC: 228] - INTERNAL EVENT: Code 7
EVENT[T: 1457884487][LC: 229] - INTERNAL EVENT: Code 4
EVENT[T: 1457884487][LC: 230] - INTERNAL EVENT: Code 7
EVENT[T: 1457884487][LC: 231] - INTERNAL EVENT: Code 4
EVENT[T: 1457884488][LC: 232] - INTERNAL EVENT: Code 5
EVENT[T: 1457884488][LC: 233] - INTERNAL EVENT: Code 5
EVENT[T: 1457884488][LC: 234] - INTERNAL EVENT: Code 9
EVENT[T: 1457884488][LC: 235] - INTERNAL EVENT: Code 10
EVENT[T: 1457884488][LC: 236] - INTERNAL EVENT: Code 9
EVENT[T: 1457884489][LC: 237] - SEND: Proc 0 to proc 2
EVENT[T: 1457884489][LC: 238] - INTERNAL EVENT: Code 7
EVENT[T: 1457884489][LC: 239] - SEND: Proc 0 to proc 2
EVENT[T: 1457884489][LC: 240] - INTERNAL EVENT: Code 7
EVENT[T: 1457884489][LC: 241] - INTERNAL EVENT: Code 8
EVENT[T: 1457884490][LC: 242] - INTERNAL EVENT: Code 8
EVENT[T: 1457884490][LC: 243] - INTERNAL EVENT: Code 7
EVENT[T: 1457884490][LC: 244] - INTERNAL EVENT: Code 7
EVENT[T: 1457884490][LC: 245] - INTERNAL EVENT: Code 7
EVENT[T: 1457884490][LC: 246] - INTERNAL EVENT: Code 10
EVENT[T: 1457884491][LC: 247] - INTERNAL EVENT: Code 10
EVENT[T: 1457884491][LC: 248] - RECIEVE: Proc 0. Queue size is 0
EVENT[T: 1457884491][LC: 249] - INTERNAL EVENT: Code 10
EVENT[T: 1457884491][LC: 250] - INTERNAL EVENT: Code 6
EVENT[T: 1457884491][LC: 251] - RECIEVE: Proc 0. Queue size is 0
EVENT[T: 1457884492][LC: 252] - INTERNAL EVENT: Code 9
EVENT[T: 1457884492][LC: 253] - RECIEVE: Proc 0. Queue size is 0
EVENT[T: 1457884492][LC: 254] - RECIEVE: Proc 0. Queue size is 0
EVENT[T: 1457884492][LC: 255] - SEND: Proc 0 to proc 1
EVENT[T: 1457884492][LC: 256] - SEND: Proc 0 to procs 1 and 2
EVENT[T: 1457884493][LC: 257] - SEND: Proc 0 to proc 1
EVENT[T: 1457884493][LC: 258] - SEND: Proc 0 to proc 2
EVENT[T: 1457884493][LC: 259] - INTERNAL EVENT: Code 5
EVENT[T: 1457884493][LC: 260] - INTERNAL EVENT: Code 9
EVENT[T: 1457884493][LC: 261] - INTERNAL EVENT: Code 7
EVENT[T: 1457884494][LC: 262] - INTERNAL EVENT: Code 4
EVENT[T: 1457884494][LC: 263] - SEND: Proc 0 to procs 1 and 2
EVENT[T: 1457884494][LC: 264] - INTERNAL EVENT: Code 6
EVENT[T: 1457884494][LC: 265] - INTERNAL EVENT: Code 4
EVENT[T: 1457884494][LC: 266] - INTERNAL EVENT: Code 4
EVENT[T: 1457884495][LC: 267] - INTERNAL EVENT: Code 6
EVENT[T: 1457884495][LC: 268] - SEND: Proc 0 to proc 2
EVENT[T: 1457884495][LC: 269] - INTERNAL EVENT: Code 7
EVENT[T: 1457884495][LC: 270] - INTERNAL EVENT: Code 8
EVENT[T: 1457884495][LC: 271] - INTERNAL EVENT: Code 7
EVENT[T: 1457884496][LC: 272] - INTERNAL EVENT: Code 5
EVENT[T: 1457884496][LC: 273] - INTERNAL EVENT: Code 8
EVENT[T: 1457884496][LC: 274] - INTERNAL EVENT: Code 4
EVENT[T: 1457884496][LC: 275] - SEND: Proc 0 to procs 1 and 2
EVENT[T: 1457884496][LC: 276] - INTERNAL EVENT: Code 6
EVENT[T: 1457884497][LC: 277] - INTERNAL EVENT: Code 6
EVENT[T: 1457884497][LC: 278] - SEND: Proc 0 to proc 1
EVENT[T: 1457884497][LC: 279] - INTERNAL EVENT: Code 9
EVENT[T: 1457884497][LC: 280] - INTERNAL EVENT: Code 9
EVENT[T: 1457884497][LC: 281] - INTERNAL EVENT: Code 4
EVENT[T: 1457884498][LC: 282] - INTERNAL EVENT: Code 6
EVENT[T: 1457884498][LC: 283] - INTERNAL EVENT: Code 4
EVENT[T: 1457884498][LC: 284] - RECIEVE: Proc 0. Queue size is 0
EVENT[T: 1457884498][LC: 285] - RECIEVE: Proc 0. Queue size is 0
EVENT[T: 1457884498][LC: 286] - INTERNAL EVENT: Code 9
EVENT[T: 1457884499][LC: 287] - SEND: Proc 0 to proc 2
EVENT[T: 1457884499][LC: 288] - SEND: Proc 0 to procs 1 and 2
EVENT[T: 1457884499][LC: 289] - INTERNAL EVENT: Code 9
EVENT[T: 1457884499][LC: 290] - INTERNAL EVENT: Code 8
EVENT[T: 1457884499][LC: 291] - INTERNAL EVENT: Code 10
EVENT[T: 1457884500][LC: 292] - SEND: Proc 0 to procs 1 and 2
EVENT[T: 1457884500][LC: 293] - INTERNAL EVENT: Code 5
EVENT[T: 1457884500][LC: 294] - INTERNAL EVENT: Code 9
EVENT[T: 1457884500][LC: 295] - INTERNAL EVENT: Code 4
EVENT[T: 1457884500][LC: 296] - SEND: Proc 0 to procs 1 and 2
