===== Machine 1 has PID 12209 and clockspeed 6 Hz =====
EVENT[T: 1457835765][LC: 1] - INTERNAL EVENT: Code 7
EVENT[T: 1457835765][LC: 2] - INTERNAL EVENT: Code 10
EVENT[T: 1457835766][LC: 3] - INTERNAL EVENT: Code 6
EVENT[T: 1457835766][LC: 4] - INTERNAL EVENT: Code 10
EVENT[T: 1457835766][LC: 5] - INTERNAL EVENT: Code 9
EVENT[T: 1457835766][LC: 6] - INTERNAL EVENT: Code 4
EVENT[T: 1457835766][LC: 7] - INTERNAL EVENT: Code 6
EVENT[T: 1457835766][LC: 8] - SEND: Proc 1 to procs 2 and 0
EVENT[T: 1457835767][LC: 9] - INTERNAL EVENT: Code 8
EVENT[T: 1457835767][LC: 10] - INTERNAL EVENT: Code 9
EVENT[T: 1457835767][LC: 11] - RECIEVE: Proc 1. Queue size is 0
EVENT[T: 1457835767][LC: 12] - INTERNAL EVENT: Code 5
EVENT[T: 1457835767][LC: 13] - RECIEVE: Proc 1. Queue size is 0
EVENT[T: 1457835767][LC: 14] - INTERNAL EVENT: Code 5
EVENT[T: 1457835768][LC: 15] - INTERNAL EVENT: Code 7
EVENT[T: 1457835768][LC: 16] - INTERNAL EVENT: Code 7
EVENT[T: 1457835768][LC: 17] - SEND: Proc 1 to proc 0
EVENT[T: 1457835768][LC: 18] - SEND: Proc 1 to proc 2
EVENT[T: 1457835768][LC: 19] - INTERNAL EVENT: Code 5
EVENT[T: 1457835768][LC: 20] - INTERNAL EVENT: Code 5
EVENT[T: 1457835769][LC: 21] - INTERNAL EVENT: Code 8
EVENT[T: 1457835769][LC: 22] - INTERNAL EVENT: Code 5
EVENT[T: 1457835769][LC: 23] - INTERNAL EVENT: Code 10
EVENT[T: 1457835769][LC: 24] - INTERNAL EVENT: Code 7
EVENT[T: 1457835769][LC: 25] - INTERNAL EVENT: Code 4
EVENT[T: 1457835769][LC: 26] - INTERNAL EVENT: Code 7
EVENT[T: 1457835770][LC: 27] - INTERNAL EVENT: Code 10
EVENT[T: 1457835770][LC: 28] - INTERNAL EVENT: Code 6
EVENT[T: 1457835770][LC: 29] - INTERNAL EVENT: Code 6
EVENT[T: 1457835770][LC: 30] - INTERNAL EVENT: Code 5
EVENT[T: 1457835770][LC: 31] - INTERNAL EVENT: Code 4
EVENT[T: 1457835770][LC: 32] - INTERNAL EVENT: Code 9
EVENT[T: 1457835771][LC: 33] - INTERNAL EVENT: Code 4
EVENT[T: 1457835771][LC: 34] - SEND: Proc 1 to proc 0
EVENT[T: 1457835771][LC: 35] - INTERNAL EVENT: Code 10
EVENT[T: 1457835771][LC: 36] - INTERNAL EVENT: Code 10
EVENT[T: 1457835771][LC: 37] - SEND: Proc 1 to proc 0
EVENT[T: 1457835771][LC: 38] - INTERNAL EVENT: Code 10
EVENT[T: 1457835772][LC: 39] - SEND: Proc 1 to procs 2 and 0
EVENT[T: 1457835772][LC: 40] - INTERNAL EVENT: Code 7
EVENT[T: 1457835772][LC: 41] - SEND: Proc 1 to proc 0
EVENT[T: 1457835772][LC: 42] - SEND: Proc 1 to procs 2 and 0
EVENT[T: 1457835772][LC: 43] - INTERNAL EVENT: Code 7
EVENT[T: 1457835772][LC: 44] - INTERNAL EVENT: Code 8
EVENT[T: 1457835773][LC: 45] - INTERNAL EVENT: Code 7
EVENT[T: 1457835773][LC: 46] - RECIEVE: Proc 1. Queue size is 0
EVENT[T: 1457835773][LC: 47] - INTERNAL EVENT: Code 6
EVENT[T: 1457835773][LC: 48] - INTERNAL EVENT: Code 6
EVENT[T: 1457835773][LC: 49] - INTERNAL EVENT: Code 10
EVENT[T: 1457835773][LC: 50] - INTERNAL EVENT: Code 6
EVENT[T: 1457835774][LC: 51] - RECIEVE: Proc 1. Queue size is 0
EVENT[T: 1457835774][LC: 52] - INTERNAL EVENT: Code 10
EVENT[T: 1457835774][LC: 53] - INTERNAL EVENT: Code 6
EVENT[T: 1457835774][LC: 54] - SEND: Proc 1 to procs 2 and 0
EVENT[T: 1457835774][LC: 55] - INTERNAL EVENT: Code 4
EVENT[T: 1457835774][LC: 56] - INTERNAL EVENT: Code 5
EVENT[T: 1457835775][LC: 57] - RECIEVE: Proc 1. Queue size is 0
EVENT[T: 1457835775][LC: 58] - SEND: Proc 1 to proc 0
EVENT[T: 1457835775][LC: 59] - INTERNAL EVENT: Code 9
EVENT[T: 1457835775][LC: 60] - INTERNAL EVENT: Code 4
EVENT[T: 1457835775][LC: 61] - SEND: Proc 1 to procs 2 and 0
EVENT[T: 1457835775][LC: 62] - INTERNAL EVENT: Code 6
EVENT[T: 1457835776][LC: 63] - INTERNAL EVENT: Code 9
EVENT[T: 1457835776][LC: 64] - INTERNAL EVENT: Code 8
EVENT[T: 1457835776][LC: 65] - SEND: Proc 1 to proc 2
EVENT[T: 1457835776][LC: 66] - INTERNAL EVENT: Code 9
EVENT[T: 1457835776][LC: 67] - RECIEVE: Proc 1. Queue size is 0
EVENT[T: 1457835776][LC: 68] - SEND: Proc 1 to proc 2
EVENT[T: 1457835777][LC: 69] - SEND: Proc 1 to procs 2 and 0
EVENT[T: 1457835777][LC: 70] - INTERNAL EVENT: Code 8
EVENT[T: 1457835777][LC: 71] - SEND: Proc 1 to proc 0
EVENT[T: 1457835777][LC: 72] - INTERNAL EVENT: Code 4
EVENT[T: 1457835777][LC: 73] - INTERNAL EVENT: Code 7
EVENT[T: 1457835777][LC: 74] - INTERNAL EVENT: Code 7
EVENT[T: 1457835778][LC: 75] - RECIEVE: Proc 1. Queue size is 0
EVENT[T: 1457835778][LC: 76] - SEND: Proc 1 to proc 0
EVENT[T: 1457835778][LC: 77] - INTERNAL EVENT: Code 10
EVENT[T: 1457835778][LC: 78] - INTERNAL EVENT: Code 9
EVENT[T: 1457835778][LC: 79] - RECIEVE: Proc 1. Queue size is 0
EVENT[T: 1457835778][LC: 80] - SEND: Proc 1 to proc 2
EVENT[T: 1457835779][LC: 81] - INTERNAL EVENT: Code 9
EVENT[T: 1457835779][LC: 82] - INTERNAL EVENT: Code 7
EVENT[T: 1457835779][LC: 83] - INTERNAL EVENT: Code 6
EVENT[T: 1457835779][LC: 84] - INTERNAL EVENT: Code 4
EVENT[T: 1457835779][LC: 85] - INTERNAL EVENT: Code 6
EVENT[T: 1457835779][LC: 86] - SEND: Proc 1 to procs 2 and 0
EVENT[T: 1457835780][LC: 87] - INTERNAL EVENT: Code 6
EVENT[T: 1457835780][LC: 88] - SEND: Proc 1 to proc 0
EVENT[T: 1457835780][LC: 89] - INTERNAL EVENT: Code 5
EVENT[T: 1457835780][LC: 90] - SEND: Proc 1 to proc 2
EVENT[T: 1457835780][LC: 91] - INTERNAL EVENT: Code 8
EVENT[T: 1457835780][LC: 92] - INTERNAL EVENT: Code 8
EVENT[T: 1457835781][LC: 93] - SEND: Proc 1 to proc 0
EVENT[T: 1457835781][LC: 94] - RECIEVE: Proc 1. Queue size is 0
EVENT[T: 1457835781][LC: 95] - SEND: Proc 1 to procs 2 and 0
EVENT[T: 1457835781][LC: 96] - SEND: Proc 1 to proc 2
EVENT[T: 1457835781][LC: 97] - INTERNAL EVENT: Code 7
EVENT[T: 1457835781][LC: 98] - SEND: Proc 1 to proc 2
EVENT[T: 1457835782][LC: 99] - INTERNAL EVENT: Code 8
EVENT[T: 1457835782][LC: 100] - INTERNAL EVENT: Code 8
EVENT[T: 1457835782][LC: 101] - SEND: Proc 1 to proc 2
EVENT[T: 1457835782][LC: 102] - INTERNAL EVENT: Code 10
EVENT[T: 1457835782][LC: 103] - SEND: Proc 1 to proc 0
EVENT[T: 1457835782][LC: 104] - INTERNAL EVENT: Code 10
EVENT[T: 1457835783][LC: 105] - INTERNAL EVENT: Code 4
EVENT[T: 1457835783][LC: 106] - INTERNAL EVENT: Code 7
EVENT[T: 1457835783][LC: 107] - INTERNAL EVENT: Code 8
EVENT[T: 1457835783][LC: 108] - INTERNAL EVENT: Code 10
EVENT[T: 1457835783][LC: 109] - INTERNAL EVENT: Code 8
EVENT[T: 1457835783][LC: 110] - INTERNAL EVENT: Code 9
EVENT[T: 1457835784][LC: 111] - RECIEVE: Proc 1. Queue size is 0
EVENT[T: 1457835784][LC: 112] - INTERNAL EVENT: Code 8
EVENT[T: 1457835784][LC: 113] - INTERNAL EVENT: Code 10
EVENT[T: 1457835784][LC: 114] - INTERNAL EVENT: Code 7
EVENT[T: 1457835784][LC: 115] - RECIEVE: Proc 1. Queue size is 0
EVENT[T: 1457835784][LC: 116] - INTERNAL EVENT: Code 6
EVENT[T: 1457835785][LC: 117] - INTERNAL EVENT: Code 7
EVENT[T: 1457835785][LC: 118] - SEND: Proc 1 to procs 2 and 0
EVENT[T: 1457835785][LC: 119] - SEND: Proc 1 to procs 2 and 0
EVENT[T: 1457835785][LC: 120] - INTERNAL EVENT: Code 9
EVENT[T: 1457835785][LC: 121] - INTERNAL EVENT: Code 8
EVENT[T: 1457835785][LC: 122] - INTERNAL EVENT: Code 4
EVENT[T: 1457835786][LC: 123] - INTERNAL EVENT: Code 6
EVENT[T: 1457835786][LC: 124] - INTERNAL EVENT: Code 10
EVENT[T: 1457835786][LC: 125] - INTERNAL EVENT: Code 4
EVENT[T: 1457835786][LC: 126] - SEND: Proc 1 to procs 2 and 0
EVENT[T: 1457835786][LC: 127] - SEND: Proc 1 to proc 2
EVENT[T: 1457835786][LC: 128] - INTERNAL EVENT: Code 6
EVENT[T: 1457835787][LC: 129] - SEND: Proc 1 to procs 2 and 0
EVENT[T: 1457835787][LC: 130] - INTERNAL EVENT: Code 8
EVENT[T: 1457835787][LC: 131] - INTERNAL EVENT: Code 9
EVENT[T: 1457835787][LC: 132] - SEND: Proc 1 to proc 0
EVENT[T: 1457835787][LC: 133] - INTERNAL EVENT: Code 7
EVENT[T: 1457835787][LC: 134] - INTERNAL EVENT: Code 9
EVENT[T: 1457835788][LC: 135] - INTERNAL EVENT: Code 4
EVENT[T: 1457835788][LC: 136] - INTERNAL EVENT: Code 8
EVENT[T: 1457835788][LC: 137] - SEND: Proc 1 to proc 2
EVENT[T: 1457835788][LC: 138] - INTERNAL EVENT: Code 7
EVENT[T: 1457835788][LC: 139] - INTERNAL EVENT: Code 4
EVENT[T: 1457835788][LC: 140] - INTERNAL EVENT: Code 8
EVENT[T: 1457835789][LC: 141] - RECIEVE: Proc 1. Queue size is 0
EVENT[T: 1457835789][LC: 142] - INTERNAL EVENT: Code 6
EVENT[T: 1457835789][LC: 143] - SEND: Proc 1 to procs 2 and 0
EVENT[T: 1457835789][LC: 144] - INTERNAL EVENT: Code 7
EVENT[T: 1457835789][LC: 145] - INTERNAL EVENT: Code 5
EVENT[T: 1457835789][LC: 146] - INTERNAL EVENT: Code 5
EVENT[T: 1457835790][LC: 147] - INTERNAL EVENT: Code 5
EVENT[T: 1457835790][LC: 148] - INTERNAL EVENT: Code 10
EVENT[T: 1457835790][LC: 149] - RECIEVE: Proc 1. Queue size is 0
EVENT[T: 1457835790][LC: 150] - SEND: Proc 1 to proc 2
EVENT[T: 1457835790][LC: 151] - INTERNAL EVENT: Code 7
EVENT[T: 1457835790][LC: 152] - INTERNAL EVENT: Code 4
EVENT[T: 1457835791][LC: 153] - SEND: Proc 1 to proc 0
EVENT[T: 1457835791][LC: 154] - INTERNAL EVENT: Code 6
EVENT[T: 1457835791][LC: 155] - INTERNAL EVENT: Code 8
EVENT[T: 1457835791][LC: 156] - INTERNAL EVENT: Code 7
EVENT[T: 1457835791][LC: 157] - RECIEVE: Proc 1. Queue size is 0
EVENT[T: 1457835791][LC: 158] - INTERNAL EVENT: Code 8
EVENT[T: 1457835792][LC: 159] - SEND: Proc 1 to procs 2 and 0
EVENT[T: 1457835792][LC: 160] - SEND: Proc 1 to proc 2
EVENT[T: 1457835792][LC: 161] - INTERNAL EVENT: Code 8
EVENT[T: 1457835792][LC: 162] - INTERNAL EVENT: Code 8
EVENT[T: 1457835792][LC: 163] - INTERNAL EVENT: Code 4
EVENT[T: 1457835792][LC: 164] - INTERNAL EVENT: Code 7
EVENT[T: 1457835793][LC: 165] - INTERNAL EVENT: Code 8
EVENT[T: 1457835793][LC: 166] - INTERNAL EVENT: Code 7
EVENT[T: 1457835793][LC: 167] - SEND: Proc 1 to procs 2 and 0
EVENT[T: 1457835793][LC: 168] - INTERNAL EVENT: Code 9
EVENT[T: 1457835793][LC: 169] - INTERNAL EVENT: Code 10
EVENT[T: 1457835793][LC: 170] - SEND: Proc 1 to proc 0
EVENT[T: 1457835794][LC: 171] - INTERNAL EVENT: Code 9
EVENT[T: 1457835794][LC: 172] - INTERNAL EVENT: Code 8
EVENT[T: 1457835794][LC: 173] - INTERNAL EVENT: Code 7
EVENT[T: 1457835794][LC: 174] - INTERNAL EVENT: Code 8
EVENT[T: 1457835794][LC: 175] - RECIEVE: Proc 1. Queue size is 0
EVENT[T: 1457835794][LC: 176] - SEND: Proc 1 to procs 2 and 0
