===== Machine 2 has PID 12210 and clockspeed 2 Hz =====
EVENT[T: 1457835765][LC: 1] - INTERNAL EVENT: Code 5
EVENT[T: 1457835766][LC: 2] - INTERNAL EVENT: Code 10
EVENT[T: 1457835766][LC: 3] - INTERNAL EVENT: Code 8
EVENT[T: 1457835767][LC: 9] - RECIEVE: Proc 2. Queue size is 0
EVENT[T: 1457835767][LC: 11] - RECIEVE: Proc 2. Queue size is 0
EVENT[T: 1457835768][LC: 12] - SEND: Proc 2 to proc 0
EVENT[T: 1457835768][LC: 19] - RECIEVE: Proc 2. Queue size is 0
EVENT[T: 1457835769][LC: 20] - INTERNAL EVENT: Code 5
EVENT[T: 1457835769][LC: 21] - RECIEVE: Proc 2. Queue size is 0
EVENT[T: 1457835770][LC: 22] - INTERNAL EVENT: Code 4
EVENT[T: 1457835770][LC: 23] - INTERNAL EVENT: Code 9
EVENT[T: 1457835771][LC: 25] - RECIEVE: Proc 2. Queue size is 0
EVENT[T: 1457835771][LC: 26] - INTERNAL EVENT: Code 4
EVENT[T: 1457835772][LC: 40] - RECIEVE: Proc 2. Queue size is 0
EVENT[T: 1457835772][LC: 43] - RECIEVE: Proc 2. Queue size is 0
EVENT[T: 1457835773][LC: 44] - SEND: Proc 2 to procs 0 and 1
EVENT[T: 1457835773][LC: 45] - INTERNAL EVENT: Code 5
EVENT[T: 1457835774][LC: 48] - RECIEVE: Proc 2. Queue size is 0
EVENT[T: 1457835774][LC: 55] - RECIEVE: Proc 2. Queue size is 0
EVENT[T: 1457835775][LC: 57] - RECIEVE: Proc 2. Queue size is 0
EVENT[T: 1457835775][LC: 58] - SEND: Proc 2 to proc 0
EVENT[T: 1457835776][LC: 62] - RECIEVE: Proc 2. Queue size is 0
EVENT[T: 1457835776][LC: 66] - RECIEVE: Proc 2. Queue size is 0
EVENT[T: 1457835777][LC: 67] - RECIEVE: Proc 2. Queue size is 2
EVENT[T: 1457835777][LC: 69] - RECIEVE: Proc 2. Queue size is 1
EVENT[T: 1457835778][LC: 70] - RECIEVE: Proc 2. Queue size is 1
EVENT[T: 1457835778][LC: 74] - RECIEVE: Proc 2. Queue size is 0
EVENT[T: 1457835779][LC: 79] - RECIEVE: Proc 2. Queue size is 1
EVENT[T: 1457835779][LC: 81] - RECIEVE: Proc 2. Queue size is 0
EVENT[T: 1457835780][LC: 87] - RECIEVE: Proc 2. Queue size is 0
EVENT[T: 1457835780][LC: 91] - RECIEVE: Proc 2. Queue size is 0
EVENT[T: 1457835781][LC: 92] - SEND: Proc 2 to proc 1
EVENT[T: 1457835781][LC: 96] - RECIEVE: Proc 2. Queue size is 1
EVENT[T: 1457835782][LC: 97] - RECIEVE: Proc 2. Queue size is 1
EVENT[T: 1457835782][LC: 99] - RECIEVE: Proc 2. Queue size is 1
EVENT[T: 1457835783][LC: 102] - RECIEVE: Proc 2. Queue size is 0
EVENT[T: 1457835783][LC: 103] - INTERNAL EVENT: Code 6
EVENT[T: 1457835784][LC: 108] - RECIEVE: Proc 2. Queue size is 0
EVENT[T: 1457835784][LC: 109] - INTERNAL EVENT: Code 4
EVENT[T: 1457835785][LC: 110] - RECIEVE: Proc 2. Queue size is 0
EVENT[T: 1457835785][LC: 119] - RECIEVE: Proc 2. Queue size is 1
EVENT[T: 1457835786][LC: 120] - RECIEVE: Proc 2. Queue size is 1
EVENT[T: 1457835786][LC: 122] - RECIEVE: Proc 2. Queue size is 1
EVENT[T: 1457835787][LC: 127] - RECIEVE: Proc 2. Queue size is 2
EVENT[T: 1457835787][LC: 128] - RECIEVE: Proc 2. Queue size is 1
EVENT[T: 1457835788][LC: 130] - RECIEVE: Proc 2. Queue size is 1
EVENT[T: 1457835788][LC: 135] - RECIEVE: Proc 2. Queue size is 2
EVENT[T: 1457835789][LC: 136] - RECIEVE: Proc 2. Queue size is 1
EVENT[T: 1457835789][LC: 138] - RECIEVE: Proc 2. Queue size is 1
EVENT[T: 1457835790][LC: 144] - RECIEVE: Proc 2. Queue size is 0
EVENT[T: 1457835790][LC: 147] - RECIEVE: Proc 2. Queue size is 1
EVENT[T: 1457835791][LC: 151] - RECIEVE: Proc 2. Queue size is 0
EVENT[T: 1457835791][LC: 152] - INTERNAL EVENT: Code 9
EVENT[T: 1457835792][LC: 156] - RECIEVE: Proc 2. Queue size is 1
EVENT[T: 1457835792][LC: 160] - RECIEVE: Proc 2. Queue size is 1
EVENT[T: 1457835793][LC: 161] - RECIEVE: Proc 2. Queue size is 0
EVENT[T: 1457835793][LC: 168] - RECIEVE: Proc 2. Queue size is 0
EVENT[T: 1457835794][LC: 169] - INTERNAL EVENT: Code 8
EVENT[T: 1457835794][LC: 170] - SEND: Proc 2 to procs 0 and 1
