===== Machine 0 has PID 12208 and clockspeed 3 Hz =====
EVENT[T: 1457835765][LC: 1] - INTERNAL EVENT: Code 5
EVENT[T: 1457835766][LC: 2] - INTERNAL EVENT: Code 8
EVENT[T: 1457835766][LC: 3] - INTERNAL EVENT: Code 9
EVENT[T: 1457835766][LC: 4] - INTERNAL EVENT: Code 8
EVENT[T: 1457835767][LC: 9] - RECIEVE: Proc 0. Queue size is 0
EVENT[T: 1457835767][LC: 10] - SEND: Proc 0 to procs 1 and 2
EVENT[T: 1457835767][LC: 11] - SEND: Proc 0 to proc 1
EVENT[T: 1457835768][LC: 12] - INTERNAL EVENT: Code 5
EVENT[T: 1457835768][LC: 13] - RECIEVE: Proc 0. Queue size is 0
EVENT[T: 1457835768][LC: 18] - RECIEVE: Proc 0. Queue size is 0
EVENT[T: 1457835769][LC: 19] - INTERNAL EVENT: Code 5
EVENT[T: 1457835769][LC: 20] - SEND: Proc 0 to proc 2
EVENT[T: 1457835769][LC: 21] - INTERNAL EVENT: Code 10
EVENT[T: 1457835770][LC: 22] - INTERNAL EVENT: Code 9
EVENT[T: 1457835770][LC: 23] - INTERNAL EVENT: Code 7
EVENT[T: 1457835770][LC: 24] - SEND: Proc 0 to proc 2
EVENT[T: 1457835771][LC: 25] - INTERNAL EVENT: Code 9
EVENT[T: 1457835771][LC: 35] - RECIEVE: Proc 0. Queue size is 0
EVENT[T: 1457835771][LC: 36] - INTERNAL EVENT: Code 6
EVENT[T: 1457835772][LC: 38] - RECIEVE: Proc 0. Queue size is 0
EVENT[T: 1457835772][LC: 40] - RECIEVE: Proc 0. Queue size is 0
EVENT[T: 1457835772][LC: 42] - RECIEVE: Proc 0. Queue size is 1
EVENT[T: 1457835773][LC: 43] - RECIEVE: Proc 0. Queue size is 0
EVENT[T: 1457835773][LC: 45] - RECIEVE: Proc 0. Queue size is 0
EVENT[T: 1457835773][LC: 46] - INTERNAL EVENT: Code 6
EVENT[T: 1457835774][LC: 47] - SEND: Proc 0 to procs 1 and 2
EVENT[T: 1457835774][LC: 48] - INTERNAL EVENT: Code 9
EVENT[T: 1457835774][LC: 55] - RECIEVE: Proc 0. Queue size is 0
EVENT[T: 1457835775][LC: 56] - SEND: Proc 0 to procs 1 and 2
EVENT[T: 1457835775][LC: 59] - RECIEVE: Proc 0. Queue size is 0
EVENT[T: 1457835775][LC: 60] - RECIEVE: Proc 0. Queue size is 0
EVENT[T: 1457835776][LC: 62] - RECIEVE: Proc 0. Queue size is 0
EVENT[T: 1457835776][LC: 63] - INTERNAL EVENT: Code 9
EVENT[T: 1457835776][LC: 64] - SEND: Proc 0 to procs 1 and 2
EVENT[T: 1457835777][LC: 65] - INTERNAL EVENT: Code 8
EVENT[T: 1457835777][LC: 70] - RECIEVE: Proc 0. Queue size is 0
EVENT[T: 1457835777][LC: 72] - RECIEVE: Proc 0. Queue size is 0
EVENT[T: 1457835778][LC: 73] - SEND: Proc 0 to procs 1 and 2
EVENT[T: 1457835778][LC: 77] - RECIEVE: Proc 0. Queue size is 0
EVENT[T: 1457835778][LC: 78] - SEND: Proc 0 to procs 1 and 2
EVENT[T: 1457835779][LC: 79] - INTERNAL EVENT: Code 10
EVENT[T: 1457835779][LC: 80] - INTERNAL EVENT: Code 6
EVENT[T: 1457835779][LC: 81] - INTERNAL EVENT: Code 6
EVENT[T: 1457835780][LC: 87] - RECIEVE: Proc 0. Queue size is 0
EVENT[T: 1457835780][LC: 89] - RECIEVE: Proc 0. Queue size is 0
EVENT[T: 1457835780][LC: 90] - INTERNAL EVENT: Code 4
EVENT[T: 1457835781][LC: 91] - INTERNAL EVENT: Code 10
EVENT[T: 1457835781][LC: 94] - RECIEVE: Proc 0. Queue size is 0
EVENT[T: 1457835781][LC: 96] - RECIEVE: Proc 0. Queue size is 0
EVENT[T: 1457835782][LC: 97] - INTERNAL EVENT: Code 7
EVENT[T: 1457835782][LC: 98] - INTERNAL EVENT: Code 10
EVENT[T: 1457835782][LC: 99] - INTERNAL EVENT: Code 4
EVENT[T: 1457835783][LC: 104] - RECIEVE: Proc 0. Queue size is 0
EVENT[T: 1457835783][LC: 105] - INTERNAL EVENT: Code 4
EVENT[T: 1457835783][LC: 106] - INTERNAL EVENT: Code 10
EVENT[T: 1457835784][LC: 107] - SEND: Proc 0 to procs 1 and 2
EVENT[T: 1457835784][LC: 108] - INTERNAL EVENT: Code 8
EVENT[T: 1457835784][LC: 109] - SEND: Proc 0 to procs 1 and 2
EVENT[T: 1457835785][LC: 110] - INTERNAL EVENT: Code 9
EVENT[T: 1457835785][LC: 119] - RECIEVE: Proc 0. Queue size is 0
EVENT[T: 1457835785][LC: 120] - RECIEVE: Proc 0. Queue size is 0
EVENT[T: 1457835786][LC: 121] - SEND: Proc 0 to proc 2
EVENT[T: 1457835786][LC: 122] - INTERNAL EVENT: Code 4
EVENT[T: 1457835786][LC: 127] - RECIEVE: Proc 0. Queue size is 0
EVENT[T: 1457835787][LC: 128] - INTERNAL EVENT: Code 8
EVENT[T: 1457835787][LC: 130] - RECIEVE: Proc 0. Queue size is 0
EVENT[T: 1457835787][LC: 133] - RECIEVE: Proc 0. Queue size is 0
EVENT[T: 1457835788][LC: 134] - SEND: Proc 0 to proc 2
EVENT[T: 1457835788][LC: 135] - SEND: Proc 0 to proc 2
EVENT[T: 1457835788][LC: 136] - INTERNAL EVENT: Code 10
EVENT[T: 1457835789][LC: 137] - SEND: Proc 0 to proc 1
EVENT[T: 1457835789][LC: 138] - INTERNAL EVENT: Code 7
EVENT[T: 1457835789][LC: 144] - RECIEVE: Proc 0. Queue size is 0
EVENT[T: 1457835790][LC: 145] - INTERNAL EVENT: Code 7
EVENT[T: 1457835790][LC: 146] - SEND: Proc 0 to procs 1 and 2
EVENT[T: 1457835790][LC: 147] - INTERNAL EVENT: Code 5
EVENT[T: 1457835791][LC: 148] - INTERNAL EVENT: Code 10
EVENT[T: 1457835791][LC: 154] - RECIEVE: Proc 0. Queue size is 0
EVENT[T: 1457835791][LC: 155] - SEND: Proc 0 to procs 1 and 2
EVENT[T: 1457835792][LC: 156] - INTERNAL EVENT: Code 9
EVENT[T: 1457835792][LC: 160] - RECIEVE: Proc 0. Queue size is 0
EVENT[T: 1457835792][LC: 161] - INTERNAL EVENT: Code 9
EVENT[T: 1457835793][LC: 162] - INTERNAL EVENT: Code 7
EVENT[T: 1457835793][LC: 163] - INTERNAL EVENT: Code 4
EVENT[T: 1457835793][LC: 168] - RECIEVE: Proc 0. Queue size is 0
EVENT[T: 1457835794][LC: 171] - RECIEVE: Proc 0. Queue size is 0
EVENT[T: 1457835794][LC: 172] - INTERNAL EVENT: Code 10
EVENT[T: 1457835794][LC: 173] - RECIEVE: Proc 0. Queue size is 0
