===== Machine 0 has PID 6313 and clockspeed 2 Hz =====
EVENT[T: 1457884420][LC: 1] - INTERNAL EVENT: Code 9
EVENT[T: 1457884421][LC: 2] - RECIEVE: Proc 0. Queue size is 0
EVENT[T: 1457884421][LC: 4] - RECIEVE: Proc 0. Queue size is 0
EVENT[T: 1457884422][LC: 5] - INTERNAL EVENT: Code 4
EVENT[T: 1457884422][LC: 6] - SEND: Proc 0 to procs 1 and 2
EVENT[T: 1457884423][LC: 12] - RECIEVE: Proc 0. Queue size is 0
EVENT[T: 1457884423][LC: 13] - INTERNAL EVENT: Code 9
EVENT[T: 1457884424][LC: 18] - RECIEVE: Proc 0. Queue size is 0
EVENT[T: 1457884424][LC: 19] - RECIEVE: Proc 0. Queue size is 0
EVENT[T: 1457884425][LC: 20] - INTERNAL EVENT: Code 10
EVENT[T: 1457884425][LC: 25] - RECIEVE: Proc 0. Queue size is 0
EVENT[T: 1457884426][LC: 26] - SEND: Proc 0 to procs 1 and 2
EVENT[T: 1457884426][LC: 30] - RECIEVE: Proc 0. Queue size is 0
EVENT[T: 1457884427][LC: 31] - INTERNAL EVENT: Code 9
EVENT[T: 1457884427][LC: 34] - RECIEVE: Proc 0. Queue size is 0
EVENT[T: 1457884428][LC: 37] - RECIEVE: Proc 0. Queue size is 0
EVENT[T: 1457884428][LC: 40] - RECIEVE: Proc 0. Queue size is 0
EVENT[T: 1457884429][LC: 42] - RECIEVE: Proc 0. Queue size is 0
EVENT[T: 1457884429][LC: 45] - RECIEVE: Proc 0. Queue size is 0
EVENT[T: 1457884430][LC: 46] - SEND: Proc 0 to proc 1
EVENT[T: 1457884430][LC: 50] - RECIEVE: Proc 0. Queue size is 0
EVENT[T: 1457884431][LC: 51] - RECIEVE: Proc 0. Queue size is 0
EVENT[T: 1457884431][LC: 52] - INTERNAL EVENT: Code 10
EVENT[T: 1457884432][LC: 57] - RECIEVE: Proc 0. Queue size is 0
EVENT[T: 1457884432][LC: 58] - INTERNAL EVENT: Code 9
EVENT[T: 1457884433][LC: 61] - RECIEVE: Proc 0. Queue size is 1
EVENT[T: 1457884433][LC: 63] - RECIEVE: Proc 0. Queue size is 0
EVENT[T: 1457884434][LC: 64] - INTERNAL EVENT: Code 4
EVENT[T: 1457884434][LC: 69] - RECIEVE: Proc 0. Queue size is 0
EVENT[T: 1457884435][LC: 70] - INTERNAL EVENT: Code 4
EVENT[T: 1457884435][LC: 71] - SEND: Proc 0 to procs 1 and 2
EVENT[T: 1457884436][LC: 77] - RECIEVE: Proc 0. Queue size is 0
EVENT[T: 1457884436][LC: 78] - INTERNAL EVENT: Code 8
EVENT[T: 1457884437][LC: 81] - RECIEVE: Proc 0. Queue size is 2
EVENT[T: 1457884437][LC: 82] - RECIEVE: Proc 0. Queue size is 2
EVENT[T: 1457884438][LC: 83] - RECIEVE: Proc 0. Queue size is 1
EVENT[T: 1457884438][LC: 84] - RECIEVE: Proc 0. Queue size is 0
EVENT[T: 1457884439][LC: 85] - SEND: Proc 0 to proc 1
EVENT[T: 1457884439][LC: 86] - INTERNAL EVENT: Code 6
EVENT[T: 1457884440][LC: 87] - INTERNAL EVENT: Code 10
EVENT[T: 1457884440][LC: 88] - INTERNAL EVENT: Code 9
EVENT[T: 1457884441][LC: 102] - RECIEVE: Proc 0. Queue size is 0
EVENT[T: 1457884441][LC: 103] - SEND: Proc 0 to proc 2
EVENT[T: 1457884442][LC: 108] - RECIEVE: Proc 0. Queue size is 0
EVENT[T: 1457884442][LC: 109] - SEND: Proc 0 to proc 2
EVENT[T: 1457884443][LC: 112] - RECIEVE: Proc 0. Queue size is 1
EVENT[T: 1457884443][LC: 113] - RECIEVE: Proc 0. Queue size is 0
EVENT[T: 1457884444][LC: 114] - INTERNAL EVENT: Code 4
EVENT[T: 1457884444][LC: 115] - INTERNAL EVENT: Code 8
EVENT[T: 1457884445][LC: 122] - RECIEVE: Proc 0. Queue size is 0
EVENT[T: 1457884445][LC: 123] - INTERNAL EVENT: Code 9
EVENT[T: 1457884446][LC: 124] - INTERNAL EVENT: Code 6
EVENT[T: 1457884446][LC: 129] - RECIEVE: Proc 0. Queue size is 1
EVENT[T: 1457884447][LC: 130] - RECIEVE: Proc 0. Queue size is 1
EVENT[T: 1457884447][LC: 132] - RECIEVE: Proc 0. Queue size is 0
EVENT[T: 1457884448][LC: 133] - INTERNAL EVENT: Code 4
EVENT[T: 1457884448][LC: 134] - SEND: Proc 0 to proc 2
EVENT[T: 1457884449][LC: 135] - INTERNAL EVENT: Code 4
EVENT[T: 1457884449][LC: 145] - RECIEVE: Proc 0. Queue size is 0
EVENT[T: 1457884450][LC: 147] - RECIEVE: Proc 0. Queue size is 0
EVENT[T: 1457884450][LC: 148] - INTERNAL EVENT: Code 10
EVENT[T: 1457884451][LC: 149] - INTERNAL EVENT: Code 6
EVENT[T: 1457884451][LC: 150] - SEND: Proc 0 to proc 2
EVENT[T: 1457884452][LC: 151] - SEND: Proc 0 to proc 1
EVENT[T: 1457884452][LC: 152] - INTERNAL EVENT: Code 6
EVENT[T: 1457884453][LC: 153] - INTERNAL EVENT: Code 4
EVENT[T: 1457884453][LC: 154] - SEND: Proc 0 to procs 1 and 2
EVENT[T: 1457884454][LC: 168] - RECIEVE: Proc 0. Queue size is 0
EVENT[T: 1457884454][LC: 169] - INTERNAL EVENT: Code 4
EVENT[T: 1457884455][LC: 172] - RECIEVE: Proc 0. Queue size is 0
EVENT[T: 1457884455][LC: 173] - INTERNAL EVENT: Code 7
EVENT[T: 1457884456][LC: 178] - RECIEVE: Proc 0. Queue size is 0
EVENT[T: 1457884456][LC: 180] - RECIEVE: Proc 0. Queue size is 0
EVENT[T: 1457884457][LC: 181] - SEND: Proc 0 to procs 1 and 2
EVENT[T: 1457884457][LC: 185] - RECIEVE: Proc 0. Queue size is 0
EVENT[T: 1457884458][LC: 186] - INTERNAL EVENT: Code 9
EVENT[T: 1457884458][LC: 187] - INTERNAL EVENT: Code 7
EVENT[T: 1457884459][LC: 191] - RECIEVE: Proc 0. Queue size is 0
EVENT[T: 1457884459][LC: 192] - SEND: Proc 0 to procs 1 and 2
EVENT[T: 1457884460][LC: 197] - RECIEVE: Proc 0. Queue size is 1
EVENT[T: 1457884460][LC: 198] - RECIEVE: Proc 0. Queue size is 0
EVENT[T: 1457884461][LC: 199] - INTERNAL EVENT: Code 8
EVENT[T: 1457884461][LC: 200] - SEND: Proc 0 to procs 1 and 2
EVENT[T: 1457884462][LC: 201] - INTERNAL EVENT: Code 8
EVENT[T: 1457884462][LC: 209] - RECIEVE: Proc 0. Queue size is 0
EVENT[T: 1457884463][LC: 212] - RECIEVE: Proc 0. Queue size is 0
EVENT[T: 1457884463][LC: 214] - RECIEVE: Proc 0. Queue size is 0
EVENT[T: 1457884464][LC: 218] - RECIEVE: Proc 0. Queue size is 0
EVENT[T: 1457884464][LC: 219] - INTERNAL EVENT: Code 9
EVENT[T: 1457884465][LC: 220] - SEND: Proc 0 to procs 1 and 2
EVENT[T: 1457884465][LC: 221] - INTERNAL EVENT: Code 8
EVENT[T: 1457884466][LC: 222] - INTERNAL EVENT: Code 4
EVENT[T: 1457884466][LC: 223] - INTERNAL EVENT: Code 8
EVENT[T: 1457884467][LC: 233] - RECIEVE: Proc 0. Queue size is 0
EVENT[T: 1457884467][LC: 234] - SEND: Proc 0 to procs 1 and 2
EVENT[T: 1457884468][LC: 235] - SEND: Proc 0 to proc 2
EVENT[T: 1457884468][LC: 236] - INTERNAL EVENT: Code 7
EVENT[T: 1457884469][LC: 237] - INTERNAL EVENT: Code 8
EVENT[T: 1457884469][LC: 244] - RECIEVE: Proc 0. Queue size is 0
EVENT[T: 1457884470][LC: 246] - RECIEVE: Proc 0. Queue size is 1
EVENT[T: 1457884470][LC: 248] - RECIEVE: Proc 0. Queue size is 0
EVENT[T: 1457884471][LC: 249] - INTERNAL EVENT: Code 6
EVENT[T: 1457884471][LC: 250] - INTERNAL EVENT: Code 10
EVENT[T: 1457884472][LC: 256] - RECIEVE: Proc 0. Queue size is 0
EVENT[T: 1457884472][LC: 257] - INTERNAL EVENT: Code 7
EVENT[T: 1457884473][LC: 258] - SEND: Proc 0 to procs 1 and 2
EVENT[T: 1457884473][LC: 265] - RECIEVE: Proc 0. Queue size is 0
EVENT[T: 1457884474][LC: 266] - RECIEVE: Proc 0. Queue size is 0
EVENT[T: 1457884474][LC: 268] - RECIEVE: Proc 0. Queue size is 0
EVENT[T: 1457884475][LC: 272] - RECIEVE: Proc 0. Queue size is 0
EVENT[T: 1457884475][LC: 273] - RECIEVE: Proc 0. Queue size is 0
EVENT[T: 1457884476][LC: 276] - RECIEVE: Proc 0. Queue size is 0
EVENT[T: 1457884476][LC: 277] - INTERNAL EVENT: Code 6
EVENT[T: 1457884477][LC: 278] - INTERNAL EVENT: Code 8
EVENT[T: 1457884477][LC: 279] - INTERNAL EVENT: Code 5
EVENT[T: 1457884478][LC: 286] - RECIEVE: Proc 0. Queue size is 0
EVENT[T: 1457884478][LC: 287] - SEND: Proc 0 to proc 2
EVENT[T: 1457884479][LC: 288] - INTERNAL EVENT: Code 8
EVENT[T: 1457884479][LC: 294] - RECIEVE: Proc 0. Queue size is 0
