===== Machine 1 has PID 6345 and clockspeed 3 Hz =====
EVENT[T: 1457884428][LC: 1] - RECIEVE: Proc 1. Queue size is 0
EVENT[T: 1457884428][LC: 2] - RECIEVE: Proc 1. Queue size is 1
EVENT[T: 1457884428][LC: 3] - RECIEVE: Proc 1. Queue size is 0
EVENT[T: 1457884429][LC: 4] - INTERNAL EVENT: Code 8
EVENT[T: 1457884429][LC: 5] - RECIEVE: Proc 1. Queue size is 0
EVENT[T: 1457884429][LC: 6] - SEND: Proc 1 to proc 2
EVENT[T: 1457884430][LC: 7] - SEND: Proc 1 to proc 0
EVENT[T: 1457884430][LC: 10] - RECIEVE: Proc 1. Queue size is 0
EVENT[T: 1457884430][LC: 11] - SEND: Proc 1 to proc 0
EVENT[T: 1457884431][LC: 12] - RECIEVE: Proc 1. Queue size is 0
EVENT[T: 1457884431][LC: 14] - RECIEVE: Proc 1. Queue size is 0
EVENT[T: 1457884431][LC: 15] - RECIEVE: Proc 1. Queue size is 0
EVENT[T: 1457884432][LC: 16] - RECIEVE: Proc 1. Queue size is 0
EVENT[T: 1457884432][LC: 17] - SEND: Proc 1 to proc 2
EVENT[T: 1457884432][LC: 18] - INTERNAL EVENT: Code 4
EVENT[T: 1457884433][LC: 19] - INTERNAL EVENT: Code 9
EVENT[T: 1457884433][LC: 20] - SEND: Proc 1 to proc 2
EVENT[T: 1457884433][LC: 21] - SEND: Proc 1 to proc 2
EVENT[T: 1457884434][LC: 22] - INTERNAL EVENT: Code 10
EVENT[T: 1457884434][LC: 23] - SEND: Proc 1 to proc 0
EVENT[T: 1457884434][LC: 24] - INTERNAL EVENT: Code 4
EVENT[T: 1457884435][LC: 28] - RECIEVE: Proc 1. Queue size is 1
EVENT[T: 1457884435][LC: 29] - RECIEVE: Proc 1. Queue size is 0
EVENT[T: 1457884435][LC: 30] - SEND: Proc 1 to proc 0
EVENT[T: 1457884436][LC: 31] - INTERNAL EVENT: Code 8
EVENT[T: 1457884436][LC: 32] - INTERNAL EVENT: Code 9
EVENT[T: 1457884436][LC: 33] - INTERNAL EVENT: Code 8
EVENT[T: 1457884437][LC: 36] - RECIEVE: Proc 1. Queue size is 1
EVENT[T: 1457884437][LC: 37] - RECIEVE: Proc 1. Queue size is 3
EVENT[T: 1457884437][LC: 38] - RECIEVE: Proc 1. Queue size is 2
EVENT[T: 1457884438][LC: 39] - RECIEVE: Proc 1. Queue size is 1
EVENT[T: 1457884438][LC: 40] - RECIEVE: Proc 1. Queue size is 0
EVENT[T: 1457884438][LC: 43] - RECIEVE: Proc 1. Queue size is 0
EVENT[T: 1457884439][LC: 44] - INTERNAL EVENT: Code 8
EVENT[T: 1457884439][LC: 46] - RECIEVE: Proc 1. Queue size is 0
EVENT[T: 1457884439][LC: 47] - INTERNAL EVENT: Code 9
EVENT[T: 1457884440][LC: 48] - RECIEVE: Proc 1. Queue size is 0
EVENT[T: 1457884440][LC: 49] - SEND: Proc 1 to proc 2
EVENT[T: 1457884440][LC: 51] - RECIEVE: Proc 1. Queue size is 0
EVENT[T: 1457884441][LC: 52] - INTERNAL EVENT: Code 5
EVENT[T: 1457884441][LC: 53] - RECIEVE: Proc 1. Queue size is 0
EVENT[T: 1457884441][LC: 55] - RECIEVE: Proc 1. Queue size is 0
EVENT[T: 1457884442][LC: 56] - INTERNAL EVENT: Code 10
EVENT[T: 1457884442][LC: 57] - RECIEVE: Proc 1. Queue size is 1
EVENT[T: 1457884442][LC: 58] - RECIEVE: Proc 1. Queue size is 0
EVENT[T: 1457884443][LC: 60] - RECIEVE: Proc 1. Queue size is 0
EVENT[T: 1457884443][LC: 61] - SEND: Proc 1 to proc 0
EVENT[T: 1457884443][LC: 62] - INTERNAL EVENT: Code 9
EVENT[T: 1457884444][LC: 64] - RECIEVE: Proc 1. Queue size is 0
EVENT[T: 1457884444][LC: 65] - SEND: Proc 1 to proc 2
EVENT[T: 1457884444][LC: 66] - SEND: Proc 1 to proc 2
EVENT[T: 1457884445][LC: 67] - INTERNAL EVENT: Code 5
EVENT[T: 1457884445][LC: 70] - RECIEVE: Proc 1. Queue size is 0
EVENT[T: 1457884445][LC: 71] - RECIEVE: Proc 1. Queue size is 1
EVENT[T: 1457884446][LC: 72] - RECIEVE: Proc 1. Queue size is 0
EVENT[T: 1457884446][LC: 73] - RECIEVE: Proc 1. Queue size is 0
EVENT[T: 1457884446][LC: 74] - INTERNAL EVENT: Code 6
EVENT[T: 1457884447][LC: 75] - INTERNAL EVENT: Code 8
EVENT[T: 1457884447][LC: 76] - SEND: Proc 1 to procs 2 and 0
EVENT[T: 1457884447][LC: 77] - SEND: Proc 1 to proc 0
EVENT[T: 1457884448][LC: 80] - RECIEVE: Proc 1. Queue size is 0
EVENT[T: 1457884448][LC: 82] - RECIEVE: Proc 1. Queue size is 0
EVENT[T: 1457884448][LC: 83] - RECIEVE: Proc 1. Queue size is 0
EVENT[T: 1457884449][LC: 84] - SEND: Proc 1 to proc 0
EVENT[T: 1457884449][LC: 85] - RECIEVE: Proc 1. Queue size is 1
EVENT[T: 1457884449][LC: 86] - RECIEVE: Proc 1. Queue size is 0
EVENT[T: 1457884450][LC: 88] - RECIEVE: Proc 1. Queue size is 0
EVENT[T: 1457884450][LC: 89] - RECIEVE: Proc 1. Queue size is 0
EVENT[T: 1457884450][LC: 90] - INTERNAL EVENT: Code 6
EVENT[T: 1457884451][LC: 92] - RECIEVE: Proc 1. Queue size is 0
EVENT[T: 1457884451][LC: 94] - RECIEVE: Proc 1. Queue size is 0
EVENT[T: 1457884451][LC: 95] - SEND: Proc 1 to proc 2
EVENT[T: 1457884452][LC: 96] - INTERNAL EVENT: Code 7
EVENT[T: 1457884452][LC: 97] - INTERNAL EVENT: Code 6
EVENT[T: 1457884452][LC: 98] - SEND: Proc 1 to procs 2 and 0
EVENT[T: 1457884453][LC: 99] - INTERNAL EVENT: Code 9
EVENT[T: 1457884453][LC: 100] - INTERNAL EVENT: Code 10
EVENT[T: 1457884453][LC: 103] - RECIEVE: Proc 1. Queue size is 0
EVENT[T: 1457884454][LC: 104] - RECIEVE: Proc 1. Queue size is 0
EVENT[T: 1457884454][LC: 105] - INTERNAL EVENT: Code 10
EVENT[T: 1457884454][LC: 106] - INTERNAL EVENT: Code 9
EVENT[T: 1457884455][LC: 107] - SEND: Proc 1 to procs 2 and 0
EVENT[T: 1457884455][LC: 108] - INTERNAL EVENT: Code 9
EVENT[T: 1457884455][LC: 109] - SEND: Proc 1 to proc 0
EVENT[T: 1457884456][LC: 110] - INTERNAL EVENT: Code 7
EVENT[T: 1457884456][LC: 113] - RECIEVE: Proc 1. Queue size is 0
EVENT[T: 1457884456][LC: 115] - RECIEVE: Proc 1. Queue size is 0
EVENT[T: 1457884457][LC: 116] - SEND: Proc 1 to proc 0
EVENT[T: 1457884457][LC: 118] - RECIEVE: Proc 1. Queue size is 0
EVENT[T: 1457884457][LC: 119] - RECIEVE: Proc 1. Queue size is 0
EVENT[T: 1457884458][LC: 120] - RECIEVE: Proc 1. Queue size is 0
EVENT[T: 1457884458][LC: 121] - RECIEVE: Proc 1. Queue size is 0
EVENT[T: 1457884458][LC: 122] - SEND: Proc 1 to procs 2 and 0
EVENT[T: 1457884459][LC: 123] - INTERNAL EVENT: Code 9
EVENT[T: 1457884459][LC: 126] - RECIEVE: Proc 1. Queue size is 0
EVENT[T: 1457884459][LC: 127] - RECIEVE: Proc 1. Queue size is 0
EVENT[T: 1457884460][LC: 128] - INTERNAL EVENT: Code 5
EVENT[T: 1457884460][LC: 129] - INTERNAL EVENT: Code 7
EVENT[T: 1457884460][LC: 131] - RECIEVE: Proc 1. Queue size is 0
EVENT[T: 1457884461][LC: 132] - INTERNAL EVENT: Code 6
EVENT[T: 1457884461][LC: 133] - RECIEVE: Proc 1. Queue size is 0
EVENT[T: 1457884461][LC: 134] - INTERNAL EVENT: Code 9
EVENT[T: 1457884462][LC: 135] - SEND: Proc 1 to procs 2 and 0
EVENT[T: 1457884462][LC: 136] - SEND: Proc 1 to proc 2
EVENT[T: 1457884462][LC: 137] - SEND: Proc 1 to proc 0
EVENT[T: 1457884463][LC: 140] - RECIEVE: Proc 1. Queue size is 0
EVENT[T: 1457884463][LC: 142] - RECIEVE: Proc 1. Queue size is 0
EVENT[T: 1457884463][LC: 143] - RECIEVE: Proc 1. Queue size is 0
EVENT[T: 1457884464][LC: 144] - RECIEVE: Proc 1. Queue size is 0
EVENT[T: 1457884464][LC: 145] - RECIEVE: Proc 1. Queue size is 0
EVENT[T: 1457884464][LC: 146] - INTERNAL EVENT: Code 10
EVENT[T: 1457884465][LC: 148] - RECIEVE: Proc 1. Queue size is 0
EVENT[T: 1457884465][LC: 149] - INTERNAL EVENT: Code 5
EVENT[T: 1457884465][LC: 150] - INTERNAL EVENT: Code 5
EVENT[T: 1457884466][LC: 151] - SEND: Proc 1 to proc 0
EVENT[T: 1457884466][LC: 152] - INTERNAL EVENT: Code 5
EVENT[T: 1457884466][LC: 155] - RECIEVE: Proc 1. Queue size is 0
EVENT[T: 1457884467][LC: 156] - SEND: Proc 1 to proc 2
EVENT[T: 1457884467][LC: 157] - SEND: Proc 1 to proc 0
EVENT[T: 1457884467][LC: 159] - RECIEVE: Proc 1. Queue size is 0
EVENT[T: 1457884468][LC: 160] - SEND: Proc 1 to procs 2 and 0
EVENT[T: 1457884468][LC: 161] - SEND: Proc 1 to procs 2 and 0
EVENT[T: 1457884468][LC: 162] - INTERNAL EVENT: Code 7
EVENT[T: 1457884469][LC: 164] - RECIEVE: Proc 1. Queue size is 0
EVENT[T: 1457884469][LC: 165] - RECIEVE: Proc 1. Queue size is 0
EVENT[T: 1457884469][LC: 167] - RECIEVE: Proc 1. Queue size is 0
EVENT[T: 1457884470][LC: 168] - INTERNAL EVENT: Code 8
EVENT[T: 1457884470][LC: 169] - INTERNAL EVENT: Code 9
EVENT[T: 1457884470][LC: 171] - RECIEVE: Proc 1. Queue size is 0
EVENT[T: 1457884471][LC: 172] - RECIEVE: Proc 1. Queue size is 0
EVENT[T: 1457884471][LC: 174] - RECIEVE: Proc 1. Queue size is 0
EVENT[T: 1457884471][LC: 175] - RECIEVE: Proc 1. Queue size is 0
EVENT[T: 1457884472][LC: 176] - RECIEVE: Proc 1. Queue size is 0
EVENT[T: 1457884472][LC: 178] - RECIEVE: Proc 1. Queue size is 0
EVENT[T: 1457884472][LC: 179] - RECIEVE: Proc 1. Queue size is 0
EVENT[T: 1457884473][LC: 180] - SEND: Proc 1 to procs 2 and 0
EVENT[T: 1457884473][LC: 181] - INTERNAL EVENT: Code 4
EVENT[T: 1457884473][LC: 183] - RECIEVE: Proc 1. Queue size is 0
EVENT[T: 1457884474][LC: 184] - RECIEVE: Proc 1. Queue size is 0
EVENT[T: 1457884474][LC: 186] - RECIEVE: Proc 1. Queue size is 0
EVENT[T: 1457884474][LC: 187] - INTERNAL EVENT: Code 4
EVENT[T: 1457884475][LC: 188] - INTERNAL EVENT: Code 9
EVENT[T: 1457884475][LC: 189] - INTERNAL EVENT: Code 9
EVENT[T: 1457884475][LC: 191] - RECIEVE: Proc 1. Queue size is 0
EVENT[T: 1457884476][LC: 192] - RECIEVE: Proc 1. Queue size is 0
EVENT[T: 1457884476][LC: 193] - RECIEVE: Proc 1. Queue size is 0
EVENT[T: 1457884476][LC: 195] - RECIEVE: Proc 1. Queue size is 0
EVENT[T: 1457884477][LC: 196] - INTERNAL EVENT: Code 8
EVENT[T: 1457884477][LC: 197] - INTERNAL EVENT: Code 8
EVENT[T: 1457884477][LC: 198] - INTERNAL EVENT: Code 6
EVENT[T: 1457884478][LC: 199] - SEND: Proc 1 to procs 2 and 0
EVENT[T: 1457884478][LC: 200] - INTERNAL EVENT: Code 8
EVENT[T: 1457884478][LC: 201] - INTERNAL EVENT: Code 4
EVENT[T: 1457884479][LC: 204] - RECIEVE: Proc 1. Queue size is 0
EVENT[T: 1457884479][LC: 205] - RECIEVE: Proc 1. Queue size is 1
EVENT[T: 1457884479][LC: 206] - RECIEVE: Proc 1. Queue size is 0
EVENT[T: 1457884480][LC: 207] - INTERNAL EVENT: Code 7
EVENT[T: 1457884480][LC: 210] - RECIEVE: Proc 1. Queue size is 0
EVENT[T: 1457884480][LC: 211] - RECIEVE: Proc 1. Queue size is 0
EVENT[T: 1457884481][LC: 212] - INTERNAL EVENT: Code 5
EVENT[T: 1457884481][LC: 213] - INTERNAL EVENT: Code 5
EVENT[T: 1457884481][LC: 214] - INTERNAL EVENT: Code 6
EVENT[T: 1457884482][LC: 215] - INTERNAL EVENT: Code 6
EVENT[T: 1457884482][LC: 216] - SEND: Proc 1 to procs 2 and 0
EVENT[T: 1457884482][LC: 217] - SEND: Proc 1 to proc 2
EVENT[T: 1457884483][LC: 218] - SEND: Proc 1 to procs 2 and 0
EVENT[T: 1457884483][LC: 219] - INTERNAL EVENT: Code 4
EVENT[T: 1457884483][LC: 223] - RECIEVE: Proc 1. Queue size is 0
EVENT[T: 1457884484][LC: 224] - INTERNAL EVENT: Code 8
EVENT[T: 1457884484][LC: 225] - INTERNAL EVENT: Code 6
EVENT[T: 1457884484][LC: 227] - RECIEVE: Proc 1. Queue size is 0
EVENT[T: 1457884485][LC: 228] - RECIEVE: Proc 1. Queue size is 0
EVENT[T: 1457884485][LC: 229] - SEND: Proc 1 to procs 2 and 0
EVENT[T: 1457884485][LC: 230] - INTERNAL EVENT: Code 8
EVENT[T: 1457884486][LC: 231] - INTERNAL EVENT: Code 8
EVENT[T: 1457884486][LC: 232] - INTERNAL EVENT: Code 5
EVENT[T: 1457884486][LC: 233] - SEND: Proc 1 to procs 2 and 0
EVENT[T: 1457884487][LC: 234] - INTERNAL EVENT: Code 8
EVENT[T: 1457884487][LC: 237] - RECIEVE: Proc 1. Queue size is 0
EVENT[T: 1457884487][LC: 238] - INTERNAL EVENT: Code 6
