===== Machine 1 has PID 6376 and clockspeed 6 Hz =====
EVENT[T: 1457884433][LC: 1] - INTERNAL EVENT: Code 4
EVENT[T: 1457884434][LC: 2] - RECIEVE: Proc 1. Queue size is 0
EVENT[T: 1457884434][LC: 3] - INTERNAL EVENT: Code 4
EVENT[T: 1457884434][LC: 4] - SEND: Proc 1 to proc 0
EVENT[T: 1457884434][LC: 5] - SEND: Proc 1 to proc 2
EVENT[T: 1457884434][LC: 6] - INTERNAL EVENT: Code 5
EVENT[T: 1457884434][LC: 7] - INTERNAL EVENT: Code 4
EVENT[T: 1457884435][LC: 8] - INTERNAL EVENT: Code 5
EVENT[T: 1457884435][LC: 9] - INTERNAL EVENT: Code 5
EVENT[T: 1457884435][LC: 10] - SEND: Proc 1 to procs 2 and 0
EVENT[T: 1457884435][LC: 11] - INTERNAL EVENT: Code 10
EVENT[T: 1457884435][LC: 12] - INTERNAL EVENT: Code 7
EVENT[T: 1457884435][LC: 13] - RECIEVE: Proc 1. Queue size is 0
EVENT[T: 1457884436][LC: 14] - INTERNAL EVENT: Code 8
EVENT[T: 1457884436][LC: 15] - INTERNAL EVENT: Code 9
EVENT[T: 1457884436][LC: 16] - SEND: Proc 1 to procs 2 and 0
EVENT[T: 1457884436][LC: 17] - INTERNAL EVENT: Code 5
EVENT[T: 1457884436][LC: 18] - INTERNAL EVENT: Code 8
EVENT[T: 1457884436][LC: 19] - INTERNAL EVENT: Code 9
EVENT[T: 1457884437][LC: 20] - INTERNAL EVENT: Code 6
EVENT[T: 1457884437][LC: 21] - RECIEVE: Proc 1. Queue size is 0
EVENT[T: 1457884437][LC: 22] - INTERNAL EVENT: Code 5
EVENT[T: 1457884437][LC: 23] - INTERNAL EVENT: Code 5
EVENT[T: 1457884437][LC: 24] - RECIEVE: Proc 1. Queue size is 0
EVENT[T: 1457884437][LC: 25] - SEND: Proc 1 to proc 0
EVENT[T: 1457884438][LC: 26] - INTERNAL EVENT: Code 6
EVENT[T: 1457884438][LC: 27] - INTERNAL EVENT: Code 4
EVENT[T: 1457884438][LC: 28] - INTERNAL EVENT: Code 10
EVENT[T: 1457884438][LC: 29] - INTERNAL EVENT: Code 7
EVENT[T: 1457884438][LC: 30] - SEND: Proc 1 to proc 0
EVENT[T: 1457884438][LC: 31] - SEND: Proc 1 to procs 2 and 0
EVENT[T: 1457884439][LC: 32] - INTERNAL EVENT: Code 7
EVENT[T: 1457884439][LC: 33] - INTERNAL EVENT: Code 6
EVENT[T: 1457884439][LC: 34] - INTERNAL EVENT: Code 7
EVENT[T: 1457884439][LC: 35] - SEND: Proc 1 to proc 2
EVENT[T: 1457884439][LC: 36] - INTERNAL EVENT: Code 4
EVENT[T: 1457884439][LC: 37] - RECIEVE: Proc 1. Queue size is 0
EVENT[T: 1457884440][LC: 38] - INTERNAL EVENT: Code 5
EVENT[T: 1457884440][LC: 39] - RECIEVE: Proc 1. Queue size is 0
EVENT[T: 1457884440][LC: 40] - INTERNAL EVENT: Code 4
EVENT[T: 1457884440][LC: 41] - INTERNAL EVENT: Code 6
EVENT[T: 1457884440][LC: 42] - INTERNAL EVENT: Code 4
EVENT[T: 1457884440][LC: 43] - INTERNAL EVENT: Code 7
EVENT[T: 1457884441][LC: 44] - INTERNAL EVENT: Code 5
EVENT[T: 1457884441][LC: 45] - INTERNAL EVENT: Code 4
EVENT[T: 1457884441][LC: 46] - RECIEVE: Proc 1. Queue size is 0
EVENT[T: 1457884441][LC: 47] - SEND: Proc 1 to proc 2
EVENT[T: 1457884441][LC: 48] - INTERNAL EVENT: Code 7
EVENT[T: 1457884441][LC: 49] - RECIEVE: Proc 1. Queue size is 0
EVENT[T: 1457884442][LC: 50] - INTERNAL EVENT: Code 7
EVENT[T: 1457884442][LC: 51] - RECIEVE: Proc 1. Queue size is 0
EVENT[T: 1457884442][LC: 52] - SEND: Proc 1 to proc 2
EVENT[T: 1457884442][LC: 53] - INTERNAL EVENT: Code 4
EVENT[T: 1457884442][LC: 54] - INTERNAL EVENT: Code 8
EVENT[T: 1457884442][LC: 55] - INTERNAL EVENT: Code 4
EVENT[T: 1457884443][LC: 56] - INTERNAL EVENT: Code 6
EVENT[T: 1457884443][LC: 57] - INTERNAL EVENT: Code 9
EVENT[T: 1457884443][LC: 58] - INTERNAL EVENT: Code 10
EVENT[T: 1457884443][LC: 59] - SEND: Proc 1 to proc 0
EVENT[T: 1457884443][LC: 60] - INTERNAL EVENT: Code 5
EVENT[T: 1457884443][LC: 61] - INTERNAL EVENT: Code 6
EVENT[T: 1457884444][LC: 62] - INTERNAL EVENT: Code 10
EVENT[T: 1457884444][LC: 63] - INTERNAL EVENT: Code 7
EVENT[T: 1457884444][LC: 64] - SEND: Proc 1 to proc 0
EVENT[T: 1457884444][LC: 65] - INTERNAL EVENT: Code 10
EVENT[T: 1457884444][LC: 66] - INTERNAL EVENT: Code 7
EVENT[T: 1457884444][LC: 67] - SEND: Proc 1 to proc 2
EVENT[T: 1457884445][LC: 68] - INTERNAL EVENT: Code 6
EVENT[T: 1457884445][LC: 69] - INTERNAL EVENT: Code 7
EVENT[T: 1457884445][LC: 70] - SEND: Proc 1 to proc 0
EVENT[T: 1457884445][LC: 71] - INTERNAL EVENT: Code 7
EVENT[T: 1457884445][LC: 72] - INTERNAL EVENT: Code 4
EVENT[T: 1457884445][LC: 73] - INTERNAL EVENT: Code 10
EVENT[T: 1457884446][LC: 74] - SEND: Proc 1 to procs 2 and 0
EVENT[T: 1457884446][LC: 75] - INTERNAL EVENT: Code 4
EVENT[T: 1457884446][LC: 76] - INTERNAL EVENT: Code 9
EVENT[T: 1457884446][LC: 77] - INTERNAL EVENT: Code 5
EVENT[T: 1457884446][LC: 78] - INTERNAL EVENT: Code 5
EVENT[T: 1457884446][LC: 79] - INTERNAL EVENT: Code 9
EVENT[T: 1457884447][LC: 80] - INTERNAL EVENT: Code 10
EVENT[T: 1457884447][LC: 81] - INTERNAL EVENT: Code 7
EVENT[T: 1457884447][LC: 82] - INTERNAL EVENT: Code 8
EVENT[T: 1457884447][LC: 83] - INTERNAL EVENT: Code 9
EVENT[T: 1457884447][LC: 84] - INTERNAL EVENT: Code 10
EVENT[T: 1457884447][LC: 85] - SEND: Proc 1 to proc 0
EVENT[T: 1457884448][LC: 86] - SEND: Proc 1 to proc 2
EVENT[T: 1457884448][LC: 87] - INTERNAL EVENT: Code 10
EVENT[T: 1457884448][LC: 88] - INTERNAL EVENT: Code 10
EVENT[T: 1457884448][LC: 89] - SEND: Proc 1 to proc 0
EVENT[T: 1457884448][LC: 90] - SEND: Proc 1 to procs 2 and 0
EVENT[T: 1457884448][LC: 91] - INTERNAL EVENT: Code 10
EVENT[T: 1457884449][LC: 92] - INTERNAL EVENT: Code 10
EVENT[T: 1457884449][LC: 93] - SEND: Proc 1 to procs 2 and 0
EVENT[T: 1457884449][LC: 94] - SEND: Proc 1 to procs 2 and 0
EVENT[T: 1457884449][LC: 95] - INTERNAL EVENT: Code 6
EVENT[T: 1457884449][LC: 96] - INTERNAL EVENT: Code 4
EVENT[T: 1457884449][LC: 97] - RECIEVE: Proc 1. Queue size is 0
EVENT[T: 1457884450][LC: 98] - INTERNAL EVENT: Code 7
EVENT[T: 1457884450][LC: 99] - SEND: Proc 1 to proc 2
EVENT[T: 1457884450][LC: 100] - INTERNAL EVENT: Code 7
EVENT[T: 1457884450][LC: 101] - RECIEVE: Proc 1. Queue size is 0
EVENT[T: 1457884450][LC: 102] - INTERNAL EVENT: Code 7
EVENT[T: 1457884450][LC: 103] - INTERNAL EVENT: Code 10
EVENT[T: 1457884451][LC: 104] - INTERNAL EVENT: Code 9
EVENT[T: 1457884451][LC: 105] - INTERNAL EVENT: Code 5
EVENT[T: 1457884451][LC: 106] - INTERNAL EVENT: Code 9
EVENT[T: 1457884451][LC: 107] - SEND: Proc 1 to proc 0
EVENT[T: 1457884451][LC: 108] - INTERNAL EVENT: Code 7
EVENT[T: 1457884451][LC: 109] - RECIEVE: Proc 1. Queue size is 0
EVENT[T: 1457884452][LC: 110] - SEND: Proc 1 to procs 2 and 0
EVENT[T: 1457884452][LC: 111] - INTERNAL EVENT: Code 9
EVENT[T: 1457884452][LC: 112] - INTERNAL EVENT: Code 4
EVENT[T: 1457884452][LC: 113] - RECIEVE: Proc 1. Queue size is 0
EVENT[T: 1457884452][LC: 114] - INTERNAL EVENT: Code 5
EVENT[T: 1457884452][LC: 115] - SEND: Proc 1 to proc 0
EVENT[T: 1457884453][LC: 116] - INTERNAL EVENT: Code 6
EVENT[T: 1457884453][LC: 117] - SEND: Proc 1 to proc 2
EVENT[T: 1457884453][LC: 118] - SEND: Proc 1 to proc 0
EVENT[T: 1457884453][LC: 119] - INTERNAL EVENT: Code 8
EVENT[T: 1457884453][LC: 120] - INTERNAL EVENT: Code 5
EVENT[T: 1457884453][LC: 121] - RECIEVE: Proc 1. Queue size is 0
EVENT[T: 1457884454][LC: 122] - INTERNAL EVENT: Code 5
EVENT[T: 1457884454][LC: 123] - SEND: Proc 1 to procs 2 and 0
EVENT[T: 1457884454][LC: 124] - INTERNAL EVENT: Code 7
EVENT[T: 1457884454][LC: 125] - INTERNAL EVENT: Code 8
EVENT[T: 1457884454][LC: 126] - INTERNAL EVENT: Code 4
EVENT[T: 1457884454][LC: 127] - INTERNAL EVENT: Code 9
EVENT[T: 1457884455][LC: 128] - SEND: Proc 1 to proc 2
EVENT[T: 1457884455][LC: 129] - SEND: Proc 1 to procs 2 and 0
EVENT[T: 1457884455][LC: 130] - INTERNAL EVENT: Code 9
EVENT[T: 1457884455][LC: 131] - INTERNAL EVENT: Code 6
EVENT[T: 1457884455][LC: 132] - RECIEVE: Proc 1. Queue size is 0
EVENT[T: 1457884455][LC: 133] - INTERNAL EVENT: Code 10
EVENT[T: 1457884456][LC: 134] - INTERNAL EVENT: Code 6
EVENT[T: 1457884456][LC: 135] - SEND: Proc 1 to proc 0
EVENT[T: 1457884456][LC: 136] - SEND: Proc 1 to proc 2
EVENT[T: 1457884456][LC: 137] - INTERNAL EVENT: Code 7
EVENT[T: 1457884456][LC: 138] - INTERNAL EVENT: Code 6
EVENT[T: 1457884456][LC: 139] - SEND: Proc 1 to proc 0
EVENT[T: 1457884457][LC: 140] - INTERNAL EVENT: Code 6
EVENT[T: 1457884457][LC: 141] - INTERNAL EVENT: Code 8
EVENT[T: 1457884457][LC: 142] - SEND: Proc 1 to proc 2
EVENT[T: 1457884457][LC: 143] - INTERNAL EVENT: Code 7
EVENT[T: 1457884457][LC: 144] - INTERNAL EVENT: Code 6
EVENT[T: 1457884457][LC: 145] - SEND: Proc 1 to proc 2
EVENT[T: 1457884458][LC: 146] - SEND: Proc 1 to proc 0
EVENT[T: 1457884458][LC: 147] - SEND: Proc 1 to procs 2 and 0
EVENT[T: 1457884458][LC: 148] - INTERNAL EVENT: Code 9
EVENT[T: 1457884458][LC: 149] - SEND: Proc 1 to proc 2
EVENT[T: 1457884458][LC: 150] - INTERNAL EVENT: Code 5
EVENT[T: 1457884458][LC: 151] - RECIEVE: Proc 1. Queue size is 0
EVENT[T: 1457884459][LC: 152] - INTERNAL EVENT: Code 4
EVENT[T: 1457884459][LC: 153] - INTERNAL EVENT: Code 9
EVENT[T: 1457884459][LC: 154] - INTERNAL EVENT: Code 9
EVENT[T: 1457884459][LC: 155] - INTERNAL EVENT: Code 6
EVENT[T: 1457884459][LC: 156] - RECIEVE: Proc 1. Queue size is 0
EVENT[T: 1457884459][LC: 157] - RECIEVE: Proc 1. Queue size is 0
EVENT[T: 1457884460][LC: 158] - INTERNAL EVENT: Code 10
EVENT[T: 1457884460][LC: 159] - INTERNAL EVENT: Code 8
EVENT[T: 1457884460][LC: 160] - INTERNAL EVENT: Code 8
EVENT[T: 1457884460][LC: 161] - SEND: Proc 1 to proc 0
EVENT[T: 1457884460][LC: 162] - RECIEVE: Proc 1. Queue size is 0
EVENT[T: 1457884460][LC: 163] - RECIEVE: Proc 1. Queue size is 0
EVENT[T: 1457884461][LC: 164] - INTERNAL EVENT: Code 4
EVENT[T: 1457884461][LC: 165] - INTERNAL EVENT: Code 5
EVENT[T: 1457884461][LC: 166] - INTERNAL EVENT: Code 7
EVENT[T: 1457884461][LC: 167] - INTERNAL EVENT: Code 9
EVENT[T: 1457884461][LC: 168] - RECIEVE: Proc 1. Queue size is 0
EVENT[T: 1457884461][LC: 169] - RECIEVE: Proc 1. Queue size is 0
EVENT[T: 1457884462][LC: 170] - INTERNAL EVENT: Code 7
EVENT[T: 1457884462][LC: 171] - INTERNAL EVENT: Code 6
EVENT[T: 1457884462][LC: 172] - SEND: Proc 1 to proc 2
EVENT[T: 1457884462][LC: 173] - INTERNAL EVENT: Code 10
EVENT[T: 1457884462][LC: 174] - SEND: Proc 1 to proc 2
EVENT[T: 1457884462][LC: 175] - INTERNAL EVENT: Code 7
EVENT[T: 1457884463][LC: 176] - INTERNAL EVENT: Code 4
EVENT[T: 1457884463][LC: 177] - SEND: Proc 1 to procs 2 and 0
EVENT[T: 1457884463][LC: 178] - INTERNAL EVENT: Code 6
EVENT[T: 1457884463][LC: 179] - SEND: Proc 1 to procs 2 and 0
EVENT[T: 1457884463][LC: 180] - INTERNAL EVENT: Code 6
EVENT[T: 1457884463][LC: 181] - SEND: Proc 1 to proc 2
EVENT[T: 1457884464][LC: 182] - INTERNAL EVENT: Code 5
EVENT[T: 1457884464][LC: 183] - INTERNAL EVENT: Code 10
EVENT[T: 1457884464][LC: 184] - INTERNAL EVENT: Code 4
EVENT[T: 1457884464][LC: 185] - INTERNAL EVENT: Code 8
EVENT[T: 1457884464][LC: 186] - INTERNAL EVENT: Code 6
EVENT[T: 1457884464][LC: 187] - INTERNAL EVENT: Code 10
EVENT[T: 1457884465][LC: 188] - INTERNAL EVENT: Code 4
EVENT[T: 1457884465][LC: 189] - INTERNAL EVENT: Code 10
EVENT[T: 1457884465][LC: 190] - SEND: Proc 1 to proc 0
EVENT[T: 1457884465][LC: 191] - INTERNAL EVENT: Code 10
EVENT[T: 1457884465][LC: 192] - INTERNAL EVENT: Code 7
EVENT[T: 1457884465][LC: 193] - INTERNAL EVENT: Code 8
EVENT[T: 1457884466][LC: 194] - INTERNAL EVENT: Code 7
EVENT[T: 1457884466][LC: 195] - RECIEVE: Proc 1. Queue size is 0
EVENT[T: 1457884466][LC: 196] - SEND: Proc 1 to proc 2
EVENT[T: 1457884466][LC: 197] - INTERNAL EVENT: Code 10
EVENT[T: 1457884466][LC: 198] - INTERNAL EVENT: Code 9
EVENT[T: 1457884467][LC: 199] - INTERNAL EVENT: Code 5
EVENT[T: 1457884467][LC: 200] - SEND: Proc 1 to procs 2 and 0
EVENT[T: 1457884467][LC: 201] - INTERNAL EVENT: Code 7
EVENT[T: 1457884467][LC: 202] - RECIEVE: Proc 1. Queue size is 0
EVENT[T: 1457884467][LC: 203] - INTERNAL EVENT: Code 7
EVENT[T: 1457884467][LC: 204] - INTERNAL EVENT: Code 10
EVENT[T: 1457884468][LC: 205] - INTERNAL EVENT: Code 9
EVENT[T: 1457884468][LC: 206] - INTERNAL EVENT: Code 10
EVENT[T: 1457884468][LC: 207] - INTERNAL EVENT: Code 8
EVENT[T: 1457884468][LC: 208] - RECIEVE: Proc 1. Queue size is 0
EVENT[T: 1457884468][LC: 209] - RECIEVE: Proc 1. Queue size is 0
EVENT[T: 1457884468][LC: 210] - INTERNAL EVENT: Code 7
EVENT[T: 1457884469][LC: 211] - INTERNAL EVENT: Code 7
EVENT[T: 1457884469][LC: 212] - INTERNAL EVENT: Code 10
EVENT[T: 1457884469][LC: 213] - RECIEVE: Proc 1. Queue size is 0
EVENT[T: 1457884469][LC: 214] - INTERNAL EVENT: Code 9
EVENT[T: 1457884469][LC: 215] - INTERNAL EVENT: Code 7
EVENT[T: 1457884469][LC: 216] - INTERNAL EVENT: Code 8
EVENT[T: 1457884470][LC: 217] - INTERNAL EVENT: Code 10
EVENT[T: 1457884470][LC: 218] - SEND: Proc 1 to procs 2 and 0
EVENT[T: 1457884470][LC: 219] - INTERNAL EVENT: Code 10
EVENT[T: 1457884470][LC: 220] - SEND: Proc 1 to proc 0
EVENT[T: 1457884470][LC: 221] - INTERNAL EVENT: Code 4
EVENT[T: 1457884470][LC: 222] - RECIEVE: Proc 1. Queue size is 0
EVENT[T: 1457884471][LC: 223] - SEND: Proc 1 to procs 2 and 0
EVENT[T: 1457884471][LC: 224] - SEND: Proc 1 to procs 2 and 0
EVENT[T: 1457884471][LC: 225] - INTERNAL EVENT: Code 4
EVENT[T: 1457884471][LC: 226] - INTERNAL EVENT: Code 9
EVENT[T: 1457884471][LC: 227] - INTERNAL EVENT: Code 6
EVENT[T: 1457884471][LC: 228] - INTERNAL EVENT: Code 6
EVENT[T: 1457884472][LC: 229] - INTERNAL EVENT: Code 8
EVENT[T: 1457884472][LC: 230] - INTERNAL EVENT: Code 10
EVENT[T: 1457884472][LC: 231] - INTERNAL EVENT: Code 10
EVENT[T: 1457884472][LC: 232] - SEND: Proc 1 to procs 2 and 0
EVENT[T: 1457884472][LC: 233] - INTERNAL EVENT: Code 7
EVENT[T: 1457884472][LC: 234] - SEND: Proc 1 to proc 0
EVENT[T: 1457884473][LC: 235] - RECIEVE: Proc 1. Queue size is 0
EVENT[T: 1457884473][LC: 236] - SEND: Proc 1 to procs 2 and 0
EVENT[T: 1457884473][LC: 237] - INTERNAL EVENT: Code 10
EVENT[T: 1457884473][LC: 238] - INTERNAL EVENT: Code 9
EVENT[T: 1457884473][LC: 239] - INTERNAL EVENT: Code 10
EVENT[T: 1457884473][LC: 240] - INTERNAL EVENT: Code 10
EVENT[T: 1457884474][LC: 241] - SEND: Proc 1 to proc 2
EVENT[T: 1457884474][LC: 242] - SEND: Proc 1 to proc 0
EVENT[T: 1457884474][LC: 243] - INTERNAL EVENT: Code 9
EVENT[T: 1457884474][LC: 244] - INTERNAL EVENT: Code 4
EVENT[T: 1457884474][LC: 245] - INTERNAL EVENT: Code 10
EVENT[T: 1457884474][LC: 246] - RECIEVE: Proc 1. Queue size is 0
EVENT[T: 1457884475][LC: 247] - RECIEVE: Proc 1. Queue size is 0
EVENT[T: 1457884475][LC: 248] - SEND: Proc 1 to proc 0
EVENT[T: 1457884475][LC: 249] - INTERNAL EVENT: Code 10
EVENT[T: 1457884475][LC: 250] - INTERNAL EVENT: Code 9
EVENT[T: 1457884475][LC: 251] - INTERNAL EVENT: Code 5
EVENT[T: 1457884475][LC: 252] - INTERNAL EVENT: Code 7
EVENT[T: 1457884476][LC: 253] - RECIEVE: Proc 1. Queue size is 0
EVENT[T: 1457884476][LC: 254] - INTERNAL EVENT: Code 8
EVENT[T: 1457884476][LC: 255] - INTERNAL EVENT: Code 8
EVENT[T: 1457884476][LC: 256] - INTERNAL EVENT: Code 6
EVENT[T: 1457884476][LC: 257] - INTERNAL EVENT: Code 6
EVENT[T: 1457884476][LC: 258] - INTERNAL EVENT: Code 5
EVENT[T: 1457884477][LC: 259] - INTERNAL EVENT: Code 9
EVENT[T: 1457884477][LC: 260] - INTERNAL EVENT: Code 5
EVENT[T: 1457884477][LC: 261] - INTERNAL EVENT: Code 10
EVENT[T: 1457884477][LC: 262] - INTERNAL EVENT: Code 9
EVENT[T: 1457884477][LC: 263] - INTERNAL EVENT: Code 4
EVENT[T: 1457884477][LC: 264] - RECIEVE: Proc 1. Queue size is 0
EVENT[T: 1457884478][LC: 265] - RECIEVE: Proc 1. Queue size is 0
EVENT[T: 1457884478][LC: 266] - INTERNAL EVENT: Code 6
EVENT[T: 1457884478][LC: 267] - INTERNAL EVENT: Code 5
EVENT[T: 1457884478][LC: 268] - INTERNAL EVENT: Code 6
EVENT[T: 1457884478][LC: 269] - INTERNAL EVENT: Code 7
EVENT[T: 1457884478][LC: 270] - SEND: Proc 1 to proc 2
EVENT[T: 1457884479][LC: 271] - INTERNAL EVENT: Code 7
EVENT[T: 1457884479][LC: 272] - SEND: Proc 1 to proc 0
EVENT[T: 1457884479][LC: 273] - INTERNAL EVENT: Code 4
EVENT[T: 1457884479][LC: 274] - INTERNAL EVENT: Code 10
EVENT[T: 1457884479][LC: 275] - SEND: Proc 1 to procs 2 and 0
EVENT[T: 1457884479][LC: 276] - SEND: Proc 1 to proc 0
EVENT[T: 1457884480][LC: 277] - INTERNAL EVENT: Code 7
EVENT[T: 1457884480][LC: 278] - SEND: Proc 1 to proc 0
EVENT[T: 1457884480][LC: 279] - INTERNAL EVENT: Code 7
EVENT[T: 1457884480][LC: 280] - SEND: Proc 1 to procs 2 and 0
EVENT[T: 1457884480][LC: 281] - SEND: Proc 1 to proc 0
EVENT[T: 1457884480][LC: 282] - INTERNAL EVENT: Code 5
EVENT[T: 1457884481][LC: 283] - INTERNAL EVENT: Code 10
EVENT[T: 1457884481][LC: 284] - INTERNAL EVENT: Code 9
EVENT[T: 1457884481][LC: 285] - INTERNAL EVENT: Code 5
EVENT[T: 1457884481][LC: 286] - RECIEVE: Proc 1. Queue size is 0
EVENT[T: 1457884481][LC: 287] - INTERNAL EVENT: Code 4
EVENT[T: 1457884481][LC: 288] - INTERNAL EVENT: Code 8
EVENT[T: 1457884482][LC: 289] - INTERNAL EVENT: Code 7
EVENT[T: 1457884482][LC: 290] - SEND: Proc 1 to proc 2
EVENT[T: 1457884482][LC: 291] - INTERNAL EVENT: Code 9
EVENT[T: 1457884482][LC: 292] - INTERNAL EVENT: Code 4
EVENT[T: 1457884482][LC: 293] - SEND: Proc 1 to proc 0
EVENT[T: 1457884482][LC: 294] - SEND: Proc 1 to proc 0
EVENT[T: 1457884483][LC: 295] - INTERNAL EVENT: Code 5
EVENT[T: 1457884483][LC: 296] - INTERNAL EVENT: Code 4
EVENT[T: 1457884483][LC: 297] - INTERNAL EVENT: Code 7
EVENT[T: 1457884483][LC: 298] - SEND: Proc 1 to procs 2 and 0
EVENT[T: 1457884483][LC: 299] - SEND: Proc 1 to procs 2 and 0
EVENT[T: 1457884483][LC: 300] - INTERNAL EVENT: Code 4
EVENT[T: 1457884484][LC: 301] - SEND: Proc 1 to proc 2
EVENT[T: 1457884484][LC: 302] - INTERNAL EVENT: Code 6
EVENT[T: 1457884484][LC: 303] - RECIEVE: Proc 1. Queue size is 0
EVENT[T: 1457884484][LC: 304] - SEND: Proc 1 to proc 2
EVENT[T: 1457884484][LC: 305] - INTERNAL EVENT: Code 10
EVENT[T: 1457884484][LC: 306] - SEND: Proc 1 to proc 0
EVENT[T: 1457884485][LC: 307] - INTERNAL EVENT: Code 10
EVENT[T: 1457884485][LC: 308] - INTERNAL EVENT: Code 6
EVENT[T: 1457884485][LC: 309] - INTERNAL EVENT: Code 6
EVENT[T: 1457884485][LC: 310] - SEND: Proc 1 to proc 2
EVENT[T: 1457884485][LC: 311] - INTERNAL EVENT: Code 4
EVENT[T: 1457884485][LC: 312] - INTERNAL EVENT: Code 10
EVENT[T: 1457884486][LC: 313] - INTERNAL EVENT: Code 6
EVENT[T: 1457884486][LC: 314] - INTERNAL EVENT: Code 7
EVENT[T: 1457884486][LC: 315] - RECIEVE: Proc 1. Queue size is 0
EVENT[T: 1457884486][LC: 316] - SEND: Proc 1 to proc 2
EVENT[T: 1457884486][LC: 317] - SEND: Proc 1 to proc 2
EVENT[T: 1457884486][LC: 318] - INTERNAL EVENT: Code 4
EVENT[T: 1457884487][LC: 319] - RECIEVE: Proc 1. Queue size is 0
EVENT[T: 1457884487][LC: 320] - INTERNAL EVENT: Code 7
EVENT[T: 1457884487][LC: 321] - SEND: Proc 1 to proc 0
EVENT[T: 1457884487][LC: 322] - INTERNAL EVENT: Code 10
EVENT[T: 1457884487][LC: 323] - INTERNAL EVENT: Code 5
EVENT[T: 1457884487][LC: 324] - RECIEVE: Proc 1. Queue size is 0
EVENT[T: 1457884488][LC: 325] - SEND: Proc 1 to procs 2 and 0
EVENT[T: 1457884488][LC: 326] - INTERNAL EVENT: Code 9
EVENT[T: 1457884488][LC: 327] - SEND: Proc 1 to proc 2
EVENT[T: 1457884488][LC: 328] - INTERNAL EVENT: Code 9
EVENT[T: 1457884488][LC: 329] - INTERNAL EVENT: Code 10
EVENT[T: 1457884488][LC: 330] - SEND: Proc 1 to procs 2 and 0
EVENT[T: 1457884489][LC: 331] - INTERNAL EVENT: Code 5
EVENT[T: 1457884489][LC: 332] - SEND: Proc 1 to proc 0
EVENT[T: 1457884489][LC: 333] - INTERNAL EVENT: Code 9
EVENT[T: 1457884489][LC: 334] - INTERNAL EVENT: Code 8
EVENT[T: 1457884489][LC: 335] - INTERNAL EVENT: Code 10
EVENT[T: 1457884489][LC: 336] - SEND: Proc 1 to proc 2
EVENT[T: 1457884490][LC: 337] - RECIEVE: Proc 1. Queue size is 0
EVENT[T: 1457884490][LC: 338] - INTERNAL EVENT: Code 4
EVENT[T: 1457884490][LC: 339] - RECIEVE: Proc 1. Queue size is 0
EVENT[T: 1457884490][LC: 340] - INTERNAL EVENT: Code 4
EVENT[T: 1457884490][LC: 341] - INTERNAL EVENT: Code 9
EVENT[T: 1457884490][LC: 342] - INTERNAL EVENT: Code 10
EVENT[T: 1457884491][LC: 343] - INTERNAL EVENT: Code 6
EVENT[T: 1457884491][LC: 344] - INTERNAL EVENT: Code 10
EVENT[T: 1457884491][LC: 345] - SEND: Proc 1 to procs 2 and 0
EVENT[T: 1457884491][LC: 346] - INTERNAL EVENT: Code 7
EVENT[T: 1457884491][LC: 347] - SEND: Proc 1 to proc 0
EVENT[T: 1457884491][LC: 348] - INTERNAL EVENT: Code 8
EVENT[T: 1457884492][LC: 349] - SEND: Proc 1 to proc 0
EVENT[T: 1457884492][LC: 350] - INTERNAL EVENT: Code 6
EVENT[T: 1457884492][LC: 351] - RECIEVE: Proc 1. Queue size is 0
EVENT[T: 1457884492][LC: 352] - INTERNAL EVENT: Code 8
EVENT[T: 1457884492][LC: 353] - RECIEVE: Proc 1. Queue size is 0
EVENT[T: 1457884492][LC: 354] - INTERNAL EVENT: Code 10
