===== Machine 1 has PID 6433 and clockspeed 4 Hz =====
EVENT[T: 1457884441][LC: 1] - INTERNAL EVENT: Code 9
EVENT[T: 1457884441][LC: 2] - SEND: Proc 1 to procs 2 and 0
EVENT[T: 1457884442][LC: 3] - INTERNAL EVENT: Code 7
EVENT[T: 1457884442][LC: 4] - SEND: Proc 1 to procs 2 and 0
EVENT[T: 1457884442][LC: 5] - INTERNAL EVENT: Code 4
EVENT[T: 1457884442][LC: 6] - RECIEVE: Proc 1. Queue size is 0
EVENT[T: 1457884443][LC: 8] - RECIEVE: Proc 1. Queue size is 0
EVENT[T: 1457884443][LC: 9] - INTERNAL EVENT: Code 10
EVENT[T: 1457884443][LC: 10] - INTERNAL EVENT: Code 4
EVENT[T: 1457884443][LC: 11] - INTERNAL EVENT: Code 7
EVENT[T: 1457884444][LC: 12] - INTERNAL EVENT: Code 10
EVENT[T: 1457884444][LC: 13] - INTERNAL EVENT: Code 9
EVENT[T: 1457884444][LC: 15] - RECIEVE: Proc 1. Queue size is 0
EVENT[T: 1457884444][LC: 16] - SEND: Proc 1 to procs 2 and 0
EVENT[T: 1457884445][LC: 17] - INTERNAL EVENT: Code 4
EVENT[T: 1457884445][LC: 18] - INTERNAL EVENT: Code 10
EVENT[T: 1457884445][LC: 19] - INTERNAL EVENT: Code 5
EVENT[T: 1457884445][LC: 20] - INTERNAL EVENT: Code 4
EVENT[T: 1457884446][LC: 23] - RECIEVE: Proc 1. Queue size is 0
EVENT[T: 1457884446][LC: 24] - INTERNAL EVENT: Code 7
EVENT[T: 1457884446][LC: 25] - SEND: Proc 1 to proc 0
EVENT[T: 1457884446][LC: 27] - RECIEVE: Proc 1. Queue size is 0
EVENT[T: 1457884447][LC: 28] - SEND: Proc 1 to procs 2 and 0
EVENT[T: 1457884447][LC: 29] - INTERNAL EVENT: Code 9
EVENT[T: 1457884447][LC: 30] - INTERNAL EVENT: Code 5
EVENT[T: 1457884447][LC: 31] - SEND: Proc 1 to procs 2 and 0
EVENT[T: 1457884448][LC: 32] - SEND: Proc 1 to proc 0
EVENT[T: 1457884448][LC: 33] - INTERNAL EVENT: Code 9
EVENT[T: 1457884448][LC: 34] - INTERNAL EVENT: Code 9
EVENT[T: 1457884448][LC: 36] - RECIEVE: Proc 1. Queue size is 0
EVENT[T: 1457884449][LC: 37] - INTERNAL EVENT: Code 4
EVENT[T: 1457884449][LC: 38] - INTERNAL EVENT: Code 7
EVENT[T: 1457884449][LC: 39] - SEND: Proc 1 to procs 2 and 0
EVENT[T: 1457884449][LC: 40] - INTERNAL EVENT: Code 6
EVENT[T: 1457884450][LC: 41] - INTERNAL EVENT: Code 8
EVENT[T: 1457884450][LC: 42] - INTERNAL EVENT: Code 6
EVENT[T: 1457884450][LC: 43] - INTERNAL EVENT: Code 9
EVENT[T: 1457884450][LC: 46] - RECIEVE: Proc 1. Queue size is 0
EVENT[T: 1457884451][LC: 47] - INTERNAL EVENT: Code 7
EVENT[T: 1457884451][LC: 48] - SEND: Proc 1 to proc 0
EVENT[T: 1457884451][LC: 49] - INTERNAL EVENT: Code 4
EVENT[T: 1457884451][LC: 50] - SEND: Proc 1 to proc 0
EVENT[T: 1457884452][LC: 51] - SEND: Proc 1 to proc 2
EVENT[T: 1457884452][LC: 52] - INTERNAL EVENT: Code 9
EVENT[T: 1457884452][LC: 53] - INTERNAL EVENT: Code 5
EVENT[T: 1457884452][LC: 56] - RECIEVE: Proc 1. Queue size is 0
EVENT[T: 1457884453][LC: 57] - INTERNAL EVENT: Code 6
EVENT[T: 1457884453][LC: 58] - INTERNAL EVENT: Code 7
EVENT[T: 1457884453][LC: 59] - INTERNAL EVENT: Code 5
EVENT[T: 1457884453][LC: 60] - INTERNAL EVENT: Code 7
EVENT[T: 1457884454][LC: 61] - INTERNAL EVENT: Code 10
EVENT[T: 1457884454][LC: 62] - SEND: Proc 1 to procs 2 and 0
EVENT[T: 1457884454][LC: 63] - INTERNAL EVENT: Code 6
EVENT[T: 1457884454][LC: 66] - RECIEVE: Proc 1. Queue size is 0
EVENT[T: 1457884455][LC: 67] - SEND: Proc 1 to proc 0
EVENT[T: 1457884455][LC: 68] - SEND: Proc 1 to proc 0
EVENT[T: 1457884455][LC: 69] - INTERNAL EVENT: Code 5
EVENT[T: 1457884455][LC: 70] - INTERNAL EVENT: Code 10
EVENT[T: 1457884456][LC: 73] - RECIEVE: Proc 1. Queue size is 0
EVENT[T: 1457884456][LC: 74] - INTERNAL EVENT: Code 10
EVENT[T: 1457884456][LC: 75] - INTERNAL EVENT: Code 8
EVENT[T: 1457884456][LC: 76] - RECIEVE: Proc 1. Queue size is 1
EVENT[T: 1457884457][LC: 77] - RECIEVE: Proc 1. Queue size is 0
EVENT[T: 1457884457][LC: 78] - INTERNAL EVENT: Code 9
EVENT[T: 1457884457][LC: 79] - SEND: Proc 1 to proc 2
EVENT[T: 1457884457][LC: 81] - RECIEVE: Proc 1. Queue size is 0
EVENT[T: 1457884458][LC: 82] - INTERNAL EVENT: Code 6
EVENT[T: 1457884458][LC: 84] - RECIEVE: Proc 1. Queue size is 0
EVENT[T: 1457884458][LC: 85] - INTERNAL EVENT: Code 6
EVENT[T: 1457884458][LC: 86] - INTERNAL EVENT: Code 4
EVENT[T: 1457884459][LC: 88] - RECIEVE: Proc 1. Queue size is 0
EVENT[T: 1457884459][LC: 89] - INTERNAL EVENT: Code 4
EVENT[T: 1457884459][LC: 90] - SEND: Proc 1 to proc 2
EVENT[T: 1457884459][LC: 91] - INTERNAL EVENT: Code 10
EVENT[T: 1457884460][LC: 92] - INTERNAL EVENT: Code 8
EVENT[T: 1457884460][LC: 93] - SEND: Proc 1 to proc 2
EVENT[T: 1457884460][LC: 94] - SEND: Proc 1 to procs 2 and 0
EVENT[T: 1457884460][LC: 95] - INTERNAL EVENT: Code 6
EVENT[T: 1457884461][LC: 96] - INTERNAL EVENT: Code 4
EVENT[T: 1457884461][LC: 97] - INTERNAL EVENT: Code 8
EVENT[T: 1457884461][LC: 98] - SEND: Proc 1 to proc 2
EVENT[T: 1457884461][LC: 102] - RECIEVE: Proc 1. Queue size is 0
EVENT[T: 1457884462][LC: 103] - RECIEVE: Proc 1. Queue size is 0
EVENT[T: 1457884462][LC: 104] - INTERNAL EVENT: Code 5
EVENT[T: 1457884462][LC: 105] - SEND: Proc 1 to proc 0
EVENT[T: 1457884462][LC: 106] - SEND: Proc 1 to proc 2
EVENT[T: 1457884463][LC: 107] - INTERNAL EVENT: Code 4
EVENT[T: 1457884463][LC: 108] - SEND: Proc 1 to proc 0
EVENT[T: 1457884463][LC: 109] - INTERNAL EVENT: Code 8
EVENT[T: 1457884463][LC: 110] - SEND: Proc 1 to procs 2 and 0
EVENT[T: 1457884464][LC: 111] - INTERNAL EVENT: Code 7
EVENT[T: 1457884464][LC: 112] - INTERNAL EVENT: Code 8
EVENT[T: 1457884464][LC: 115] - RECIEVE: Proc 1. Queue size is 0
EVENT[T: 1457884464][LC: 117] - RECIEVE: Proc 1. Queue size is 0
EVENT[T: 1457884465][LC: 118] - RECIEVE: Proc 1. Queue size is 0
EVENT[T: 1457884465][LC: 119] - RECIEVE: Proc 1. Queue size is 0
EVENT[T: 1457884465][LC: 120] - INTERNAL EVENT: Code 5
EVENT[T: 1457884465][LC: 121] - RECIEVE: Proc 1. Queue size is 0
EVENT[T: 1457884466][LC: 122] - SEND: Proc 1 to proc 0
EVENT[T: 1457884466][LC: 123] - INTERNAL EVENT: Code 5
EVENT[T: 1457884466][LC: 124] - SEND: Proc 1 to proc 0
EVENT[T: 1457884466][LC: 125] - INTERNAL EVENT: Code 5
EVENT[T: 1457884467][LC: 128] - RECIEVE: Proc 1. Queue size is 0
EVENT[T: 1457884467][LC: 129] - RECIEVE: Proc 1. Queue size is 0
EVENT[T: 1457884467][LC: 130] - INTERNAL EVENT: Code 10
EVENT[T: 1457884467][LC: 131] - RECIEVE: Proc 1. Queue size is 1
EVENT[T: 1457884468][LC: 132] - RECIEVE: Proc 1. Queue size is 0
EVENT[T: 1457884468][LC: 133] - INTERNAL EVENT: Code 5
EVENT[T: 1457884468][LC: 134] - INTERNAL EVENT: Code 8
EVENT[T: 1457884468][LC: 135] - INTERNAL EVENT: Code 10
EVENT[T: 1457884469][LC: 136] - INTERNAL EVENT: Code 5
EVENT[T: 1457884469][LC: 137] - SEND: Proc 1 to proc 2
EVENT[T: 1457884469][LC: 138] - SEND: Proc 1 to proc 2
EVENT[T: 1457884469][LC: 139] - INTERNAL EVENT: Code 7
EVENT[T: 1457884470][LC: 140] - INTERNAL EVENT: Code 10
EVENT[T: 1457884470][LC: 141] - INTERNAL EVENT: Code 5
EVENT[T: 1457884470][LC: 142] - INTERNAL EVENT: Code 5
EVENT[T: 1457884470][LC: 143] - INTERNAL EVENT: Code 6
EVENT[T: 1457884471][LC: 144] - INTERNAL EVENT: Code 6
EVENT[T: 1457884471][LC: 145] - SEND: Proc 1 to proc 0
EVENT[T: 1457884471][LC: 146] - INTERNAL EVENT: Code 9
EVENT[T: 1457884471][LC: 147] - SEND: Proc 1 to procs 2 and 0
EVENT[T: 1457884472][LC: 148] - INTERNAL EVENT: Code 10
EVENT[T: 1457884472][LC: 149] - SEND: Proc 1 to proc 2
EVENT[T: 1457884472][LC: 150] - SEND: Proc 1 to procs 2 and 0
EVENT[T: 1457884472][LC: 157] - RECIEVE: Proc 1. Queue size is 0
EVENT[T: 1457884473][LC: 158] - RECIEVE: Proc 1. Queue size is 0
EVENT[T: 1457884473][LC: 159] - SEND: Proc 1 to proc 2
EVENT[T: 1457884473][LC: 160] - RECIEVE: Proc 1. Queue size is 0
EVENT[T: 1457884473][LC: 161] - INTERNAL EVENT: Code 4
EVENT[T: 1457884474][LC: 162] - SEND: Proc 1 to proc 2
EVENT[T: 1457884474][LC: 163] - INTERNAL EVENT: Code 10
EVENT[T: 1457884474][LC: 164] - INTERNAL EVENT: Code 10
EVENT[T: 1457884474][LC: 165] - INTERNAL EVENT: Code 6
EVENT[T: 1457884475][LC: 168] - RECIEVE: Proc 1. Queue size is 0
EVENT[T: 1457884475][LC: 169] - RECIEVE: Proc 1. Queue size is 0
EVENT[T: 1457884475][LC: 170] - SEND: Proc 1 to proc 0
EVENT[T: 1457884475][LC: 171] - SEND: Proc 1 to proc 2
EVENT[T: 1457884476][LC: 172] - SEND: Proc 1 to proc 2
EVENT[T: 1457884476][LC: 173] - INTERNAL EVENT: Code 5
EVENT[T: 1457884476][LC: 174] - SEND: Proc 1 to proc 2
EVENT[T: 1457884476][LC: 176] - RECIEVE: Proc 1. Queue size is 0
EVENT[T: 1457884477][LC: 177] - SEND: Proc 1 to procs 2 and 0
EVENT[T: 1457884477][LC: 178] - INTERNAL EVENT: Code 6
EVENT[T: 1457884477][LC: 179] - INTERNAL EVENT: Code 8
EVENT[T: 1457884478][LC: 180] - INTERNAL EVENT: Code 9
EVENT[T: 1457884478][LC: 183] - RECIEVE: Proc 1. Queue size is 0
EVENT[T: 1457884478][LC: 184] - RECIEVE: Proc 1. Queue size is 0
EVENT[T: 1457884478][LC: 185] - SEND: Proc 1 to proc 0
EVENT[T: 1457884479][LC: 187] - RECIEVE: Proc 1. Queue size is 0
EVENT[T: 1457884479][LC: 188] - INTERNAL EVENT: Code 8
EVENT[T: 1457884479][LC: 189] - INTERNAL EVENT: Code 9
EVENT[T: 1457884479][LC: 190] - SEND: Proc 1 to proc 0
EVENT[T: 1457884480][LC: 191] - INTERNAL EVENT: Code 8
EVENT[T: 1457884480][LC: 192] - INTERNAL EVENT: Code 5
EVENT[T: 1457884480][LC: 193] - INTERNAL EVENT: Code 4
EVENT[T: 1457884480][LC: 195] - RECIEVE: Proc 1. Queue size is 0
EVENT[T: 1457884481][LC: 196] - INTERNAL EVENT: Code 9
EVENT[T: 1457884481][LC: 197] - INTERNAL EVENT: Code 4
EVENT[T: 1457884481][LC: 198] - INTERNAL EVENT: Code 8
EVENT[T: 1457884481][LC: 199] - INTERNAL EVENT: Code 7
EVENT[T: 1457884482][LC: 200] - INTERNAL EVENT: Code 10
EVENT[T: 1457884482][LC: 203] - RECIEVE: Proc 1. Queue size is 0
EVENT[T: 1457884482][LC: 204] - RECIEVE: Proc 1. Queue size is 0
EVENT[T: 1457884482][LC: 205] - INTERNAL EVENT: Code 8
EVENT[T: 1457884483][LC: 206] - SEND: Proc 1 to proc 0
EVENT[T: 1457884483][LC: 207] - INTERNAL EVENT: Code 5
EVENT[T: 1457884483][LC: 208] - SEND: Proc 1 to proc 0
EVENT[T: 1457884483][LC: 209] - INTERNAL EVENT: Code 7
EVENT[T: 1457884484][LC: 210] - INTERNAL EVENT: Code 10
EVENT[T: 1457884484][LC: 213] - RECIEVE: Proc 1. Queue size is 0
EVENT[T: 1457884484][LC: 214] - SEND: Proc 1 to proc 2
EVENT[T: 1457884484][LC: 215] - SEND: Proc 1 to procs 2 and 0
EVENT[T: 1457884485][LC: 217] - RECIEVE: Proc 1. Queue size is 0
EVENT[T: 1457884485][LC: 218] - RECIEVE: Proc 1. Queue size is 0
EVENT[T: 1457884485][LC: 219] - RECIEVE: Proc 1. Queue size is 0
EVENT[T: 1457884485][LC: 220] - RECIEVE: Proc 1. Queue size is 0
EVENT[T: 1457884486][LC: 221] - RECIEVE: Proc 1. Queue size is 1
EVENT[T: 1457884486][LC: 222] - RECIEVE: Proc 1. Queue size is 0
EVENT[T: 1457884486][LC: 223] - INTERNAL EVENT: Code 5
EVENT[T: 1457884486][LC: 224] - SEND: Proc 1 to procs 2 and 0
EVENT[T: 1457884487][LC: 225] - INTERNAL EVENT: Code 4
EVENT[T: 1457884487][LC: 226] - INTERNAL EVENT: Code 8
EVENT[T: 1457884487][LC: 227] - INTERNAL EVENT: Code 5
EVENT[T: 1457884487][LC: 228] - INTERNAL EVENT: Code 9
EVENT[T: 1457884488][LC: 229] - INTERNAL EVENT: Code 10
EVENT[T: 1457884488][LC: 230] - INTERNAL EVENT: Code 7
EVENT[T: 1457884488][LC: 231] - INTERNAL EVENT: Code 5
EVENT[T: 1457884488][LC: 232] - SEND: Proc 1 to proc 2
EVENT[T: 1457884489][LC: 233] - SEND: Proc 1 to proc 2
EVENT[T: 1457884489][LC: 234] - INTERNAL EVENT: Code 7
EVENT[T: 1457884489][LC: 235] - INTERNAL EVENT: Code 4
EVENT[T: 1457884489][LC: 236] - INTERNAL EVENT: Code 5
EVENT[T: 1457884490][LC: 237] - INTERNAL EVENT: Code 9
EVENT[T: 1457884490][LC: 238] - INTERNAL EVENT: Code 6
EVENT[T: 1457884490][LC: 239] - SEND: Proc 1 to proc 2
EVENT[T: 1457884490][LC: 240] - INTERNAL EVENT: Code 10
EVENT[T: 1457884491][LC: 241] - SEND: Proc 1 to proc 0
EVENT[T: 1457884491][LC: 242] - INTERNAL EVENT: Code 9
EVENT[T: 1457884491][LC: 243] - INTERNAL EVENT: Code 8
EVENT[T: 1457884491][LC: 244] - SEND: Proc 1 to proc 0
EVENT[T: 1457884492][LC: 245] - SEND: Proc 1 to procs 2 and 0
EVENT[T: 1457884492][LC: 246] - SEND: Proc 1 to procs 2 and 0
EVENT[T: 1457884492][LC: 247] - INTERNAL EVENT: Code 4
EVENT[T: 1457884492][LC: 255] - RECIEVE: Proc 1. Queue size is 0
EVENT[T: 1457884493][LC: 256] - RECIEVE: Proc 1. Queue size is 1
EVENT[T: 1457884493][LC: 257] - RECIEVE: Proc 1. Queue size is 0
EVENT[T: 1457884493][LC: 258] - SEND: Proc 1 to proc 2
EVENT[T: 1457884493][LC: 259] - INTERNAL EVENT: Code 4
EVENT[T: 1457884494][LC: 260] - INTERNAL EVENT: Code 10
EVENT[T: 1457884494][LC: 263] - RECIEVE: Proc 1. Queue size is 0
EVENT[T: 1457884494][LC: 264] - INTERNAL EVENT: Code 7
EVENT[T: 1457884494][LC: 265] - INTERNAL EVENT: Code 4
EVENT[T: 1457884495][LC: 266] - INTERNAL EVENT: Code 9
EVENT[T: 1457884495][LC: 267] - INTERNAL EVENT: Code 5
EVENT[T: 1457884495][LC: 268] - SEND: Proc 1 to proc 2
EVENT[T: 1457884495][LC: 269] - INTERNAL EVENT: Code 5
EVENT[T: 1457884496][LC: 270] - INTERNAL EVENT: Code 4
EVENT[T: 1457884496][LC: 271] - INTERNAL EVENT: Code 4
EVENT[T: 1457884496][LC: 272] - INTERNAL EVENT: Code 10
EVENT[T: 1457884496][LC: 275] - RECIEVE: Proc 1. Queue size is 0
EVENT[T: 1457884497][LC: 276] - INTERNAL EVENT: Code 6
EVENT[T: 1457884497][LC: 278] - RECIEVE: Proc 1. Queue size is 0
EVENT[T: 1457884497][LC: 279] - INTERNAL EVENT: Code 10
EVENT[T: 1457884497][LC: 280] - INTERNAL EVENT: Code 5
EVENT[T: 1457884498][LC: 281] - SEND: Proc 1 to proc 2
EVENT[T: 1457884498][LC: 282] - SEND: Proc 1 to procs 2 and 0
EVENT[T: 1457884498][LC: 283] - SEND: Proc 1 to proc 0
EVENT[T: 1457884498][LC: 284] - INTERNAL EVENT: Code 5
EVENT[T: 1457884499][LC: 285] - INTERNAL EVENT: Code 4
EVENT[T: 1457884499][LC: 288] - RECIEVE: Proc 1. Queue size is 0
EVENT[T: 1457884499][LC: 289] - INTERNAL EVENT: Code 6
EVENT[T: 1457884499][LC: 290] - INTERNAL EVENT: Code 10
EVENT[T: 1457884500][LC: 292] - RECIEVE: Proc 1. Queue size is 0
EVENT[T: 1457884500][LC: 293] - INTERNAL EVENT: Code 6
EVENT[T: 1457884500][LC: 294] - SEND: Proc 1 to proc 2
EVENT[T: 1457884500][LC: 295] - INTERNAL EVENT: Code 8
